[0.656s] Invoking command in '/home/ws/build/quadruped_msgs': CMAKE_PREFIX_PATH=${CMAKE_PREFIX_PATH}:/opt/ros/jazzy DEBUGINFOD_URLS=https://debuginfod.ubuntu.com /usr/bin/cmake --build /home/ws/build/quadruped_msgs -- -j8 -l8
[0.834s] [  1%] Built target quadruped_msgs__rosidl_generator_type_description
[0.879s] [  1%] Built target ament_cmake_python_copy_quadruped_msgs
[1.002s] [ 23%] Built target quadruped_msgs__rosidl_generator_c
[1.035s] [ 25%] Built target quadruped_msgs__cpp
[1.142s] [ 34%] Built target quadruped_msgs__rosidl_typesupport_c
[1.272s] [ 43%] Built target quadruped_msgs__rosidl_typesupport_fastrtps_c
[1.427s] [ 53%] Built target quadruped_msgs__rosidl_typesupport_introspection_cpp
[1.527s] [ 71%] Built target quadruped_msgs__rosidl_typesupport_fastrtps_cpp
[1.528s] [ 71%] Built target quadruped_msgs__rosidl_typesupport_cpp
[1.717s] [ 81%] Built target quadruped_msgs__rosidl_typesupport_introspection_c
[1.861s] running egg_info
[1.861s] [ 81%] Built target quadruped_msgs
[1.862s] writing quadruped_msgs.egg-info/PKG-INFO
[1.862s] writing dependency_links to quadruped_msgs.egg-info/dependency_links.txt
[1.862s] writing top-level names to quadruped_msgs.egg-info/top_level.txt
[2.035s] [ 82%] Built target quadruped_msgs__py
[2.120s] reading manifest file 'quadruped_msgs.egg-info/SOURCES.txt'
[2.120s] writing manifest file 'quadruped_msgs.egg-info/SOURCES.txt'
[2.121s] [ 90%] Built target quadruped_msgs__rosidl_generator_py
[2.232s] [ 90%] Built target ament_cmake_python_build_quadruped_msgs_egg
[2.262s] [ 93%] Built target quadruped_msgs_s__rosidl_typesupport_fastrtps_c
[2.301s] [ 96%] Built target quadruped_msgs_s__rosidl_typesupport_c
[2.304s] [100%] Built target quadruped_msgs_s__rosidl_typesupport_introspection_c
[2.387s] Invoked command in '/home/ws/build/quadruped_msgs' returned '0': CMAKE_PREFIX_PATH=${CMAKE_PREFIX_PATH}:/opt/ros/jazzy DEBUGINFOD_URLS=https://debuginfod.ubuntu.com /usr/bin/cmake --build /home/ws/build/quadruped_msgs -- -j8 -l8
[2.390s] Invoking command in '/home/ws/build/quadruped_msgs': CMAKE_PREFIX_PATH=${CMAKE_PREFIX_PATH}:/opt/ros/jazzy DEBUGINFOD_URLS=https://debuginfod.ubuntu.com /usr/bin/cmake --install /home/ws/build/quadruped_msgs
[2.416s] -- Install configuration: "Release"
[2.416s] -- Up-to-date: /home/ws/install/quadruped_msgs/share/ament_index/resource_index/rosidl_interfaces/quadruped_msgs
[2.423s] -- Up-to-date: /home/ws/install/quadruped_msgs/share/quadruped_msgs/msg/QuadrupedState.json
[2.423s] -- Up-to-date: /home/ws/install/quadruped_msgs/share/quadruped_msgs/msg/GaitPattern.json
[2.423s] -- Up-to-date: /home/ws/install/quadruped_msgs/share/quadruped_msgs/msg/FootStates.json
[2.423s] -- Up-to-date: /home/ws/install/quadruped_msgs/share/quadruped_msgs/msg/FootForces.json
[2.423s] -- Up-to-date: /home/ws/install/quadruped_msgs/include/quadruped_msgs/quadruped_msgs
[2.423s] -- Up-to-date: /home/ws/install/quadruped_msgs/include/quadruped_msgs/quadruped_msgs/msg
[2.424s] -- Up-to-date: /home/ws/install/quadruped_msgs/include/quadruped_msgs/quadruped_msgs/msg/foot_forces.h
[2.424s] -- Up-to-date: /home/ws/install/quadruped_msgs/include/quadruped_msgs/quadruped_msgs/msg/detail
[2.424s] -- Installing: /home/ws/install/quadruped_msgs/include/quadruped_msgs/quadruped_msgs/msg/detail/foot_states__type_support.c
[2.424s] -- Up-to-date: /home/ws/install/quadruped_msgs/include/quadruped_msgs/quadruped_msgs/msg/detail/foot_forces__description.c
[2.424s] -- Up-to-date: /home/ws/install/quadruped_msgs/include/quadruped_msgs/quadruped_msgs/msg/detail/quadruped_state__functions.c
[2.424s] -- Up-to-date: /home/ws/install/quadruped_msgs/include/quadruped_msgs/quadruped_msgs/msg/detail/gait_pattern__struct.h
[2.424s] -- Up-to-date: /home/ws/install/quadruped_msgs/include/quadruped_msgs/quadruped_msgs/msg/detail/quadruped_state__type_support.h
[2.425s] -- Up-to-date: /home/ws/install/quadruped_msgs/include/quadruped_msgs/quadruped_msgs/msg/detail/gait_pattern__functions.c
[2.425s] -- Up-to-date: /home/ws/install/quadruped_msgs/include/quadruped_msgs/quadruped_msgs/msg/detail/foot_states__struct.h
[2.425s] -- Up-to-date: /home/ws/install/quadruped_msgs/include/quadruped_msgs/quadruped_msgs/msg/detail/foot_forces__functions.c
[2.425s] -- Up-to-date: /home/ws/install/quadruped_msgs/include/quadruped_msgs/quadruped_msgs/msg/detail/foot_forces__functions.h
[2.425s] -- Up-to-date: /home/ws/install/quadruped_msgs/include/quadruped_msgs/quadruped_msgs/msg/detail/foot_states__type_support.h
[2.425s] -- Up-to-date: /home/ws/install/quadruped_msgs/include/quadruped_msgs/quadruped_msgs/msg/detail/foot_forces__struct.h
[2.426s] -- Up-to-date: /home/ws/install/quadruped_msgs/include/quadruped_msgs/quadruped_msgs/msg/detail/quadruped_state__description.c
[2.426s] -- Up-to-date: /home/ws/install/quadruped_msgs/include/quadruped_msgs/quadruped_msgs/msg/detail/foot_forces__type_support.h
[2.426s] -- Up-to-date: /home/ws/install/quadruped_msgs/include/quadruped_msgs/quadruped_msgs/msg/detail/foot_states__description.c
[2.426s] -- Installing: /home/ws/install/quadruped_msgs/include/quadruped_msgs/quadruped_msgs/msg/detail/quadruped_state__type_support.c
[2.426s] -- Up-to-date: /home/ws/install/quadruped_msgs/include/quadruped_msgs/quadruped_msgs/msg/detail/gait_pattern__type_support.h
[2.426s] -- Up-to-date: /home/ws/install/quadruped_msgs/include/quadruped_msgs/quadruped_msgs/msg/detail/foot_states__functions.c
[2.426s] -- Up-to-date: /home/ws/install/quadruped_msgs/include/quadruped_msgs/quadruped_msgs/msg/detail/gait_pattern__functions.h
[2.427s] -- Installing: /home/ws/install/quadruped_msgs/include/quadruped_msgs/quadruped_msgs/msg/detail/gait_pattern__type_support.c
[2.427s] -- Up-to-date: /home/ws/install/quadruped_msgs/include/quadruped_msgs/quadruped_msgs/msg/detail/foot_states__functions.h
[2.427s] -- Installing: /home/ws/install/quadruped_msgs/include/quadruped_msgs/quadruped_msgs/msg/detail/foot_forces__type_support.c
[2.427s] -- Up-to-date: /home/ws/install/quadruped_msgs/include/quadruped_msgs/quadruped_msgs/msg/detail/quadruped_state__functions.h
[2.427s] -- Up-to-date: /home/ws/install/quadruped_msgs/include/quadruped_msgs/quadruped_msgs/msg/detail/gait_pattern__description.c
[2.427s] -- Up-to-date: /home/ws/install/quadruped_msgs/include/quadruped_msgs/quadruped_msgs/msg/detail/quadruped_state__struct.h
[2.427s] -- Up-to-date: /home/ws/install/quadruped_msgs/include/quadruped_msgs/quadruped_msgs/msg/foot_states.h
[2.428s] -- Up-to-date: /home/ws/install/quadruped_msgs/include/quadruped_msgs/quadruped_msgs/msg/quadruped_state.h
[2.428s] -- Up-to-date: /home/ws/install/quadruped_msgs/include/quadruped_msgs/quadruped_msgs/msg/rosidl_generator_c__visibility_control.h
[2.428s] -- Up-to-date: /home/ws/install/quadruped_msgs/include/quadruped_msgs/quadruped_msgs/msg/gait_pattern.h
[2.428s] -- Up-to-date: /home/ws/install/quadruped_msgs/share/quadruped_msgs/environment/library_path.sh
[2.428s] -- Up-to-date: /home/ws/install/quadruped_msgs/share/quadruped_msgs/environment/library_path.dsv
[2.428s] -- Up-to-date: /home/ws/install/quadruped_msgs/lib/libquadruped_msgs__rosidl_generator_c.so
[2.428s] -- Up-to-date: /home/ws/install/quadruped_msgs/include/quadruped_msgs/quadruped_msgs
[2.429s] -- Up-to-date: /home/ws/install/quadruped_msgs/include/quadruped_msgs/quadruped_msgs/msg
[2.429s] -- Up-to-date: /home/ws/install/quadruped_msgs/include/quadruped_msgs/quadruped_msgs/msg/detail
[2.429s] -- Up-to-date: /home/ws/install/quadruped_msgs/include/quadruped_msgs/quadruped_msgs/msg/detail/foot_forces__rosidl_typesupport_fastrtps_c.h
[2.429s] -- Up-to-date: /home/ws/install/quadruped_msgs/include/quadruped_msgs/quadruped_msgs/msg/detail/quadruped_state__rosidl_typesupport_fastrtps_c.h
[2.429s] -- Up-to-date: /home/ws/install/quadruped_msgs/include/quadruped_msgs/quadruped_msgs/msg/detail/foot_states__rosidl_typesupport_fastrtps_c.h
[2.442s] -- Up-to-date: /home/ws/install/quadruped_msgs/include/quadruped_msgs/quadruped_msgs/msg/detail/gait_pattern__rosidl_typesupport_fastrtps_c.h
[2.442s] -- Up-to-date: /home/ws/install/quadruped_msgs/include/quadruped_msgs/quadruped_msgs/msg/rosidl_typesupport_fastrtps_c__visibility_control.h
[2.442s] -- Up-to-date: /home/ws/install/quadruped_msgs/lib/libquadruped_msgs__rosidl_typesupport_fastrtps_c.so
[2.443s] -- Up-to-date: /home/ws/install/quadruped_msgs/include/quadruped_msgs/quadruped_msgs
[2.443s] -- Up-to-date: /home/ws/install/quadruped_msgs/include/quadruped_msgs/quadruped_msgs/msg
[2.443s] -- Up-to-date: /home/ws/install/quadruped_msgs/include/quadruped_msgs/quadruped_msgs/msg/foot_states.hpp
[2.443s] -- Up-to-date: /home/ws/install/quadruped_msgs/include/quadruped_msgs/quadruped_msgs/msg/gait_pattern.hpp
[2.443s] -- Up-to-date: /home/ws/install/quadruped_msgs/include/quadruped_msgs/quadruped_msgs/msg/rosidl_generator_cpp__visibility_control.hpp
[2.443s] -- Up-to-date: /home/ws/install/quadruped_msgs/include/quadruped_msgs/quadruped_msgs/msg/detail
[2.443s] -- Up-to-date: /home/ws/install/quadruped_msgs/include/quadruped_msgs/quadruped_msgs/msg/detail/quadruped_state__builder.hpp
[2.444s] -- Up-to-date: /home/ws/install/quadruped_msgs/include/quadruped_msgs/quadruped_msgs/msg/detail/foot_states__struct.hpp
[2.444s] -- Up-to-date: /home/ws/install/quadruped_msgs/include/quadruped_msgs/quadruped_msgs/msg/detail/foot_forces__builder.hpp
[2.444s] -- Up-to-date: /home/ws/install/quadruped_msgs/include/quadruped_msgs/quadruped_msgs/msg/detail/foot_forces__struct.hpp
[2.444s] -- Up-to-date: /home/ws/install/quadruped_msgs/include/quadruped_msgs/quadruped_msgs/msg/detail/gait_pattern__builder.hpp
[2.444s] -- Up-to-date: /home/ws/install/quadruped_msgs/include/quadruped_msgs/quadruped_msgs/msg/detail/gait_pattern__traits.hpp
[2.444s] -- Up-to-date: /home/ws/install/quadruped_msgs/include/quadruped_msgs/quadruped_msgs/msg/detail/gait_pattern__struct.hpp
[2.444s] -- Up-to-date: /home/ws/install/quadruped_msgs/include/quadruped_msgs/quadruped_msgs/msg/detail/quadruped_state__traits.hpp
[2.445s] -- Up-to-date: /home/ws/install/quadruped_msgs/include/quadruped_msgs/quadruped_msgs/msg/detail/foot_states__type_support.hpp
[2.445s] -- Up-to-date: /home/ws/install/quadruped_msgs/include/quadruped_msgs/quadruped_msgs/msg/detail/foot_states__traits.hpp
[2.445s] -- Up-to-date: /home/ws/install/quadruped_msgs/include/quadruped_msgs/quadruped_msgs/msg/detail/quadruped_state__struct.hpp
[2.445s] -- Up-to-date: /home/ws/install/quadruped_msgs/include/quadruped_msgs/quadruped_msgs/msg/detail/gait_pattern__type_support.hpp
[2.445s] -- Up-to-date: /home/ws/install/quadruped_msgs/include/quadruped_msgs/quadruped_msgs/msg/detail/foot_states__builder.hpp
[2.445s] -- Up-to-date: /home/ws/install/quadruped_msgs/include/quadruped_msgs/quadruped_msgs/msg/detail/foot_forces__traits.hpp
[2.445s] -- Up-to-date: /home/ws/install/quadruped_msgs/include/quadruped_msgs/quadruped_msgs/msg/detail/foot_forces__type_support.hpp
[2.446s] -- Up-to-date: /home/ws/install/quadruped_msgs/include/quadruped_msgs/quadruped_msgs/msg/detail/quadruped_state__type_support.hpp
[2.446s] -- Up-to-date: /home/ws/install/quadruped_msgs/include/quadruped_msgs/quadruped_msgs/msg/quadruped_state.hpp
[2.446s] -- Up-to-date: /home/ws/install/quadruped_msgs/include/quadruped_msgs/quadruped_msgs/msg/foot_forces.hpp
[2.446s] -- Up-to-date: /home/ws/install/quadruped_msgs/include/quadruped_msgs/quadruped_msgs
[2.446s] -- Up-to-date: /home/ws/install/quadruped_msgs/include/quadruped_msgs/quadruped_msgs/msg
[2.446s] -- Up-to-date: /home/ws/install/quadruped_msgs/include/quadruped_msgs/quadruped_msgs/msg/detail
[2.446s] -- Up-to-date: /home/ws/install/quadruped_msgs/include/quadruped_msgs/quadruped_msgs/msg/detail/dds_fastrtps
[2.447s] -- Up-to-date: /home/ws/install/quadruped_msgs/include/quadruped_msgs/quadruped_msgs/msg/detail/foot_forces__rosidl_typesupport_fastrtps_cpp.hpp
[2.447s] -- Up-to-date: /home/ws/install/quadruped_msgs/include/quadruped_msgs/quadruped_msgs/msg/detail/quadruped_state__rosidl_typesupport_fastrtps_cpp.hpp
[2.447s] -- Up-to-date: /home/ws/install/quadruped_msgs/include/quadruped_msgs/quadruped_msgs/msg/detail/foot_states__rosidl_typesupport_fastrtps_cpp.hpp
[2.447s] -- Up-to-date: /home/ws/install/quadruped_msgs/include/quadruped_msgs/quadruped_msgs/msg/detail/gait_pattern__rosidl_typesupport_fastrtps_cpp.hpp
[2.447s] -- Up-to-date: /home/ws/install/quadruped_msgs/include/quadruped_msgs/quadruped_msgs/msg/rosidl_typesupport_fastrtps_cpp__visibility_control.h
[2.447s] -- Up-to-date: /home/ws/install/quadruped_msgs/lib/libquadruped_msgs__rosidl_typesupport_fastrtps_cpp.so
[2.447s] -- Up-to-date: /home/ws/install/quadruped_msgs/include/quadruped_msgs/quadruped_msgs
[2.448s] -- Up-to-date: /home/ws/install/quadruped_msgs/include/quadruped_msgs/quadruped_msgs/msg
[2.448s] -- Up-to-date: /home/ws/install/quadruped_msgs/include/quadruped_msgs/quadruped_msgs/msg/detail
[2.448s] -- Installing: /home/ws/install/quadruped_msgs/include/quadruped_msgs/quadruped_msgs/msg/detail/foot_states__type_support.c
[2.448s] -- Up-to-date: /home/ws/install/quadruped_msgs/include/quadruped_msgs/quadruped_msgs/msg/detail/quadruped_state__rosidl_typesupport_introspection_c.h
[2.448s] -- Up-to-date: /home/ws/install/quadruped_msgs/include/quadruped_msgs/quadruped_msgs/msg/detail/foot_states__rosidl_typesupport_introspection_c.h
[2.448s] -- Up-to-date: /home/ws/install/quadruped_msgs/include/quadruped_msgs/quadruped_msgs/msg/detail/foot_forces__rosidl_typesupport_introspection_c.h
[2.448s] -- Installing: /home/ws/install/quadruped_msgs/include/quadruped_msgs/quadruped_msgs/msg/detail/quadruped_state__type_support.c
[2.449s] -- Installing: /home/ws/install/quadruped_msgs/include/quadruped_msgs/quadruped_msgs/msg/detail/gait_pattern__type_support.c
[2.449s] -- Up-to-date: /home/ws/install/quadruped_msgs/include/quadruped_msgs/quadruped_msgs/msg/detail/gait_pattern__rosidl_typesupport_introspection_c.h
[2.449s] -- Installing: /home/ws/install/quadruped_msgs/include/quadruped_msgs/quadruped_msgs/msg/detail/foot_forces__type_support.c
[2.449s] -- Up-to-date: /home/ws/install/quadruped_msgs/include/quadruped_msgs/quadruped_msgs/msg/rosidl_typesupport_introspection_c__visibility_control.h
[2.449s] -- Up-to-date: /home/ws/install/quadruped_msgs/lib/libquadruped_msgs__rosidl_typesupport_introspection_c.so
[2.449s] -- Up-to-date: /home/ws/install/quadruped_msgs/lib/libquadruped_msgs__rosidl_typesupport_c.so
[2.449s] -- Up-to-date: /home/ws/install/quadruped_msgs/include/quadruped_msgs/quadruped_msgs
[2.450s] -- Up-to-date: /home/ws/install/quadruped_msgs/include/quadruped_msgs/quadruped_msgs/msg
[2.450s] -- Up-to-date: /home/ws/install/quadruped_msgs/include/quadruped_msgs/quadruped_msgs/msg/detail
[2.450s] -- Up-to-date: /home/ws/install/quadruped_msgs/include/quadruped_msgs/quadruped_msgs/msg/detail/foot_states__type_support.cpp
[2.450s] -- Up-to-date: /home/ws/install/quadruped_msgs/include/quadruped_msgs/quadruped_msgs/msg/detail/foot_forces__type_support.cpp
[2.450s] -- Up-to-date: /home/ws/install/quadruped_msgs/include/quadruped_msgs/quadruped_msgs/msg/detail/foot_states__rosidl_typesupport_introspection_cpp.hpp
[2.450s] -- Up-to-date: /home/ws/install/quadruped_msgs/include/quadruped_msgs/quadruped_msgs/msg/detail/quadruped_state__rosidl_typesupport_introspection_cpp.hpp
[2.450s] -- Up-to-date: /home/ws/install/quadruped_msgs/include/quadruped_msgs/quadruped_msgs/msg/detail/foot_forces__rosidl_typesupport_introspection_cpp.hpp
[2.451s] -- Up-to-date: /home/ws/install/quadruped_msgs/include/quadruped_msgs/quadruped_msgs/msg/detail/gait_pattern__rosidl_typesupport_introspection_cpp.hpp
[2.451s] -- Up-to-date: /home/ws/install/quadruped_msgs/include/quadruped_msgs/quadruped_msgs/msg/detail/quadruped_state__type_support.cpp
[2.451s] -- Up-to-date: /home/ws/install/quadruped_msgs/include/quadruped_msgs/quadruped_msgs/msg/detail/gait_pattern__type_support.cpp
[2.451s] -- Up-to-date: /home/ws/install/quadruped_msgs/lib/libquadruped_msgs__rosidl_typesupport_introspection_cpp.so
[2.451s] -- Up-to-date: /home/ws/install/quadruped_msgs/lib/libquadruped_msgs__rosidl_typesupport_cpp.so
[2.451s] -- Up-to-date: /home/ws/install/quadruped_msgs/share/quadruped_msgs/environment/pythonpath.sh
[2.451s] -- Up-to-date: /home/ws/install/quadruped_msgs/share/quadruped_msgs/environment/pythonpath.dsv
[2.452s] -- Up-to-date: /home/ws/install/quadruped_msgs/lib/python3.12/site-packages/quadruped_msgs-0.0.0-py3.12.egg-info
[2.452s] -- Installing: /home/ws/install/quadruped_msgs/lib/python3.12/site-packages/quadruped_msgs-0.0.0-py3.12.egg-info/dependency_links.txt
[2.452s] -- Installing: /home/ws/install/quadruped_msgs/lib/python3.12/site-packages/quadruped_msgs-0.0.0-py3.12.egg-info/top_level.txt
[2.452s] -- Installing: /home/ws/install/quadruped_msgs/lib/python3.12/site-packages/quadruped_msgs-0.0.0-py3.12.egg-info/PKG-INFO
[2.452s] -- Installing: /home/ws/install/quadruped_msgs/lib/python3.12/site-packages/quadruped_msgs-0.0.0-py3.12.egg-info/SOURCES.txt
[2.452s] -- Up-to-date: /home/ws/install/quadruped_msgs/lib/python3.12/site-packages/quadruped_msgs
[2.452s] -- Up-to-date: /home/ws/install/quadruped_msgs/lib/python3.12/site-packages/quadruped_msgs/quadruped_msgs_s__rosidl_typesupport_c.so
[2.453s] -- Up-to-date: /home/ws/install/quadruped_msgs/lib/python3.12/site-packages/quadruped_msgs/_quadruped_msgs_s.ep.rosidl_typesupport_c.c
[2.453s] -- Up-to-date: /home/ws/install/quadruped_msgs/lib/python3.12/site-packages/quadruped_msgs/__init__.py
[2.453s] -- Up-to-date: /home/ws/install/quadruped_msgs/lib/python3.12/site-packages/quadruped_msgs/_quadruped_msgs_s.ep.rosidl_typesupport_introspection_c.c
[2.453s] -- Up-to-date: /home/ws/install/quadruped_msgs/lib/python3.12/site-packages/quadruped_msgs/quadruped_msgs_s__rosidl_typesupport_introspection_c.so
[2.453s] -- Up-to-date: /home/ws/install/quadruped_msgs/lib/python3.12/site-packages/quadruped_msgs/quadruped_msgs_s__rosidl_typesupport_fastrtps_c.so
[2.453s] -- Up-to-date: /home/ws/install/quadruped_msgs/lib/python3.12/site-packages/quadruped_msgs/_quadruped_msgs_s.ep.rosidl_typesupport_fastrtps_c.c
[2.453s] -- Up-to-date: /home/ws/install/quadruped_msgs/lib/python3.12/site-packages/quadruped_msgs/msg
[2.454s] -- Up-to-date: /home/ws/install/quadruped_msgs/lib/python3.12/site-packages/quadruped_msgs/msg/__init__.py
[2.454s] -- Up-to-date: /home/ws/install/quadruped_msgs/lib/python3.12/site-packages/quadruped_msgs/msg/_foot_forces.py
[2.454s] -- Up-to-date: /home/ws/install/quadruped_msgs/lib/python3.12/site-packages/quadruped_msgs/msg/_foot_states_s.c
[2.454s] -- Up-to-date: /home/ws/install/quadruped_msgs/lib/python3.12/site-packages/quadruped_msgs/msg/_quadruped_state.py
[2.454s] -- Up-to-date: /home/ws/install/quadruped_msgs/lib/python3.12/site-packages/quadruped_msgs/msg/_foot_states.py
[2.454s] -- Up-to-date: /home/ws/install/quadruped_msgs/lib/python3.12/site-packages/quadruped_msgs/msg/_foot_forces_s.c
[2.454s] -- Up-to-date: /home/ws/install/quadruped_msgs/lib/python3.12/site-packages/quadruped_msgs/msg/_gait_pattern.py
[2.455s] -- Up-to-date: /home/ws/install/quadruped_msgs/lib/python3.12/site-packages/quadruped_msgs/msg/_quadruped_state_s.c
[2.455s] -- Up-to-date: /home/ws/install/quadruped_msgs/lib/python3.12/site-packages/quadruped_msgs/msg/_gait_pattern_s.c
[2.516s] Listing '/home/ws/install/quadruped_msgs/lib/python3.12/site-packages/quadruped_msgs'...
[2.517s] Listing '/home/ws/install/quadruped_msgs/lib/python3.12/site-packages/quadruped_msgs/msg'...
[2.530s] -- Up-to-date: /home/ws/install/quadruped_msgs/lib/python3.12/site-packages/quadruped_msgs/quadruped_msgs_s__rosidl_typesupport_fastrtps_c.so
[2.531s] -- Up-to-date: /home/ws/install/quadruped_msgs/lib/python3.12/site-packages/quadruped_msgs/quadruped_msgs_s__rosidl_typesupport_introspection_c.so
[2.531s] -- Up-to-date: /home/ws/install/quadruped_msgs/lib/python3.12/site-packages/quadruped_msgs/quadruped_msgs_s__rosidl_typesupport_c.so
[2.532s] -- Up-to-date: /home/ws/install/quadruped_msgs/lib/libquadruped_msgs__rosidl_generator_py.so
[2.532s] -- Up-to-date: /home/ws/install/quadruped_msgs/share/quadruped_msgs/msg/QuadrupedState.idl
[2.532s] -- Up-to-date: /home/ws/install/quadruped_msgs/share/quadruped_msgs/msg/GaitPattern.idl
[2.533s] -- Up-to-date: /home/ws/install/quadruped_msgs/share/quadruped_msgs/msg/FootStates.idl
[2.533s] -- Up-to-date: /home/ws/install/quadruped_msgs/share/quadruped_msgs/msg/FootForces.idl
[2.533s] -- Up-to-date: /home/ws/install/quadruped_msgs/share/quadruped_msgs/msg/QuadrupedState.msg
[2.533s] -- Up-to-date: /home/ws/install/quadruped_msgs/share/quadruped_msgs/msg/GaitPattern.msg
[2.534s] -- Up-to-date: /home/ws/install/quadruped_msgs/share/quadruped_msgs/msg/FootStates.msg
[2.534s] -- Up-to-date: /home/ws/install/quadruped_msgs/share/quadruped_msgs/msg/FootForces.msg
[2.534s] -- Up-to-date: /home/ws/install/quadruped_msgs/share/ament_index/resource_index/package_run_dependencies/quadruped_msgs
[2.534s] -- Up-to-date: /home/ws/install/quadruped_msgs/share/ament_index/resource_index/parent_prefix_path/quadruped_msgs
[2.534s] -- Up-to-date: /home/ws/install/quadruped_msgs/share/quadruped_msgs/environment/ament_prefix_path.sh
[2.535s] -- Up-to-date: /home/ws/install/quadruped_msgs/share/quadruped_msgs/environment/ament_prefix_path.dsv
[2.535s] -- Up-to-date: /home/ws/install/quadruped_msgs/share/quadruped_msgs/environment/path.sh
[2.535s] -- Up-to-date: /home/ws/install/quadruped_msgs/share/quadruped_msgs/environment/path.dsv
[2.535s] -- Up-to-date: /home/ws/install/quadruped_msgs/share/quadruped_msgs/local_setup.bash
[2.535s] -- Up-to-date: /home/ws/install/quadruped_msgs/share/quadruped_msgs/local_setup.sh
[2.536s] -- Up-to-date: /home/ws/install/quadruped_msgs/share/quadruped_msgs/local_setup.zsh
[2.536s] -- Up-to-date: /home/ws/install/quadruped_msgs/share/quadruped_msgs/local_setup.dsv
[2.536s] -- Installing: /home/ws/install/quadruped_msgs/share/quadruped_msgs/package.dsv
[2.536s] -- Up-to-date: /home/ws/install/quadruped_msgs/share/ament_index/resource_index/packages/quadruped_msgs
[2.537s] -- Up-to-date: /home/ws/install/quadruped_msgs/share/quadruped_msgs/cmake/export_quadruped_msgs__rosidl_generator_cExport.cmake
[2.537s] -- Up-to-date: /home/ws/install/quadruped_msgs/share/quadruped_msgs/cmake/export_quadruped_msgs__rosidl_generator_cExport-release.cmake
[2.537s] -- Up-to-date: /home/ws/install/quadruped_msgs/share/quadruped_msgs/cmake/export_quadruped_msgs__rosidl_typesupport_fastrtps_cExport.cmake
[2.537s] -- Up-to-date: /home/ws/install/quadruped_msgs/share/quadruped_msgs/cmake/export_quadruped_msgs__rosidl_typesupport_fastrtps_cExport-release.cmake
[2.538s] -- Up-to-date: /home/ws/install/quadruped_msgs/share/quadruped_msgs/cmake/export_quadruped_msgs__rosidl_generator_cppExport.cmake
[2.538s] -- Up-to-date: /home/ws/install/quadruped_msgs/share/quadruped_msgs/cmake/export_quadruped_msgs__rosidl_typesupport_fastrtps_cppExport.cmake
[2.538s] -- Up-to-date: /home/ws/install/quadruped_msgs/share/quadruped_msgs/cmake/export_quadruped_msgs__rosidl_typesupport_fastrtps_cppExport-release.cmake
[2.538s] -- Up-to-date: /home/ws/install/quadruped_msgs/share/quadruped_msgs/cmake/quadruped_msgs__rosidl_typesupport_introspection_cExport.cmake
[2.538s] -- Up-to-date: /home/ws/install/quadruped_msgs/share/quadruped_msgs/cmake/quadruped_msgs__rosidl_typesupport_introspection_cExport-release.cmake
[2.538s] -- Up-to-date: /home/ws/install/quadruped_msgs/share/quadruped_msgs/cmake/quadruped_msgs__rosidl_typesupport_cExport.cmake
[2.539s] -- Up-to-date: /home/ws/install/quadruped_msgs/share/quadruped_msgs/cmake/quadruped_msgs__rosidl_typesupport_cExport-release.cmake
[2.539s] -- Up-to-date: /home/ws/install/quadruped_msgs/share/quadruped_msgs/cmake/quadruped_msgs__rosidl_typesupport_introspection_cppExport.cmake
[2.539s] -- Up-to-date: /home/ws/install/quadruped_msgs/share/quadruped_msgs/cmake/quadruped_msgs__rosidl_typesupport_introspection_cppExport-release.cmake
[2.539s] -- Up-to-date: /home/ws/install/quadruped_msgs/share/quadruped_msgs/cmake/quadruped_msgs__rosidl_typesupport_cppExport.cmake
[2.539s] -- Up-to-date: /home/ws/install/quadruped_msgs/share/quadruped_msgs/cmake/quadruped_msgs__rosidl_typesupport_cppExport-release.cmake
[2.539s] -- Up-to-date: /home/ws/install/quadruped_msgs/share/quadruped_msgs/cmake/export_quadruped_msgs__rosidl_generator_pyExport.cmake
[2.539s] -- Up-to-date: /home/ws/install/quadruped_msgs/share/quadruped_msgs/cmake/export_quadruped_msgs__rosidl_generator_pyExport-release.cmake
[2.540s] -- Up-to-date: /home/ws/install/quadruped_msgs/share/quadruped_msgs/cmake/rosidl_cmake-extras.cmake
[2.540s] -- Up-to-date: /home/ws/install/quadruped_msgs/share/quadruped_msgs/cmake/ament_cmake_export_dependencies-extras.cmake
[2.540s] -- Up-to-date: /home/ws/install/quadruped_msgs/share/quadruped_msgs/cmake/ament_cmake_export_include_directories-extras.cmake
[2.540s] -- Up-to-date: /home/ws/install/quadruped_msgs/share/quadruped_msgs/cmake/ament_cmake_export_libraries-extras.cmake
[2.540s] -- Up-to-date: /home/ws/install/quadruped_msgs/share/quadruped_msgs/cmake/ament_cmake_export_targets-extras.cmake
[2.541s] -- Up-to-date: /home/ws/install/quadruped_msgs/share/quadruped_msgs/cmake/rosidl_cmake_export_typesupport_targets-extras.cmake
[2.541s] -- Up-to-date: /home/ws/install/quadruped_msgs/share/quadruped_msgs/cmake/rosidl_cmake_export_typesupport_libraries-extras.cmake
[2.541s] -- Up-to-date: /home/ws/install/quadruped_msgs/share/quadruped_msgs/cmake/quadruped_msgsConfig.cmake
[2.541s] -- Up-to-date: /home/ws/install/quadruped_msgs/share/quadruped_msgs/cmake/quadruped_msgsConfig-version.cmake
[2.542s] -- Up-to-date: /home/ws/install/quadruped_msgs/share/quadruped_msgs/package.xml
[2.562s] Invoked command in '/home/ws/build/quadruped_msgs' returned '0': CMAKE_PREFIX_PATH=${CMAKE_PREFIX_PATH}:/opt/ros/jazzy DEBUGINFOD_URLS=https://debuginfod.ubuntu.com /usr/bin/cmake --install /home/ws/build/quadruped_msgs
