[0.113s] Invoking command in '/home/ws/build/rmw_zenoh_cpp': CMAKE_PREFIX_PATH=/home/ws/install/zenoh_cpp_vendor:/home/ws/install/rmw_zenoh_cpp:/home/ws/install/quadruped_utils:/home/ws/install/quadruped_urdf:/home/ws/install/quadruped_sim:/home/ws/install/quadruped_mpc:/home/ws/install/quadruped_msgs:/home/ws/install/quadruped_hardware:/home/ws/install/quadruped_bringup:/home/ws/install/imu_hardware_interface:/home/ws/install/bno08x_driver:/opt/ros/jazzy/opt/gz_sim_vendor:/opt/ros/jazzy/opt/gz_sensors_vendor:/opt/ros/jazzy/opt/gz_physics_vendor:/opt/ros/jazzy/opt/sdformat_vendor:/opt/ros/jazzy/opt/gz_gui_vendor:/opt/ros/jazzy/opt/gz_transport_vendor:/opt/ros/jazzy/opt/gz_rendering_vendor:/opt/ros/jazzy/opt/gz_plugin_vendor:/opt/ros/jazzy/opt/gz_fuel_tools_vendor:/opt/ros/jazzy/opt/gz_msgs_vendor:/opt/ros/jazzy/opt/gz_common_vendor:/opt/ros/jazzy/opt/gz_math_vendor:/opt/ros/jazzy/opt/gz_utils_vendor:/opt/ros/jazzy/opt/gz_tools_vendor:/opt/ros/jazzy/opt/gz_ogre_next_vendor:/opt/ros/jazzy/opt/gz_dartsim_vendor:/opt/ros/jazzy/opt/gz_cmake_vendor:/home/ws/install/py_pubsub:/opt/ros/jazzy DEBUGINFOD_URLS=https://debuginfod.ubuntu.com /usr/bin/cmake /home/ws/src/rmw_zenoh/rmw_zenoh_cpp -DCMAKE_INSTALL_PREFIX=/home/ws/install/rmw_zenoh_cpp
[0.158s] -- Found ament_cmake: 2.5.3 (/opt/ros/jazzy/share/ament_cmake/cmake)
[0.821s] -- Found ament_index_cpp: 1.8.1 (/opt/ros/jazzy/share/ament_index_cpp/cmake)
[0.823s] -- Found rcpputils: 2.11.1 (/opt/ros/jazzy/share/rcpputils/cmake)
[0.861s] -- Found rosidl_typesupport_fastrtps_c: 3.6.1 (/opt/ros/jazzy/share/rosidl_typesupport_fastrtps_c/cmake)
[0.864s] -- Found rosidl_generator_c: 4.6.5 (/opt/ros/jazzy/share/rosidl_generator_c/cmake)
[0.897s] -- Found rosidl_typesupport_fastrtps_cpp: 3.6.1 (/opt/ros/jazzy/share/rosidl_typesupport_fastrtps_cpp/cmake)
[0.899s] -- Found rosidl_generator_cpp: 4.6.5 (/opt/ros/jazzy/share/rosidl_generator_cpp/cmake)
[0.926s] -- Found tracetools: 8.2.3 (/opt/ros/jazzy/share/tracetools/cmake)
[0.943s] -- Found zenoh_cpp_vendor: 0.2.2 (/home/ws/install/zenoh_cpp_vendor/share/zenoh_cpp_vendor/cmake)
[0.944s] -- defined lib target zenohcxx::zenohc for zenohc::lib
[0.948s] -- Found ament_cmake_copyright: 0.17.1 (/opt/ros/jazzy/share/ament_cmake_copyright/cmake)
[0.949s] -- Found ament_cmake_cpplint: 0.17.1 (/opt/ros/jazzy/share/ament_cmake_cpplint/cmake)
[0.952s] -- Found ament_cmake_lint_cmake: 0.17.1 (/opt/ros/jazzy/share/ament_cmake_lint_cmake/cmake)
[0.956s] -- Found ament_cmake_uncrustify: 0.17.1 (/opt/ros/jazzy/share/ament_cmake_uncrustify/cmake)
[0.956s] -- Found ament_cmake_xmllint: 0.17.1 (/opt/ros/jazzy/share/ament_cmake_xmllint/cmake)
[1.219s] -- Configuring done (1.1s)
[1.292s] -- Generating done (0.1s)
[1.308s] -- Build files have been written to: /home/ws/build/rmw_zenoh_cpp
[1.330s] Invoked command in '/home/ws/build/rmw_zenoh_cpp' returned '0': CMAKE_PREFIX_PATH=/home/ws/install/zenoh_cpp_vendor:/home/ws/install/rmw_zenoh_cpp:/home/ws/install/quadruped_utils:/home/ws/install/quadruped_urdf:/home/ws/install/quadruped_sim:/home/ws/install/quadruped_mpc:/home/ws/install/quadruped_msgs:/home/ws/install/quadruped_hardware:/home/ws/install/quadruped_bringup:/home/ws/install/imu_hardware_interface:/home/ws/install/bno08x_driver:/opt/ros/jazzy/opt/gz_sim_vendor:/opt/ros/jazzy/opt/gz_sensors_vendor:/opt/ros/jazzy/opt/gz_physics_vendor:/opt/ros/jazzy/opt/sdformat_vendor:/opt/ros/jazzy/opt/gz_gui_vendor:/opt/ros/jazzy/opt/gz_transport_vendor:/opt/ros/jazzy/opt/gz_rendering_vendor:/opt/ros/jazzy/opt/gz_plugin_vendor:/opt/ros/jazzy/opt/gz_fuel_tools_vendor:/opt/ros/jazzy/opt/gz_msgs_vendor:/opt/ros/jazzy/opt/gz_common_vendor:/opt/ros/jazzy/opt/gz_math_vendor:/opt/ros/jazzy/opt/gz_utils_vendor:/opt/ros/jazzy/opt/gz_tools_vendor:/opt/ros/jazzy/opt/gz_ogre_next_vendor:/opt/ros/jazzy/opt/gz_dartsim_vendor:/opt/ros/jazzy/opt/gz_cmake_vendor:/home/ws/install/py_pubsub:/opt/ros/jazzy DEBUGINFOD_URLS=https://debuginfod.ubuntu.com /usr/bin/cmake /home/ws/src/rmw_zenoh/rmw_zenoh_cpp -DCMAKE_INSTALL_PREFIX=/home/ws/install/rmw_zenoh_cpp
[1.330s] Invoking command in '/home/ws/build/rmw_zenoh_cpp': CMAKE_PREFIX_PATH=/home/ws/install/zenoh_cpp_vendor:/home/ws/install/rmw_zenoh_cpp:/home/ws/install/quadruped_utils:/home/ws/install/quadruped_urdf:/home/ws/install/quadruped_sim:/home/ws/install/quadruped_mpc:/home/ws/install/quadruped_msgs:/home/ws/install/quadruped_hardware:/home/ws/install/quadruped_bringup:/home/ws/install/imu_hardware_interface:/home/ws/install/bno08x_driver:/opt/ros/jazzy/opt/gz_sim_vendor:/opt/ros/jazzy/opt/gz_sensors_vendor:/opt/ros/jazzy/opt/gz_physics_vendor:/opt/ros/jazzy/opt/sdformat_vendor:/opt/ros/jazzy/opt/gz_gui_vendor:/opt/ros/jazzy/opt/gz_transport_vendor:/opt/ros/jazzy/opt/gz_rendering_vendor:/opt/ros/jazzy/opt/gz_plugin_vendor:/opt/ros/jazzy/opt/gz_fuel_tools_vendor:/opt/ros/jazzy/opt/gz_msgs_vendor:/opt/ros/jazzy/opt/gz_common_vendor:/opt/ros/jazzy/opt/gz_math_vendor:/opt/ros/jazzy/opt/gz_utils_vendor:/opt/ros/jazzy/opt/gz_tools_vendor:/opt/ros/jazzy/opt/gz_ogre_next_vendor:/opt/ros/jazzy/opt/gz_dartsim_vendor:/opt/ros/jazzy/opt/gz_cmake_vendor:/home/ws/install/py_pubsub:/opt/ros/jazzy DEBUGINFOD_URLS=https://debuginfod.ubuntu.com /usr/bin/cmake --build /home/ws/build/rmw_zenoh_cpp -- -j8 -l8
[1.549s] [ 17%] Built target rmw_zenohd
[1.620s] [100%] Built target rmw_zenoh_cpp
[1.667s] Invoked command in '/home/ws/build/rmw_zenoh_cpp' returned '0': CMAKE_PREFIX_PATH=/home/ws/install/zenoh_cpp_vendor:/home/ws/install/rmw_zenoh_cpp:/home/ws/install/quadruped_utils:/home/ws/install/quadruped_urdf:/home/ws/install/quadruped_sim:/home/ws/install/quadruped_mpc:/home/ws/install/quadruped_msgs:/home/ws/install/quadruped_hardware:/home/ws/install/quadruped_bringup:/home/ws/install/imu_hardware_interface:/home/ws/install/bno08x_driver:/opt/ros/jazzy/opt/gz_sim_vendor:/opt/ros/jazzy/opt/gz_sensors_vendor:/opt/ros/jazzy/opt/gz_physics_vendor:/opt/ros/jazzy/opt/sdformat_vendor:/opt/ros/jazzy/opt/gz_gui_vendor:/opt/ros/jazzy/opt/gz_transport_vendor:/opt/ros/jazzy/opt/gz_rendering_vendor:/opt/ros/jazzy/opt/gz_plugin_vendor:/opt/ros/jazzy/opt/gz_fuel_tools_vendor:/opt/ros/jazzy/opt/gz_msgs_vendor:/opt/ros/jazzy/opt/gz_common_vendor:/opt/ros/jazzy/opt/gz_math_vendor:/opt/ros/jazzy/opt/gz_utils_vendor:/opt/ros/jazzy/opt/gz_tools_vendor:/opt/ros/jazzy/opt/gz_ogre_next_vendor:/opt/ros/jazzy/opt/gz_dartsim_vendor:/opt/ros/jazzy/opt/gz_cmake_vendor:/home/ws/install/py_pubsub:/opt/ros/jazzy DEBUGINFOD_URLS=https://debuginfod.ubuntu.com /usr/bin/cmake --build /home/ws/build/rmw_zenoh_cpp -- -j8 -l8
[1.668s] Invoking command in '/home/ws/build/rmw_zenoh_cpp': CMAKE_PREFIX_PATH=/home/ws/install/zenoh_cpp_vendor:/home/ws/install/rmw_zenoh_cpp:/home/ws/install/quadruped_utils:/home/ws/install/quadruped_urdf:/home/ws/install/quadruped_sim:/home/ws/install/quadruped_mpc:/home/ws/install/quadruped_msgs:/home/ws/install/quadruped_hardware:/home/ws/install/quadruped_bringup:/home/ws/install/imu_hardware_interface:/home/ws/install/bno08x_driver:/opt/ros/jazzy/opt/gz_sim_vendor:/opt/ros/jazzy/opt/gz_sensors_vendor:/opt/ros/jazzy/opt/gz_physics_vendor:/opt/ros/jazzy/opt/sdformat_vendor:/opt/ros/jazzy/opt/gz_gui_vendor:/opt/ros/jazzy/opt/gz_transport_vendor:/opt/ros/jazzy/opt/gz_rendering_vendor:/opt/ros/jazzy/opt/gz_plugin_vendor:/opt/ros/jazzy/opt/gz_fuel_tools_vendor:/opt/ros/jazzy/opt/gz_msgs_vendor:/opt/ros/jazzy/opt/gz_common_vendor:/opt/ros/jazzy/opt/gz_math_vendor:/opt/ros/jazzy/opt/gz_utils_vendor:/opt/ros/jazzy/opt/gz_tools_vendor:/opt/ros/jazzy/opt/gz_ogre_next_vendor:/opt/ros/jazzy/opt/gz_dartsim_vendor:/opt/ros/jazzy/opt/gz_cmake_vendor:/home/ws/install/py_pubsub:/opt/ros/jazzy DEBUGINFOD_URLS=https://debuginfod.ubuntu.com /usr/bin/cmake --install /home/ws/build/rmw_zenoh_cpp
[1.708s] -- Install configuration: "Release"
[1.708s] -- Up-to-date: /home/ws/install/rmw_zenoh_cpp/share/ament_index/resource_index/rmw_typesupport_c/rmw_zenoh_cpp
[1.709s] -- Up-to-date: /home/ws/install/rmw_zenoh_cpp/share/ament_index/resource_index/rmw_typesupport_cpp/rmw_zenoh_cpp
[1.709s] -- Up-to-date: /home/ws/install/rmw_zenoh_cpp/share/ament_index/resource_index/rmw_typesupport/rmw_zenoh_cpp
[1.710s] -- Up-to-date: /home/ws/install/rmw_zenoh_cpp/lib/librmw_zenoh_cpp.so
[1.710s] -- Up-to-date: /home/ws/install/rmw_zenoh_cpp/share/rmw_zenoh_cpp/config
[1.710s] -- Up-to-date: /home/ws/install/rmw_zenoh_cpp/share/rmw_zenoh_cpp/config/DEFAULT_RMW_ZENOH_SESSION_CONFIG.json5
[1.710s] -- Up-to-date: /home/ws/install/rmw_zenoh_cpp/share/rmw_zenoh_cpp/config/DEFAULT_RMW_ZENOH_ROUTER_CONFIG.json5
[1.710s] -- Up-to-date: /home/ws/install/rmw_zenoh_cpp/share/rmw_zenoh_cpp/config/routerconfig.json5
[1.711s] -- Up-to-date: /home/ws/install/rmw_zenoh_cpp/lib/rmw_zenoh_cpp/rmw_zenohd
[1.711s] -- Up-to-date: /home/ws/install/rmw_zenoh_cpp/share/ament_index/resource_index/package_run_dependencies/rmw_zenoh_cpp
[1.711s] -- Up-to-date: /home/ws/install/rmw_zenoh_cpp/share/ament_index/resource_index/parent_prefix_path/rmw_zenoh_cpp
[1.711s] -- Up-to-date: /home/ws/install/rmw_zenoh_cpp/share/rmw_zenoh_cpp/environment/ament_prefix_path.sh
[1.712s] -- Up-to-date: /home/ws/install/rmw_zenoh_cpp/share/rmw_zenoh_cpp/environment/ament_prefix_path.dsv
[1.712s] -- Up-to-date: /home/ws/install/rmw_zenoh_cpp/share/rmw_zenoh_cpp/environment/path.sh
[1.712s] -- Up-to-date: /home/ws/install/rmw_zenoh_cpp/share/rmw_zenoh_cpp/environment/path.dsv
[1.712s] -- Up-to-date: /home/ws/install/rmw_zenoh_cpp/share/rmw_zenoh_cpp/local_setup.bash
[1.713s] -- Up-to-date: /home/ws/install/rmw_zenoh_cpp/share/rmw_zenoh_cpp/local_setup.sh
[1.713s] -- Up-to-date: /home/ws/install/rmw_zenoh_cpp/share/rmw_zenoh_cpp/local_setup.zsh
[1.713s] -- Up-to-date: /home/ws/install/rmw_zenoh_cpp/share/rmw_zenoh_cpp/local_setup.dsv
[1.713s] -- Installing: /home/ws/install/rmw_zenoh_cpp/share/rmw_zenoh_cpp/package.dsv
[1.713s] -- Up-to-date: /home/ws/install/rmw_zenoh_cpp/share/ament_index/resource_index/packages/rmw_zenoh_cpp
[1.713s] -- Up-to-date: /home/ws/install/rmw_zenoh_cpp/share/rmw_zenoh_cpp/cmake/export_rmw_zenoh_cppExport.cmake
[1.713s] -- Up-to-date: /home/ws/install/rmw_zenoh_cpp/share/rmw_zenoh_cpp/cmake/export_rmw_zenoh_cppExport-release.cmake
[1.714s] -- Up-to-date: /home/ws/install/rmw_zenoh_cpp/share/rmw_zenoh_cpp/cmake/ament_cmake_export_targets-extras.cmake
[1.714s] -- Up-to-date: /home/ws/install/rmw_zenoh_cpp/share/rmw_zenoh_cpp/cmake/rmw_zenoh_cppConfig.cmake
[1.714s] -- Up-to-date: /home/ws/install/rmw_zenoh_cpp/share/rmw_zenoh_cpp/cmake/rmw_zenoh_cppConfig-version.cmake
[1.714s] -- Up-to-date: /home/ws/install/rmw_zenoh_cpp/share/rmw_zenoh_cpp/package.xml
[1.732s] Invoked command in '/home/ws/build/rmw_zenoh_cpp' returned '0': CMAKE_PREFIX_PATH=/home/ws/install/zenoh_cpp_vendor:/home/ws/install/rmw_zenoh_cpp:/home/ws/install/quadruped_utils:/home/ws/install/quadruped_urdf:/home/ws/install/quadruped_sim:/home/ws/install/quadruped_mpc:/home/ws/install/quadruped_msgs:/home/ws/install/quadruped_hardware:/home/ws/install/quadruped_bringup:/home/ws/install/imu_hardware_interface:/home/ws/install/bno08x_driver:/opt/ros/jazzy/opt/gz_sim_vendor:/opt/ros/jazzy/opt/gz_sensors_vendor:/opt/ros/jazzy/opt/gz_physics_vendor:/opt/ros/jazzy/opt/sdformat_vendor:/opt/ros/jazzy/opt/gz_gui_vendor:/opt/ros/jazzy/opt/gz_transport_vendor:/opt/ros/jazzy/opt/gz_rendering_vendor:/opt/ros/jazzy/opt/gz_plugin_vendor:/opt/ros/jazzy/opt/gz_fuel_tools_vendor:/opt/ros/jazzy/opt/gz_msgs_vendor:/opt/ros/jazzy/opt/gz_common_vendor:/opt/ros/jazzy/opt/gz_math_vendor:/opt/ros/jazzy/opt/gz_utils_vendor:/opt/ros/jazzy/opt/gz_tools_vendor:/opt/ros/jazzy/opt/gz_ogre_next_vendor:/opt/ros/jazzy/opt/gz_dartsim_vendor:/opt/ros/jazzy/opt/gz_cmake_vendor:/home/ws/install/py_pubsub:/opt/ros/jazzy DEBUGINFOD_URLS=https://debuginfod.ubuntu.com /usr/bin/cmake --install /home/ws/build/rmw_zenoh_cpp
