[0.102s] Invoking command in '/home/ws/build/imu_hardware_interface': CMAKE_PREFIX_PATH=${CMAKE_PREFIX_PATH}:/home/ws/install/py_pubsub:/opt/ros/jazzy DEBUGINFOD_URLS=https://debuginfod.ubuntu.com /usr/bin/cmake /home/ws/src/imu_hardware_interface -DCMAKE_INSTALL_PREFIX=/home/ws/install/imu_hardware_interface
[1.028s] -- Found ament_cmake: 2.5.3 (/opt/ros/jazzy/share/ament_cmake/cmake)
[1.028s] -- Found hardware_interface: 4.28.1 (/opt/ros/jazzy/share/hardware_interface/cmake)
[1.028s] -- Found rosidl_generator_c: 4.6.5 (/opt/ros/jazzy/share/rosidl_generator_c/cmake)
[1.058s] -- Found rosidl_generator_cpp: 4.6.5 (/opt/ros/jazzy/share/rosidl_generator_cpp/cmake)
[1.073s] -- Using all available rosidl_typesupport_c: rosidl_typesupport_fastrtps_c;rosidl_typesupport_introspection_c
[1.109s] -- Using all available rosidl_typesupport_cpp: rosidl_typesupport_fastrtps_cpp;rosidl_typesupport_introspection_cpp
[1.461s] -- Found TinyXML2 via Config file: /usr/local/lib/cmake/tinyxml2
[1.553s] -- Found rmw_implementation_cmake: 7.3.1 (/opt/ros/jazzy/share/rmw_implementation_cmake/cmake)
[1.555s] -- Found rmw_zenoh_cpp: 0.2.2 (/home/ws/install/rmw_zenoh_cpp/share/rmw_zenoh_cpp/cmake)
[1.566s] -- Using RMW implementation 'rmw_zenoh_cpp' as default
[2.220s] -- Configuring done (2.1s)
[2.367s] -- Generating done (0.1s)
[2.391s] -- Build files have been written to: /home/ws/build/imu_hardware_interface
[2.457s] Invoked command in '/home/ws/build/imu_hardware_interface' returned '0': CMAKE_PREFIX_PATH=${CMAKE_PREFIX_PATH}:/home/ws/install/py_pubsub:/opt/ros/jazzy DEBUGINFOD_URLS=https://debuginfod.ubuntu.com /usr/bin/cmake /home/ws/src/imu_hardware_interface -DCMAKE_INSTALL_PREFIX=/home/ws/install/imu_hardware_interface
[2.459s] Invoking command in '/home/ws/build/imu_hardware_interface': CMAKE_PREFIX_PATH=${CMAKE_PREFIX_PATH}:/home/ws/install/py_pubsub:/opt/ros/jazzy DEBUGINFOD_URLS=https://debuginfod.ubuntu.com /usr/bin/cmake --build /home/ws/build/imu_hardware_interface -- -j8 -l8
[2.863s] [100%] Built target imu_hardware_interface
[2.934s] Invoked command in '/home/ws/build/imu_hardware_interface' returned '0': CMAKE_PREFIX_PATH=${CMAKE_PREFIX_PATH}:/home/ws/install/py_pubsub:/opt/ros/jazzy DEBUGINFOD_URLS=https://debuginfod.ubuntu.com /usr/bin/cmake --build /home/ws/build/imu_hardware_interface -- -j8 -l8
[2.934s] Invoking command in '/home/ws/build/imu_hardware_interface': CMAKE_PREFIX_PATH=${CMAKE_PREFIX_PATH}:/home/ws/install/py_pubsub:/opt/ros/jazzy DEBUGINFOD_URLS=https://debuginfod.ubuntu.com /usr/bin/cmake --install /home/ws/build/imu_hardware_interface
[3.010s] -- Install configuration: "Release"
[3.011s] -- Up-to-date: /home/ws/install/imu_hardware_interface/share/imu_hardware_interface/imu_hardware_interface.xml
[3.012s] -- Up-to-date: /home/ws/install/imu_hardware_interface/lib/libimu_hardware_interface.so
[3.015s] -- Up-to-date: /home/ws/install/imu_hardware_interface/include
[3.016s] -- Up-to-date: /home/ws/install/imu_hardware_interface/include/imu_hardware_interface
[3.016s] -- Up-to-date: /home/ws/install/imu_hardware_interface/include/imu_hardware_interface/imu_hardware_interface.hpp
[3.017s] -- Up-to-date: /home/ws/install/imu_hardware_interface/share/imu_hardware_interface/environment/library_path.sh
[3.018s] -- Up-to-date: /home/ws/install/imu_hardware_interface/share/imu_hardware_interface/environment/library_path.dsv
[3.020s] -- Up-to-date: /home/ws/install/imu_hardware_interface/lib/libimu_hardware_interface.so
[3.021s] -- Up-to-date: /home/ws/install/imu_hardware_interface/share/ament_index/resource_index/package_run_dependencies/imu_hardware_interface
[3.022s] -- Up-to-date: /home/ws/install/imu_hardware_interface/share/ament_index/resource_index/parent_prefix_path/imu_hardware_interface
[3.022s] -- Up-to-date: /home/ws/install/imu_hardware_interface/share/imu_hardware_interface/environment/ament_prefix_path.sh
[3.022s] -- Up-to-date: /home/ws/install/imu_hardware_interface/share/imu_hardware_interface/environment/ament_prefix_path.dsv
[3.023s] -- Up-to-date: /home/ws/install/imu_hardware_interface/share/imu_hardware_interface/environment/path.sh
[3.023s] -- Up-to-date: /home/ws/install/imu_hardware_interface/share/imu_hardware_interface/environment/path.dsv
[3.023s] -- Up-to-date: /home/ws/install/imu_hardware_interface/share/imu_hardware_interface/local_setup.bash
[3.023s] -- Up-to-date: /home/ws/install/imu_hardware_interface/share/imu_hardware_interface/local_setup.sh
[3.023s] -- Up-to-date: /home/ws/install/imu_hardware_interface/share/imu_hardware_interface/local_setup.zsh
[3.024s] -- Up-to-date: /home/ws/install/imu_hardware_interface/share/imu_hardware_interface/local_setup.dsv
[3.024s] -- Installing: /home/ws/install/imu_hardware_interface/share/imu_hardware_interface/package.dsv
[3.024s] -- Up-to-date: /home/ws/install/imu_hardware_interface/share/ament_index/resource_index/packages/imu_hardware_interface
[3.024s] -- Up-to-date: /home/ws/install/imu_hardware_interface/share/ament_index/resource_index/hardware_interface__pluginlib__plugin/imu_hardware_interface
[3.024s] -- Up-to-date: /home/ws/install/imu_hardware_interface/share/imu_hardware_interface/cmake/ament_cmake_export_include_directories-extras.cmake
[3.027s] -- Up-to-date: /home/ws/install/imu_hardware_interface/share/imu_hardware_interface/cmake/ament_cmake_export_libraries-extras.cmake
[3.027s] -- Up-to-date: /home/ws/install/imu_hardware_interface/share/imu_hardware_interface/cmake/ament_cmake_export_dependencies-extras.cmake
[3.027s] -- Up-to-date: /home/ws/install/imu_hardware_interface/share/imu_hardware_interface/cmake/imu_hardware_interfaceConfig.cmake
[3.028s] -- Up-to-date: /home/ws/install/imu_hardware_interface/share/imu_hardware_interface/cmake/imu_hardware_interfaceConfig-version.cmake
[3.028s] -- Up-to-date: /home/ws/install/imu_hardware_interface/share/imu_hardware_interface/package.xml
[3.029s] Invoked command in '/home/ws/build/imu_hardware_interface' returned '0': CMAKE_PREFIX_PATH=${CMAKE_PREFIX_PATH}:/home/ws/install/py_pubsub:/opt/ros/jazzy DEBUGINFOD_URLS=https://debuginfod.ubuntu.com /usr/bin/cmake --install /home/ws/build/imu_hardware_interface
