[0.089s] Invoking command in '/home/ws/build/imu_hardware_interface': CMAKE_PREFIX_PATH=${CMAKE_PREFIX_PATH}:/home/ws/install/py_pubsub:/opt/ros/jazzy DEBUGINFOD_URLS=https://debuginfod.ubuntu.com /usr/bin/cmake /home/ws/src/imu_hardware_interface -DCMAKE_INSTALL_PREFIX=/home/ws/install/imu_hardware_interface
[0.687s] -- Found ament_cmake: 2.5.3 (/opt/ros/jazzy/share/ament_cmake/cmake)
[0.802s] -- Found hardware_interface: 4.28.1 (/opt/ros/jazzy/share/hardware_interface/cmake)
[0.893s] -- Found rosidl_generator_c: 4.6.5 (/opt/ros/jazzy/share/rosidl_generator_c/cmake)
[0.932s] -- Found rosidl_generator_cpp: 4.6.5 (/opt/ros/jazzy/share/rosidl_generator_cpp/cmake)
[0.964s] -- Using all available rosidl_typesupport_c: rosidl_typesupport_fastrtps_c;rosidl_typesupport_introspection_c
[1.020s] -- Using all available rosidl_typesupport_cpp: rosidl_typesupport_fastrtps_cpp;rosidl_typesupport_introspection_cpp
[1.689s] -- Found TinyXML2 via Config file: /usr/local/lib/cmake/tinyxml2
[1.783s] -- Found rmw_implementation_cmake: 7.3.1 (/opt/ros/jazzy/share/rmw_implementation_cmake/cmake)
[1.788s] -- Found rmw_zenoh_cpp: 0.2.2 (/home/ws/install/rmw_zenoh_cpp/share/rmw_zenoh_cpp/cmake)
[1.792s] -- Using RMW implementation 'rmw_zenoh_cpp' as default
[2.500s] -- Configuring done (2.4s)
[2.636s] -- Generating done (0.1s)
[2.661s] -- Build files have been written to: /home/ws/build/imu_hardware_interface
[2.698s] Invoked command in '/home/ws/build/imu_hardware_interface' returned '0': CMAKE_PREFIX_PATH=${CMAKE_PREFIX_PATH}:/home/ws/install/py_pubsub:/opt/ros/jazzy DEBUGINFOD_URLS=https://debuginfod.ubuntu.com /usr/bin/cmake /home/ws/src/imu_hardware_interface -DCMAKE_INSTALL_PREFIX=/home/ws/install/imu_hardware_interface
[2.698s] Invoking command in '/home/ws/build/imu_hardware_interface': CMAKE_PREFIX_PATH=${CMAKE_PREFIX_PATH}:/home/ws/install/py_pubsub:/opt/ros/jazzy DEBUGINFOD_URLS=https://debuginfod.ubuntu.com /usr/bin/cmake --build /home/ws/build/imu_hardware_interface -- -j8 -l8
[3.140s] [100%] Built target imu_hardware_interface
[3.179s] Invoked command in '/home/ws/build/imu_hardware_interface' returned '0': CMAKE_PREFIX_PATH=${CMAKE_PREFIX_PATH}:/home/ws/install/py_pubsub:/opt/ros/jazzy DEBUGINFOD_URLS=https://debuginfod.ubuntu.com /usr/bin/cmake --build /home/ws/build/imu_hardware_interface -- -j8 -l8
[3.180s] Invoking command in '/home/ws/build/imu_hardware_interface': CMAKE_PREFIX_PATH=${CMAKE_PREFIX_PATH}:/home/ws/install/py_pubsub:/opt/ros/jazzy DEBUGINFOD_URLS=https://debuginfod.ubuntu.com /usr/bin/cmake --install /home/ws/build/imu_hardware_interface
[3.397s] -- Install configuration: "Release"
[3.397s] -- Up-to-date: /home/ws/install/imu_hardware_interface/share/imu_hardware_interface/imu_hardware_interface.xml
[3.397s] -- Up-to-date: /home/ws/install/imu_hardware_interface/lib/libimu_hardware_interface.so
[3.397s] -- Up-to-date: /home/ws/install/imu_hardware_interface/include
[3.397s] -- Up-to-date: /home/ws/install/imu_hardware_interface/include/imu_hardware_interface
[3.397s] -- Up-to-date: /home/ws/install/imu_hardware_interface/include/imu_hardware_interface/imu_hardware_interface.hpp
[3.398s] -- Up-to-date: /home/ws/install/imu_hardware_interface/share/imu_hardware_interface/environment/library_path.sh
[3.398s] -- Up-to-date: /home/ws/install/imu_hardware_interface/share/imu_hardware_interface/environment/library_path.dsv
[3.398s] -- Up-to-date: /home/ws/install/imu_hardware_interface/lib/libimu_hardware_interface.so
[3.398s] -- Up-to-date: /home/ws/install/imu_hardware_interface/share/ament_index/resource_index/package_run_dependencies/imu_hardware_interface
[3.398s] -- Installing: /home/ws/install/imu_hardware_interface/share/ament_index/resource_index/parent_prefix_path/imu_hardware_interface
[3.398s] -- Up-to-date: /home/ws/install/imu_hardware_interface/share/imu_hardware_interface/environment/ament_prefix_path.sh
[3.398s] -- Up-to-date: /home/ws/install/imu_hardware_interface/share/imu_hardware_interface/environment/ament_prefix_path.dsv
[3.399s] -- Up-to-date: /home/ws/install/imu_hardware_interface/share/imu_hardware_interface/environment/path.sh
[3.399s] -- Up-to-date: /home/ws/install/imu_hardware_interface/share/imu_hardware_interface/environment/path.dsv
[3.399s] -- Up-to-date: /home/ws/install/imu_hardware_interface/share/imu_hardware_interface/local_setup.bash
[3.399s] -- Up-to-date: /home/ws/install/imu_hardware_interface/share/imu_hardware_interface/local_setup.sh
[3.399s] -- Up-to-date: /home/ws/install/imu_hardware_interface/share/imu_hardware_interface/local_setup.zsh
[3.399s] -- Up-to-date: /home/ws/install/imu_hardware_interface/share/imu_hardware_interface/local_setup.dsv
[3.400s] -- Installing: /home/ws/install/imu_hardware_interface/share/imu_hardware_interface/package.dsv
[3.400s] -- Up-to-date: /home/ws/install/imu_hardware_interface/share/ament_index/resource_index/packages/imu_hardware_interface
[3.400s] -- Up-to-date: /home/ws/install/imu_hardware_interface/share/ament_index/resource_index/hardware_interface__pluginlib__plugin/imu_hardware_interface
[3.400s] -- Up-to-date: /home/ws/install/imu_hardware_interface/share/imu_hardware_interface/cmake/ament_cmake_export_include_directories-extras.cmake
[3.400s] -- Up-to-date: /home/ws/install/imu_hardware_interface/share/imu_hardware_interface/cmake/ament_cmake_export_libraries-extras.cmake
[3.401s] -- Up-to-date: /home/ws/install/imu_hardware_interface/share/imu_hardware_interface/cmake/ament_cmake_export_dependencies-extras.cmake
[3.401s] -- Up-to-date: /home/ws/install/imu_hardware_interface/share/imu_hardware_interface/cmake/imu_hardware_interfaceConfig.cmake
[3.401s] -- Up-to-date: /home/ws/install/imu_hardware_interface/share/imu_hardware_interface/cmake/imu_hardware_interfaceConfig-version.cmake
[3.401s] -- Up-to-date: /home/ws/install/imu_hardware_interface/share/imu_hardware_interface/package.xml
[3.474s] Invoked command in '/home/ws/build/imu_hardware_interface' returned '0': CMAKE_PREFIX_PATH=${CMAKE_PREFIX_PATH}:/home/ws/install/py_pubsub:/opt/ros/jazzy DEBUGINFOD_URLS=https://debuginfod.ubuntu.com /usr/bin/cmake --install /home/ws/build/imu_hardware_interface
