[0.564s] Invoking command in '/home/ws/build/quadruped_bringup': CMAKE_PREFIX_PATH=${CMAKE_PREFIX_PATH}:/home/ws/install/py_pubsub:/opt/ros/jazzy DEBUGINFOD_URLS=https://debuginfod.ubuntu.com /usr/bin/cmake --build /home/ws/build/quadruped_bringup -- -j8 -l8
[0.755s] Invoked command in '/home/ws/build/quadruped_bringup' returned '0': CMAKE_PREFIX_PATH=${CMAKE_PREFIX_PATH}:/home/ws/install/py_pubsub:/opt/ros/jazzy DEBUGINFOD_URLS=https://debuginfod.ubuntu.com /usr/bin/cmake --build /home/ws/build/quadruped_bringup -- -j8 -l8
[0.757s] Invoking command in '/home/ws/build/quadruped_bringup': CMAKE_PREFIX_PATH=${CMAKE_PREFIX_PATH}:/home/ws/install/py_pubsub:/opt/ros/jazzy DEBUGINFOD_URLS=https://debuginfod.ubuntu.com /usr/bin/cmake --install /home/ws/build/quadruped_bringup
[0.784s] -- Install configuration: "Release"
[0.785s] -- Up-to-date: /home/ws/install/quadruped_bringup/share/quadruped_bringup/launch
[0.786s] -- Up-to-date: /home/ws/install/quadruped_bringup/share/quadruped_bringup/launch/remote.launch.py
[0.786s] -- Up-to-date: /home/ws/install/quadruped_bringup/share/quadruped_bringup/launch/sim.launch.py
[0.787s] -- Up-to-date: /home/ws/install/quadruped_bringup/share/quadruped_bringup/launch/real.launch.py
[0.787s] -- Up-to-date: /home/ws/install/quadruped_bringup/share/ament_index/resource_index/package_run_dependencies/quadruped_bringup
[0.788s] -- Up-to-date: /home/ws/install/quadruped_bringup/share/ament_index/resource_index/parent_prefix_path/quadruped_bringup
[0.788s] -- Up-to-date: /home/ws/install/quadruped_bringup/share/quadruped_bringup/environment/ament_prefix_path.sh
[0.789s] -- Up-to-date: /home/ws/install/quadruped_bringup/share/quadruped_bringup/environment/ament_prefix_path.dsv
[0.790s] -- Up-to-date: /home/ws/install/quadruped_bringup/share/quadruped_bringup/environment/path.sh
[0.790s] -- Up-to-date: /home/ws/install/quadruped_bringup/share/quadruped_bringup/environment/path.dsv
[0.791s] -- Up-to-date: /home/ws/install/quadruped_bringup/share/quadruped_bringup/local_setup.bash
[0.792s] -- Up-to-date: /home/ws/install/quadruped_bringup/share/quadruped_bringup/local_setup.sh
[0.793s] -- Up-to-date: /home/ws/install/quadruped_bringup/share/quadruped_bringup/local_setup.zsh
[0.793s] -- Up-to-date: /home/ws/install/quadruped_bringup/share/quadruped_bringup/local_setup.dsv
[0.794s] -- Installing: /home/ws/install/quadruped_bringup/share/quadruped_bringup/package.dsv
[0.797s] -- Up-to-date: /home/ws/install/quadruped_bringup/share/ament_index/resource_index/packages/quadruped_bringup
[0.797s] -- Up-to-date: /home/ws/install/quadruped_bringup/share/quadruped_bringup/cmake/quadruped_bringupConfig.cmake
[0.798s] -- Up-to-date: /home/ws/install/quadruped_bringup/share/quadruped_bringup/cmake/quadruped_bringupConfig-version.cmake
[0.798s] -- Up-to-date: /home/ws/install/quadruped_bringup/share/quadruped_bringup/package.xml
[0.899s] Invoked command in '/home/ws/build/quadruped_bringup' returned '0': CMAKE_PREFIX_PATH=${CMAKE_PREFIX_PATH}:/home/ws/install/py_pubsub:/opt/ros/jazzy DEBUGINFOD_URLS=https://debuginfod.ubuntu.com /usr/bin/cmake --install /home/ws/build/quadruped_bringup
