[0.091s] Invoking command in '/home/ws/build/quadruped_msgs': CMAKE_PREFIX_PATH=${CMAKE_PREFIX_PATH}:/home/ws/install/py_pubsub:/opt/ros/jazzy DEBUGINFOD_URLS=https://debuginfod.ubuntu.com /usr/bin/cmake /home/ws/src/quadruped_msgs -DCMAKE_BUILD_TYPE=Release -DCMAKE_INSTALL_PREFIX=/home/ws/install/quadruped_msgs
[0.628s] -- Found ament_cmake: 2.5.3 (/opt/ros/jazzy/share/ament_cmake/cmake)
[0.629s] -- Found Python3: /usr/bin/python3 (found version "3.12.3") found components: Interpreter 
[0.629s] -- Found std_msgs: 5.3.5 (/opt/ros/jazzy/share/std_msgs/cmake)
[0.629s] -- Found rosidl_generator_c: 4.6.5 (/opt/ros/jazzy/share/rosidl_generator_c/cmake)
[0.629s] -- Found rosidl_generator_cpp: 4.6.5 (/opt/ros/jazzy/share/rosidl_generator_cpp/cmake)
[0.653s] -- Using all available rosidl_typesupport_c: rosidl_typesupport_fastrtps_c;rosidl_typesupport_introspection_c
[0.698s] -- Using all available rosidl_typesupport_cpp: rosidl_typesupport_fastrtps_cpp;rosidl_typesupport_introspection_cpp
[0.783s] -- Found geometry_msgs: 5.3.5 (/opt/ros/jazzy/share/geometry_msgs/cmake)
[0.874s] -- Found rosidl_default_generators: 1.6.0 (/opt/ros/jazzy/share/rosidl_default_generators/cmake)
[0.934s] -- Found rosidl_adapter: 4.6.5 (/opt/ros/jazzy/share/rosidl_adapter/cmake)
[1.950s] -- Found ament_cmake_ros: 0.12.0 (/opt/ros/jazzy/share/ament_cmake_ros/cmake)
[2.985s] -- Using all available rosidl_typesupport_c: rosidl_typesupport_fastrtps_c;rosidl_typesupport_introspection_c
[3.376s] -- Using all available rosidl_typesupport_cpp: rosidl_typesupport_fastrtps_cpp;rosidl_typesupport_introspection_cpp
[3.385s] -- Found python_cmake_module: 0.11.1 (/opt/ros/jazzy/share/python_cmake_module/cmake)
[4.202s] -- Found Python3: /usr/bin/python3 (found version "3.12.3") found components: Interpreter Development NumPy Development.Module Development.Embed 
[4.291s] -- Found ament_lint_auto: 0.17.1 (/opt/ros/jazzy/share/ament_lint_auto/cmake)
[4.317s] -- Added test 'lint_cmake' to check CMake code style
[4.319s] -- Added test 'xmllint' to check XML markup files
[4.330s] -- Configuring done (4.2s)
[4.549s] -- Generating done (0.2s)
[4.581s] -- Build files have been written to: /home/ws/build/quadruped_msgs
[4.614s] Invoked command in '/home/ws/build/quadruped_msgs' returned '0': CMAKE_PREFIX_PATH=${CMAKE_PREFIX_PATH}:/home/ws/install/py_pubsub:/opt/ros/jazzy DEBUGINFOD_URLS=https://debuginfod.ubuntu.com /usr/bin/cmake /home/ws/src/quadruped_msgs -DCMAKE_BUILD_TYPE=Release -DCMAKE_INSTALL_PREFIX=/home/ws/install/quadruped_msgs
[4.614s] Invoking command in '/home/ws/build/quadruped_msgs': CMAKE_PREFIX_PATH=${CMAKE_PREFIX_PATH}:/home/ws/install/py_pubsub:/opt/ros/jazzy DEBUGINFOD_URLS=https://debuginfod.ubuntu.com /usr/bin/cmake --build /home/ws/build/quadruped_msgs -- -j8 -l8
[4.766s] [  1%] Built target quadruped_msgs__rosidl_generator_type_description
[4.849s] [  3%] Built target quadruped_msgs__cpp
[4.854s] [ 25%] Built target quadruped_msgs__rosidl_generator_c
[4.862s] [ 25%] Built target ament_cmake_python_copy_quadruped_msgs
[4.955s] [ 34%] Built target quadruped_msgs__rosidl_typesupport_cpp
[4.970s] [ 43%] Built target quadruped_msgs__rosidl_typesupport_introspection_cpp
[4.975s] [ 53%] Built target quadruped_msgs__rosidl_typesupport_fastrtps_c
[4.976s] [ 62%] Built target quadruped_msgs__rosidl_typesupport_introspection_c
[4.989s] [ 71%] Built target quadruped_msgs__rosidl_typesupport_c
[4.993s] [ 81%] Built target quadruped_msgs__rosidl_typesupport_fastrtps_cpp
[5.066s] [ 81%] Built target quadruped_msgs
[5.146s] [ 82%] Built target quadruped_msgs__py
[5.229s] [ 90%] Built target quadruped_msgs__rosidl_generator_py
[5.338s] [ 93%] Built target quadruped_msgs_s__rosidl_typesupport_fastrtps_c
[5.359s] [ 96%] Built target quadruped_msgs_s__rosidl_typesupport_c
[5.359s] [100%] Built target quadruped_msgs_s__rosidl_typesupport_introspection_c
[5.471s] running egg_info
[5.510s] writing quadruped_msgs.egg-info/PKG-INFO
[5.512s] writing dependency_links to quadruped_msgs.egg-info/dependency_links.txt
[5.513s] writing top-level names to quadruped_msgs.egg-info/top_level.txt
[5.625s] reading manifest file 'quadruped_msgs.egg-info/SOURCES.txt'
[5.627s] writing manifest file 'quadruped_msgs.egg-info/SOURCES.txt'
[5.713s] [100%] Built target ament_cmake_python_build_quadruped_msgs_egg
