[2.264s] Invoking command in '/home/ws/src/py_pubsub': DEBUGINFOD_URLS=https://debuginfod.ubuntu.com PYTHONPATH=/home/ws/build/py_pubsub/prefix_override:/usr/lib/python3/dist-packages/colcon_core/task/python/colcon_distutils_commands:/home/ws/install/py_pubsub/lib/python3.12/site-packages:${PYTHONPATH} /usr/bin/python3 -W ignore:setup.py install is deprecated -W ignore:easy_install command is deprecated setup.py egg_info --egg-base ../../build/py_pubsub build --build-base /home/ws/build/py_pubsub/build install --record /home/ws/build/py_pubsub/install.log --single-version-externally-managed install_data
[2.875s] running egg_info
[2.917s] writing ../../build/py_pubsub/py_pubsub.egg-info/PKG-INFO
[2.918s] writing dependency_links to ../../build/py_pubsub/py_pubsub.egg-info/dependency_links.txt
[2.918s] writing entry points to ../../build/py_pubsub/py_pubsub.egg-info/entry_points.txt
[2.918s] writing requirements to ../../build/py_pubsub/py_pubsub.egg-info/requires.txt
[2.922s] writing top-level names to ../../build/py_pubsub/py_pubsub.egg-info/top_level.txt
[2.999s] reading manifest file '../../build/py_pubsub/py_pubsub.egg-info/SOURCES.txt'
[2.999s] adding license file 'LICENSE'
[3.001s] writing manifest file '../../build/py_pubsub/py_pubsub.egg-info/SOURCES.txt'
[3.001s] running build
[3.002s] running build_py
[3.002s] running install
[3.015s] running install_lib
[3.054s] running install_data
[3.055s] running install_egg_info
[3.105s] removing '/home/ws/install/py_pubsub/lib/python3.12/site-packages/py_pubsub-0.0.0-py3.12.egg-info' (and everything under it)
[3.105s] Copying ../../build/py_pubsub/py_pubsub.egg-info to /home/ws/install/py_pubsub/lib/python3.12/site-packages/py_pubsub-0.0.0-py3.12.egg-info
[3.106s] running install_scripts
[3.402s] Installing talker script to /home/ws/install/py_pubsub/lib/py_pubsub
[3.403s] writing list of installed files to '/home/ws/build/py_pubsub/install.log'
[3.505s] Invoked command in '/home/ws/src/py_pubsub' returned '0': DEBUGINFOD_URLS=https://debuginfod.ubuntu.com PYTHONPATH=/home/ws/build/py_pubsub/prefix_override:/usr/lib/python3/dist-packages/colcon_core/task/python/colcon_distutils_commands:/home/ws/install/py_pubsub/lib/python3.12/site-packages:${PYTHONPATH} /usr/bin/python3 -W ignore:setup.py install is deprecated -W ignore:easy_install command is deprecated setup.py egg_info --egg-base ../../build/py_pubsub build --build-base /home/ws/build/py_pubsub/build install --record /home/ws/build/py_pubsub/install.log --single-version-externally-managed install_data
