[0.038s] Invoking command in '/home/ws/build/rmw_zenoh_cpp': CMAKE_PREFIX_PATH=/home/ws/install/zenoh_cpp_vendor:/home/ws/install/rmw_zenoh_cpp:/home/ws/install/quadruped_utils:/home/ws/install/quadruped_urdf:/home/ws/install/quadruped_sim:/home/ws/install/quadruped_mpc:/home/ws/install/quadruped_msgs:/home/ws/install/quadruped_hardware:/home/ws/install/quadruped_bringup:/home/ws/install/imu_hardware_interface:/home/ws/install/cpp_pubsub:/home/ws/install/bno08x_driver:/opt/ros/jazzy/opt/gz_sim_vendor:/opt/ros/jazzy/opt/gz_sensors_vendor:/opt/ros/jazzy/opt/gz_physics_vendor:/opt/ros/jazzy/opt/sdformat_vendor:/opt/ros/jazzy/opt/gz_gui_vendor:/opt/ros/jazzy/opt/gz_transport_vendor:/opt/ros/jazzy/opt/gz_rendering_vendor:/opt/ros/jazzy/opt/gz_plugin_vendor:/opt/ros/jazzy/opt/gz_fuel_tools_vendor:/opt/ros/jazzy/opt/gz_msgs_vendor:/opt/ros/jazzy/opt/gz_common_vendor:/opt/ros/jazzy/opt/gz_math_vendor:/opt/ros/jazzy/opt/gz_utils_vendor:/opt/ros/jazzy/opt/gz_tools_vendor:/opt/ros/jazzy/opt/gz_ogre_next_vendor:/opt/ros/jazzy/opt/gz_dartsim_vendor:/opt/ros/jazzy/opt/gz_cmake_vendor:/home/ws/install/py_pubsub:/opt/ros/jazzy DEBUGINFOD_URLS=https://debuginfod.ubuntu.com /usr/bin/cmake /home/ws/src/rmw_zenoh/rmw_zenoh_cpp -DCMAKE_INSTALL_PREFIX=/home/ws/install/rmw_zenoh_cpp
[0.152s] -- The C compiler identification is GNU 13.3.0
[0.263s] -- The CXX compiler identification is GNU 13.3.0
[0.297s] -- Detecting C compiler ABI info
[0.483s] -- Detecting C compiler ABI info - done
[0.500s] -- Check for working C compiler: /usr/bin/cc - skipped
[0.500s] -- Detecting C compile features
[0.501s] -- Detecting C compile features - done
[0.520s] -- Detecting CXX compiler ABI info
[0.722s] -- Detecting CXX compiler ABI info - done
[0.746s] -- Check for working CXX compiler: /usr/bin/c++ - skipped
[0.750s] -- Detecting CXX compile features
[0.751s] -- Detecting CXX compile features - done
[0.763s] -- Found ament_cmake: 2.5.3 (/opt/ros/jazzy/share/ament_cmake/cmake)
[1.202s] -- Found Python3: /usr/bin/python3 (found version "3.12.3") found components: Interpreter 
[1.485s] -- Found ament_index_cpp: 1.8.1 (/opt/ros/jazzy/share/ament_index_cpp/cmake)
[1.500s] -- Found rcpputils: 2.11.1 (/opt/ros/jazzy/share/rcpputils/cmake)
[1.537s] -- Found rosidl_typesupport_fastrtps_c: 3.6.1 (/opt/ros/jazzy/share/rosidl_typesupport_fastrtps_c/cmake)
[1.553s] -- Found rosidl_generator_c: 4.6.5 (/opt/ros/jazzy/share/rosidl_generator_c/cmake)
[1.606s] -- Found rosidl_typesupport_fastrtps_cpp: 3.6.1 (/opt/ros/jazzy/share/rosidl_typesupport_fastrtps_cpp/cmake)
[1.616s] -- Found rosidl_generator_cpp: 4.6.5 (/opt/ros/jazzy/share/rosidl_generator_cpp/cmake)
[1.668s] -- Found tracetools: 8.2.3 (/opt/ros/jazzy/share/tracetools/cmake)
[1.677s] -- Found zenoh_cpp_vendor: 0.2.2 (/home/ws/install/zenoh_cpp_vendor/share/zenoh_cpp_vendor/cmake)
[1.681s] -- defined lib target zenohcxx::zenohc for zenohc::lib
[1.690s] -- Found ament_cmake_copyright: 0.17.1 (/opt/ros/jazzy/share/ament_cmake_copyright/cmake)
[1.699s] -- Found ament_cmake_cpplint: 0.17.1 (/opt/ros/jazzy/share/ament_cmake_cpplint/cmake)
[1.707s] -- Found ament_cmake_lint_cmake: 0.17.1 (/opt/ros/jazzy/share/ament_cmake_lint_cmake/cmake)
[1.715s] -- Found ament_cmake_uncrustify: 0.17.1 (/opt/ros/jazzy/share/ament_cmake_uncrustify/cmake)
[1.724s] -- Found ament_cmake_xmllint: 0.17.1 (/opt/ros/jazzy/share/ament_cmake_xmllint/cmake)
[1.934s] -- Configuring done (1.9s)
[1.958s] -- Generating done (0.0s)
[1.966s] -- Build files have been written to: /home/ws/build/rmw_zenoh_cpp
[1.978s] Invoked command in '/home/ws/build/rmw_zenoh_cpp' returned '0': CMAKE_PREFIX_PATH=/home/ws/install/zenoh_cpp_vendor:/home/ws/install/rmw_zenoh_cpp:/home/ws/install/quadruped_utils:/home/ws/install/quadruped_urdf:/home/ws/install/quadruped_sim:/home/ws/install/quadruped_mpc:/home/ws/install/quadruped_msgs:/home/ws/install/quadruped_hardware:/home/ws/install/quadruped_bringup:/home/ws/install/imu_hardware_interface:/home/ws/install/cpp_pubsub:/home/ws/install/bno08x_driver:/opt/ros/jazzy/opt/gz_sim_vendor:/opt/ros/jazzy/opt/gz_sensors_vendor:/opt/ros/jazzy/opt/gz_physics_vendor:/opt/ros/jazzy/opt/sdformat_vendor:/opt/ros/jazzy/opt/gz_gui_vendor:/opt/ros/jazzy/opt/gz_transport_vendor:/opt/ros/jazzy/opt/gz_rendering_vendor:/opt/ros/jazzy/opt/gz_plugin_vendor:/opt/ros/jazzy/opt/gz_fuel_tools_vendor:/opt/ros/jazzy/opt/gz_msgs_vendor:/opt/ros/jazzy/opt/gz_common_vendor:/opt/ros/jazzy/opt/gz_math_vendor:/opt/ros/jazzy/opt/gz_utils_vendor:/opt/ros/jazzy/opt/gz_tools_vendor:/opt/ros/jazzy/opt/gz_ogre_next_vendor:/opt/ros/jazzy/opt/gz_dartsim_vendor:/opt/ros/jazzy/opt/gz_cmake_vendor:/home/ws/install/py_pubsub:/opt/ros/jazzy DEBUGINFOD_URLS=https://debuginfod.ubuntu.com /usr/bin/cmake /home/ws/src/rmw_zenoh/rmw_zenoh_cpp -DCMAKE_INSTALL_PREFIX=/home/ws/install/rmw_zenoh_cpp
[1.980s] Invoking command in '/home/ws/build/rmw_zenoh_cpp': CMAKE_PREFIX_PATH=/home/ws/install/zenoh_cpp_vendor:/home/ws/install/rmw_zenoh_cpp:/home/ws/install/quadruped_utils:/home/ws/install/quadruped_urdf:/home/ws/install/quadruped_sim:/home/ws/install/quadruped_mpc:/home/ws/install/quadruped_msgs:/home/ws/install/quadruped_hardware:/home/ws/install/quadruped_bringup:/home/ws/install/imu_hardware_interface:/home/ws/install/cpp_pubsub:/home/ws/install/bno08x_driver:/opt/ros/jazzy/opt/gz_sim_vendor:/opt/ros/jazzy/opt/gz_sensors_vendor:/opt/ros/jazzy/opt/gz_physics_vendor:/opt/ros/jazzy/opt/sdformat_vendor:/opt/ros/jazzy/opt/gz_gui_vendor:/opt/ros/jazzy/opt/gz_transport_vendor:/opt/ros/jazzy/opt/gz_rendering_vendor:/opt/ros/jazzy/opt/gz_plugin_vendor:/opt/ros/jazzy/opt/gz_fuel_tools_vendor:/opt/ros/jazzy/opt/gz_msgs_vendor:/opt/ros/jazzy/opt/gz_common_vendor:/opt/ros/jazzy/opt/gz_math_vendor:/opt/ros/jazzy/opt/gz_utils_vendor:/opt/ros/jazzy/opt/gz_tools_vendor:/opt/ros/jazzy/opt/gz_ogre_next_vendor:/opt/ros/jazzy/opt/gz_dartsim_vendor:/opt/ros/jazzy/opt/gz_cmake_vendor:/home/ws/install/py_pubsub:/opt/ros/jazzy DEBUGINFOD_URLS=https://debuginfod.ubuntu.com /usr/bin/cmake --build /home/ws/build/rmw_zenoh_cpp -- -j8 -l8
[2.093s] [  2%] [32mBuilding CXX object CMakeFiles/rmw_zenoh_cpp.dir/src/detail/attachment_helpers.cpp.o[0m
[4.220s] [  5%] [32mBuilding CXX object CMakeFiles/rmw_zenoh_cpp.dir/src/detail/liveliness_utils.cpp.o[0m
[7.243s] [  7%] [32mBuilding CXX object CMakeFiles/rmw_zenoh_cpp.dir/src/detail/logging.cpp.o[0m
[7.268s] [ 10%] [32mBuilding CXX object CMakeFiles/rmw_zenoh_cpp.dir/src/detail/guard_condition.cpp.o[0m
[7.366s] [ 12%] [32mBuilding CXX object CMakeFiles/rmw_zenoh_cpp.dir/src/detail/graph_cache.cpp.o[0m
[7.745s] [ 15%] [32mBuilding CXX object CMakeFiles/rmw_zenoh_cpp.dir/src/detail/message_type_support.cpp.o[0m
[8.244s] [ 17%] [32mBuilding CXX object CMakeFiles/rmw_zenoh_cpp.dir/src/detail/qos.cpp.o[0m
[8.266s] [ 20%] [32mBuilding CXX object CMakeFiles/rmw_zenoh_cpp.dir/src/detail/rmw_client_data.cpp.o[0m
[8.698s] [ 22%] [32mBuilding CXX object CMakeFiles/rmw_zenoh_cpp.dir/src/detail/identifier.cpp.o[0m
[8.757s] [ 25%] [32mBuilding CXX object CMakeFiles/rmw_zenoh_cpp.dir/src/detail/rmw_context_impl_s.cpp.o[0m
[8.789s] [ 27%] [32mBuilding CXX object CMakeFiles/rmw_zenoh_cpp.dir/src/detail/rmw_publisher_data.cpp.o[0m
[9.833s] [ 30%] [32mBuilding CXX object CMakeFiles/rmw_zenoh_cpp.dir/src/detail/rmw_node_data.cpp.o[0m
[10.905s] [ 32%] [32mBuilding CXX object CMakeFiles/rmw_zenoh_cpp.dir/src/detail/event.cpp.o[0m
[14.261s] [ 35%] [32mBuilding CXX object CMakeFiles/rmw_zenoh_cpp.dir/src/detail/type_support.cpp.o[0m
[15.179s] [ 37%] [32mBuilding CXX object CMakeFiles/rmw_zenoh_cpp.dir/src/detail/type_support_common.cpp.o[0m
[16.277s] [ 40%] [32mBuilding CXX object CMakeFiles/rmw_zenoh_cpp.dir/src/detail/zenoh_config.cpp.o[0m
[18.301s] [ 42%] [32mBuilding CXX object CMakeFiles/rmw_zenoh_cpp.dir/src/detail/zenoh_utils.cpp.o[0m
[18.562s] [ 45%] [32mBuilding CXX object CMakeFiles/rmw_zenoh_cpp.dir/src/detail/simplified_xxhash3.cpp.o[0m
[18.709s] [ 47%] [32mBuilding CXX object CMakeFiles/rmw_zenoh_cpp.dir/src/rmw_event.cpp.o[0m
[20.738s] [ 50%] [32mBuilding CXX object CMakeFiles/rmw_zenoh_cpp.dir/src/rmw_get_network_flow_endpoints.cpp.o[0m
[20.762s] [ 52%] [32mBuilding CXX object CMakeFiles/rmw_zenoh_cpp.dir/src/detail/service_type_support.cpp.o[0m
[20.860s] [ 55%] [32mBuilding CXX object CMakeFiles/rmw_zenoh_cpp.dir/src/rmw_get_node_info_and_types.cpp.o[0m
[21.687s] [ 57%] [32mBuilding CXX object CMakeFiles/rmw_zenoh_cpp.dir/src/rmw_get_service_names_and_types.cpp.o[0m
[24.575s] [ 60%] [32mBuilding CXX object CMakeFiles/rmw_zenoh_cpp.dir/src/rmw_init_options.cpp.o[0m
[26.632s] [ 62%] [32mBuilding CXX object CMakeFiles/rmw_zenoh_cpp.dir/src/rmw_init.cpp.o[0m
[29.622s] [ 65%] [32mBuilding CXX object CMakeFiles/rmw_zenoh_cpp.dir/src/rmw_qos.cpp.o[0m
[29.737s] [ 67%] [32mBuilding CXX object CMakeFiles/rmw_zenoh_cpp.dir/src/rmw_zenoh.cpp.o[0m
[33.298s] [ 70%] [32mBuilding CXX object CMakeFiles/rmw_zenoh_cpp.dir/src/rmw_get_topic_names_and_types.cpp.o[0m
[36.157s] [ 72%] [32mBuilding CXX object CMakeFiles/rmw_zenoh_cpp.dir/src/rmw_get_topic_endpoint_info.cpp.o[0m
[39.000s] [ 75%] [32mBuilding CXX object CMakeFiles/rmw_zenoh_cpp.dir/src/detail/rmw_subscription_data.cpp.o[0m
[39.009s] [ 77%] [32mBuilding CXX object CMakeFiles/rmw_zenoh_cpp.dir/src/detail/rmw_service_data.cpp.o[0m
[43.327s] [ 80%] [32mBuilding CXX object CMakeFiles/rmw_zenoh_cpp.dir/src/detail/cdr.cpp.o[0m
[44.201s] [ 82%] [32m[1mLinking CXX shared library librmw_zenoh_cpp.so[0m
[44.588s] [ 82%] Built target rmw_zenoh_cpp
[44.633s] [ 87%] [32mBuilding CXX object CMakeFiles/rmw_zenohd.dir/src/detail/liveliness_utils.cpp.o[0m
[44.634s] [ 87%] [32mBuilding CXX object CMakeFiles/rmw_zenohd.dir/src/detail/logging.cpp.o[0m
[44.744s] [ 90%] [32mBuilding CXX object CMakeFiles/rmw_zenohd.dir/src/zenohd/main.cpp.o[0m
[48.574s] [ 92%] [32mBuilding CXX object CMakeFiles/rmw_zenohd.dir/src/detail/zenoh_config.cpp.o[0m
[50.925s] [ 95%] [32mBuilding CXX object CMakeFiles/rmw_zenohd.dir/src/detail/simplified_xxhash3.cpp.o[0m
[51.046s] [ 97%] [32mBuilding CXX object CMakeFiles/rmw_zenohd.dir/src/detail/qos.cpp.o[0m
[51.530s] [100%] [32m[1mLinking CXX executable rmw_zenohd[0m
[51.724s] [100%] Built target rmw_zenohd
[51.758s] Invoked command in '/home/ws/build/rmw_zenoh_cpp' returned '0': CMAKE_PREFIX_PATH=/home/ws/install/zenoh_cpp_vendor:/home/ws/install/rmw_zenoh_cpp:/home/ws/install/quadruped_utils:/home/ws/install/quadruped_urdf:/home/ws/install/quadruped_sim:/home/ws/install/quadruped_mpc:/home/ws/install/quadruped_msgs:/home/ws/install/quadruped_hardware:/home/ws/install/quadruped_bringup:/home/ws/install/imu_hardware_interface:/home/ws/install/cpp_pubsub:/home/ws/install/bno08x_driver:/opt/ros/jazzy/opt/gz_sim_vendor:/opt/ros/jazzy/opt/gz_sensors_vendor:/opt/ros/jazzy/opt/gz_physics_vendor:/opt/ros/jazzy/opt/sdformat_vendor:/opt/ros/jazzy/opt/gz_gui_vendor:/opt/ros/jazzy/opt/gz_transport_vendor:/opt/ros/jazzy/opt/gz_rendering_vendor:/opt/ros/jazzy/opt/gz_plugin_vendor:/opt/ros/jazzy/opt/gz_fuel_tools_vendor:/opt/ros/jazzy/opt/gz_msgs_vendor:/opt/ros/jazzy/opt/gz_common_vendor:/opt/ros/jazzy/opt/gz_math_vendor:/opt/ros/jazzy/opt/gz_utils_vendor:/opt/ros/jazzy/opt/gz_tools_vendor:/opt/ros/jazzy/opt/gz_ogre_next_vendor:/opt/ros/jazzy/opt/gz_dartsim_vendor:/opt/ros/jazzy/opt/gz_cmake_vendor:/home/ws/install/py_pubsub:/opt/ros/jazzy DEBUGINFOD_URLS=https://debuginfod.ubuntu.com /usr/bin/cmake --build /home/ws/build/rmw_zenoh_cpp -- -j8 -l8
[51.760s] Invoking command in '/home/ws/build/rmw_zenoh_cpp': CMAKE_PREFIX_PATH=/home/ws/install/zenoh_cpp_vendor:/home/ws/install/rmw_zenoh_cpp:/home/ws/install/quadruped_utils:/home/ws/install/quadruped_urdf:/home/ws/install/quadruped_sim:/home/ws/install/quadruped_mpc:/home/ws/install/quadruped_msgs:/home/ws/install/quadruped_hardware:/home/ws/install/quadruped_bringup:/home/ws/install/imu_hardware_interface:/home/ws/install/cpp_pubsub:/home/ws/install/bno08x_driver:/opt/ros/jazzy/opt/gz_sim_vendor:/opt/ros/jazzy/opt/gz_sensors_vendor:/opt/ros/jazzy/opt/gz_physics_vendor:/opt/ros/jazzy/opt/sdformat_vendor:/opt/ros/jazzy/opt/gz_gui_vendor:/opt/ros/jazzy/opt/gz_transport_vendor:/opt/ros/jazzy/opt/gz_rendering_vendor:/opt/ros/jazzy/opt/gz_plugin_vendor:/opt/ros/jazzy/opt/gz_fuel_tools_vendor:/opt/ros/jazzy/opt/gz_msgs_vendor:/opt/ros/jazzy/opt/gz_common_vendor:/opt/ros/jazzy/opt/gz_math_vendor:/opt/ros/jazzy/opt/gz_utils_vendor:/opt/ros/jazzy/opt/gz_tools_vendor:/opt/ros/jazzy/opt/gz_ogre_next_vendor:/opt/ros/jazzy/opt/gz_dartsim_vendor:/opt/ros/jazzy/opt/gz_cmake_vendor:/home/ws/install/py_pubsub:/opt/ros/jazzy DEBUGINFOD_URLS=https://debuginfod.ubuntu.com /usr/bin/cmake --install /home/ws/build/rmw_zenoh_cpp
[51.781s] -- Install configuration: ""
[51.781s] -- Installing: /home/ws/install/rmw_zenoh_cpp/share/ament_index/resource_index/rmw_typesupport_c/rmw_zenoh_cpp
[51.781s] -- Installing: /home/ws/install/rmw_zenoh_cpp/share/ament_index/resource_index/rmw_typesupport_cpp/rmw_zenoh_cpp
[51.781s] -- Installing: /home/ws/install/rmw_zenoh_cpp/share/ament_index/resource_index/rmw_typesupport/rmw_zenoh_cpp
[51.782s] -- Installing: /home/ws/install/rmw_zenoh_cpp/lib/librmw_zenoh_cpp.so
[51.790s] -- Set non-toolchain portion of runtime path of "/home/ws/install/rmw_zenoh_cpp/lib/librmw_zenoh_cpp.so" to ""
[51.790s] -- Installing: /home/ws/install/rmw_zenoh_cpp/share/rmw_zenoh_cpp/config
[51.791s] -- Installing: /home/ws/install/rmw_zenoh_cpp/share/rmw_zenoh_cpp/config/DEFAULT_RMW_ZENOH_SESSION_CONFIG.json5
[51.791s] -- Installing: /home/ws/install/rmw_zenoh_cpp/share/rmw_zenoh_cpp/config/DEFAULT_RMW_ZENOH_ROUTER_CONFIG.json5
[51.792s] -- Installing: /home/ws/install/rmw_zenoh_cpp/share/rmw_zenoh_cpp/config/routerconfig.json5
[51.794s] -- Installing: /home/ws/install/rmw_zenoh_cpp/lib/rmw_zenoh_cpp/rmw_zenohd
[51.795s] -- Set non-toolchain portion of runtime path of "/home/ws/install/rmw_zenoh_cpp/lib/rmw_zenoh_cpp/rmw_zenohd" to ""
[51.796s] -- Installing: /home/ws/install/rmw_zenoh_cpp/share/ament_index/resource_index/package_run_dependencies/rmw_zenoh_cpp
[51.796s] -- Installing: /home/ws/install/rmw_zenoh_cpp/share/ament_index/resource_index/parent_prefix_path/rmw_zenoh_cpp
[51.797s] -- Installing: /home/ws/install/rmw_zenoh_cpp/share/rmw_zenoh_cpp/environment/ament_prefix_path.sh
[51.797s] -- Installing: /home/ws/install/rmw_zenoh_cpp/share/rmw_zenoh_cpp/environment/ament_prefix_path.dsv
[51.797s] -- Installing: /home/ws/install/rmw_zenoh_cpp/share/rmw_zenoh_cpp/environment/path.sh
[51.797s] -- Installing: /home/ws/install/rmw_zenoh_cpp/share/rmw_zenoh_cpp/environment/path.dsv
[51.798s] -- Installing: /home/ws/install/rmw_zenoh_cpp/share/rmw_zenoh_cpp/local_setup.bash
[51.798s] -- Installing: /home/ws/install/rmw_zenoh_cpp/share/rmw_zenoh_cpp/local_setup.sh
[51.798s] -- Installing: /home/ws/install/rmw_zenoh_cpp/share/rmw_zenoh_cpp/local_setup.zsh
[51.798s] -- Installing: /home/ws/install/rmw_zenoh_cpp/share/rmw_zenoh_cpp/local_setup.dsv
[51.799s] -- Installing: /home/ws/install/rmw_zenoh_cpp/share/rmw_zenoh_cpp/package.dsv
[51.799s] -- Installing: /home/ws/install/rmw_zenoh_cpp/share/ament_index/resource_index/packages/rmw_zenoh_cpp
[51.799s] -- Installing: /home/ws/install/rmw_zenoh_cpp/share/rmw_zenoh_cpp/cmake/export_rmw_zenoh_cppExport.cmake
[51.800s] -- Installing: /home/ws/install/rmw_zenoh_cpp/share/rmw_zenoh_cpp/cmake/export_rmw_zenoh_cppExport-noconfig.cmake
[51.800s] -- Installing: /home/ws/install/rmw_zenoh_cpp/share/rmw_zenoh_cpp/cmake/ament_cmake_export_targets-extras.cmake
[51.800s] -- Installing: /home/ws/install/rmw_zenoh_cpp/share/rmw_zenoh_cpp/cmake/rmw_zenoh_cppConfig.cmake
[51.800s] -- Installing: /home/ws/install/rmw_zenoh_cpp/share/rmw_zenoh_cpp/cmake/rmw_zenoh_cppConfig-version.cmake
[51.801s] -- Installing: /home/ws/install/rmw_zenoh_cpp/share/rmw_zenoh_cpp/package.xml
[51.810s] Invoked command in '/home/ws/build/rmw_zenoh_cpp' returned '0': CMAKE_PREFIX_PATH=/home/ws/install/zenoh_cpp_vendor:/home/ws/install/rmw_zenoh_cpp:/home/ws/install/quadruped_utils:/home/ws/install/quadruped_urdf:/home/ws/install/quadruped_sim:/home/ws/install/quadruped_mpc:/home/ws/install/quadruped_msgs:/home/ws/install/quadruped_hardware:/home/ws/install/quadruped_bringup:/home/ws/install/imu_hardware_interface:/home/ws/install/cpp_pubsub:/home/ws/install/bno08x_driver:/opt/ros/jazzy/opt/gz_sim_vendor:/opt/ros/jazzy/opt/gz_sensors_vendor:/opt/ros/jazzy/opt/gz_physics_vendor:/opt/ros/jazzy/opt/sdformat_vendor:/opt/ros/jazzy/opt/gz_gui_vendor:/opt/ros/jazzy/opt/gz_transport_vendor:/opt/ros/jazzy/opt/gz_rendering_vendor:/opt/ros/jazzy/opt/gz_plugin_vendor:/opt/ros/jazzy/opt/gz_fuel_tools_vendor:/opt/ros/jazzy/opt/gz_msgs_vendor:/opt/ros/jazzy/opt/gz_common_vendor:/opt/ros/jazzy/opt/gz_math_vendor:/opt/ros/jazzy/opt/gz_utils_vendor:/opt/ros/jazzy/opt/gz_tools_vendor:/opt/ros/jazzy/opt/gz_ogre_next_vendor:/opt/ros/jazzy/opt/gz_dartsim_vendor:/opt/ros/jazzy/opt/gz_cmake_vendor:/home/ws/install/py_pubsub:/opt/ros/jazzy DEBUGINFOD_URLS=https://debuginfod.ubuntu.com /usr/bin/cmake --install /home/ws/build/rmw_zenoh_cpp
