[0.553s] Invoking command in '/home/ws/build/quadruped_hardware': CMAKE_PREFIX_PATH=${CMAKE_PREFIX_PATH}:/home/ws/install/py_pubsub:/opt/ros/jazzy DEBUGINFOD_URLS=https://debuginfod.ubuntu.com /usr/bin/cmake --build /home/ws/build/quadruped_hardware -- -j8 -l8
[0.624s] -- Found ament_cmake: 2.5.3 (/opt/ros/jazzy/share/ament_cmake/cmake)
[1.337s] -- Found rclcpp: 28.1.6 (/opt/ros/jazzy/share/rclcpp/cmake)
[1.406s] -- Found rosidl_generator_c: 4.6.5 (/opt/ros/jazzy/share/rosidl_generator_c/cmake)
[1.426s] -- Found rosidl_generator_cpp: 4.6.5 (/opt/ros/jazzy/share/rosidl_generator_cpp/cmake)
[1.452s] -- Using all available rosidl_typesupport_c: rosidl_typesupport_fastrtps_c;rosidl_typesupport_introspection_c
[1.485s] -- Using all available rosidl_typesupport_cpp: rosidl_typesupport_fastrtps_cpp;rosidl_typesupport_introspection_cpp
[1.607s] -- Found rmw_implementation_cmake: 7.3.1 (/opt/ros/jazzy/share/rmw_implementation_cmake/cmake)
[1.611s] -- Found rmw_zenoh_cpp: 0.2.2 (/home/ws/install/rmw_zenoh_cpp/share/rmw_zenoh_cpp/cmake)
[1.613s] -- Using RMW implementation 'rmw_zenoh_cpp' as default
[1.771s] -- Found rclcpp_lifecycle: 28.1.6 (/opt/ros/jazzy/share/rclcpp_lifecycle/cmake)
[1.869s] -- Found hardware_interface: 4.28.1 (/opt/ros/jazzy/share/hardware_interface/cmake)
[2.259s] -- Found TinyXML2 via Config file: /usr/local/lib/cmake/tinyxml2
[2.392s] -- Found controller_interface: 4.28.1 (/opt/ros/jazzy/share/controller_interface/cmake)
[2.664s] -- Configuring done (2.1s)
[2.734s] -- Generating done (0.0s)
[2.766s] -- Build files have been written to: /home/ws/build/quadruped_hardware
[2.943s] [ 20%] [32mBuilding CXX object CMakeFiles/quadruped_hardware.dir/src/watchdog.cpp.o[0m
[2.947s] [ 40%] [32mBuilding CXX object CMakeFiles/quadruped_hardware.dir/src/ROS2_CAN_Motor.cpp.o[0m
[21.460s] [ 60%] [32m[1mLinking CXX shared library libquadruped_hardware.so[0m
[21.841s] [100%] Built target quadruped_hardware
[21.879s] Invoked command in '/home/ws/build/quadruped_hardware' returned '0': CMAKE_PREFIX_PATH=${CMAKE_PREFIX_PATH}:/home/ws/install/py_pubsub:/opt/ros/jazzy DEBUGINFOD_URLS=https://debuginfod.ubuntu.com /usr/bin/cmake --build /home/ws/build/quadruped_hardware -- -j8 -l8
[21.879s] Invoking command in '/home/ws/build/quadruped_hardware': CMAKE_PREFIX_PATH=${CMAKE_PREFIX_PATH}:/home/ws/install/py_pubsub:/opt/ros/jazzy DEBUGINFOD_URLS=https://debuginfod.ubuntu.com /usr/bin/cmake --install /home/ws/build/quadruped_hardware
[21.904s] -- Install configuration: "Release"
[21.905s] -- Up-to-date: /home/ws/install/quadruped_hardware/share/quadruped_hardware/ros2CANMotor_Description.xml
[21.905s] -- Up-to-date: /home/ws/install/quadruped_hardware/share/quadruped_hardware/launch
[21.905s] -- Up-to-date: /home/ws/install/quadruped_hardware/share/quadruped_hardware/launch/controller_manager.launch.py
[21.905s] -- Up-to-date: /home/ws/install/quadruped_hardware/share/quadruped_hardware/config
[21.905s] -- Up-to-date: /home/ws/install/quadruped_hardware/share/quadruped_hardware/config/quadruped_hardware.yaml
[21.906s] -- Up-to-date: /home/ws/install/quadruped_hardware/share/quadruped_hardware/config/ros2_control_config.yaml
[21.906s] -- Installing: /home/ws/install/quadruped_hardware/lib/libquadruped_hardware.so
[21.906s] -- Set non-toolchain portion of runtime path of "/home/ws/install/quadruped_hardware/lib/libquadruped_hardware.so" to ""
[21.906s] -- Up-to-date: /home/ws/install/quadruped_hardware/include
[21.906s] -- Up-to-date: /home/ws/install/quadruped_hardware/include/quadruped_hardware
[21.907s] -- Installing: /home/ws/install/quadruped_hardware/include/quadruped_hardware/ROS2_CAN_Motor.hpp
[21.907s] -- Up-to-date: /home/ws/install/quadruped_hardware/include/quadruped_hardware/ROS2_CAN_Interface.hpp
[21.907s] -- Up-to-date: /home/ws/install/quadruped_hardware/include/quadruped_hardware/hex_utils.hpp
[21.907s] -- Up-to-date: /home/ws/install/quadruped_hardware/include/quadruped_hardware/MotorDriver.hpp
[21.907s] -- Up-to-date: /home/ws/install/quadruped_hardware/include/quadruped_hardware/CANInterface.hpp
[21.908s] -- Installing: /home/ws/install/quadruped_hardware/include/quadruped_hardware/watchdog.hpp
[21.908s] -- Up-to-date: /home/ws/install/quadruped_hardware/share/quadruped_hardware/environment/library_path.sh
[21.908s] -- Up-to-date: /home/ws/install/quadruped_hardware/share/quadruped_hardware/environment/library_path.dsv
[21.908s] -- Up-to-date: /home/ws/install/quadruped_hardware/share/ament_index/resource_index/package_run_dependencies/quadruped_hardware
[21.908s] -- Up-to-date: /home/ws/install/quadruped_hardware/share/ament_index/resource_index/parent_prefix_path/quadruped_hardware
[21.909s] -- Up-to-date: /home/ws/install/quadruped_hardware/share/quadruped_hardware/environment/ament_prefix_path.sh
[21.909s] -- Up-to-date: /home/ws/install/quadruped_hardware/share/quadruped_hardware/environment/ament_prefix_path.dsv
[21.909s] -- Up-to-date: /home/ws/install/quadruped_hardware/share/quadruped_hardware/environment/path.sh
[21.909s] -- Up-to-date: /home/ws/install/quadruped_hardware/share/quadruped_hardware/environment/path.dsv
[21.909s] -- Up-to-date: /home/ws/install/quadruped_hardware/share/quadruped_hardware/local_setup.bash
[21.909s] -- Up-to-date: /home/ws/install/quadruped_hardware/share/quadruped_hardware/local_setup.sh
[21.909s] -- Up-to-date: /home/ws/install/quadruped_hardware/share/quadruped_hardware/local_setup.zsh
[21.910s] -- Up-to-date: /home/ws/install/quadruped_hardware/share/quadruped_hardware/local_setup.dsv
[21.910s] -- Installing: /home/ws/install/quadruped_hardware/share/quadruped_hardware/package.dsv
[21.910s] -- Up-to-date: /home/ws/install/quadruped_hardware/share/ament_index/resource_index/packages/quadruped_hardware
[21.910s] -- Up-to-date: /home/ws/install/quadruped_hardware/share/ament_index/resource_index/hardware_interface__pluginlib__plugin/quadruped_hardware
[21.910s] -- Up-to-date: /home/ws/install/quadruped_hardware/share/quadruped_hardware/cmake/ament_cmake_export_dependencies-extras.cmake
[21.910s] -- Up-to-date: /home/ws/install/quadruped_hardware/share/quadruped_hardware/cmake/ament_cmake_export_include_directories-extras.cmake
[21.911s] -- Up-to-date: /home/ws/install/quadruped_hardware/share/quadruped_hardware/cmake/ament_cmake_export_libraries-extras.cmake
[21.924s] -- Up-to-date: /home/ws/install/quadruped_hardware/share/quadruped_hardware/cmake/quadruped_hardwareConfig.cmake
[21.925s] -- Up-to-date: /home/ws/install/quadruped_hardware/share/quadruped_hardware/cmake/quadruped_hardwareConfig-version.cmake
[21.925s] -- Up-to-date: /home/ws/install/quadruped_hardware/share/quadruped_hardware/package.xml
[21.925s] Invoked command in '/home/ws/build/quadruped_hardware' returned '0': CMAKE_PREFIX_PATH=${CMAKE_PREFIX_PATH}:/home/ws/install/py_pubsub:/opt/ros/jazzy DEBUGINFOD_URLS=https://debuginfod.ubuntu.com /usr/bin/cmake --install /home/ws/build/quadruped_hardware
