[0.673s] Invoking command in '/home/ws/build/quadruped_sim': CMAKE_PREFIX_PATH=${CMAKE_PREFIX_PATH}:/home/ws/install/py_pubsub:/opt/ros/jazzy DEBUGINFOD_URLS=https://debuginfod.ubuntu.com /usr/bin/cmake --build /home/ws/build/quadruped_sim -- -j8 -l8
[0.920s] Invoked command in '/home/ws/build/quadruped_sim' returned '0': CMAKE_PREFIX_PATH=${CMAKE_PREFIX_PATH}:/home/ws/install/py_pubsub:/opt/ros/jazzy DEBUGINFOD_URLS=https://debuginfod.ubuntu.com /usr/bin/cmake --build /home/ws/build/quadruped_sim -- -j8 -l8
[0.922s] Invoking command in '/home/ws/build/quadruped_sim': CMAKE_PREFIX_PATH=${CMAKE_PREFIX_PATH}:/home/ws/install/py_pubsub:/opt/ros/jazzy DEBUGINFOD_URLS=https://debuginfod.ubuntu.com /usr/bin/cmake --install /home/ws/build/quadruped_sim
[0.990s] -- Install configuration: "Release"
[0.990s] -- Installing: /home/ws/install/quadruped_sim/share/quadruped_sim/launch
[0.991s] -- Installing: /home/ws/install/quadruped_sim/share/quadruped_sim/launch/gazebo_sim.launch.py
[0.991s] -- Installing: /home/ws/install/quadruped_sim/share/ament_index/resource_index/package_run_dependencies/quadruped_sim
[0.991s] -- Installing: /home/ws/install/quadruped_sim/share/ament_index/resource_index/parent_prefix_path/quadruped_sim
[0.992s] -- Installing: /home/ws/install/quadruped_sim/share/quadruped_sim/environment/ament_prefix_path.sh
[0.992s] -- Installing: /home/ws/install/quadruped_sim/share/quadruped_sim/environment/ament_prefix_path.dsv
[0.992s] -- Installing: /home/ws/install/quadruped_sim/share/quadruped_sim/environment/path.sh
[0.993s] -- Installing: /home/ws/install/quadruped_sim/share/quadruped_sim/environment/path.dsv
[0.993s] -- Installing: /home/ws/install/quadruped_sim/share/quadruped_sim/local_setup.bash
[0.993s] -- Installing: /home/ws/install/quadruped_sim/share/quadruped_sim/local_setup.sh
[0.994s] -- Installing: /home/ws/install/quadruped_sim/share/quadruped_sim/local_setup.zsh
[0.995s] -- Installing: /home/ws/install/quadruped_sim/share/quadruped_sim/local_setup.dsv
[0.995s] -- Installing: /home/ws/install/quadruped_sim/share/quadruped_sim/package.dsv
[0.996s] -- Installing: /home/ws/install/quadruped_sim/share/ament_index/resource_index/packages/quadruped_sim
[0.996s] -- Installing: /home/ws/install/quadruped_sim/share/quadruped_sim/cmake/quadruped_simConfig.cmake
[0.996s] -- Installing: /home/ws/install/quadruped_sim/share/quadruped_sim/cmake/quadruped_simConfig-version.cmake
[0.997s] -- Installing: /home/ws/install/quadruped_sim/share/quadruped_sim/package.xml
[1.070s] Invoked command in '/home/ws/build/quadruped_sim' returned '0': CMAKE_PREFIX_PATH=${CMAKE_PREFIX_PATH}:/home/ws/install/py_pubsub:/opt/ros/jazzy DEBUGINFOD_URLS=https://debuginfod.ubuntu.com /usr/bin/cmake --install /home/ws/build/quadruped_sim
