[3.985s] Invoking command in '/home/ws/src/py_pubsub': DEBUGINFOD_URLS=https://debuginfod.ubuntu.com PYTHONPATH=/home/ws/build/py_pubsub/prefix_override:/usr/lib/python3/dist-packages/colcon_core/task/python/colcon_distutils_commands:/home/ws/install/py_pubsub/lib/python3.12/site-packages:${PYTHONPATH} /usr/bin/python3 -W ignore:setup.py install is deprecated -W ignore:easy_install command is deprecated setup.py egg_info --egg-base ../../build/py_pubsub build --build-base /home/ws/build/py_pubsub/build install --record /home/ws/build/py_pubsub/install.log --single-version-externally-managed install_data
[4.981s] running egg_info
[5.041s] writing ../../build/py_pubsub/py_pubsub.egg-info/PKG-INFO
[5.041s] writing dependency_links to ../../build/py_pubsub/py_pubsub.egg-info/dependency_links.txt
[5.041s] writing entry points to ../../build/py_pubsub/py_pubsub.egg-info/entry_points.txt
[5.041s] writing requirements to ../../build/py_pubsub/py_pubsub.egg-info/requires.txt
[5.041s] writing top-level names to ../../build/py_pubsub/py_pubsub.egg-info/top_level.txt
[5.169s] reading manifest file '../../build/py_pubsub/py_pubsub.egg-info/SOURCES.txt'
[5.170s] adding license file 'LICENSE'
[5.171s] writing manifest file '../../build/py_pubsub/py_pubsub.egg-info/SOURCES.txt'
[5.171s] running build
[5.172s] running build_py
[5.174s] running install
[5.198s] running install_lib
[5.277s] running install_data
[5.278s] running install_egg_info
[5.335s] removing '/home/ws/install/py_pubsub/lib/python3.12/site-packages/py_pubsub-0.0.0-py3.12.egg-info' (and everything under it)
[5.358s] Copying ../../build/py_pubsub/py_pubsub.egg-info to /home/ws/install/py_pubsub/lib/python3.12/site-packages/py_pubsub-0.0.0-py3.12.egg-info
[5.360s] running install_scripts
[6.066s] Installing talker script to /home/ws/install/py_pubsub/lib/py_pubsub
[6.066s] writing list of installed files to '/home/ws/build/py_pubsub/install.log'
[6.197s] Invoked command in '/home/ws/src/py_pubsub' returned '0': DEBUGINFOD_URLS=https://debuginfod.ubuntu.com PYTHONPATH=/home/ws/build/py_pubsub/prefix_override:/usr/lib/python3/dist-packages/colcon_core/task/python/colcon_distutils_commands:/home/ws/install/py_pubsub/lib/python3.12/site-packages:${PYTHONPATH} /usr/bin/python3 -W ignore:setup.py install is deprecated -W ignore:easy_install command is deprecated setup.py egg_info --egg-base ../../build/py_pubsub build --build-base /home/ws/build/py_pubsub/build install --record /home/ws/build/py_pubsub/install.log --single-version-externally-managed install_data
