[0.211s] DEBUG:colcon:Command line arguments: ['/usr/bin/colcon', 'build', '--packages-select', 'zenoh_cpp_vendor', 'rmw_zenoh_cpp']
[0.211s] DEBUG:colcon:Parsed command line arguments: Namespace(log_base=None, log_level=None, verb_name='build', build_base='build', install_base='install', merge_install=False, symlink_install=False, test_result_base=None, continue_on_error=False, executor='parallel', parallel_workers=8, event_handlers=None, ignore_user_meta=False, metas=['./colcon.meta'], base_paths=['.'], packages_ignore=None, packages_ignore_regex=None, paths=None, packages_up_to=None, packages_up_to_regex=None, packages_above=None, packages_above_and_dependencies=None, packages_above_depth=None, packages_select_by_dep=None, packages_skip_by_dep=None, packages_skip_up_to=None, packages_select_build_failed=False, packages_skip_build_finished=False, packages_select_test_failures=False, packages_skip_test_passed=False, packages_select=['zenoh_cpp_vendor', 'rmw_zenoh_cpp'], packages_skip=None, packages_select_regex=None, packages_skip_regex=None, packages_start=None, packages_end=None, cmake_args=None, cmake_target=None, cmake_target_skip_unavailable=False, cmake_clean_cache=False, cmake_clean_first=False, cmake_force_configure=False, ament_cmake_args=None, catkin_cmake_args=None, catkin_skip_building_tests=False, mixin_files=None, mixin=None, verb_parser=<colcon_mixin.mixin.mixin_argument.MixinArgumentDecorator object at 0xffffa7f40fe0>, verb_extension=<colcon_core.verb.build.BuildVerb object at 0xffffa7f409b0>, main=<bound method BuildVerb.main of <colcon_core.verb.build.BuildVerb object at 0xffffa7f409b0>>, mixin_verb=('build',))
[0.284s] Level 1:colcon.colcon_core.package_discovery:discover_packages(colcon_meta) check parameters
[0.285s] Level 1:colcon.colcon_core.package_discovery:discover_packages(recursive) check parameters
[0.285s] Level 1:colcon.colcon_core.package_discovery:discover_packages(ignore) check parameters
[0.285s] Level 1:colcon.colcon_core.package_discovery:discover_packages(path) check parameters
[0.285s] Level 1:colcon.colcon_core.package_discovery:discover_packages(colcon_meta) discover
[0.285s] Level 1:colcon.colcon_core.package_discovery:discover_packages(recursive) discover
[0.285s] INFO:colcon.colcon_core.package_discovery:Crawling recursively for packages in '/home/ws'
[0.285s] Level 1:colcon.colcon_core.package_identification:_identify(.) by extensions ['ignore', 'ignore_ament_install']
[0.286s] Level 1:colcon.colcon_core.package_identification:_identify(.) by extension 'ignore'
[0.286s] Level 1:colcon.colcon_core.package_identification:_identify(.) by extension 'ignore_ament_install'
[0.286s] Level 1:colcon.colcon_core.package_identification:_identify(.) by extensions ['colcon_pkg']
[0.286s] Level 1:colcon.colcon_core.package_identification:_identify(.) by extension 'colcon_pkg'
[0.286s] Level 1:colcon.colcon_core.package_identification:_identify(.) by extensions ['colcon_meta']
[0.286s] Level 1:colcon.colcon_core.package_identification:_identify(.) by extension 'colcon_meta'
[0.286s] Level 1:colcon.colcon_core.package_identification:_identify(.) by extensions ['ros']
[0.286s] Level 1:colcon.colcon_core.package_identification:_identify(.) by extension 'ros'
[0.338s] Level 1:colcon.colcon_core.package_identification:_identify(.) by extensions ['cmake', 'python']
[0.338s] Level 1:colcon.colcon_core.package_identification:_identify(.) by extension 'cmake'
[0.338s] Level 1:colcon.colcon_core.package_identification:_identify(.) by extension 'python'
[0.338s] Level 1:colcon.colcon_core.package_identification:_identify(.) by extensions ['python_setup_py']
[0.338s] Level 1:colcon.colcon_core.package_identification:_identify(.) by extension 'python_setup_py'
[0.338s] Level 1:colcon.colcon_core.package_identification:_identify(build) by extensions ['ignore', 'ignore_ament_install']
[0.339s] Level 1:colcon.colcon_core.package_identification:_identify(build) by extension 'ignore'
[0.339s] Level 1:colcon.colcon_core.package_identification:_identify(build) ignored
[0.339s] Level 1:colcon.colcon_core.package_identification:_identify(install) by extensions ['ignore', 'ignore_ament_install']
[0.339s] Level 1:colcon.colcon_core.package_identification:_identify(install) by extension 'ignore'
[0.339s] Level 1:colcon.colcon_core.package_identification:_identify(install) ignored
[0.340s] Level 1:colcon.colcon_core.package_identification:_identify(log) by extensions ['ignore', 'ignore_ament_install']
[0.340s] Level 1:colcon.colcon_core.package_identification:_identify(log) by extension 'ignore'
[0.340s] Level 1:colcon.colcon_core.package_identification:_identify(log) ignored
[0.340s] Level 1:colcon.colcon_core.package_identification:_identify(src) by extensions ['ignore', 'ignore_ament_install']
[0.340s] Level 1:colcon.colcon_core.package_identification:_identify(src) by extension 'ignore'
[0.340s] Level 1:colcon.colcon_core.package_identification:_identify(src) by extension 'ignore_ament_install'
[0.341s] Level 1:colcon.colcon_core.package_identification:_identify(src) by extensions ['colcon_pkg']
[0.341s] Level 1:colcon.colcon_core.package_identification:_identify(src) by extension 'colcon_pkg'
[0.341s] Level 1:colcon.colcon_core.package_identification:_identify(src) by extensions ['colcon_meta']
[0.341s] Level 1:colcon.colcon_core.package_identification:_identify(src) by extension 'colcon_meta'
[0.341s] Level 1:colcon.colcon_core.package_identification:_identify(src) by extensions ['ros']
[0.341s] Level 1:colcon.colcon_core.package_identification:_identify(src) by extension 'ros'
[0.341s] Level 1:colcon.colcon_core.package_identification:_identify(src) by extensions ['cmake', 'python']
[0.341s] Level 1:colcon.colcon_core.package_identification:_identify(src) by extension 'cmake'
[0.341s] Level 1:colcon.colcon_core.package_identification:_identify(src) by extension 'python'
[0.341s] Level 1:colcon.colcon_core.package_identification:_identify(src) by extensions ['python_setup_py']
[0.341s] Level 1:colcon.colcon_core.package_identification:_identify(src) by extension 'python_setup_py'
[0.342s] Level 1:colcon.colcon_core.package_identification:_identify(src/bno08x_ros2_driver) by extensions ['ignore', 'ignore_ament_install']
[0.342s] Level 1:colcon.colcon_core.package_identification:_identify(src/bno08x_ros2_driver) by extension 'ignore'
[0.342s] Level 1:colcon.colcon_core.package_identification:_identify(src/bno08x_ros2_driver) by extension 'ignore_ament_install'
[0.342s] Level 1:colcon.colcon_core.package_identification:_identify(src/bno08x_ros2_driver) by extensions ['colcon_pkg']
[0.342s] Level 1:colcon.colcon_core.package_identification:_identify(src/bno08x_ros2_driver) by extension 'colcon_pkg'
[0.342s] Level 1:colcon.colcon_core.package_identification:_identify(src/bno08x_ros2_driver) by extensions ['colcon_meta']
[0.342s] Level 1:colcon.colcon_core.package_identification:_identify(src/bno08x_ros2_driver) by extension 'colcon_meta'
[0.342s] Level 1:colcon.colcon_core.package_identification:_identify(src/bno08x_ros2_driver) by extensions ['ros']
[0.342s] Level 1:colcon.colcon_core.package_identification:_identify(src/bno08x_ros2_driver) by extension 'ros'
[0.342s] Level 1:colcon.colcon_core.package_identification:_identify(src/bno08x_ros2_driver) by extensions ['cmake', 'python']
[0.343s] Level 1:colcon.colcon_core.package_identification:_identify(src/bno08x_ros2_driver) by extension 'cmake'
[0.343s] Level 1:colcon.colcon_core.package_identification:_identify(src/bno08x_ros2_driver) by extension 'python'
[0.343s] Level 1:colcon.colcon_core.package_identification:_identify(src/bno08x_ros2_driver) by extensions ['python_setup_py']
[0.343s] Level 1:colcon.colcon_core.package_identification:_identify(src/bno08x_ros2_driver) by extension 'python_setup_py'
[0.343s] Level 1:colcon.colcon_core.package_identification:_identify(src/imu_hardware_interface) by extensions ['ignore', 'ignore_ament_install']
[0.343s] Level 1:colcon.colcon_core.package_identification:_identify(src/imu_hardware_interface) by extension 'ignore'
[0.343s] Level 1:colcon.colcon_core.package_identification:_identify(src/imu_hardware_interface) by extension 'ignore_ament_install'
[0.343s] Level 1:colcon.colcon_core.package_identification:_identify(src/imu_hardware_interface) by extensions ['colcon_pkg']
[0.343s] Level 1:colcon.colcon_core.package_identification:_identify(src/imu_hardware_interface) by extension 'colcon_pkg'
[0.344s] Level 1:colcon.colcon_core.package_identification:_identify(src/imu_hardware_interface) by extensions ['colcon_meta']
[0.344s] Level 1:colcon.colcon_core.package_identification:_identify(src/imu_hardware_interface) by extension 'colcon_meta'
[0.344s] Level 1:colcon.colcon_core.package_identification:_identify(src/imu_hardware_interface) by extensions ['ros']
[0.344s] Level 1:colcon.colcon_core.package_identification:_identify(src/imu_hardware_interface) by extension 'ros'
[0.348s] DEBUG:colcon.colcon_core.package_identification:Package 'src/imu_hardware_interface' with type 'ros.ament_cmake' and name 'imu_hardware_interface'
[0.349s] Level 1:colcon.colcon_core.package_identification:_identify(src/jetson_interface) by extensions ['ignore', 'ignore_ament_install']
[0.349s] Level 1:colcon.colcon_core.package_identification:_identify(src/jetson_interface) by extension 'ignore'
[0.349s] Level 1:colcon.colcon_core.package_identification:_identify(src/jetson_interface) by extension 'ignore_ament_install'
[0.349s] Level 1:colcon.colcon_core.package_identification:_identify(src/jetson_interface) by extensions ['colcon_pkg']
[0.349s] Level 1:colcon.colcon_core.package_identification:_identify(src/jetson_interface) by extension 'colcon_pkg'
[0.350s] Level 1:colcon.colcon_core.package_identification:_identify(src/jetson_interface) by extensions ['colcon_meta']
[0.350s] Level 1:colcon.colcon_core.package_identification:_identify(src/jetson_interface) by extension 'colcon_meta'
[0.350s] Level 1:colcon.colcon_core.package_identification:_identify(src/jetson_interface) by extensions ['ros']
[0.350s] Level 1:colcon.colcon_core.package_identification:_identify(src/jetson_interface) by extension 'ros'
[0.351s] DEBUG:colcon.colcon_core.package_identification:Package 'src/jetson_interface' with type 'ros.ament_cmake' and name 'jetson_interface'
[0.351s] Level 1:colcon.colcon_core.package_identification:_identify(src/py_pubsub) by extensions ['ignore', 'ignore_ament_install']
[0.351s] Level 1:colcon.colcon_core.package_identification:_identify(src/py_pubsub) by extension 'ignore'
[0.351s] Level 1:colcon.colcon_core.package_identification:_identify(src/py_pubsub) by extension 'ignore_ament_install'
[0.352s] Level 1:colcon.colcon_core.package_identification:_identify(src/py_pubsub) by extensions ['colcon_pkg']
[0.352s] Level 1:colcon.colcon_core.package_identification:_identify(src/py_pubsub) by extension 'colcon_pkg'
[0.352s] Level 1:colcon.colcon_core.package_identification:_identify(src/py_pubsub) by extensions ['colcon_meta']
[0.352s] Level 1:colcon.colcon_core.package_identification:_identify(src/py_pubsub) by extension 'colcon_meta'
[0.352s] Level 1:colcon.colcon_core.package_identification:_identify(src/py_pubsub) by extensions ['ros']
[0.352s] Level 1:colcon.colcon_core.package_identification:_identify(src/py_pubsub) by extension 'ros'
[0.353s] DEBUG:colcon.colcon_core.package_identification:Package 'src/py_pubsub' with type 'ros.ament_python' and name 'py_pubsub'
[0.353s] Level 1:colcon.colcon_core.package_identification:_identify(src/quadruped_bringup) by extensions ['ignore', 'ignore_ament_install']
[0.353s] Level 1:colcon.colcon_core.package_identification:_identify(src/quadruped_bringup) by extension 'ignore'
[0.353s] Level 1:colcon.colcon_core.package_identification:_identify(src/quadruped_bringup) by extension 'ignore_ament_install'
[0.354s] Level 1:colcon.colcon_core.package_identification:_identify(src/quadruped_bringup) by extensions ['colcon_pkg']
[0.354s] Level 1:colcon.colcon_core.package_identification:_identify(src/quadruped_bringup) by extension 'colcon_pkg'
[0.354s] Level 1:colcon.colcon_core.package_identification:_identify(src/quadruped_bringup) by extensions ['colcon_meta']
[0.354s] Level 1:colcon.colcon_core.package_identification:_identify(src/quadruped_bringup) by extension 'colcon_meta'
[0.354s] Level 1:colcon.colcon_core.package_identification:_identify(src/quadruped_bringup) by extensions ['ros']
[0.354s] Level 1:colcon.colcon_core.package_identification:_identify(src/quadruped_bringup) by extension 'ros'
[0.355s] DEBUG:colcon.colcon_core.package_identification:Package 'src/quadruped_bringup' with type 'ros.ament_cmake' and name 'quadruped_bringup'
[0.355s] Level 1:colcon.colcon_core.package_identification:_identify(src/quadruped_hardware) by extensions ['ignore', 'ignore_ament_install']
[0.355s] Level 1:colcon.colcon_core.package_identification:_identify(src/quadruped_hardware) by extension 'ignore'
[0.355s] Level 1:colcon.colcon_core.package_identification:_identify(src/quadruped_hardware) by extension 'ignore_ament_install'
[0.356s] Level 1:colcon.colcon_core.package_identification:_identify(src/quadruped_hardware) by extensions ['colcon_pkg']
[0.356s] Level 1:colcon.colcon_core.package_identification:_identify(src/quadruped_hardware) by extension 'colcon_pkg'
[0.356s] Level 1:colcon.colcon_core.package_identification:_identify(src/quadruped_hardware) by extensions ['colcon_meta']
[0.356s] Level 1:colcon.colcon_core.package_identification:_identify(src/quadruped_hardware) by extension 'colcon_meta'
[0.356s] Level 1:colcon.colcon_core.package_identification:_identify(src/quadruped_hardware) by extensions ['ros']
[0.356s] Level 1:colcon.colcon_core.package_identification:_identify(src/quadruped_hardware) by extension 'ros'
[0.357s] DEBUG:colcon.colcon_core.package_identification:Package 'src/quadruped_hardware' with type 'ros.ament_cmake' and name 'quadruped_hardware'
[0.357s] Level 1:colcon.colcon_core.package_identification:_identify(src/quadruped_mpc) by extensions ['ignore', 'ignore_ament_install']
[0.357s] Level 1:colcon.colcon_core.package_identification:_identify(src/quadruped_mpc) by extension 'ignore'
[0.357s] Level 1:colcon.colcon_core.package_identification:_identify(src/quadruped_mpc) by extension 'ignore_ament_install'
[0.358s] Level 1:colcon.colcon_core.package_identification:_identify(src/quadruped_mpc) by extensions ['colcon_pkg']
[0.358s] Level 1:colcon.colcon_core.package_identification:_identify(src/quadruped_mpc) by extension 'colcon_pkg'
[0.358s] Level 1:colcon.colcon_core.package_identification:_identify(src/quadruped_mpc) by extensions ['colcon_meta']
[0.358s] Level 1:colcon.colcon_core.package_identification:_identify(src/quadruped_mpc) by extension 'colcon_meta'
[0.358s] Level 1:colcon.colcon_core.package_identification:_identify(src/quadruped_mpc) by extensions ['ros']
[0.358s] Level 1:colcon.colcon_core.package_identification:_identify(src/quadruped_mpc) by extension 'ros'
[0.359s] DEBUG:colcon.colcon_core.package_identification:Package 'src/quadruped_mpc' with type 'ros.ament_cmake' and name 'quadruped_mpc'
[0.359s] Level 1:colcon.colcon_core.package_identification:_identify(src/quadruped_msgs) by extensions ['ignore', 'ignore_ament_install']
[0.360s] Level 1:colcon.colcon_core.package_identification:_identify(src/quadruped_msgs) by extension 'ignore'
[0.360s] Level 1:colcon.colcon_core.package_identification:_identify(src/quadruped_msgs) by extension 'ignore_ament_install'
[0.360s] Level 1:colcon.colcon_core.package_identification:_identify(src/quadruped_msgs) by extensions ['colcon_pkg']
[0.360s] Level 1:colcon.colcon_core.package_identification:_identify(src/quadruped_msgs) by extension 'colcon_pkg'
[0.360s] Level 1:colcon.colcon_core.package_identification:_identify(src/quadruped_msgs) by extensions ['colcon_meta']
[0.360s] Level 1:colcon.colcon_core.package_identification:_identify(src/quadruped_msgs) by extension 'colcon_meta'
[0.360s] Level 1:colcon.colcon_core.package_identification:_identify(src/quadruped_msgs) by extensions ['ros']
[0.360s] Level 1:colcon.colcon_core.package_identification:_identify(src/quadruped_msgs) by extension 'ros'
[0.361s] DEBUG:colcon.colcon_core.package_identification:Package 'src/quadruped_msgs' with type 'ros.ament_cmake' and name 'quadruped_msgs'
[0.361s] Level 1:colcon.colcon_core.package_identification:_identify(src/quadruped_sim) by extensions ['ignore', 'ignore_ament_install']
[0.362s] Level 1:colcon.colcon_core.package_identification:_identify(src/quadruped_sim) by extension 'ignore'
[0.362s] Level 1:colcon.colcon_core.package_identification:_identify(src/quadruped_sim) by extension 'ignore_ament_install'
[0.362s] Level 1:colcon.colcon_core.package_identification:_identify(src/quadruped_sim) by extensions ['colcon_pkg']
[0.362s] Level 1:colcon.colcon_core.package_identification:_identify(src/quadruped_sim) by extension 'colcon_pkg'
[0.362s] Level 1:colcon.colcon_core.package_identification:_identify(src/quadruped_sim) by extensions ['colcon_meta']
[0.362s] Level 1:colcon.colcon_core.package_identification:_identify(src/quadruped_sim) by extension 'colcon_meta'
[0.362s] Level 1:colcon.colcon_core.package_identification:_identify(src/quadruped_sim) by extensions ['ros']
[0.362s] Level 1:colcon.colcon_core.package_identification:_identify(src/quadruped_sim) by extension 'ros'
[0.363s] DEBUG:colcon.colcon_core.package_identification:Package 'src/quadruped_sim' with type 'ros.ament_cmake' and name 'quadruped_sim'
[0.363s] Level 1:colcon.colcon_core.package_identification:_identify(src/quadruped_urdf) by extensions ['ignore', 'ignore_ament_install']
[0.363s] Level 1:colcon.colcon_core.package_identification:_identify(src/quadruped_urdf) by extension 'ignore'
[0.363s] Level 1:colcon.colcon_core.package_identification:_identify(src/quadruped_urdf) by extension 'ignore_ament_install'
[0.364s] Level 1:colcon.colcon_core.package_identification:_identify(src/quadruped_urdf) by extensions ['colcon_pkg']
[0.364s] Level 1:colcon.colcon_core.package_identification:_identify(src/quadruped_urdf) by extension 'colcon_pkg'
[0.364s] Level 1:colcon.colcon_core.package_identification:_identify(src/quadruped_urdf) by extensions ['colcon_meta']
[0.364s] Level 1:colcon.colcon_core.package_identification:_identify(src/quadruped_urdf) by extension 'colcon_meta'
[0.364s] Level 1:colcon.colcon_core.package_identification:_identify(src/quadruped_urdf) by extensions ['ros']
[0.364s] Level 1:colcon.colcon_core.package_identification:_identify(src/quadruped_urdf) by extension 'ros'
[0.365s] DEBUG:colcon.colcon_core.package_identification:Package 'src/quadruped_urdf' with type 'ros.ament_cmake' and name 'quadruped_urdf'
[0.365s] Level 1:colcon.colcon_core.package_identification:_identify(src/quadruped_utils) by extensions ['ignore', 'ignore_ament_install']
[0.365s] Level 1:colcon.colcon_core.package_identification:_identify(src/quadruped_utils) by extension 'ignore'
[0.365s] Level 1:colcon.colcon_core.package_identification:_identify(src/quadruped_utils) by extension 'ignore_ament_install'
[0.365s] Level 1:colcon.colcon_core.package_identification:_identify(src/quadruped_utils) by extensions ['colcon_pkg']
[0.365s] Level 1:colcon.colcon_core.package_identification:_identify(src/quadruped_utils) by extension 'colcon_pkg'
[0.366s] Level 1:colcon.colcon_core.package_identification:_identify(src/quadruped_utils) by extensions ['colcon_meta']
[0.366s] Level 1:colcon.colcon_core.package_identification:_identify(src/quadruped_utils) by extension 'colcon_meta'
[0.366s] Level 1:colcon.colcon_core.package_identification:_identify(src/quadruped_utils) by extensions ['ros']
[0.366s] Level 1:colcon.colcon_core.package_identification:_identify(src/quadruped_utils) by extension 'ros'
[0.367s] DEBUG:colcon.colcon_core.package_identification:Package 'src/quadruped_utils' with type 'ros.ament_cmake' and name 'quadruped_utils'
[0.367s] Level 1:colcon.colcon_core.package_identification:_identify(src/rmw_zenoh) by extensions ['ignore', 'ignore_ament_install']
[0.367s] Level 1:colcon.colcon_core.package_identification:_identify(src/rmw_zenoh) by extension 'ignore'
[0.367s] Level 1:colcon.colcon_core.package_identification:_identify(src/rmw_zenoh) by extension 'ignore_ament_install'
[0.368s] Level 1:colcon.colcon_core.package_identification:_identify(src/rmw_zenoh) by extensions ['colcon_pkg']
[0.368s] Level 1:colcon.colcon_core.package_identification:_identify(src/rmw_zenoh) by extension 'colcon_pkg'
[0.368s] Level 1:colcon.colcon_core.package_identification:_identify(src/rmw_zenoh) by extensions ['colcon_meta']
[0.368s] Level 1:colcon.colcon_core.package_identification:_identify(src/rmw_zenoh) by extension 'colcon_meta'
[0.368s] Level 1:colcon.colcon_core.package_identification:_identify(src/rmw_zenoh) by extensions ['ros']
[0.368s] Level 1:colcon.colcon_core.package_identification:_identify(src/rmw_zenoh) by extension 'ros'
[0.368s] Level 1:colcon.colcon_core.package_identification:_identify(src/rmw_zenoh) by extensions ['cmake', 'python']
[0.368s] Level 1:colcon.colcon_core.package_identification:_identify(src/rmw_zenoh) by extension 'cmake'
[0.368s] Level 1:colcon.colcon_core.package_identification:_identify(src/rmw_zenoh) by extension 'python'
[0.368s] Level 1:colcon.colcon_core.package_identification:_identify(src/rmw_zenoh) by extensions ['python_setup_py']
[0.368s] Level 1:colcon.colcon_core.package_identification:_identify(src/rmw_zenoh) by extension 'python_setup_py'
[0.369s] Level 1:colcon.colcon_core.package_identification:_identify(src/rmw_zenoh/docs) by extensions ['ignore', 'ignore_ament_install']
[0.369s] Level 1:colcon.colcon_core.package_identification:_identify(src/rmw_zenoh/docs) by extension 'ignore'
[0.369s] Level 1:colcon.colcon_core.package_identification:_identify(src/rmw_zenoh/docs) by extension 'ignore_ament_install'
[0.369s] Level 1:colcon.colcon_core.package_identification:_identify(src/rmw_zenoh/docs) by extensions ['colcon_pkg']
[0.369s] Level 1:colcon.colcon_core.package_identification:_identify(src/rmw_zenoh/docs) by extension 'colcon_pkg'
[0.369s] Level 1:colcon.colcon_core.package_identification:_identify(src/rmw_zenoh/docs) by extensions ['colcon_meta']
[0.369s] Level 1:colcon.colcon_core.package_identification:_identify(src/rmw_zenoh/docs) by extension 'colcon_meta'
[0.369s] Level 1:colcon.colcon_core.package_identification:_identify(src/rmw_zenoh/docs) by extensions ['ros']
[0.369s] Level 1:colcon.colcon_core.package_identification:_identify(src/rmw_zenoh/docs) by extension 'ros'
[0.370s] Level 1:colcon.colcon_core.package_identification:_identify(src/rmw_zenoh/docs) by extensions ['cmake', 'python']
[0.370s] Level 1:colcon.colcon_core.package_identification:_identify(src/rmw_zenoh/docs) by extension 'cmake'
[0.370s] Level 1:colcon.colcon_core.package_identification:_identify(src/rmw_zenoh/docs) by extension 'python'
[0.370s] Level 1:colcon.colcon_core.package_identification:_identify(src/rmw_zenoh/docs) by extensions ['python_setup_py']
[0.370s] Level 1:colcon.colcon_core.package_identification:_identify(src/rmw_zenoh/docs) by extension 'python_setup_py'
[0.370s] Level 1:colcon.colcon_core.package_identification:_identify(src/rmw_zenoh/rmw_zenoh_cpp) by extensions ['ignore', 'ignore_ament_install']
[0.370s] Level 1:colcon.colcon_core.package_identification:_identify(src/rmw_zenoh/rmw_zenoh_cpp) by extension 'ignore'
[0.370s] Level 1:colcon.colcon_core.package_identification:_identify(src/rmw_zenoh/rmw_zenoh_cpp) by extension 'ignore_ament_install'
[0.371s] Level 1:colcon.colcon_core.package_identification:_identify(src/rmw_zenoh/rmw_zenoh_cpp) by extensions ['colcon_pkg']
[0.371s] Level 1:colcon.colcon_core.package_identification:_identify(src/rmw_zenoh/rmw_zenoh_cpp) by extension 'colcon_pkg'
[0.371s] Level 1:colcon.colcon_core.package_identification:_identify(src/rmw_zenoh/rmw_zenoh_cpp) by extensions ['colcon_meta']
[0.371s] Level 1:colcon.colcon_core.package_identification:_identify(src/rmw_zenoh/rmw_zenoh_cpp) by extension 'colcon_meta'
[0.371s] Level 1:colcon.colcon_core.package_identification:_identify(src/rmw_zenoh/rmw_zenoh_cpp) by extensions ['ros']
[0.371s] Level 1:colcon.colcon_core.package_identification:_identify(src/rmw_zenoh/rmw_zenoh_cpp) by extension 'ros'
[0.373s] DEBUG:colcon.colcon_core.package_identification:Package 'src/rmw_zenoh/rmw_zenoh_cpp' with type 'ros.ament_cmake' and name 'rmw_zenoh_cpp'
[0.373s] Level 1:colcon.colcon_core.package_identification:_identify(src/rmw_zenoh/zenoh_cpp_vendor) by extensions ['ignore', 'ignore_ament_install']
[0.373s] Level 1:colcon.colcon_core.package_identification:_identify(src/rmw_zenoh/zenoh_cpp_vendor) by extension 'ignore'
[0.374s] Level 1:colcon.colcon_core.package_identification:_identify(src/rmw_zenoh/zenoh_cpp_vendor) by extension 'ignore_ament_install'
[0.374s] Level 1:colcon.colcon_core.package_identification:_identify(src/rmw_zenoh/zenoh_cpp_vendor) by extensions ['colcon_pkg']
[0.374s] Level 1:colcon.colcon_core.package_identification:_identify(src/rmw_zenoh/zenoh_cpp_vendor) by extension 'colcon_pkg'
[0.374s] Level 1:colcon.colcon_core.package_identification:_identify(src/rmw_zenoh/zenoh_cpp_vendor) by extensions ['colcon_meta']
[0.374s] Level 1:colcon.colcon_core.package_identification:_identify(src/rmw_zenoh/zenoh_cpp_vendor) by extension 'colcon_meta'
[0.374s] Level 1:colcon.colcon_core.package_identification:_identify(src/rmw_zenoh/zenoh_cpp_vendor) by extensions ['ros']
[0.374s] Level 1:colcon.colcon_core.package_identification:_identify(src/rmw_zenoh/zenoh_cpp_vendor) by extension 'ros'
[0.375s] DEBUG:colcon.colcon_core.package_identification:Package 'src/rmw_zenoh/zenoh_cpp_vendor' with type 'ros.ament_cmake' and name 'zenoh_cpp_vendor'
[0.375s] Level 1:colcon.colcon_core.package_discovery:discover_packages(recursive) using defaults
[0.375s] Level 1:colcon.colcon_core.package_discovery:discover_packages(ignore) discover
[0.375s] Level 1:colcon.colcon_core.package_discovery:discover_packages(ignore) using defaults
[0.375s] Level 1:colcon.colcon_core.package_discovery:discover_packages(path) discover
[0.375s] Level 1:colcon.colcon_core.package_discovery:discover_packages(path) using defaults
[0.413s] INFO:colcon.colcon_core.package_selection:Skipping not selected package 'imu_hardware_interface' in 'src/imu_hardware_interface'
[0.413s] INFO:colcon.colcon_core.package_selection:Skipping not selected package 'jetson_interface' in 'src/jetson_interface'
[0.413s] INFO:colcon.colcon_core.package_selection:Skipping not selected package 'py_pubsub' in 'src/py_pubsub'
[0.414s] INFO:colcon.colcon_core.package_selection:Skipping not selected package 'quadruped_bringup' in 'src/quadruped_bringup'
[0.414s] INFO:colcon.colcon_core.package_selection:Skipping not selected package 'quadruped_hardware' in 'src/quadruped_hardware'
[0.414s] INFO:colcon.colcon_core.package_selection:Skipping not selected package 'quadruped_msgs' in 'src/quadruped_msgs'
[0.414s] INFO:colcon.colcon_core.package_selection:Skipping not selected package 'quadruped_sim' in 'src/quadruped_sim'
[0.414s] INFO:colcon.colcon_core.package_selection:Skipping not selected package 'quadruped_urdf' in 'src/quadruped_urdf'
[0.414s] INFO:colcon.colcon_core.package_selection:Skipping not selected package 'quadruped_utils' in 'src/quadruped_utils'
[0.414s] INFO:colcon.colcon_core.package_selection:Skipping not selected package 'quadruped_mpc' in 'src/quadruped_mpc'
[0.415s] Level 5:colcon.colcon_core.verb:set package 'zenoh_cpp_vendor' build argument 'cmake_args' from command line to 'None'
[0.415s] Level 5:colcon.colcon_core.verb:set package 'zenoh_cpp_vendor' build argument 'cmake_target' from command line to 'None'
[0.415s] Level 5:colcon.colcon_core.verb:set package 'zenoh_cpp_vendor' build argument 'cmake_target_skip_unavailable' from command line to 'False'
[0.415s] Level 5:colcon.colcon_core.verb:set package 'zenoh_cpp_vendor' build argument 'cmake_clean_cache' from command line to 'False'
[0.415s] Level 5:colcon.colcon_core.verb:set package 'zenoh_cpp_vendor' build argument 'cmake_clean_first' from command line to 'False'
[0.415s] Level 5:colcon.colcon_core.verb:set package 'zenoh_cpp_vendor' build argument 'cmake_force_configure' from command line to 'False'
[0.415s] Level 5:colcon.colcon_core.verb:set package 'zenoh_cpp_vendor' build argument 'ament_cmake_args' from command line to 'None'
[0.415s] Level 5:colcon.colcon_core.verb:set package 'zenoh_cpp_vendor' build argument 'catkin_cmake_args' from command line to 'None'
[0.415s] Level 5:colcon.colcon_core.verb:set package 'zenoh_cpp_vendor' build argument 'catkin_skip_building_tests' from command line to 'False'
[0.415s] DEBUG:colcon.colcon_core.verb:Building package 'zenoh_cpp_vendor' with the following arguments: {'ament_cmake_args': None, 'build_base': '/home/ws/build/zenoh_cpp_vendor', 'catkin_cmake_args': None, 'catkin_skip_building_tests': False, 'cmake_args': None, 'cmake_clean_cache': False, 'cmake_clean_first': False, 'cmake_force_configure': False, 'cmake_target': None, 'cmake_target_skip_unavailable': False, 'install_base': '/home/ws/install/zenoh_cpp_vendor', 'merge_install': False, 'path': '/home/ws/src/rmw_zenoh/zenoh_cpp_vendor', 'symlink_install': False, 'test_result_base': None}
[0.416s] Level 5:colcon.colcon_core.verb:set package 'rmw_zenoh_cpp' build argument 'cmake_args' from command line to 'None'
[0.416s] Level 5:colcon.colcon_core.verb:set package 'rmw_zenoh_cpp' build argument 'cmake_target' from command line to 'None'
[0.416s] Level 5:colcon.colcon_core.verb:set package 'rmw_zenoh_cpp' build argument 'cmake_target_skip_unavailable' from command line to 'False'
[0.416s] Level 5:colcon.colcon_core.verb:set package 'rmw_zenoh_cpp' build argument 'cmake_clean_cache' from command line to 'False'
[0.416s] Level 5:colcon.colcon_core.verb:set package 'rmw_zenoh_cpp' build argument 'cmake_clean_first' from command line to 'False'
[0.416s] Level 5:colcon.colcon_core.verb:set package 'rmw_zenoh_cpp' build argument 'cmake_force_configure' from command line to 'False'
[0.416s] Level 5:colcon.colcon_core.verb:set package 'rmw_zenoh_cpp' build argument 'ament_cmake_args' from command line to 'None'
[0.416s] Level 5:colcon.colcon_core.verb:set package 'rmw_zenoh_cpp' build argument 'catkin_cmake_args' from command line to 'None'
[0.416s] Level 5:colcon.colcon_core.verb:set package 'rmw_zenoh_cpp' build argument 'catkin_skip_building_tests' from command line to 'False'
[0.416s] DEBUG:colcon.colcon_core.verb:Building package 'rmw_zenoh_cpp' with the following arguments: {'ament_cmake_args': None, 'build_base': '/home/ws/build/rmw_zenoh_cpp', 'catkin_cmake_args': None, 'catkin_skip_building_tests': False, 'cmake_args': None, 'cmake_clean_cache': False, 'cmake_clean_first': False, 'cmake_force_configure': False, 'cmake_target': None, 'cmake_target_skip_unavailable': False, 'install_base': '/home/ws/install/rmw_zenoh_cpp', 'merge_install': False, 'path': '/home/ws/src/rmw_zenoh/rmw_zenoh_cpp', 'symlink_install': False, 'test_result_base': None}
[0.416s] INFO:colcon.colcon_core.executor:Executing jobs using 'parallel' executor
[0.423s] DEBUG:colcon.colcon_parallel_executor.executor.parallel:run_until_complete
[0.423s] INFO:colcon.colcon_ros.task.ament_cmake.build:Building ROS package in '/home/ws/src/rmw_zenoh/zenoh_cpp_vendor' with build type 'ament_cmake'
[0.423s] INFO:colcon.colcon_cmake.task.cmake.build:Building CMake package in '/home/ws/src/rmw_zenoh/zenoh_cpp_vendor'
[0.428s] INFO:colcon.colcon_core.plugin_system:Skipping extension 'colcon_core.shell.bat': Not used on non-Windows systems
[0.428s] INFO:colcon.colcon_core.shell:Skip shell extension 'powershell' for command environment: Not usable outside of PowerShell
[0.429s] DEBUG:colcon.colcon_core.shell:Skip shell extension 'dsv' for command environment
[0.448s] DEBUG:colcon.colcon_core.event_handler.log_command:Invoking command in '/home/ws/build/zenoh_cpp_vendor': CMAKE_PREFIX_PATH=${CMAKE_PREFIX_PATH}:/home/ws/install/py_pubsub:/opt/ros/jazzy DEBUGINFOD_URLS=https://debuginfod.ubuntu.com /usr/bin/cmake /home/ws/src/rmw_zenoh/zenoh_cpp_vendor -DCMAKE_INSTALL_PREFIX=/home/ws/install/zenoh_cpp_vendor
[1.322s] DEBUG:colcon.colcon_core.event_handler.log_command:Invoked command in '/home/ws/build/zenoh_cpp_vendor' returned '0': CMAKE_PREFIX_PATH=${CMAKE_PREFIX_PATH}:/home/ws/install/py_pubsub:/opt/ros/jazzy DEBUGINFOD_URLS=https://debuginfod.ubuntu.com /usr/bin/cmake /home/ws/src/rmw_zenoh/zenoh_cpp_vendor -DCMAKE_INSTALL_PREFIX=/home/ws/install/zenoh_cpp_vendor
[1.325s] DEBUG:colcon.colcon_core.event_handler.log_command:Invoking command in '/home/ws/build/zenoh_cpp_vendor': CMAKE_PREFIX_PATH=${CMAKE_PREFIX_PATH}:/home/ws/install/py_pubsub:/opt/ros/jazzy DEBUGINFOD_URLS=https://debuginfod.ubuntu.com /usr/bin/cmake --build /home/ws/build/zenoh_cpp_vendor -- -j8 -l8
[1.522s] DEBUG:colcon.colcon_core.event_handler.log_command:Invoked command in '/home/ws/build/zenoh_cpp_vendor' returned '0': CMAKE_PREFIX_PATH=${CMAKE_PREFIX_PATH}:/home/ws/install/py_pubsub:/opt/ros/jazzy DEBUGINFOD_URLS=https://debuginfod.ubuntu.com /usr/bin/cmake --build /home/ws/build/zenoh_cpp_vendor -- -j8 -l8
[1.543s] DEBUG:colcon.colcon_core.event_handler.log_command:Invoking command in '/home/ws/build/zenoh_cpp_vendor': CMAKE_PREFIX_PATH=${CMAKE_PREFIX_PATH}:/home/ws/install/py_pubsub:/opt/ros/jazzy DEBUGINFOD_URLS=https://debuginfod.ubuntu.com /usr/bin/cmake --install /home/ws/build/zenoh_cpp_vendor
[1.572s] Level 1:colcon.colcon_core.environment:create_environment_scripts_only(zenoh_cpp_vendor)
[1.578s] Level 1:colcon.colcon_core.environment:checking '/home/ws/install/zenoh_cpp_vendor' for CMake module files
[1.581s] Level 1:colcon.colcon_core.environment:checking '/home/ws/install/zenoh_cpp_vendor' for CMake config files
[1.582s] Level 1:colcon.colcon_core.shell:create_environment_hook('zenoh_cpp_vendor', 'cmake_prefix_path')
[1.582s] INFO:colcon.colcon_core.shell:Creating environment hook '/home/ws/install/zenoh_cpp_vendor/share/zenoh_cpp_vendor/hook/cmake_prefix_path.ps1'
[1.584s] INFO:colcon.colcon_core.shell:Creating environment descriptor '/home/ws/install/zenoh_cpp_vendor/share/zenoh_cpp_vendor/hook/cmake_prefix_path.dsv'
[1.587s] INFO:colcon.colcon_core.shell:Creating environment hook '/home/ws/install/zenoh_cpp_vendor/share/zenoh_cpp_vendor/hook/cmake_prefix_path.sh'
[1.590s] Level 1:colcon.colcon_core.environment:checking '/home/ws/install/zenoh_cpp_vendor/bin'
[1.590s] Level 1:colcon.colcon_core.environment:checking '/home/ws/install/zenoh_cpp_vendor/lib/pkgconfig/zenoh_cpp_vendor.pc'
[1.596s] Level 1:colcon.colcon_core.environment:checking '/home/ws/install/zenoh_cpp_vendor/lib/python3.12/site-packages'
[1.597s] Level 1:colcon.colcon_core.environment:checking '/home/ws/install/zenoh_cpp_vendor/bin'
[1.598s] INFO:colcon.colcon_core.shell:Creating package script '/home/ws/install/zenoh_cpp_vendor/share/zenoh_cpp_vendor/package.ps1'
[1.600s] INFO:colcon.colcon_core.shell:Creating package descriptor '/home/ws/install/zenoh_cpp_vendor/share/zenoh_cpp_vendor/package.dsv'
[1.604s] INFO:colcon.colcon_core.shell:Creating package script '/home/ws/install/zenoh_cpp_vendor/share/zenoh_cpp_vendor/package.sh'
[1.606s] INFO:colcon.colcon_core.shell:Creating package script '/home/ws/install/zenoh_cpp_vendor/share/zenoh_cpp_vendor/package.bash'
[1.608s] INFO:colcon.colcon_core.shell:Creating package script '/home/ws/install/zenoh_cpp_vendor/share/zenoh_cpp_vendor/package.zsh'
[1.610s] Level 1:colcon.colcon_core.environment:create_file_with_runtime_dependencies(/home/ws/install/zenoh_cpp_vendor/share/colcon-core/packages/zenoh_cpp_vendor)
[1.612s] Level 1:colcon.colcon_core.environment:create_environment_scripts_only(zenoh_cpp_vendor)
[1.612s] Level 1:colcon.colcon_core.environment:checking '/home/ws/install/zenoh_cpp_vendor' for CMake module files
[1.615s] Level 1:colcon.colcon_core.environment:checking '/home/ws/install/zenoh_cpp_vendor' for CMake config files
[1.618s] DEBUG:colcon.colcon_core.event_handler.log_command:Invoked command in '/home/ws/build/zenoh_cpp_vendor' returned '0': CMAKE_PREFIX_PATH=${CMAKE_PREFIX_PATH}:/home/ws/install/py_pubsub:/opt/ros/jazzy DEBUGINFOD_URLS=https://debuginfod.ubuntu.com /usr/bin/cmake --install /home/ws/build/zenoh_cpp_vendor
[1.618s] Level 1:colcon.colcon_core.shell:create_environment_hook('zenoh_cpp_vendor', 'cmake_prefix_path')
[1.618s] INFO:colcon.colcon_core.shell:Creating environment hook '/home/ws/install/zenoh_cpp_vendor/share/zenoh_cpp_vendor/hook/cmake_prefix_path.ps1'
[1.620s] INFO:colcon.colcon_core.shell:Creating environment descriptor '/home/ws/install/zenoh_cpp_vendor/share/zenoh_cpp_vendor/hook/cmake_prefix_path.dsv'
[1.620s] INFO:colcon.colcon_core.shell:Creating environment hook '/home/ws/install/zenoh_cpp_vendor/share/zenoh_cpp_vendor/hook/cmake_prefix_path.sh'
[1.622s] Level 1:colcon.colcon_core.environment:checking '/home/ws/install/zenoh_cpp_vendor/bin'
[1.622s] Level 1:colcon.colcon_core.environment:checking '/home/ws/install/zenoh_cpp_vendor/lib/pkgconfig/zenoh_cpp_vendor.pc'
[1.622s] Level 1:colcon.colcon_core.environment:checking '/home/ws/install/zenoh_cpp_vendor/lib/python3.12/site-packages'
[1.623s] Level 1:colcon.colcon_core.environment:checking '/home/ws/install/zenoh_cpp_vendor/bin'
[1.623s] INFO:colcon.colcon_core.shell:Creating package script '/home/ws/install/zenoh_cpp_vendor/share/zenoh_cpp_vendor/package.ps1'
[1.624s] INFO:colcon.colcon_core.shell:Creating package descriptor '/home/ws/install/zenoh_cpp_vendor/share/zenoh_cpp_vendor/package.dsv'
[1.625s] INFO:colcon.colcon_core.shell:Creating package script '/home/ws/install/zenoh_cpp_vendor/share/zenoh_cpp_vendor/package.sh'
[1.626s] INFO:colcon.colcon_core.shell:Creating package script '/home/ws/install/zenoh_cpp_vendor/share/zenoh_cpp_vendor/package.bash'
[1.627s] INFO:colcon.colcon_core.shell:Creating package script '/home/ws/install/zenoh_cpp_vendor/share/zenoh_cpp_vendor/package.zsh'
[1.628s] Level 1:colcon.colcon_core.environment:create_file_with_runtime_dependencies(/home/ws/install/zenoh_cpp_vendor/share/colcon-core/packages/zenoh_cpp_vendor)
[1.628s] INFO:colcon.colcon_ros.task.ament_cmake.build:Building ROS package in '/home/ws/src/rmw_zenoh/rmw_zenoh_cpp' with build type 'ament_cmake'
[1.628s] INFO:colcon.colcon_cmake.task.cmake.build:Building CMake package in '/home/ws/src/rmw_zenoh/rmw_zenoh_cpp'
[1.629s] INFO:colcon.colcon_core.shell:Skip shell extension 'powershell' for command environment: Not usable outside of PowerShell
[1.629s] DEBUG:colcon.colcon_core.shell:Skip shell extension 'dsv' for command environment
[1.648s] DEBUG:colcon.colcon_core.event_handler.log_command:Invoking command in '/home/ws/build/rmw_zenoh_cpp': CMAKE_PREFIX_PATH=/home/ws/install/zenoh_cpp_vendor:/home/ws/install/rmw_zenoh_cpp:/home/ws/install/quadruped_utils:/home/ws/install/quadruped_urdf:/home/ws/install/quadruped_sim:/home/ws/install/quadruped_mpc:/home/ws/install/quadruped_msgs:/home/ws/install/quadruped_hardware:/home/ws/install/quadruped_bringup:/home/ws/install/imu_hardware_interface:/home/ws/install/bno08x_driver:/opt/ros/jazzy/opt/gz_sim_vendor:/opt/ros/jazzy/opt/gz_sensors_vendor:/opt/ros/jazzy/opt/gz_physics_vendor:/opt/ros/jazzy/opt/sdformat_vendor:/opt/ros/jazzy/opt/gz_gui_vendor:/opt/ros/jazzy/opt/gz_transport_vendor:/opt/ros/jazzy/opt/gz_rendering_vendor:/opt/ros/jazzy/opt/gz_plugin_vendor:/opt/ros/jazzy/opt/gz_fuel_tools_vendor:/opt/ros/jazzy/opt/gz_msgs_vendor:/opt/ros/jazzy/opt/gz_common_vendor:/opt/ros/jazzy/opt/gz_math_vendor:/opt/ros/jazzy/opt/gz_utils_vendor:/opt/ros/jazzy/opt/gz_tools_vendor:/opt/ros/jazzy/opt/gz_ogre_next_vendor:/opt/ros/jazzy/opt/gz_dartsim_vendor:/opt/ros/jazzy/opt/gz_cmake_vendor:/home/ws/install/py_pubsub:/opt/ros/jazzy DEBUGINFOD_URLS=https://debuginfod.ubuntu.com /usr/bin/cmake /home/ws/src/rmw_zenoh/rmw_zenoh_cpp -DCMAKE_INSTALL_PREFIX=/home/ws/install/rmw_zenoh_cpp
[2.581s] DEBUG:colcon.colcon_core.event_handler.log_command:Invoked command in '/home/ws/build/rmw_zenoh_cpp' returned '0': CMAKE_PREFIX_PATH=/home/ws/install/zenoh_cpp_vendor:/home/ws/install/rmw_zenoh_cpp:/home/ws/install/quadruped_utils:/home/ws/install/quadruped_urdf:/home/ws/install/quadruped_sim:/home/ws/install/quadruped_mpc:/home/ws/install/quadruped_msgs:/home/ws/install/quadruped_hardware:/home/ws/install/quadruped_bringup:/home/ws/install/imu_hardware_interface:/home/ws/install/bno08x_driver:/opt/ros/jazzy/opt/gz_sim_vendor:/opt/ros/jazzy/opt/gz_sensors_vendor:/opt/ros/jazzy/opt/gz_physics_vendor:/opt/ros/jazzy/opt/sdformat_vendor:/opt/ros/jazzy/opt/gz_gui_vendor:/opt/ros/jazzy/opt/gz_transport_vendor:/opt/ros/jazzy/opt/gz_rendering_vendor:/opt/ros/jazzy/opt/gz_plugin_vendor:/opt/ros/jazzy/opt/gz_fuel_tools_vendor:/opt/ros/jazzy/opt/gz_msgs_vendor:/opt/ros/jazzy/opt/gz_common_vendor:/opt/ros/jazzy/opt/gz_math_vendor:/opt/ros/jazzy/opt/gz_utils_vendor:/opt/ros/jazzy/opt/gz_tools_vendor:/opt/ros/jazzy/opt/gz_ogre_next_vendor:/opt/ros/jazzy/opt/gz_dartsim_vendor:/opt/ros/jazzy/opt/gz_cmake_vendor:/home/ws/install/py_pubsub:/opt/ros/jazzy DEBUGINFOD_URLS=https://debuginfod.ubuntu.com /usr/bin/cmake /home/ws/src/rmw_zenoh/rmw_zenoh_cpp -DCMAKE_INSTALL_PREFIX=/home/ws/install/rmw_zenoh_cpp
[2.582s] DEBUG:colcon.colcon_core.event_handler.log_command:Invoking command in '/home/ws/build/rmw_zenoh_cpp': CMAKE_PREFIX_PATH=/home/ws/install/zenoh_cpp_vendor:/home/ws/install/rmw_zenoh_cpp:/home/ws/install/quadruped_utils:/home/ws/install/quadruped_urdf:/home/ws/install/quadruped_sim:/home/ws/install/quadruped_mpc:/home/ws/install/quadruped_msgs:/home/ws/install/quadruped_hardware:/home/ws/install/quadruped_bringup:/home/ws/install/imu_hardware_interface:/home/ws/install/bno08x_driver:/opt/ros/jazzy/opt/gz_sim_vendor:/opt/ros/jazzy/opt/gz_sensors_vendor:/opt/ros/jazzy/opt/gz_physics_vendor:/opt/ros/jazzy/opt/sdformat_vendor:/opt/ros/jazzy/opt/gz_gui_vendor:/opt/ros/jazzy/opt/gz_transport_vendor:/opt/ros/jazzy/opt/gz_rendering_vendor:/opt/ros/jazzy/opt/gz_plugin_vendor:/opt/ros/jazzy/opt/gz_fuel_tools_vendor:/opt/ros/jazzy/opt/gz_msgs_vendor:/opt/ros/jazzy/opt/gz_common_vendor:/opt/ros/jazzy/opt/gz_math_vendor:/opt/ros/jazzy/opt/gz_utils_vendor:/opt/ros/jazzy/opt/gz_tools_vendor:/opt/ros/jazzy/opt/gz_ogre_next_vendor:/opt/ros/jazzy/opt/gz_dartsim_vendor:/opt/ros/jazzy/opt/gz_cmake_vendor:/home/ws/install/py_pubsub:/opt/ros/jazzy DEBUGINFOD_URLS=https://debuginfod.ubuntu.com /usr/bin/cmake --build /home/ws/build/rmw_zenoh_cpp -- -j8 -l8
[2.828s] DEBUG:colcon.colcon_core.event_handler.log_command:Invoked command in '/home/ws/build/rmw_zenoh_cpp' returned '0': CMAKE_PREFIX_PATH=/home/ws/install/zenoh_cpp_vendor:/home/ws/install/rmw_zenoh_cpp:/home/ws/install/quadruped_utils:/home/ws/install/quadruped_urdf:/home/ws/install/quadruped_sim:/home/ws/install/quadruped_mpc:/home/ws/install/quadruped_msgs:/home/ws/install/quadruped_hardware:/home/ws/install/quadruped_bringup:/home/ws/install/imu_hardware_interface:/home/ws/install/bno08x_driver:/opt/ros/jazzy/opt/gz_sim_vendor:/opt/ros/jazzy/opt/gz_sensors_vendor:/opt/ros/jazzy/opt/gz_physics_vendor:/opt/ros/jazzy/opt/sdformat_vendor:/opt/ros/jazzy/opt/gz_gui_vendor:/opt/ros/jazzy/opt/gz_transport_vendor:/opt/ros/jazzy/opt/gz_rendering_vendor:/opt/ros/jazzy/opt/gz_plugin_vendor:/opt/ros/jazzy/opt/gz_fuel_tools_vendor:/opt/ros/jazzy/opt/gz_msgs_vendor:/opt/ros/jazzy/opt/gz_common_vendor:/opt/ros/jazzy/opt/gz_math_vendor:/opt/ros/jazzy/opt/gz_utils_vendor:/opt/ros/jazzy/opt/gz_tools_vendor:/opt/ros/jazzy/opt/gz_ogre_next_vendor:/opt/ros/jazzy/opt/gz_dartsim_vendor:/opt/ros/jazzy/opt/gz_cmake_vendor:/home/ws/install/py_pubsub:/opt/ros/jazzy DEBUGINFOD_URLS=https://debuginfod.ubuntu.com /usr/bin/cmake --build /home/ws/build/rmw_zenoh_cpp -- -j8 -l8
[2.830s] DEBUG:colcon.colcon_core.event_handler.log_command:Invoking command in '/home/ws/build/rmw_zenoh_cpp': CMAKE_PREFIX_PATH=/home/ws/install/zenoh_cpp_vendor:/home/ws/install/rmw_zenoh_cpp:/home/ws/install/quadruped_utils:/home/ws/install/quadruped_urdf:/home/ws/install/quadruped_sim:/home/ws/install/quadruped_mpc:/home/ws/install/quadruped_msgs:/home/ws/install/quadruped_hardware:/home/ws/install/quadruped_bringup:/home/ws/install/imu_hardware_interface:/home/ws/install/bno08x_driver:/opt/ros/jazzy/opt/gz_sim_vendor:/opt/ros/jazzy/opt/gz_sensors_vendor:/opt/ros/jazzy/opt/gz_physics_vendor:/opt/ros/jazzy/opt/sdformat_vendor:/opt/ros/jazzy/opt/gz_gui_vendor:/opt/ros/jazzy/opt/gz_transport_vendor:/opt/ros/jazzy/opt/gz_rendering_vendor:/opt/ros/jazzy/opt/gz_plugin_vendor:/opt/ros/jazzy/opt/gz_fuel_tools_vendor:/opt/ros/jazzy/opt/gz_msgs_vendor:/opt/ros/jazzy/opt/gz_common_vendor:/opt/ros/jazzy/opt/gz_math_vendor:/opt/ros/jazzy/opt/gz_utils_vendor:/opt/ros/jazzy/opt/gz_tools_vendor:/opt/ros/jazzy/opt/gz_ogre_next_vendor:/opt/ros/jazzy/opt/gz_dartsim_vendor:/opt/ros/jazzy/opt/gz_cmake_vendor:/home/ws/install/py_pubsub:/opt/ros/jazzy DEBUGINFOD_URLS=https://debuginfod.ubuntu.com /usr/bin/cmake --install /home/ws/build/rmw_zenoh_cpp
[2.857s] Level 1:colcon.colcon_core.environment:create_environment_scripts_only(rmw_zenoh_cpp)
[2.857s] Level 1:colcon.colcon_core.environment:checking '/home/ws/install/rmw_zenoh_cpp' for CMake module files
[2.860s] Level 1:colcon.colcon_core.environment:checking '/home/ws/install/rmw_zenoh_cpp' for CMake config files
[2.861s] DEBUG:colcon.colcon_core.event_handler.log_command:Invoked command in '/home/ws/build/rmw_zenoh_cpp' returned '0': CMAKE_PREFIX_PATH=/home/ws/install/zenoh_cpp_vendor:/home/ws/install/rmw_zenoh_cpp:/home/ws/install/quadruped_utils:/home/ws/install/quadruped_urdf:/home/ws/install/quadruped_sim:/home/ws/install/quadruped_mpc:/home/ws/install/quadruped_msgs:/home/ws/install/quadruped_hardware:/home/ws/install/quadruped_bringup:/home/ws/install/imu_hardware_interface:/home/ws/install/bno08x_driver:/opt/ros/jazzy/opt/gz_sim_vendor:/opt/ros/jazzy/opt/gz_sensors_vendor:/opt/ros/jazzy/opt/gz_physics_vendor:/opt/ros/jazzy/opt/sdformat_vendor:/opt/ros/jazzy/opt/gz_gui_vendor:/opt/ros/jazzy/opt/gz_transport_vendor:/opt/ros/jazzy/opt/gz_rendering_vendor:/opt/ros/jazzy/opt/gz_plugin_vendor:/opt/ros/jazzy/opt/gz_fuel_tools_vendor:/opt/ros/jazzy/opt/gz_msgs_vendor:/opt/ros/jazzy/opt/gz_common_vendor:/opt/ros/jazzy/opt/gz_math_vendor:/opt/ros/jazzy/opt/gz_utils_vendor:/opt/ros/jazzy/opt/gz_tools_vendor:/opt/ros/jazzy/opt/gz_ogre_next_vendor:/opt/ros/jazzy/opt/gz_dartsim_vendor:/opt/ros/jazzy/opt/gz_cmake_vendor:/home/ws/install/py_pubsub:/opt/ros/jazzy DEBUGINFOD_URLS=https://debuginfod.ubuntu.com /usr/bin/cmake --install /home/ws/build/rmw_zenoh_cpp
[2.861s] Level 1:colcon.colcon_core.shell:create_environment_hook('rmw_zenoh_cpp', 'cmake_prefix_path')
[2.862s] INFO:colcon.colcon_core.shell:Creating environment hook '/home/ws/install/rmw_zenoh_cpp/share/rmw_zenoh_cpp/hook/cmake_prefix_path.ps1'
[2.863s] INFO:colcon.colcon_core.shell:Creating environment descriptor '/home/ws/install/rmw_zenoh_cpp/share/rmw_zenoh_cpp/hook/cmake_prefix_path.dsv'
[2.864s] INFO:colcon.colcon_core.shell:Creating environment hook '/home/ws/install/rmw_zenoh_cpp/share/rmw_zenoh_cpp/hook/cmake_prefix_path.sh'
[2.865s] Level 1:colcon.colcon_core.environment:checking '/home/ws/install/rmw_zenoh_cpp/lib'
[2.865s] Level 1:colcon.colcon_core.shell:create_environment_hook('rmw_zenoh_cpp', 'ld_library_path_lib')
[2.866s] INFO:colcon.colcon_core.shell:Creating environment hook '/home/ws/install/rmw_zenoh_cpp/share/rmw_zenoh_cpp/hook/ld_library_path_lib.ps1'
[2.867s] INFO:colcon.colcon_core.shell:Creating environment descriptor '/home/ws/install/rmw_zenoh_cpp/share/rmw_zenoh_cpp/hook/ld_library_path_lib.dsv'
[2.868s] INFO:colcon.colcon_core.shell:Creating environment hook '/home/ws/install/rmw_zenoh_cpp/share/rmw_zenoh_cpp/hook/ld_library_path_lib.sh'
[2.869s] Level 1:colcon.colcon_core.environment:checking '/home/ws/install/rmw_zenoh_cpp/bin'
[2.870s] Level 1:colcon.colcon_core.environment:checking '/home/ws/install/rmw_zenoh_cpp/lib/pkgconfig/rmw_zenoh_cpp.pc'
[2.870s] Level 1:colcon.colcon_core.environment:checking '/home/ws/install/rmw_zenoh_cpp/lib/python3.12/site-packages'
[2.870s] Level 1:colcon.colcon_core.environment:checking '/home/ws/install/rmw_zenoh_cpp/bin'
[2.871s] INFO:colcon.colcon_core.shell:Creating package script '/home/ws/install/rmw_zenoh_cpp/share/rmw_zenoh_cpp/package.ps1'
[2.874s] INFO:colcon.colcon_core.shell:Creating package descriptor '/home/ws/install/rmw_zenoh_cpp/share/rmw_zenoh_cpp/package.dsv'
[2.878s] INFO:colcon.colcon_core.shell:Creating package script '/home/ws/install/rmw_zenoh_cpp/share/rmw_zenoh_cpp/package.sh'
[2.879s] INFO:colcon.colcon_core.shell:Creating package script '/home/ws/install/rmw_zenoh_cpp/share/rmw_zenoh_cpp/package.bash'
[2.880s] INFO:colcon.colcon_core.shell:Creating package script '/home/ws/install/rmw_zenoh_cpp/share/rmw_zenoh_cpp/package.zsh'
[2.881s] Level 1:colcon.colcon_core.environment:create_file_with_runtime_dependencies(/home/ws/install/rmw_zenoh_cpp/share/colcon-core/packages/rmw_zenoh_cpp)
[2.882s] Level 1:colcon.colcon_core.environment:create_environment_scripts_only(rmw_zenoh_cpp)
[2.883s] Level 1:colcon.colcon_core.environment:checking '/home/ws/install/rmw_zenoh_cpp' for CMake module files
[2.885s] Level 1:colcon.colcon_core.environment:checking '/home/ws/install/rmw_zenoh_cpp' for CMake config files
[2.885s] Level 1:colcon.colcon_core.shell:create_environment_hook('rmw_zenoh_cpp', 'cmake_prefix_path')
[2.886s] INFO:colcon.colcon_core.shell:Creating environment hook '/home/ws/install/rmw_zenoh_cpp/share/rmw_zenoh_cpp/hook/cmake_prefix_path.ps1'
[2.887s] INFO:colcon.colcon_core.shell:Creating environment descriptor '/home/ws/install/rmw_zenoh_cpp/share/rmw_zenoh_cpp/hook/cmake_prefix_path.dsv'
[2.891s] INFO:colcon.colcon_core.shell:Creating environment hook '/home/ws/install/rmw_zenoh_cpp/share/rmw_zenoh_cpp/hook/cmake_prefix_path.sh'
[2.892s] Level 1:colcon.colcon_core.environment:checking '/home/ws/install/rmw_zenoh_cpp/lib'
[2.892s] Level 1:colcon.colcon_core.shell:create_environment_hook('rmw_zenoh_cpp', 'ld_library_path_lib')
[2.893s] INFO:colcon.colcon_core.shell:Creating environment hook '/home/ws/install/rmw_zenoh_cpp/share/rmw_zenoh_cpp/hook/ld_library_path_lib.ps1'
[2.894s] INFO:colcon.colcon_core.shell:Creating environment descriptor '/home/ws/install/rmw_zenoh_cpp/share/rmw_zenoh_cpp/hook/ld_library_path_lib.dsv'
[2.895s] INFO:colcon.colcon_core.shell:Creating environment hook '/home/ws/install/rmw_zenoh_cpp/share/rmw_zenoh_cpp/hook/ld_library_path_lib.sh'
[2.896s] Level 1:colcon.colcon_core.environment:checking '/home/ws/install/rmw_zenoh_cpp/bin'
[2.897s] Level 1:colcon.colcon_core.environment:checking '/home/ws/install/rmw_zenoh_cpp/lib/pkgconfig/rmw_zenoh_cpp.pc'
[2.897s] Level 1:colcon.colcon_core.environment:checking '/home/ws/install/rmw_zenoh_cpp/lib/python3.12/site-packages'
[2.897s] Level 1:colcon.colcon_core.environment:checking '/home/ws/install/rmw_zenoh_cpp/bin'
[2.898s] INFO:colcon.colcon_core.shell:Creating package script '/home/ws/install/rmw_zenoh_cpp/share/rmw_zenoh_cpp/package.ps1'
[2.900s] INFO:colcon.colcon_core.shell:Creating package descriptor '/home/ws/install/rmw_zenoh_cpp/share/rmw_zenoh_cpp/package.dsv'
[2.902s] INFO:colcon.colcon_core.shell:Creating package script '/home/ws/install/rmw_zenoh_cpp/share/rmw_zenoh_cpp/package.sh'
[2.903s] INFO:colcon.colcon_core.shell:Creating package script '/home/ws/install/rmw_zenoh_cpp/share/rmw_zenoh_cpp/package.bash'
[2.903s] INFO:colcon.colcon_core.shell:Creating package script '/home/ws/install/rmw_zenoh_cpp/share/rmw_zenoh_cpp/package.zsh'
[2.904s] Level 1:colcon.colcon_core.environment:create_file_with_runtime_dependencies(/home/ws/install/rmw_zenoh_cpp/share/colcon-core/packages/rmw_zenoh_cpp)
[2.905s] DEBUG:colcon.colcon_parallel_executor.executor.parallel:closing loop
[2.906s] DEBUG:colcon.colcon_parallel_executor.executor.parallel:loop closed
[2.907s] DEBUG:colcon.colcon_parallel_executor.executor.parallel:run_until_complete finished with '0'
[2.907s] DEBUG:colcon.colcon_core.event_reactor:joining thread
[2.919s] INFO:colcon.colcon_core.plugin_system:Skipping extension 'colcon_notification.desktop_notification.notify_send': Could not find 'notify-send'
[2.919s] INFO:colcon.colcon_core.plugin_system:Skipping extension 'colcon_notification.desktop_notification.terminal_notifier': Not used on non-Darwin systems
[2.919s] INFO:colcon.colcon_core.plugin_system:Skipping extension 'colcon_notification.desktop_notification.win32': Not used on non-Windows systems
[2.920s] INFO:colcon.colcon_notification.desktop_notification:Sending desktop notification using 'notify2'
[2.926s] DEBUG:colcon.colcon_notification.desktop_notification.notify2:Failed to initialize notify2: org.freedesktop.DBus.Error.Spawn.ExecFailed: /usr/bin/dbus-launch terminated abnormally without any error message
[2.926s] DEBUG:colcon.colcon_core.event_reactor:joined thread
[2.927s] INFO:colcon.colcon_core.shell:Creating prefix script '/home/ws/install/local_setup.ps1'
[2.930s] INFO:colcon.colcon_core.shell:Creating prefix util module '/home/ws/install/_local_setup_util_ps1.py'
[2.932s] INFO:colcon.colcon_core.shell:Creating prefix chain script '/home/ws/install/setup.ps1'
[2.935s] INFO:colcon.colcon_core.shell:Creating prefix script '/home/ws/install/local_setup.sh'
[2.936s] INFO:colcon.colcon_core.shell:Creating prefix util module '/home/ws/install/_local_setup_util_sh.py'
[2.938s] INFO:colcon.colcon_core.shell:Creating prefix chain script '/home/ws/install/setup.sh'
[2.941s] INFO:colcon.colcon_core.shell:Creating prefix script '/home/ws/install/local_setup.bash'
[2.942s] INFO:colcon.colcon_core.shell:Creating prefix chain script '/home/ws/install/setup.bash'
[2.945s] INFO:colcon.colcon_core.shell:Creating prefix script '/home/ws/install/local_setup.zsh'
[2.947s] INFO:colcon.colcon_core.shell:Creating prefix chain script '/home/ws/install/setup.zsh'
