[0.094s] Invoking command in '/home/ws/build/imu_hardware_interface': CMAKE_PREFIX_PATH=${CMAKE_PREFIX_PATH}:/home/ws/install/py_pubsub:/opt/ros/jazzy DEBUGINFOD_URLS=https://debuginfod.ubuntu.com /usr/bin/cmake /home/ws/src/imu_hardware_interface -DCMAKE_INSTALL_PREFIX=/home/ws/install/imu_hardware_interface
[0.682s] -- Found ament_cmake: 2.5.3 (/opt/ros/jazzy/share/ament_cmake/cmake)
[0.890s] -- Found hardware_interface: 4.28.1 (/opt/ros/jazzy/share/hardware_interface/cmake)
[1.012s] -- Found rosidl_generator_c: 4.6.5 (/opt/ros/jazzy/share/rosidl_generator_c/cmake)
[1.042s] -- Found rosidl_generator_cpp: 4.6.5 (/opt/ros/jazzy/share/rosidl_generator_cpp/cmake)
[1.074s] -- Using all available rosidl_typesupport_c: rosidl_typesupport_fastrtps_c;rosidl_typesupport_introspection_c
[1.114s] -- Using all available rosidl_typesupport_cpp: rosidl_typesupport_fastrtps_cpp;rosidl_typesupport_introspection_cpp
[1.582s] -- Found TinyXML2 via Config file: /usr/local/lib/cmake/tinyxml2
[1.666s] -- Found rmw_implementation_cmake: 7.3.1 (/opt/ros/jazzy/share/rmw_implementation_cmake/cmake)
[1.671s] -- Found rmw_zenoh_cpp: 0.2.2 (/home/ws/install/rmw_zenoh_cpp/share/rmw_zenoh_cpp/cmake)
[1.704s] -- Using RMW implementation 'rmw_zenoh_cpp' as default
[2.316s] -- Configuring done (2.2s)
[2.413s] -- Generating done (0.0s)
[2.430s] -- Build files have been written to: /home/ws/build/imu_hardware_interface
[2.452s] Invoked command in '/home/ws/build/imu_hardware_interface' returned '0': CMAKE_PREFIX_PATH=${CMAKE_PREFIX_PATH}:/home/ws/install/py_pubsub:/opt/ros/jazzy DEBUGINFOD_URLS=https://debuginfod.ubuntu.com /usr/bin/cmake /home/ws/src/imu_hardware_interface -DCMAKE_INSTALL_PREFIX=/home/ws/install/imu_hardware_interface
[2.453s] Invoking command in '/home/ws/build/imu_hardware_interface': CMAKE_PREFIX_PATH=${CMAKE_PREFIX_PATH}:/home/ws/install/py_pubsub:/opt/ros/jazzy DEBUGINFOD_URLS=https://debuginfod.ubuntu.com /usr/bin/cmake --build /home/ws/build/imu_hardware_interface -- -j8 -l8
[2.691s] [100%] Built target imu_hardware_interface
[2.734s] Invoked command in '/home/ws/build/imu_hardware_interface' returned '0': CMAKE_PREFIX_PATH=${CMAKE_PREFIX_PATH}:/home/ws/install/py_pubsub:/opt/ros/jazzy DEBUGINFOD_URLS=https://debuginfod.ubuntu.com /usr/bin/cmake --build /home/ws/build/imu_hardware_interface -- -j8 -l8
[2.735s] Invoking command in '/home/ws/build/imu_hardware_interface': CMAKE_PREFIX_PATH=${CMAKE_PREFIX_PATH}:/home/ws/install/py_pubsub:/opt/ros/jazzy DEBUGINFOD_URLS=https://debuginfod.ubuntu.com /usr/bin/cmake --install /home/ws/build/imu_hardware_interface
[2.789s] -- Install configuration: "Release"
[2.793s] -- Up-to-date: /home/ws/install/imu_hardware_interface/share/imu_hardware_interface/imu_hardware_interface.xml
[2.795s] -- Up-to-date: /home/ws/install/imu_hardware_interface/lib/libimu_hardware_interface.so
[2.800s] -- Up-to-date: /home/ws/install/imu_hardware_interface/include
[2.801s] -- Up-to-date: /home/ws/install/imu_hardware_interface/include/imu_hardware_interface
[2.801s] -- Up-to-date: /home/ws/install/imu_hardware_interface/include/imu_hardware_interface/imu_hardware_interface.hpp
[2.801s] -- Up-to-date: /home/ws/install/imu_hardware_interface/share/imu_hardware_interface/environment/library_path.sh
[2.801s] -- Up-to-date: /home/ws/install/imu_hardware_interface/share/imu_hardware_interface/environment/library_path.dsv
[2.801s] -- Up-to-date: /home/ws/install/imu_hardware_interface/lib/libimu_hardware_interface.so
[2.801s] -- Up-to-date: /home/ws/install/imu_hardware_interface/share/ament_index/resource_index/package_run_dependencies/imu_hardware_interface
[2.802s] -- Installing: /home/ws/install/imu_hardware_interface/share/ament_index/resource_index/parent_prefix_path/imu_hardware_interface
[2.807s] -- Up-to-date: /home/ws/install/imu_hardware_interface/share/imu_hardware_interface/environment/ament_prefix_path.sh
[2.807s] -- Up-to-date: /home/ws/install/imu_hardware_interface/share/imu_hardware_interface/environment/ament_prefix_path.dsv
[2.807s] -- Up-to-date: /home/ws/install/imu_hardware_interface/share/imu_hardware_interface/environment/path.sh
[2.807s] -- Up-to-date: /home/ws/install/imu_hardware_interface/share/imu_hardware_interface/environment/path.dsv
[2.807s] -- Up-to-date: /home/ws/install/imu_hardware_interface/share/imu_hardware_interface/local_setup.bash
[2.808s] -- Up-to-date: /home/ws/install/imu_hardware_interface/share/imu_hardware_interface/local_setup.sh
[2.808s] -- Up-to-date: /home/ws/install/imu_hardware_interface/share/imu_hardware_interface/local_setup.zsh
[2.808s] -- Up-to-date: /home/ws/install/imu_hardware_interface/share/imu_hardware_interface/local_setup.dsv
[2.808s] -- Installing: /home/ws/install/imu_hardware_interface/share/imu_hardware_interface/package.dsv
[2.808s] -- Up-to-date: /home/ws/install/imu_hardware_interface/share/ament_index/resource_index/packages/imu_hardware_interface
[2.814s] -- Up-to-date: /home/ws/install/imu_hardware_interface/share/ament_index/resource_index/hardware_interface__pluginlib__plugin/imu_hardware_interface
[2.814s] -- Up-to-date: /home/ws/install/imu_hardware_interface/share/imu_hardware_interface/cmake/ament_cmake_export_include_directories-extras.cmake
[2.814s] -- Up-to-date: /home/ws/install/imu_hardware_interface/share/imu_hardware_interface/cmake/ament_cmake_export_libraries-extras.cmake
[2.814s] -- Up-to-date: /home/ws/install/imu_hardware_interface/share/imu_hardware_interface/cmake/ament_cmake_export_dependencies-extras.cmake
[2.814s] -- Up-to-date: /home/ws/install/imu_hardware_interface/share/imu_hardware_interface/cmake/imu_hardware_interfaceConfig.cmake
[2.815s] -- Up-to-date: /home/ws/install/imu_hardware_interface/share/imu_hardware_interface/cmake/imu_hardware_interfaceConfig-version.cmake
[2.815s] -- Up-to-date: /home/ws/install/imu_hardware_interface/share/imu_hardware_interface/package.xml
[2.847s] Invoked command in '/home/ws/build/imu_hardware_interface' returned '0': CMAKE_PREFIX_PATH=${CMAKE_PREFIX_PATH}:/home/ws/install/py_pubsub:/opt/ros/jazzy DEBUGINFOD_URLS=https://debuginfod.ubuntu.com /usr/bin/cmake --install /home/ws/build/imu_hardware_interface
