-- Found ament_cmake: 2.5.3 (/opt/ros/jazzy/share/ament_cmake/cmake)
-- Found ament_index_cpp: 1.8.1 (/opt/ros/jazzy/share/ament_index_cpp/cmake)
-- Found rcpputils: 2.11.1 (/opt/ros/jazzy/share/rcpputils/cmake)
-- Found rosidl_typesupport_fastrtps_c: 3.6.1 (/opt/ros/jazzy/share/rosidl_typesupport_fastrtps_c/cmake)
-- Found rosidl_generator_c: 4.6.5 (/opt/ros/jazzy/share/rosidl_generator_c/cmake)
-- Found rosidl_typesupport_fastrtps_cpp: 3.6.1 (/opt/ros/jazzy/share/rosidl_typesupport_fastrtps_cpp/cmake)
-- Found rosidl_generator_cpp: 4.6.5 (/opt/ros/jazzy/share/rosidl_generator_cpp/cmake)
-- Found tracetools: 8.2.3 (/opt/ros/jazzy/share/tracetools/cmake)
-- Found zenoh_cpp_vendor: 0.2.2 (/home/ws/install/zenoh_cpp_vendor/share/zenoh_cpp_vendor/cmake)
-- defined lib target zenohcxx::zenohc for zenohc::lib
-- Found ament_cmake_copyright: 0.17.1 (/opt/ros/jazzy/share/ament_cmake_copyright/cmake)
-- Found ament_cmake_cpplint: 0.17.1 (/opt/ros/jazzy/share/ament_cmake_cpplint/cmake)
-- Found ament_cmake_lint_cmake: 0.17.1 (/opt/ros/jazzy/share/ament_cmake_lint_cmake/cmake)
-- Found ament_cmake_uncrustify: 0.17.1 (/opt/ros/jazzy/share/ament_cmake_uncrustify/cmake)
-- Found ament_cmake_xmllint: 0.17.1 (/opt/ros/jazzy/share/ament_cmake_xmllint/cmake)
-- Configuring done (1.5s)
-- Generating done (0.1s)
-- Build files have been written to: /home/ws/build/rmw_zenoh_cpp
[  2%] [32mBuilding CXX object CMakeFiles/rmw_zenohd.dir/src/detail/liveliness_utils.cpp.o[0m
[  5%] [32mBuilding CXX object CMakeFiles/rmw_zenohd.dir/src/detail/logging.cpp.o[0m
[  7%] [32mBuilding CXX object CMakeFiles/rmw_zenohd.dir/src/detail/qos.cpp.o[0m
[ 10%] [32mBuilding CXX object CMakeFiles/rmw_zenoh_cpp.dir/src/detail/attachment_helpers.cpp.o[0m
[ 12%] [32mBuilding CXX object CMakeFiles/rmw_zenohd.dir/src/detail/simplified_xxhash3.cpp.o[0m
[ 15%] [32mBuilding CXX object CMakeFiles/rmw_zenoh_cpp.dir/src/detail/event.cpp.o[0m
[ 17%] [32mBuilding CXX object CMakeFiles/rmw_zenohd.dir/src/detail/zenoh_config.cpp.o[0m
[ 20%] [32mBuilding CXX object CMakeFiles/rmw_zenoh_cpp.dir/src/detail/cdr.cpp.o[0m
[ 22%] [32mBuilding CXX object CMakeFiles/rmw_zenohd.dir/src/zenohd/main.cpp.o[0m
[ 25%] [32mBuilding CXX object CMakeFiles/rmw_zenoh_cpp.dir/src/detail/identifier.cpp.o[0m
[ 27%] [32mBuilding CXX object CMakeFiles/rmw_zenoh_cpp.dir/src/detail/graph_cache.cpp.o[0m
[ 30%] [32m[1mLinking CXX executable rmw_zenohd[0m
[ 30%] Built target rmw_zenohd
[ 32%] [32mBuilding CXX object CMakeFiles/rmw_zenoh_cpp.dir/src/detail/rmw_context_impl_s.cpp.o[0m
[ 35%] [32mBuilding CXX object CMakeFiles/rmw_zenoh_cpp.dir/src/detail/rmw_publisher_data.cpp.o[0m
[ 37%] [32mBuilding CXX object CMakeFiles/rmw_zenoh_cpp.dir/src/detail/rmw_node_data.cpp.o[0m
[ 40%] [32mBuilding CXX object CMakeFiles/rmw_zenoh_cpp.dir/src/detail/rmw_service_data.cpp.o[0m
[ 42%] [32mBuilding CXX object CMakeFiles/rmw_zenoh_cpp.dir/src/detail/rmw_subscription_data.cpp.o[0m
[ 45%] [32mBuilding CXX object CMakeFiles/rmw_zenoh_cpp.dir/src/detail/service_type_support.cpp.o[0m
[ 47%] [32mBuilding CXX object CMakeFiles/rmw_zenoh_cpp.dir/src/detail/simplified_xxhash3.cpp.o[0m
[ 50%] [32mBuilding CXX object CMakeFiles/rmw_zenoh_cpp.dir/src/detail/type_support.cpp.o[0m
[ 52%] [32mBuilding CXX object CMakeFiles/rmw_zenoh_cpp.dir/src/detail/type_support_common.cpp.o[0m
[ 55%] [32mBuilding CXX object CMakeFiles/rmw_zenoh_cpp.dir/src/detail/zenoh_config.cpp.o[0m
[ 57%] [32mBuilding CXX object CMakeFiles/rmw_zenoh_cpp.dir/src/detail/zenoh_utils.cpp.o[0m
[ 60%] [32mBuilding CXX object CMakeFiles/rmw_zenoh_cpp.dir/src/rmw_event.cpp.o[0m
[ 62%] [32mBuilding CXX object CMakeFiles/rmw_zenoh_cpp.dir/src/rmw_get_network_flow_endpoints.cpp.o[0m
[ 65%] [32mBuilding CXX object CMakeFiles/rmw_zenoh_cpp.dir/src/rmw_get_node_info_and_types.cpp.o[0m
[ 67%] [32mBuilding CXX object CMakeFiles/rmw_zenoh_cpp.dir/src/rmw_get_service_names_and_types.cpp.o[0m
[ 70%] [32mBuilding CXX object CMakeFiles/rmw_zenoh_cpp.dir/src/rmw_get_topic_endpoint_info.cpp.o[0m
[ 72%] [32mBuilding CXX object CMakeFiles/rmw_zenoh_cpp.dir/src/rmw_get_topic_names_and_types.cpp.o[0m
[ 75%] [32mBuilding CXX object CMakeFiles/rmw_zenoh_cpp.dir/src/rmw_init_options.cpp.o[0m
[ 77%] [32mBuilding CXX object CMakeFiles/rmw_zenoh_cpp.dir/src/rmw_init.cpp.o[0m
[ 80%] [32mBuilding CXX object CMakeFiles/rmw_zenoh_cpp.dir/src/rmw_qos.cpp.o[0m
[ 82%] [32mBuilding CXX object CMakeFiles/rmw_zenoh_cpp.dir/src/rmw_zenoh.cpp.o[0m
[ 85%] [32mBuilding CXX object CMakeFiles/rmw_zenoh_cpp.dir/src/detail/rmw_client_data.cpp.o[0m
[ 87%] [32mBuilding CXX object CMakeFiles/rmw_zenoh_cpp.dir/src/detail/qos.cpp.o[0m
[ 90%] [32mBuilding CXX object CMakeFiles/rmw_zenoh_cpp.dir/src/detail/message_type_support.cpp.o[0m
[ 92%] [32mBuilding CXX object CMakeFiles/rmw_zenoh_cpp.dir/src/detail/logging.cpp.o[0m
[ 95%] [32mBuilding CXX object CMakeFiles/rmw_zenoh_cpp.dir/src/detail/liveliness_utils.cpp.o[0m
[ 97%] [32mBuilding CXX object CMakeFiles/rmw_zenoh_cpp.dir/src/detail/guard_condition.cpp.o[0m
[100%] [32m[1mLinking CXX shared library librmw_zenoh_cpp.so[0m
[100%] Built target rmw_zenoh_cpp
-- Install configuration: "Release"
-- Up-to-date: /home/ws/install/rmw_zenoh_cpp/share/ament_index/resource_index/rmw_typesupport_c/rmw_zenoh_cpp
-- Up-to-date: /home/ws/install/rmw_zenoh_cpp/share/ament_index/resource_index/rmw_typesupport_cpp/rmw_zenoh_cpp
-- Up-to-date: /home/ws/install/rmw_zenoh_cpp/share/ament_index/resource_index/rmw_typesupport/rmw_zenoh_cpp
-- Installing: /home/ws/install/rmw_zenoh_cpp/lib/librmw_zenoh_cpp.so
-- Set non-toolchain portion of runtime path of "/home/ws/install/rmw_zenoh_cpp/lib/librmw_zenoh_cpp.so" to ""
-- Up-to-date: /home/ws/install/rmw_zenoh_cpp/share/rmw_zenoh_cpp/config
-- Up-to-date: /home/ws/install/rmw_zenoh_cpp/share/rmw_zenoh_cpp/config/DEFAULT_RMW_ZENOH_SESSION_CONFIG.json5
-- Up-to-date: /home/ws/install/rmw_zenoh_cpp/share/rmw_zenoh_cpp/config/DEFAULT_RMW_ZENOH_ROUTER_CONFIG.json5
-- Up-to-date: /home/ws/install/rmw_zenoh_cpp/share/rmw_zenoh_cpp/config/routerconfig.json5
-- Installing: /home/ws/install/rmw_zenoh_cpp/lib/rmw_zenoh_cpp/rmw_zenohd
-- Set non-toolchain portion of runtime path of "/home/ws/install/rmw_zenoh_cpp/lib/rmw_zenoh_cpp/rmw_zenohd" to ""
-- Up-to-date: /home/ws/install/rmw_zenoh_cpp/share/ament_index/resource_index/package_run_dependencies/rmw_zenoh_cpp
-- Up-to-date: /home/ws/install/rmw_zenoh_cpp/share/ament_index/resource_index/parent_prefix_path/rmw_zenoh_cpp
-- Up-to-date: /home/ws/install/rmw_zenoh_cpp/share/rmw_zenoh_cpp/environment/ament_prefix_path.sh
-- Up-to-date: /home/ws/install/rmw_zenoh_cpp/share/rmw_zenoh_cpp/environment/ament_prefix_path.dsv
-- Up-to-date: /home/ws/install/rmw_zenoh_cpp/share/rmw_zenoh_cpp/environment/path.sh
-- Up-to-date: /home/ws/install/rmw_zenoh_cpp/share/rmw_zenoh_cpp/environment/path.dsv
-- Up-to-date: /home/ws/install/rmw_zenoh_cpp/share/rmw_zenoh_cpp/local_setup.bash
-- Up-to-date: /home/ws/install/rmw_zenoh_cpp/share/rmw_zenoh_cpp/local_setup.sh
-- Up-to-date: /home/ws/install/rmw_zenoh_cpp/share/rmw_zenoh_cpp/local_setup.zsh
-- Up-to-date: /home/ws/install/rmw_zenoh_cpp/share/rmw_zenoh_cpp/local_setup.dsv
-- Installing: /home/ws/install/rmw_zenoh_cpp/share/rmw_zenoh_cpp/package.dsv
-- Up-to-date: /home/ws/install/rmw_zenoh_cpp/share/ament_index/resource_index/packages/rmw_zenoh_cpp
-- Up-to-date: /home/ws/install/rmw_zenoh_cpp/share/rmw_zenoh_cpp/cmake/export_rmw_zenoh_cppExport.cmake
-- Installing: /home/ws/install/rmw_zenoh_cpp/share/rmw_zenoh_cpp/cmake/export_rmw_zenoh_cppExport-release.cmake
-- Up-to-date: /home/ws/install/rmw_zenoh_cpp/share/rmw_zenoh_cpp/cmake/ament_cmake_export_targets-extras.cmake
-- Up-to-date: /home/ws/install/rmw_zenoh_cpp/share/rmw_zenoh_cpp/cmake/rmw_zenoh_cppConfig.cmake
-- Up-to-date: /home/ws/install/rmw_zenoh_cpp/share/rmw_zenoh_cpp/cmake/rmw_zenoh_cppConfig-version.cmake
-- Up-to-date: /home/ws/install/rmw_zenoh_cpp/share/rmw_zenoh_cpp/package.xml
