[0.082s] Invoking command in '/home/ws/build/rmw_zenoh_cpp': CMAKE_PREFIX_PATH=/home/ws/install/zenoh_cpp_vendor:/home/ws/install/rmw_zenoh_cpp:/home/ws/install/quadruped_utils:/home/ws/install/quadruped_urdf:/home/ws/install/quadruped_sim:/home/ws/install/quadruped_mpc:/home/ws/install/quadruped_msgs:/home/ws/install/quadruped_hardware:/home/ws/install/quadruped_bringup:/home/ws/install/imu_hardware_interface:/home/ws/install/cpp_pubsub:/home/ws/install/bno08x_driver:/opt/ros/jazzy/opt/gz_sim_vendor:/opt/ros/jazzy/opt/gz_sensors_vendor:/opt/ros/jazzy/opt/gz_physics_vendor:/opt/ros/jazzy/opt/sdformat_vendor:/opt/ros/jazzy/opt/gz_gui_vendor:/opt/ros/jazzy/opt/gz_transport_vendor:/opt/ros/jazzy/opt/gz_rendering_vendor:/opt/ros/jazzy/opt/gz_plugin_vendor:/opt/ros/jazzy/opt/gz_fuel_tools_vendor:/opt/ros/jazzy/opt/gz_msgs_vendor:/opt/ros/jazzy/opt/gz_common_vendor:/opt/ros/jazzy/opt/gz_math_vendor:/opt/ros/jazzy/opt/gz_utils_vendor:/opt/ros/jazzy/opt/gz_tools_vendor:/opt/ros/jazzy/opt/gz_ogre_next_vendor:/opt/ros/jazzy/opt/gz_dartsim_vendor:/opt/ros/jazzy/opt/gz_cmake_vendor:/home/ws/install/py_pubsub:/opt/ros/jazzy DEBUGINFOD_URLS=https://debuginfod.ubuntu.com /usr/bin/cmake /home/ws/src/rmw_zenoh/rmw_zenoh_cpp -DCMAKE_BUILD_TYPE=Release -DCMAKE_INSTALL_PREFIX=/home/ws/install/rmw_zenoh_cpp
[0.132s] -- Found ament_cmake: 2.5.3 (/opt/ros/jazzy/share/ament_cmake/cmake)
[0.854s] -- Found ament_index_cpp: 1.8.1 (/opt/ros/jazzy/share/ament_index_cpp/cmake)
[0.855s] -- Found rcpputils: 2.11.1 (/opt/ros/jazzy/share/rcpputils/cmake)
[0.875s] -- Found rosidl_typesupport_fastrtps_c: 3.6.1 (/opt/ros/jazzy/share/rosidl_typesupport_fastrtps_c/cmake)
[0.879s] -- Found rosidl_generator_c: 4.6.5 (/opt/ros/jazzy/share/rosidl_generator_c/cmake)
[0.913s] -- Found rosidl_typesupport_fastrtps_cpp: 3.6.1 (/opt/ros/jazzy/share/rosidl_typesupport_fastrtps_cpp/cmake)
[0.918s] -- Found rosidl_generator_cpp: 4.6.5 (/opt/ros/jazzy/share/rosidl_generator_cpp/cmake)
[0.981s] -- Found tracetools: 8.2.3 (/opt/ros/jazzy/share/tracetools/cmake)
[1.013s] -- Found zenoh_cpp_vendor: 0.2.2 (/home/ws/install/zenoh_cpp_vendor/share/zenoh_cpp_vendor/cmake)
[1.038s] -- defined lib target zenohcxx::zenohc for zenohc::lib
[1.041s] -- Found ament_cmake_copyright: 0.17.1 (/opt/ros/jazzy/share/ament_cmake_copyright/cmake)
[1.042s] -- Found ament_cmake_cpplint: 0.17.1 (/opt/ros/jazzy/share/ament_cmake_cpplint/cmake)
[1.052s] -- Found ament_cmake_lint_cmake: 0.17.1 (/opt/ros/jazzy/share/ament_cmake_lint_cmake/cmake)
[1.058s] -- Found ament_cmake_uncrustify: 0.17.1 (/opt/ros/jazzy/share/ament_cmake_uncrustify/cmake)
[1.068s] -- Found ament_cmake_xmllint: 0.17.1 (/opt/ros/jazzy/share/ament_cmake_xmllint/cmake)
[1.599s] -- Configuring done (1.5s)
[1.712s] -- Generating done (0.1s)
[1.737s] -- Build files have been written to: /home/ws/build/rmw_zenoh_cpp
[1.767s] Invoked command in '/home/ws/build/rmw_zenoh_cpp' returned '0': CMAKE_PREFIX_PATH=/home/ws/install/zenoh_cpp_vendor:/home/ws/install/rmw_zenoh_cpp:/home/ws/install/quadruped_utils:/home/ws/install/quadruped_urdf:/home/ws/install/quadruped_sim:/home/ws/install/quadruped_mpc:/home/ws/install/quadruped_msgs:/home/ws/install/quadruped_hardware:/home/ws/install/quadruped_bringup:/home/ws/install/imu_hardware_interface:/home/ws/install/cpp_pubsub:/home/ws/install/bno08x_driver:/opt/ros/jazzy/opt/gz_sim_vendor:/opt/ros/jazzy/opt/gz_sensors_vendor:/opt/ros/jazzy/opt/gz_physics_vendor:/opt/ros/jazzy/opt/sdformat_vendor:/opt/ros/jazzy/opt/gz_gui_vendor:/opt/ros/jazzy/opt/gz_transport_vendor:/opt/ros/jazzy/opt/gz_rendering_vendor:/opt/ros/jazzy/opt/gz_plugin_vendor:/opt/ros/jazzy/opt/gz_fuel_tools_vendor:/opt/ros/jazzy/opt/gz_msgs_vendor:/opt/ros/jazzy/opt/gz_common_vendor:/opt/ros/jazzy/opt/gz_math_vendor:/opt/ros/jazzy/opt/gz_utils_vendor:/opt/ros/jazzy/opt/gz_tools_vendor:/opt/ros/jazzy/opt/gz_ogre_next_vendor:/opt/ros/jazzy/opt/gz_dartsim_vendor:/opt/ros/jazzy/opt/gz_cmake_vendor:/home/ws/install/py_pubsub:/opt/ros/jazzy DEBUGINFOD_URLS=https://debuginfod.ubuntu.com /usr/bin/cmake /home/ws/src/rmw_zenoh/rmw_zenoh_cpp -DCMAKE_BUILD_TYPE=Release -DCMAKE_INSTALL_PREFIX=/home/ws/install/rmw_zenoh_cpp
[1.768s] Invoking command in '/home/ws/build/rmw_zenoh_cpp': CMAKE_PREFIX_PATH=/home/ws/install/zenoh_cpp_vendor:/home/ws/install/rmw_zenoh_cpp:/home/ws/install/quadruped_utils:/home/ws/install/quadruped_urdf:/home/ws/install/quadruped_sim:/home/ws/install/quadruped_mpc:/home/ws/install/quadruped_msgs:/home/ws/install/quadruped_hardware:/home/ws/install/quadruped_bringup:/home/ws/install/imu_hardware_interface:/home/ws/install/cpp_pubsub:/home/ws/install/bno08x_driver:/opt/ros/jazzy/opt/gz_sim_vendor:/opt/ros/jazzy/opt/gz_sensors_vendor:/opt/ros/jazzy/opt/gz_physics_vendor:/opt/ros/jazzy/opt/sdformat_vendor:/opt/ros/jazzy/opt/gz_gui_vendor:/opt/ros/jazzy/opt/gz_transport_vendor:/opt/ros/jazzy/opt/gz_rendering_vendor:/opt/ros/jazzy/opt/gz_plugin_vendor:/opt/ros/jazzy/opt/gz_fuel_tools_vendor:/opt/ros/jazzy/opt/gz_msgs_vendor:/opt/ros/jazzy/opt/gz_common_vendor:/opt/ros/jazzy/opt/gz_math_vendor:/opt/ros/jazzy/opt/gz_utils_vendor:/opt/ros/jazzy/opt/gz_tools_vendor:/opt/ros/jazzy/opt/gz_ogre_next_vendor:/opt/ros/jazzy/opt/gz_dartsim_vendor:/opt/ros/jazzy/opt/gz_cmake_vendor:/home/ws/install/py_pubsub:/opt/ros/jazzy DEBUGINFOD_URLS=https://debuginfod.ubuntu.com /usr/bin/cmake --build /home/ws/build/rmw_zenoh_cpp -- -j8 -l8
[2.636s] [  2%] [32mBuilding CXX object CMakeFiles/rmw_zenohd.dir/src/detail/liveliness_utils.cpp.o[0m
[2.636s] [  5%] [32mBuilding CXX object CMakeFiles/rmw_zenohd.dir/src/detail/logging.cpp.o[0m
[2.636s] [  7%] [32mBuilding CXX object CMakeFiles/rmw_zenohd.dir/src/detail/qos.cpp.o[0m
[2.636s] [ 10%] [32mBuilding CXX object CMakeFiles/rmw_zenoh_cpp.dir/src/detail/attachment_helpers.cpp.o[0m
[2.637s] [ 12%] [32mBuilding CXX object CMakeFiles/rmw_zenohd.dir/src/detail/simplified_xxhash3.cpp.o[0m
[2.637s] [ 15%] [32mBuilding CXX object CMakeFiles/rmw_zenoh_cpp.dir/src/detail/event.cpp.o[0m
[2.637s] [ 17%] [32mBuilding CXX object CMakeFiles/rmw_zenohd.dir/src/detail/zenoh_config.cpp.o[0m
[2.637s] [ 20%] [32mBuilding CXX object CMakeFiles/rmw_zenoh_cpp.dir/src/detail/cdr.cpp.o[0m
[2.852s] [ 22%] [32mBuilding CXX object CMakeFiles/rmw_zenohd.dir/src/zenohd/main.cpp.o[0m
[3.436s] [ 25%] [32mBuilding CXX object CMakeFiles/rmw_zenoh_cpp.dir/src/detail/identifier.cpp.o[0m
[3.671s] [ 27%] [32mBuilding CXX object CMakeFiles/rmw_zenoh_cpp.dir/src/detail/graph_cache.cpp.o[0m
[16.644s] [ 30%] [32m[1mLinking CXX executable rmw_zenohd[0m
[16.971s] [ 30%] Built target rmw_zenohd
[19.754s] [ 32%] [32mBuilding CXX object CMakeFiles/rmw_zenoh_cpp.dir/src/detail/rmw_context_impl_s.cpp.o[0m
[27.070s] [ 35%] [32mBuilding CXX object CMakeFiles/rmw_zenoh_cpp.dir/src/detail/rmw_publisher_data.cpp.o[0m
[31.760s] [ 37%] [32mBuilding CXX object CMakeFiles/rmw_zenoh_cpp.dir/src/detail/rmw_node_data.cpp.o[0m
[37.122s] [ 40%] [32mBuilding CXX object CMakeFiles/rmw_zenoh_cpp.dir/src/detail/rmw_service_data.cpp.o[0m
[42.979s] [ 42%] [32mBuilding CXX object CMakeFiles/rmw_zenoh_cpp.dir/src/detail/rmw_subscription_data.cpp.o[0m
[48.257s] [ 45%] [32mBuilding CXX object CMakeFiles/rmw_zenoh_cpp.dir/src/detail/service_type_support.cpp.o[0m
[49.287s] [ 47%] [32mBuilding CXX object CMakeFiles/rmw_zenoh_cpp.dir/src/detail/simplified_xxhash3.cpp.o[0m
[49.686s] [ 50%] [32mBuilding CXX object CMakeFiles/rmw_zenoh_cpp.dir/src/detail/type_support.cpp.o[0m
[50.777s] [ 52%] [32mBuilding CXX object CMakeFiles/rmw_zenoh_cpp.dir/src/detail/type_support_common.cpp.o[0m
[52.051s] [ 55%] [32mBuilding CXX object CMakeFiles/rmw_zenoh_cpp.dir/src/detail/zenoh_config.cpp.o[0m
[54.638s] [ 57%] [32mBuilding CXX object CMakeFiles/rmw_zenoh_cpp.dir/src/detail/zenoh_utils.cpp.o[0m
[57.110s] [ 60%] [32mBuilding CXX object CMakeFiles/rmw_zenoh_cpp.dir/src/rmw_event.cpp.o[0m
[60.298s] [ 62%] [32mBuilding CXX object CMakeFiles/rmw_zenoh_cpp.dir/src/rmw_get_network_flow_endpoints.cpp.o[0m
[60.431s] [ 65%] [32mBuilding CXX object CMakeFiles/rmw_zenoh_cpp.dir/src/rmw_get_node_info_and_types.cpp.o[0m
[63.431s] [ 67%] [32mBuilding CXX object CMakeFiles/rmw_zenoh_cpp.dir/src/rmw_get_service_names_and_types.cpp.o[0m
[66.323s] [ 70%] [32mBuilding CXX object CMakeFiles/rmw_zenoh_cpp.dir/src/rmw_get_topic_endpoint_info.cpp.o[0m
[69.237s] [ 72%] [32mBuilding CXX object CMakeFiles/rmw_zenoh_cpp.dir/src/rmw_get_topic_names_and_types.cpp.o[0m
[72.139s] [ 75%] [32mBuilding CXX object CMakeFiles/rmw_zenoh_cpp.dir/src/rmw_init_options.cpp.o[0m
[74.227s] [ 77%] [32mBuilding CXX object CMakeFiles/rmw_zenoh_cpp.dir/src/rmw_init.cpp.o[0m
[77.299s] [ 80%] [32mBuilding CXX object CMakeFiles/rmw_zenoh_cpp.dir/src/rmw_qos.cpp.o[0m
[77.452s] [ 82%] [32mBuilding CXX object CMakeFiles/rmw_zenoh_cpp.dir/src/rmw_zenoh.cpp.o[0m
[82.457s] [ 85%] [32mBuilding CXX object CMakeFiles/rmw_zenoh_cpp.dir/src/detail/rmw_client_data.cpp.o[0m
[87.350s] [ 87%] [32mBuilding CXX object CMakeFiles/rmw_zenoh_cpp.dir/src/detail/qos.cpp.o[0m
[87.910s] [ 90%] [32mBuilding CXX object CMakeFiles/rmw_zenoh_cpp.dir/src/detail/message_type_support.cpp.o[0m
[88.867s] [ 92%] [32mBuilding CXX object CMakeFiles/rmw_zenoh_cpp.dir/src/detail/logging.cpp.o[0m
[89.018s] [ 95%] [32mBuilding CXX object CMakeFiles/rmw_zenoh_cpp.dir/src/detail/liveliness_utils.cpp.o[0m
[95.402s] [ 97%] [32mBuilding CXX object CMakeFiles/rmw_zenoh_cpp.dir/src/detail/guard_condition.cpp.o[0m
[95.912s] [100%] [32m[1mLinking CXX shared library librmw_zenoh_cpp.so[0m
[96.108s] [100%] Built target rmw_zenoh_cpp
[96.138s] Invoked command in '/home/ws/build/rmw_zenoh_cpp' returned '0': CMAKE_PREFIX_PATH=/home/ws/install/zenoh_cpp_vendor:/home/ws/install/rmw_zenoh_cpp:/home/ws/install/quadruped_utils:/home/ws/install/quadruped_urdf:/home/ws/install/quadruped_sim:/home/ws/install/quadruped_mpc:/home/ws/install/quadruped_msgs:/home/ws/install/quadruped_hardware:/home/ws/install/quadruped_bringup:/home/ws/install/imu_hardware_interface:/home/ws/install/cpp_pubsub:/home/ws/install/bno08x_driver:/opt/ros/jazzy/opt/gz_sim_vendor:/opt/ros/jazzy/opt/gz_sensors_vendor:/opt/ros/jazzy/opt/gz_physics_vendor:/opt/ros/jazzy/opt/sdformat_vendor:/opt/ros/jazzy/opt/gz_gui_vendor:/opt/ros/jazzy/opt/gz_transport_vendor:/opt/ros/jazzy/opt/gz_rendering_vendor:/opt/ros/jazzy/opt/gz_plugin_vendor:/opt/ros/jazzy/opt/gz_fuel_tools_vendor:/opt/ros/jazzy/opt/gz_msgs_vendor:/opt/ros/jazzy/opt/gz_common_vendor:/opt/ros/jazzy/opt/gz_math_vendor:/opt/ros/jazzy/opt/gz_utils_vendor:/opt/ros/jazzy/opt/gz_tools_vendor:/opt/ros/jazzy/opt/gz_ogre_next_vendor:/opt/ros/jazzy/opt/gz_dartsim_vendor:/opt/ros/jazzy/opt/gz_cmake_vendor:/home/ws/install/py_pubsub:/opt/ros/jazzy DEBUGINFOD_URLS=https://debuginfod.ubuntu.com /usr/bin/cmake --build /home/ws/build/rmw_zenoh_cpp -- -j8 -l8
[96.140s] Invoking command in '/home/ws/build/rmw_zenoh_cpp': CMAKE_PREFIX_PATH=/home/ws/install/zenoh_cpp_vendor:/home/ws/install/rmw_zenoh_cpp:/home/ws/install/quadruped_utils:/home/ws/install/quadruped_urdf:/home/ws/install/quadruped_sim:/home/ws/install/quadruped_mpc:/home/ws/install/quadruped_msgs:/home/ws/install/quadruped_hardware:/home/ws/install/quadruped_bringup:/home/ws/install/imu_hardware_interface:/home/ws/install/cpp_pubsub:/home/ws/install/bno08x_driver:/opt/ros/jazzy/opt/gz_sim_vendor:/opt/ros/jazzy/opt/gz_sensors_vendor:/opt/ros/jazzy/opt/gz_physics_vendor:/opt/ros/jazzy/opt/sdformat_vendor:/opt/ros/jazzy/opt/gz_gui_vendor:/opt/ros/jazzy/opt/gz_transport_vendor:/opt/ros/jazzy/opt/gz_rendering_vendor:/opt/ros/jazzy/opt/gz_plugin_vendor:/opt/ros/jazzy/opt/gz_fuel_tools_vendor:/opt/ros/jazzy/opt/gz_msgs_vendor:/opt/ros/jazzy/opt/gz_common_vendor:/opt/ros/jazzy/opt/gz_math_vendor:/opt/ros/jazzy/opt/gz_utils_vendor:/opt/ros/jazzy/opt/gz_tools_vendor:/opt/ros/jazzy/opt/gz_ogre_next_vendor:/opt/ros/jazzy/opt/gz_dartsim_vendor:/opt/ros/jazzy/opt/gz_cmake_vendor:/home/ws/install/py_pubsub:/opt/ros/jazzy DEBUGINFOD_URLS=https://debuginfod.ubuntu.com /usr/bin/cmake --install /home/ws/build/rmw_zenoh_cpp
[96.161s] -- Install configuration: "Release"
[96.161s] -- Up-to-date: /home/ws/install/rmw_zenoh_cpp/share/ament_index/resource_index/rmw_typesupport_c/rmw_zenoh_cpp
[96.162s] -- Up-to-date: /home/ws/install/rmw_zenoh_cpp/share/ament_index/resource_index/rmw_typesupport_cpp/rmw_zenoh_cpp
[96.162s] -- Up-to-date: /home/ws/install/rmw_zenoh_cpp/share/ament_index/resource_index/rmw_typesupport/rmw_zenoh_cpp
[96.162s] -- Installing: /home/ws/install/rmw_zenoh_cpp/lib/librmw_zenoh_cpp.so
[96.165s] -- Set non-toolchain portion of runtime path of "/home/ws/install/rmw_zenoh_cpp/lib/librmw_zenoh_cpp.so" to ""
[96.165s] -- Up-to-date: /home/ws/install/rmw_zenoh_cpp/share/rmw_zenoh_cpp/config
[96.165s] -- Up-to-date: /home/ws/install/rmw_zenoh_cpp/share/rmw_zenoh_cpp/config/DEFAULT_RMW_ZENOH_SESSION_CONFIG.json5
[96.166s] -- Up-to-date: /home/ws/install/rmw_zenoh_cpp/share/rmw_zenoh_cpp/config/DEFAULT_RMW_ZENOH_ROUTER_CONFIG.json5
[96.166s] -- Up-to-date: /home/ws/install/rmw_zenoh_cpp/share/rmw_zenoh_cpp/config/routerconfig.json5
[96.166s] -- Installing: /home/ws/install/rmw_zenoh_cpp/lib/rmw_zenoh_cpp/rmw_zenohd
[96.167s] -- Set non-toolchain portion of runtime path of "/home/ws/install/rmw_zenoh_cpp/lib/rmw_zenoh_cpp/rmw_zenohd" to ""
[96.167s] -- Up-to-date: /home/ws/install/rmw_zenoh_cpp/share/ament_index/resource_index/package_run_dependencies/rmw_zenoh_cpp
[96.168s] -- Up-to-date: /home/ws/install/rmw_zenoh_cpp/share/ament_index/resource_index/parent_prefix_path/rmw_zenoh_cpp
[96.168s] -- Up-to-date: /home/ws/install/rmw_zenoh_cpp/share/rmw_zenoh_cpp/environment/ament_prefix_path.sh
[96.168s] -- Up-to-date: /home/ws/install/rmw_zenoh_cpp/share/rmw_zenoh_cpp/environment/ament_prefix_path.dsv
[96.169s] -- Up-to-date: /home/ws/install/rmw_zenoh_cpp/share/rmw_zenoh_cpp/environment/path.sh
[96.169s] -- Up-to-date: /home/ws/install/rmw_zenoh_cpp/share/rmw_zenoh_cpp/environment/path.dsv
[96.169s] -- Up-to-date: /home/ws/install/rmw_zenoh_cpp/share/rmw_zenoh_cpp/local_setup.bash
[96.170s] -- Up-to-date: /home/ws/install/rmw_zenoh_cpp/share/rmw_zenoh_cpp/local_setup.sh
[96.170s] -- Up-to-date: /home/ws/install/rmw_zenoh_cpp/share/rmw_zenoh_cpp/local_setup.zsh
[96.170s] -- Up-to-date: /home/ws/install/rmw_zenoh_cpp/share/rmw_zenoh_cpp/local_setup.dsv
[96.170s] -- Installing: /home/ws/install/rmw_zenoh_cpp/share/rmw_zenoh_cpp/package.dsv
[96.170s] -- Up-to-date: /home/ws/install/rmw_zenoh_cpp/share/ament_index/resource_index/packages/rmw_zenoh_cpp
[96.170s] -- Up-to-date: /home/ws/install/rmw_zenoh_cpp/share/rmw_zenoh_cpp/cmake/export_rmw_zenoh_cppExport.cmake
[96.171s] -- Installing: /home/ws/install/rmw_zenoh_cpp/share/rmw_zenoh_cpp/cmake/export_rmw_zenoh_cppExport-release.cmake
[96.171s] -- Up-to-date: /home/ws/install/rmw_zenoh_cpp/share/rmw_zenoh_cpp/cmake/ament_cmake_export_targets-extras.cmake
[96.171s] -- Up-to-date: /home/ws/install/rmw_zenoh_cpp/share/rmw_zenoh_cpp/cmake/rmw_zenoh_cppConfig.cmake
[96.171s] -- Up-to-date: /home/ws/install/rmw_zenoh_cpp/share/rmw_zenoh_cpp/cmake/rmw_zenoh_cppConfig-version.cmake
[96.171s] -- Up-to-date: /home/ws/install/rmw_zenoh_cpp/share/rmw_zenoh_cpp/package.xml
[96.175s] Invoked command in '/home/ws/build/rmw_zenoh_cpp' returned '0': CMAKE_PREFIX_PATH=/home/ws/install/zenoh_cpp_vendor:/home/ws/install/rmw_zenoh_cpp:/home/ws/install/quadruped_utils:/home/ws/install/quadruped_urdf:/home/ws/install/quadruped_sim:/home/ws/install/quadruped_mpc:/home/ws/install/quadruped_msgs:/home/ws/install/quadruped_hardware:/home/ws/install/quadruped_bringup:/home/ws/install/imu_hardware_interface:/home/ws/install/cpp_pubsub:/home/ws/install/bno08x_driver:/opt/ros/jazzy/opt/gz_sim_vendor:/opt/ros/jazzy/opt/gz_sensors_vendor:/opt/ros/jazzy/opt/gz_physics_vendor:/opt/ros/jazzy/opt/sdformat_vendor:/opt/ros/jazzy/opt/gz_gui_vendor:/opt/ros/jazzy/opt/gz_transport_vendor:/opt/ros/jazzy/opt/gz_rendering_vendor:/opt/ros/jazzy/opt/gz_plugin_vendor:/opt/ros/jazzy/opt/gz_fuel_tools_vendor:/opt/ros/jazzy/opt/gz_msgs_vendor:/opt/ros/jazzy/opt/gz_common_vendor:/opt/ros/jazzy/opt/gz_math_vendor:/opt/ros/jazzy/opt/gz_utils_vendor:/opt/ros/jazzy/opt/gz_tools_vendor:/opt/ros/jazzy/opt/gz_ogre_next_vendor:/opt/ros/jazzy/opt/gz_dartsim_vendor:/opt/ros/jazzy/opt/gz_cmake_vendor:/home/ws/install/py_pubsub:/opt/ros/jazzy DEBUGINFOD_URLS=https://debuginfod.ubuntu.com /usr/bin/cmake --install /home/ws/build/rmw_zenoh_cpp
