[0.058s] Invoking command in '/home/ws/build/quadruped_sim': CMAKE_PREFIX_PATH=${CMAKE_PREFIX_PATH}:/opt/ros/jazzy DEBUGINFOD_URLS=https://debuginfod.ubuntu.com /usr/bin/cmake --build /home/ws/build/quadruped_sim -- -j8 -l8
[0.257s] Invoked command in '/home/ws/build/quadruped_sim' returned '0': CMAKE_PREFIX_PATH=${CMAKE_PREFIX_PATH}:/opt/ros/jazzy DEBUGINFOD_URLS=https://debuginfod.ubuntu.com /usr/bin/cmake --build /home/ws/build/quadruped_sim -- -j8 -l8
[0.262s] Invoking command in '/home/ws/build/quadruped_sim': CMAKE_PREFIX_PATH=${CMAKE_PREFIX_PATH}:/opt/ros/jazzy DEBUGINFOD_URLS=https://debuginfod.ubuntu.com /usr/bin/cmake --install /home/ws/build/quadruped_sim
[0.290s] -- Install configuration: "Release"
[0.291s] -- Up-to-date: /home/ws/install/quadruped_sim/share/quadruped_sim/launch
[0.292s] -- Up-to-date: /home/ws/install/quadruped_sim/share/quadruped_sim/launch/gazebo_sim.launch.py
[0.317s] -- Up-to-date: /home/ws/install/quadruped_sim/share/ament_index/resource_index/package_run_dependencies/quadruped_sim
[0.317s] -- Up-to-date: /home/ws/install/quadruped_sim/share/ament_index/resource_index/parent_prefix_path/quadruped_sim
[0.318s] -- Up-to-date: /home/ws/install/quadruped_sim/share/quadruped_sim/environment/ament_prefix_path.sh
[0.318s] -- Up-to-date: /home/ws/install/quadruped_sim/share/quadruped_sim/environment/ament_prefix_path.dsv
[0.318s] -- Up-to-date: /home/ws/install/quadruped_sim/share/quadruped_sim/environment/path.sh
[0.318s] -- Up-to-date: /home/ws/install/quadruped_sim/share/quadruped_sim/environment/path.dsv
[0.340s] -- Up-to-date: /home/ws/install/quadruped_sim/share/quadruped_sim/local_setup.bash
[0.341s] -- Up-to-date: /home/ws/install/quadruped_sim/share/quadruped_sim/local_setup.sh
[0.341s] -- Up-to-date: /home/ws/install/quadruped_sim/share/quadruped_sim/local_setup.zsh
[0.341s] -- Up-to-date: /home/ws/install/quadruped_sim/share/quadruped_sim/local_setup.dsv
[0.341s] -- Installing: /home/ws/install/quadruped_sim/share/quadruped_sim/package.dsv
[0.341s] -- Up-to-date: /home/ws/install/quadruped_sim/share/ament_index/resource_index/packages/quadruped_sim
[0.342s] -- Up-to-date: /home/ws/install/quadruped_sim/share/quadruped_sim/cmake/quadruped_simConfig.cmake
[0.344s] -- Up-to-date: /home/ws/install/quadruped_sim/share/quadruped_sim/cmake/quadruped_simConfig-version.cmake
[0.345s] -- Up-to-date: /home/ws/install/quadruped_sim/share/quadruped_sim/package.xml
[0.370s] Invoked command in '/home/ws/build/quadruped_sim' returned '0': CMAKE_PREFIX_PATH=${CMAKE_PREFIX_PATH}:/opt/ros/jazzy DEBUGINFOD_URLS=https://debuginfod.ubuntu.com /usr/bin/cmake --install /home/ws/build/quadruped_sim
