[0.079s] Invoking command in '/home/ws/build/zenoh_cpp_vendor': CMAKE_PREFIX_PATH=${CMAKE_PREFIX_PATH}:/opt/ros/jazzy DEBUGINFOD_URLS=https://debuginfod.ubuntu.com /usr/bin/cmake --build /home/ws/build/zenoh_cpp_vendor -- -j8 -l8
[0.597s] [ 50%] Built target zenoh_c_vendor
[0.598s] [100%] Built target zenoh_cpp_vendor
[0.612s] Invoked command in '/home/ws/build/zenoh_cpp_vendor' returned '0': CMAKE_PREFIX_PATH=${CMAKE_PREFIX_PATH}:/opt/ros/jazzy DEBUGINFOD_URLS=https://debuginfod.ubuntu.com /usr/bin/cmake --build /home/ws/build/zenoh_cpp_vendor -- -j8 -l8
[0.636s] Invoking command in '/home/ws/build/zenoh_cpp_vendor': CMAKE_PREFIX_PATH=${CMAKE_PREFIX_PATH}:/opt/ros/jazzy DEBUGINFOD_URLS=https://debuginfod.ubuntu.com /usr/bin/cmake --install /home/ws/build/zenoh_cpp_vendor
[0.668s] -- Install configuration: "Release"
[0.668s] -- Up-to-date: /home/ws/install/zenoh_cpp_vendor/opt/zenoh_cpp_vendor
[0.668s] -- Up-to-date: /home/ws/install/zenoh_cpp_vendor/opt/zenoh_cpp_vendor/lib
[0.669s] -- Up-to-date: /home/ws/install/zenoh_cpp_vendor/opt/zenoh_cpp_vendor/lib/libzenohc.so
[0.669s] -- Up-to-date: /home/ws/install/zenoh_cpp_vendor/opt/zenoh_cpp_vendor/lib/pkgconfig
[0.669s] -- Up-to-date: /home/ws/install/zenoh_cpp_vendor/opt/zenoh_cpp_vendor/lib/pkgconfig/zenohc.pc
[0.670s] -- Up-to-date: /home/ws/install/zenoh_cpp_vendor/opt/zenoh_cpp_vendor/lib/libzenohc.a
[0.670s] -- Up-to-date: /home/ws/install/zenoh_cpp_vendor/opt/zenoh_cpp_vendor/lib/cmake
[0.670s] -- Up-to-date: /home/ws/install/zenoh_cpp_vendor/opt/zenoh_cpp_vendor/lib/cmake/zenohc
[0.670s] -- Up-to-date: /home/ws/install/zenoh_cpp_vendor/opt/zenoh_cpp_vendor/lib/cmake/zenohc/zenohcConfig.cmake
[0.671s] -- Up-to-date: /home/ws/install/zenoh_cpp_vendor/opt/zenoh_cpp_vendor/lib/cmake/zenohc/zenohcConfigVersion.cmake
[0.671s] -- Up-to-date: /home/ws/install/zenoh_cpp_vendor/opt/zenoh_cpp_vendor/include
[0.671s] -- Up-to-date: /home/ws/install/zenoh_cpp_vendor/opt/zenoh_cpp_vendor/include/zenoh_configure.h
[0.671s] -- Up-to-date: /home/ws/install/zenoh_cpp_vendor/opt/zenoh_cpp_vendor/include/zenoh_opaque.h
[0.671s] -- Up-to-date: /home/ws/install/zenoh_cpp_vendor/opt/zenoh_cpp_vendor/include/zenoh.h
[0.671s] -- Up-to-date: /home/ws/install/zenoh_cpp_vendor/opt/zenoh_cpp_vendor/include/zenoh_commons.h
[0.671s] -- Up-to-date: /home/ws/install/zenoh_cpp_vendor/opt/zenoh_cpp_vendor/include/zenoh_concrete.h
[0.672s] -- Up-to-date: /home/ws/install/zenoh_cpp_vendor/opt/zenoh_cpp_vendor/include/zenoh_constants.h
[0.672s] -- Up-to-date: /home/ws/install/zenoh_cpp_vendor/opt/zenoh_cpp_vendor/include/zenoh_macros.h
[0.672s] -- Up-to-date: /home/ws/install/zenoh_cpp_vendor/opt/zenoh_cpp_vendor/include/zenoh_memory.h
[0.672s] -- Up-to-date: /home/ws/install/zenoh_cpp_vendor/share/zenoh_cpp_vendor/environment/vendor_package.bat
[0.672s] -- Up-to-date: /home/ws/install/zenoh_cpp_vendor/share/zenoh_cpp_vendor/environment/vendor_package.dsv
[0.672s] -- Up-to-date: /home/ws/install/zenoh_cpp_vendor/share/zenoh_cpp_vendor/environment/vendor_package.sh
[0.672s] -- Up-to-date: /home/ws/install/zenoh_cpp_vendor/share/ament_index/resource_index/vendor_packages/zenoh_cpp_vendor
[0.673s] -- Up-to-date: /home/ws/install/zenoh_cpp_vendor/opt/zenoh_cpp_vendor
[0.673s] -- Up-to-date: /home/ws/install/zenoh_cpp_vendor/opt/zenoh_cpp_vendor/lib
[0.673s] -- Up-to-date: /home/ws/install/zenoh_cpp_vendor/opt/zenoh_cpp_vendor/lib/pkgconfig
[0.673s] -- Up-to-date: /home/ws/install/zenoh_cpp_vendor/opt/zenoh_cpp_vendor/lib/pkgconfig/zenohcxx.pc
[0.673s] -- Up-to-date: /home/ws/install/zenoh_cpp_vendor/opt/zenoh_cpp_vendor/lib/cmake
[0.673s] -- Up-to-date: /home/ws/install/zenoh_cpp_vendor/opt/zenoh_cpp_vendor/lib/cmake/zenohcxx
[0.673s] -- Up-to-date: /home/ws/install/zenoh_cpp_vendor/opt/zenoh_cpp_vendor/lib/cmake/zenohcxx/zenohcxxConfig.cmake
[0.674s] -- Up-to-date: /home/ws/install/zenoh_cpp_vendor/opt/zenoh_cpp_vendor/lib/cmake/zenohcxx/zenohcxxConfigVersion.cmake
[0.674s] -- Up-to-date: /home/ws/install/zenoh_cpp_vendor/opt/zenoh_cpp_vendor/include
[0.679s] -- Up-to-date: /home/ws/install/zenoh_cpp_vendor/opt/zenoh_cpp_vendor/include/zenoh
[0.679s] -- Up-to-date: /home/ws/install/zenoh_cpp_vendor/opt/zenoh_cpp_vendor/include/zenoh/api.hxx
[0.679s] -- Up-to-date: /home/ws/install/zenoh_cpp_vendor/opt/zenoh_cpp_vendor/include/zenoh/api
[0.679s] -- Up-to-date: /home/ws/install/zenoh_cpp_vendor/opt/zenoh_cpp_vendor/include/zenoh/api/scout.hxx
[0.679s] -- Up-to-date: /home/ws/install/zenoh_cpp_vendor/opt/zenoh_cpp_vendor/include/zenoh/api/queryable.hxx
[0.680s] -- Up-to-date: /home/ws/install/zenoh_cpp_vendor/opt/zenoh_cpp_vendor/include/zenoh/api/subscriber.hxx
[0.680s] -- Up-to-date: /home/ws/install/zenoh_cpp_vendor/opt/zenoh_cpp_vendor/include/zenoh/api/logging.hxx
[0.680s] -- Up-to-date: /home/ws/install/zenoh_cpp_vendor/opt/zenoh_cpp_vendor/include/zenoh/api/matching.hxx
[0.680s] -- Up-to-date: /home/ws/install/zenoh_cpp_vendor/opt/zenoh_cpp_vendor/include/zenoh/api/liveliness.hxx
[0.680s] -- Up-to-date: /home/ws/install/zenoh_cpp_vendor/opt/zenoh_cpp_vendor/include/zenoh/api/id.hxx
[0.680s] -- Up-to-date: /home/ws/install/zenoh_cpp_vendor/opt/zenoh_cpp_vendor/include/zenoh/api/interop.hxx
[0.680s] -- Up-to-date: /home/ws/install/zenoh_cpp_vendor/opt/zenoh_cpp_vendor/include/zenoh/api/enums.hxx
[0.681s] -- Up-to-date: /home/ws/install/zenoh_cpp_vendor/opt/zenoh_cpp_vendor/include/zenoh/api/channels.hxx
[0.681s] -- Up-to-date: /home/ws/install/zenoh_cpp_vendor/opt/zenoh_cpp_vendor/include/zenoh/api/query_consolidation.hxx
[0.681s] -- Up-to-date: /home/ws/install/zenoh_cpp_vendor/opt/zenoh_cpp_vendor/include/zenoh/api/publisher.hxx
[0.681s] -- Up-to-date: /home/ws/install/zenoh_cpp_vendor/opt/zenoh_cpp_vendor/include/zenoh/api/querier.hxx
[0.681s] -- Up-to-date: /home/ws/install/zenoh_cpp_vendor/opt/zenoh_cpp_vendor/include/zenoh/api/ext
[0.681s] -- Up-to-date: /home/ws/install/zenoh_cpp_vendor/opt/zenoh_cpp_vendor/include/zenoh/api/ext/miss.hxx
[0.681s] -- Up-to-date: /home/ws/install/zenoh_cpp_vendor/opt/zenoh_cpp_vendor/include/zenoh/api/ext/querying_subscriber.hxx
[0.682s] -- Up-to-date: /home/ws/install/zenoh_cpp_vendor/opt/zenoh_cpp_vendor/include/zenoh/api/ext/advanced_subscriber.hxx
[0.682s] -- Up-to-date: /home/ws/install/zenoh_cpp_vendor/opt/zenoh_cpp_vendor/include/zenoh/api/ext/advanced_publisher.hxx
[0.682s] -- Up-to-date: /home/ws/install/zenoh_cpp_vendor/opt/zenoh_cpp_vendor/include/zenoh/api/ext/session_ext.hxx
[0.682s] -- Up-to-date: /home/ws/install/zenoh_cpp_vendor/opt/zenoh_cpp_vendor/include/zenoh/api/ext/publication_cache.hxx
[0.682s] -- Up-to-date: /home/ws/install/zenoh_cpp_vendor/opt/zenoh_cpp_vendor/include/zenoh/api/ext/serialization.hxx
[0.682s] -- Up-to-date: /home/ws/install/zenoh_cpp_vendor/opt/zenoh_cpp_vendor/include/zenoh/api/source_info.hxx
[0.683s] -- Up-to-date: /home/ws/install/zenoh_cpp_vendor/opt/zenoh_cpp_vendor/include/zenoh/api/shm
[0.683s] -- Up-to-date: /home/ws/install/zenoh_cpp_vendor/opt/zenoh_cpp_vendor/include/zenoh/api/shm/buffer
[0.683s] -- Up-to-date: /home/ws/install/zenoh_cpp_vendor/opt/zenoh_cpp_vendor/include/zenoh/api/shm/buffer/zshmmut.hxx
[0.683s] -- Up-to-date: /home/ws/install/zenoh_cpp_vendor/opt/zenoh_cpp_vendor/include/zenoh/api/shm/buffer/zshm.hxx
[0.683s] -- Up-to-date: /home/ws/install/zenoh_cpp_vendor/opt/zenoh_cpp_vendor/include/zenoh/api/shm/buffer/buffer.hxx
[0.683s] -- Up-to-date: /home/ws/install/zenoh_cpp_vendor/opt/zenoh_cpp_vendor/include/zenoh/api/shm/shm.hxx
[0.683s] -- Up-to-date: /home/ws/install/zenoh_cpp_vendor/opt/zenoh_cpp_vendor/include/zenoh/api/shm/client_storage
[0.683s] -- Up-to-date: /home/ws/install/zenoh_cpp_vendor/opt/zenoh_cpp_vendor/include/zenoh/api/shm/client_storage/client_storage.hxx
[0.684s] -- Up-to-date: /home/ws/install/zenoh_cpp_vendor/opt/zenoh_cpp_vendor/include/zenoh/api/shm/client
[0.684s] -- Up-to-date: /home/ws/install/zenoh_cpp_vendor/opt/zenoh_cpp_vendor/include/zenoh/api/shm/client/shm_segment.hxx
[0.684s] -- Up-to-date: /home/ws/install/zenoh_cpp_vendor/opt/zenoh_cpp_vendor/include/zenoh/api/shm/client/shm_client.hxx
[0.684s] -- Up-to-date: /home/ws/install/zenoh_cpp_vendor/opt/zenoh_cpp_vendor/include/zenoh/api/shm/client/client.hxx
[0.684s] -- Up-to-date: /home/ws/install/zenoh_cpp_vendor/opt/zenoh_cpp_vendor/include/zenoh/api/shm/provider
[0.684s] -- Up-to-date: /home/ws/install/zenoh_cpp_vendor/opt/zenoh_cpp_vendor/include/zenoh/api/shm/provider/shm_provider_backend.hxx
[0.684s] -- Up-to-date: /home/ws/install/zenoh_cpp_vendor/opt/zenoh_cpp_vendor/include/zenoh/api/shm/provider/shm_provider.hxx
[0.685s] -- Up-to-date: /home/ws/install/zenoh_cpp_vendor/opt/zenoh_cpp_vendor/include/zenoh/api/shm/provider/chunk.hxx
[0.685s] -- Up-to-date: /home/ws/install/zenoh_cpp_vendor/opt/zenoh_cpp_vendor/include/zenoh/api/shm/provider/provider.hxx
[0.685s] -- Up-to-date: /home/ws/install/zenoh_cpp_vendor/opt/zenoh_cpp_vendor/include/zenoh/api/shm/provider/types_impl.hxx
[0.685s] -- Up-to-date: /home/ws/install/zenoh_cpp_vendor/opt/zenoh_cpp_vendor/include/zenoh/api/shm/provider/alloc_layout.hxx
[0.685s] -- Up-to-date: /home/ws/install/zenoh_cpp_vendor/opt/zenoh_cpp_vendor/include/zenoh/api/shm/provider/types.hxx
[0.685s] -- Up-to-date: /home/ws/install/zenoh_cpp_vendor/opt/zenoh_cpp_vendor/include/zenoh/api/shm/common
[0.685s] -- Up-to-date: /home/ws/install/zenoh_cpp_vendor/opt/zenoh_cpp_vendor/include/zenoh/api/shm/common/types.hxx
[0.686s] -- Up-to-date: /home/ws/install/zenoh_cpp_vendor/opt/zenoh_cpp_vendor/include/zenoh/api/shm/common/common.hxx
[0.686s] -- Up-to-date: /home/ws/install/zenoh_cpp_vendor/opt/zenoh_cpp_vendor/include/zenoh/api/shm/cleanup.hxx
[0.686s] -- Up-to-date: /home/ws/install/zenoh_cpp_vendor/opt/zenoh_cpp_vendor/include/zenoh/api/shm/protocol_implementations
[0.686s] -- Up-to-date: /home/ws/install/zenoh_cpp_vendor/opt/zenoh_cpp_vendor/include/zenoh/api/shm/protocol_implementations/posix
[0.686s] -- Up-to-date: /home/ws/install/zenoh_cpp_vendor/opt/zenoh_cpp_vendor/include/zenoh/api/shm/protocol_implementations/posix/posix_shm_client.hxx
[0.686s] -- Up-to-date: /home/ws/install/zenoh_cpp_vendor/opt/zenoh_cpp_vendor/include/zenoh/api/shm/protocol_implementations/posix/posix_shm_provider.hxx
[0.686s] -- Up-to-date: /home/ws/install/zenoh_cpp_vendor/opt/zenoh_cpp_vendor/include/zenoh/api/shm/protocol_implementations/posix/posix.hxx
[0.687s] -- Up-to-date: /home/ws/install/zenoh_cpp_vendor/opt/zenoh_cpp_vendor/include/zenoh/api/shm/protocol_implementations/protocol_implementations.hxx
[0.687s] -- Up-to-date: /home/ws/install/zenoh_cpp_vendor/opt/zenoh_cpp_vendor/include/zenoh/api/hello.hxx
[0.687s] -- Up-to-date: /home/ws/install/zenoh_cpp_vendor/opt/zenoh_cpp_vendor/include/zenoh/api/timestamp.hxx
[0.687s] -- Up-to-date: /home/ws/install/zenoh_cpp_vendor/opt/zenoh_cpp_vendor/include/zenoh/api/bytes.hxx
[0.687s] -- Up-to-date: /home/ws/install/zenoh_cpp_vendor/opt/zenoh_cpp_vendor/include/zenoh/api/session.hxx
[0.687s] -- Up-to-date: /home/ws/install/zenoh_cpp_vendor/opt/zenoh_cpp_vendor/include/zenoh/api/query.hxx
[0.687s] -- Up-to-date: /home/ws/install/zenoh_cpp_vendor/opt/zenoh_cpp_vendor/include/zenoh/api/sample.hxx
[0.688s] -- Up-to-date: /home/ws/install/zenoh_cpp_vendor/opt/zenoh_cpp_vendor/include/zenoh/api/encoding.hxx
[0.688s] -- Up-to-date: /home/ws/install/zenoh_cpp_vendor/opt/zenoh_cpp_vendor/include/zenoh/api/base.hxx
[0.688s] -- Up-to-date: /home/ws/install/zenoh_cpp_vendor/opt/zenoh_cpp_vendor/include/zenoh/api/closures.hxx
[0.688s] -- Up-to-date: /home/ws/install/zenoh_cpp_vendor/opt/zenoh_cpp_vendor/include/zenoh/api/keyexpr.hxx
[0.688s] -- Up-to-date: /home/ws/install/zenoh_cpp_vendor/opt/zenoh_cpp_vendor/include/zenoh/api/reply.hxx
[0.688s] -- Up-to-date: /home/ws/install/zenoh_cpp_vendor/opt/zenoh_cpp_vendor/include/zenoh/api/config.hxx
[0.688s] -- Up-to-date: /home/ws/install/zenoh_cpp_vendor/opt/zenoh_cpp_vendor/include/zenoh/detail
[0.689s] -- Up-to-date: /home/ws/install/zenoh_cpp_vendor/opt/zenoh_cpp_vendor/include/zenoh/detail/closures_concrete.hxx
[0.689s] -- Up-to-date: /home/ws/install/zenoh_cpp_vendor/opt/zenoh_cpp_vendor/include/zenoh/detail/commons.hxx
[0.689s] -- Up-to-date: /home/ws/install/zenoh_cpp_vendor/opt/zenoh_cpp_vendor/include/zenoh/detail/availability_checks.hxx
[0.689s] -- Up-to-date: /home/ws/install/zenoh_cpp_vendor/opt/zenoh_cpp_vendor/include/zenoh/detail/closures.hxx
[0.689s] -- Up-to-date: /home/ws/install/zenoh_cpp_vendor/opt/zenoh_cpp_vendor/include/zenoh/zenohc.hxx
[0.689s] -- Up-to-date: /home/ws/install/zenoh_cpp_vendor/opt/zenoh_cpp_vendor/include/zenoh.hxx
[0.689s] -- Up-to-date: /home/ws/install/zenoh_cpp_vendor/share/ament_index/resource_index/package_run_dependencies/zenoh_cpp_vendor
[0.690s] -- Up-to-date: /home/ws/install/zenoh_cpp_vendor/share/ament_index/resource_index/parent_prefix_path/zenoh_cpp_vendor
[0.690s] -- Up-to-date: /home/ws/install/zenoh_cpp_vendor/share/zenoh_cpp_vendor/environment/ament_prefix_path.sh
[0.690s] -- Up-to-date: /home/ws/install/zenoh_cpp_vendor/share/zenoh_cpp_vendor/environment/ament_prefix_path.dsv
[0.699s] -- Up-to-date: /home/ws/install/zenoh_cpp_vendor/share/zenoh_cpp_vendor/environment/path.sh
[0.699s] -- Up-to-date: /home/ws/install/zenoh_cpp_vendor/share/zenoh_cpp_vendor/environment/path.dsv
[0.699s] -- Up-to-date: /home/ws/install/zenoh_cpp_vendor/share/zenoh_cpp_vendor/local_setup.bash
[0.700s] -- Up-to-date: /home/ws/install/zenoh_cpp_vendor/share/zenoh_cpp_vendor/local_setup.sh
[0.700s] -- Up-to-date: /home/ws/install/zenoh_cpp_vendor/share/zenoh_cpp_vendor/local_setup.zsh
[0.700s] -- Up-to-date: /home/ws/install/zenoh_cpp_vendor/share/zenoh_cpp_vendor/local_setup.dsv
[0.700s] -- Installing: /home/ws/install/zenoh_cpp_vendor/share/zenoh_cpp_vendor/package.dsv
[0.700s] -- Up-to-date: /home/ws/install/zenoh_cpp_vendor/share/ament_index/resource_index/packages/zenoh_cpp_vendor
[0.700s] -- Up-to-date: /home/ws/install/zenoh_cpp_vendor/share/zenoh_cpp_vendor/cmake/vendor_package_cmake_prefix.cmake
[0.701s] -- Up-to-date: /home/ws/install/zenoh_cpp_vendor/share/zenoh_cpp_vendor/cmake/ament_cmake_export_dependencies-extras.cmake
[0.701s] -- Up-to-date: /home/ws/install/zenoh_cpp_vendor/share/zenoh_cpp_vendor/cmake/zenoh_cpp_vendorConfig.cmake
[0.701s] -- Up-to-date: /home/ws/install/zenoh_cpp_vendor/share/zenoh_cpp_vendor/cmake/zenoh_cpp_vendorConfig-version.cmake
[0.701s] -- Up-to-date: /home/ws/install/zenoh_cpp_vendor/share/zenoh_cpp_vendor/package.xml
[0.842s] Invoked command in '/home/ws/build/zenoh_cpp_vendor' returned '0': CMAKE_PREFIX_PATH=${CMAKE_PREFIX_PATH}:/opt/ros/jazzy DEBUGINFOD_URLS=https://debuginfod.ubuntu.com /usr/bin/cmake --install /home/ws/build/zenoh_cpp_vendor
