[ 50%] [32mBuilding CXX object CMakeFiles/jetson_interface.dir/src/jetson_gpio_interface.cpp.o[0m
[01m[K/home/ws/src/jetson_interface/src/jetson_gpio_interface.cpp:18:36:[m[K [01;31m[Kerror: [m[K‘[01m[KJetsonGPIOInterface[m[K’ has not been declared
   18 | hardware_interface::CallbackReturn [01;31m[KJetsonGPIOInterface[m[K::on_init(
      |                                    [01;31m[K^~~~~~~~~~~~~~~~~~~[m[K
[01m[K/home/ws/src/jetson_interface/src/jetson_gpio_interface.cpp:[m[K In function ‘[01m[Khardware_interface::CallbackReturn jetson_interface::[01;32m[Kon_init[m[K(const hardware_interface::HardwareInfo&)[m[K’:
[01m[K/home/ws/src/jetson_interface/src/jetson_gpio_interface.cpp:21:51:[m[K [01;31m[Kerror: [m[Kcannot call member function ‘[01m[Kvirtual rclcpp_lifecycle::node_interfaces::LifecycleNodeInterface::CallbackReturn hardware_interface::SystemInterface::[01;32m[Kon_init[m[K(const hardware_interface::HardwareInfo&)[m[K’ without object
   21 |   if ([01;31m[Khardware_interface::SystemInterface::on_init(info)[m[K != hardware_interface::CallbackReturn::SUCCESS)
      |       [01;31m[K~~~~~~~~~~~~~~~~~~~~~~~~~~~~~~~~~~~~~~~~~~~~^~~~~~[m[K
[01m[K/home/ws/src/jetson_interface/src/jetson_gpio_interface.cpp:28:5:[m[K [01;31m[Kerror: [m[K‘[01m[Kgpio_pin_[m[K’ was not declared in this scope
   28 |     [01;31m[Kgpio_pin_[m[K = std::stoi(info_.hardware_parameters.at("gpio_pin"));
      |     [01;31m[K^~~~~~~~~[m[K
[01m[K/home/ws/src/jetson_interface/src/jetson_gpio_interface.cpp:28:27:[m[K [01;31m[Kerror: [m[K‘[01m[Kinfo_[m[K’ was not declared in this scope; did you mean ‘[01m[Kinfo[m[K’?
   28 |     gpio_pin_ = std::stoi([01;31m[Kinfo_[m[K.hardware_parameters.at("gpio_pin"));
      |                           [01;31m[K^~~~~[m[K
      |                           [32m[Kinfo[m[K
[01m[K/home/ws/src/jetson_interface/src/jetson_gpio_interface.cpp:37:3:[m[K [01;31m[Kerror: [m[K‘[01m[Kmonitored_state_[m[K’ was not declared in this scope
   37 |   [01;31m[Kmonitored_state_[m[K = 0.0;
      |   [01;31m[K^~~~~~~~~~~~~~~~[m[K
[01m[K/home/ws/src/jetson_interface/src/jetson_gpio_interface.cpp:38:3:[m[K [01;31m[Kerror: [m[K‘[01m[Kgpio_state_[m[K’ was not declared in this scope
   38 |   [01;31m[Kgpio_state_[m[K = 0.0;
      |   [01;31m[K^~~~~~~~~~~[m[K
[01m[K/home/ws/src/jetson_interface/src/jetson_gpio_interface.cpp:39:3:[m[K [01;31m[Kerror: [m[K‘[01m[Kgpio_initialized_[m[K’ was not declared in this scope
   39 |   [01;31m[Kgpio_initialized_[m[K = false;
      |   [01;31m[K^~~~~~~~~~~~~~~~~[m[K
In file included from [01m[K/opt/ros/jazzy/include/rclcpp/rclcpp/logging.hpp:24[m[K,
                 from [01m[K/opt/ros/jazzy/include/rclcpp/rclcpp/copy_all_parameter_values.hpp:27[m[K,
                 from [01m[K/opt/ros/jazzy/include/rclcpp/rclcpp/rclcpp.hpp:171[m[K,
                 from [01m[K/opt/ros/jazzy/include/pal_statistics/pal_statistics_utils.hpp:45[m[K,
                 from [01m[K/opt/ros/jazzy/include/pal_statistics/pal_statistics.hpp:38[m[K,
                 from [01m[K/opt/ros/jazzy/include/pal_statistics/pal_statistics_macros.hpp:36[m[K,
                 from [01m[K/opt/ros/jazzy/include/hardware_interface/hardware_interface/introspection.hpp:20[m[K,
                 from [01m[K/opt/ros/jazzy/include/hardware_interface/hardware_interface/handle.hpp:31[m[K,
                 from [01m[K/home/ws/src/jetson_interface/include/quadruped_hardware/jetson_gpio_interface.hpp:8[m[K,
                 from [01m[K/home/ws/src/jetson_interface/src/jetson_gpio_interface.cpp:1[m[K:
[01m[K/home/ws/src/jetson_interface/src/jetson_gpio_interface.cpp:43:51:[m[K [01;31m[Kerror: [m[K‘[01m[Kgpio_pin_[m[K’ was not declared in this scope
   43 |     "Successfully initialized with GPIO pin: %d", [01;31m[Kgpio_pin_[m[K);
      |                                                   [01;31m[K^~~~~~~~~[m[K
[01m[K/home/ws/src/jetson_interface/src/jetson_gpio_interface.cpp:[m[K At global scope:
[01m[K/home/ws/src/jetson_interface/src/jetson_gpio_interface.cpp:48:36:[m[K [01;31m[Kerror: [m[K‘[01m[KJetsonGPIOInterface[m[K’ has not been declared
   48 | hardware_interface::CallbackReturn [01;31m[KJetsonGPIOInterface[m[K::on_configure(
      |                                    [01;31m[K^~~~~~~~~~~~~~~~~~~[m[K
[01m[K/home/ws/src/jetson_interface/src/jetson_gpio_interface.cpp:58:36:[m[K [01;31m[Kerror: [m[K‘[01m[KJetsonGPIOInterface[m[K’ has not been declared
   58 | hardware_interface::CallbackReturn [01;31m[KJetsonGPIOInterface[m[K::on_cleanup(
      |                                    [01;31m[K^~~~~~~~~~~~~~~~~~~[m[K
[01m[K/home/ws/src/jetson_interface/src/jetson_gpio_interface.cpp:[m[K In function ‘[01m[Khardware_interface::CallbackReturn jetson_interface::[01;32m[Kon_cleanup[m[K(const rclcpp_lifecycle::State&)[m[K’:
[01m[K/home/ws/src/jetson_interface/src/jetson_gpio_interface.cpp:61:7:[m[K [01;31m[Kerror: [m[K‘[01m[Kgpio_initialized_[m[K’ was not declared in this scope
   61 |   if ([01;31m[Kgpio_initialized_[m[K) {
      |       [01;31m[K^~~~~~~~~~~~~~~~~[m[K
[01m[K/home/ws/src/jetson_interface/src/jetson_gpio_interface.cpp:62:24:[m[K [01;31m[Kerror: [m[K‘[01m[Kgpio_pin_[m[K’ was not declared in this scope
   62 |     if (!unexport_gpio([01;31m[Kgpio_pin_[m[K)) {
      |                        [01;31m[K^~~~~~~~~[m[K
[01m[K/home/ws/src/jetson_interface/src/jetson_gpio_interface.cpp:62:10:[m[K [01;31m[Kerror: [m[K‘[01m[Kunexport_gpio[m[K’ was not declared in this scope
   62 |     if (![01;31m[Kunexport_gpio[m[K(gpio_pin_)) {
      |          [01;31m[K^~~~~~~~~~~~~[m[K
[01m[K/home/ws/src/jetson_interface/src/jetson_gpio_interface.cpp:[m[K At global scope:
[01m[K/home/ws/src/jetson_interface/src/jetson_gpio_interface.cpp:73:36:[m[K [01;31m[Kerror: [m[K‘[01m[KJetsonGPIOInterface[m[K’ has not been declared
   73 | hardware_interface::CallbackReturn [01;31m[KJetsonGPIOInterface[m[K::on_activate(
      |                                    [01;31m[K^~~~~~~~~~~~~~~~~~~[m[K
[01m[K/home/ws/src/jetson_interface/src/jetson_gpio_interface.cpp:[m[K In function ‘[01m[Khardware_interface::CallbackReturn jetson_interface::[01;32m[Kon_activate[m[K(const rclcpp_lifecycle::State&)[m[K’:
[01m[K/home/ws/src/jetson_interface/src/jetson_gpio_interface.cpp:77:8:[m[K [01;31m[Kerror: [m[K‘[01m[Kgpio_initialized_[m[K’ was not declared in this scope
   77 |   if (![01;31m[Kgpio_initialized_[m[K) {
      |        [01;31m[K^~~~~~~~~~~~~~~~~[m[K
[01m[K/home/ws/src/jetson_interface/src/jetson_gpio_interface.cpp:78:22:[m[K [01;31m[Kerror: [m[K‘[01m[Kgpio_pin_[m[K’ was not declared in this scope
   78 |     if (!export_gpio([01;31m[Kgpio_pin_[m[K)) {
      |                      [01;31m[K^~~~~~~~~[m[K
[01m[K/home/ws/src/jetson_interface/src/jetson_gpio_interface.cpp:78:10:[m[K [01;31m[Kerror: [m[K‘[01m[Kexport_gpio[m[K’ was not declared in this scope
   78 |     if (![01;31m[Kexport_gpio[m[K(gpio_pin_)) {
      |          [01;31m[K^~~~~~~~~~~[m[K
[01m[K/home/ws/src/jetson_interface/src/jetson_gpio_interface.cpp:88:29:[m[K [01;31m[Kerror: [m[K‘[01m[Kgpio_pin_[m[K’ was not declared in this scope
   88 |     if (!set_gpio_direction([01;31m[Kgpio_pin_[m[K, "out")) {
      |                             [01;31m[K^~~~~~~~~[m[K
[01m[K/home/ws/src/jetson_interface/src/jetson_gpio_interface.cpp:88:10:[m[K [01;31m[Kerror: [m[K‘[01m[Kset_gpio_direction[m[K’ was not declared in this scope
   88 |     if (![01;31m[Kset_gpio_direction[m[K(gpio_pin_, "out")) {
      |          [01;31m[K^~~~~~~~~~~~~~~~~~[m[K
[01m[K/home/ws/src/jetson_interface/src/jetson_gpio_interface.cpp:[m[K At global scope:
[01m[K/home/ws/src/jetson_interface/src/jetson_gpio_interface.cpp:105:36:[m[K [01;31m[Kerror: [m[K‘[01m[KJetsonGPIOInterface[m[K’ has not been declared
  105 | hardware_interface::CallbackReturn [01;31m[KJetsonGPIOInterface[m[K::on_deactivate(
      |                                    [01;31m[K^~~~~~~~~~~~~~~~~~~[m[K
[01m[K/home/ws/src/jetson_interface/src/jetson_gpio_interface.cpp:[m[K In function ‘[01m[Khardware_interface::CallbackReturn jetson_interface::[01;32m[Kon_deactivate[m[K(const rclcpp_lifecycle::State&)[m[K’:
[01m[K/home/ws/src/jetson_interface/src/jetson_gpio_interface.cpp:108:7:[m[K [01;31m[Kerror: [m[K‘[01m[Kgpio_initialized_[m[K’ was not declared in this scope
  108 |   if ([01;31m[Kgpio_initialized_[m[K) {
      |       [01;31m[K^~~~~~~~~~~~~~~~~[m[K
[01m[K/home/ws/src/jetson_interface/src/jetson_gpio_interface.cpp:110:20:[m[K [01;31m[Kerror: [m[K‘[01m[Kgpio_pin_[m[K’ was not declared in this scope
  110 |     set_gpio_value([01;31m[Kgpio_pin_[m[K, 0);
      |                    [01;31m[K^~~~~~~~~[m[K
[01m[K/home/ws/src/jetson_interface/src/jetson_gpio_interface.cpp:110:5:[m[K [01;31m[Kerror: [m[K‘[01m[Kset_gpio_value[m[K’ was not declared in this scope
  110 |     [01;31m[Kset_gpio_value[m[K(gpio_pin_, 0);
      |     [01;31m[K^~~~~~~~~~~~~~[m[K
[01m[K/home/ws/src/jetson_interface/src/jetson_gpio_interface.cpp:[m[K At global scope:
[01m[K/home/ws/src/jetson_interface/src/jetson_gpio_interface.cpp:116:49:[m[K [01;31m[Kerror: [m[K‘[01m[KJetsonGPIOInterface[m[K’ has not been declared
  116 | std::vector<hardware_interface::StateInterface> [01;31m[KJetsonGPIOInterface[m[K::export_state_interfaces()
      |                                                 [01;31m[K^~~~~~~~~~~~~~~~~~~[m[K
[01m[K/home/ws/src/jetson_interface/src/jetson_gpio_interface.cpp:[m[K In function ‘[01m[Kstd::vector<hardware_interface::StateInterface> jetson_interface::[01;32m[Kexport_state_interfaces[m[K()[m[K’:
[01m[K/home/ws/src/jetson_interface/src/jetson_gpio_interface.cpp:123:42:[m[K [01;31m[Kerror: [m[K‘[01m[Kmonitored_state_[m[K’ was not declared in this scope
  123 |       "jetson_gpio", "monitored_state", &[01;31m[Kmonitored_state_[m[K));
      |                                          [01;31m[K^~~~~~~~~~~~~~~~[m[K
[01m[K/home/ws/src/jetson_interface/src/jetson_gpio_interface.cpp:128:37:[m[K [01;31m[Kerror: [m[K‘[01m[Kgpio_state_[m[K’ was not declared in this scope
  128 |       "jetson_gpio", "gpio_state", &[01;31m[Kgpio_state_[m[K));
      |                                     [01;31m[K^~~~~~~~~~~[m[K
[01m[K/home/ws/src/jetson_interface/src/jetson_gpio_interface.cpp:[m[K At global scope:
[01m[K/home/ws/src/jetson_interface/src/jetson_gpio_interface.cpp:133:51:[m[K [01;31m[Kerror: [m[K‘[01m[KJetsonGPIOInterface[m[K’ has not been declared
  133 | std::vector<hardware_interface::CommandInterface> [01;31m[KJetsonGPIOInterface[m[K::export_command_interfaces()
      |                                                   [01;31m[K^~~~~~~~~~~~~~~~~~~[m[K
[01m[K/home/ws/src/jetson_interface/src/jetson_gpio_interface.cpp:142:33:[m[K [01;31m[Kerror: [m[K‘[01m[KJetsonGPIOInterface[m[K’ has not been declared
  142 | hardware_interface::return_type [01;31m[KJetsonGPIOInterface[m[K::read(
      |                                 [01;31m[K^~~~~~~~~~~~~~~~~~~[m[K
[01m[K/home/ws/src/jetson_interface/src/jetson_gpio_interface.cpp:[m[K In function ‘[01m[Khardware_interface::return_type jetson_interface::[01;32m[Kread[m[K(const rclcpp::Time&, const rclcpp::Duration&)[m[K’:
[01m[K/home/ws/src/jetson_interface/src/jetson_gpio_interface.cpp:146:7:[m[K [01;31m[Kerror: [m[K‘[01m[Kgpio_initialized_[m[K’ was not declared in this scope
  146 |   if ([01;31m[Kgpio_initialized_[m[K) {
      |       [01;31m[K^~~~~~~~~~~~~~~~~[m[K
[01m[K/home/ws/src/jetson_interface/src/jetson_gpio_interface.cpp:147:5:[m[K [01;31m[Kerror: [m[K‘[01m[Kgpio_state_[m[K’ was not declared in this scope
  147 |     [01;31m[Kgpio_state_[m[K = static_cast<double>(read_gpio_value(gpio_pin_));
      |     [01;31m[K^~~~~~~~~~~[m[K
[01m[K/home/ws/src/jetson_interface/src/jetson_gpio_interface.cpp:147:55:[m[K [01;31m[Kerror: [m[K‘[01m[Kgpio_pin_[m[K’ was not declared in this scope
  147 |     gpio_state_ = static_cast<double>(read_gpio_value([01;31m[Kgpio_pin_[m[K));
      |                                                       [01;31m[K^~~~~~~~~[m[K
[01m[K/home/ws/src/jetson_interface/src/jetson_gpio_interface.cpp:147:39:[m[K [01;31m[Kerror: [m[K‘[01m[Kread_gpio_value[m[K’ was not declared in this scope
  147 |     gpio_state_ = static_cast<double>([01;31m[Kread_gpio_value[m[K(gpio_pin_));
      |                                       [01;31m[K^~~~~~~~~~~~~~~[m[K
[01m[K/home/ws/src/jetson_interface/src/jetson_gpio_interface.cpp:[m[K At global scope:
[01m[K/home/ws/src/jetson_interface/src/jetson_gpio_interface.cpp:153:33:[m[K [01;31m[Kerror: [m[K‘[01m[KJetsonGPIOInterface[m[K’ has not been declared
  153 | hardware_interface::return_type [01;31m[KJetsonGPIOInterface[m[K::write(
      |                                 [01;31m[K^~~~~~~~~~~~~~~~~~~[m[K
[01m[K/home/ws/src/jetson_interface/src/jetson_gpio_interface.cpp:[m[K In function ‘[01m[Khardware_interface::return_type jetson_interface::[01;32m[Kwrite[m[K(const rclcpp::Time&, const rclcpp::Duration&)[m[K’:
[01m[K/home/ws/src/jetson_interface/src/jetson_gpio_interface.cpp:157:7:[m[K [01;31m[Kerror: [m[K‘[01m[Kgpio_initialized_[m[K’ was not declared in this scope
  157 |   if ([01;31m[Kgpio_initialized_[m[K) {
      |       [01;31m[K^~~~~~~~~~~~~~~~~[m[K
[01m[K/home/ws/src/jetson_interface/src/jetson_gpio_interface.cpp:158:27:[m[K [01;31m[Kerror: [m[K‘[01m[Kmonitored_state_[m[K’ was not declared in this scope
  158 |     int value = (std::abs([01;31m[Kmonitored_state_[m[K - 1.0) < 0.1) ? 1 : 0;
      |                           [01;31m[K^~~~~~~~~~~~~~~~[m[K
[01m[K/home/ws/src/jetson_interface/src/jetson_gpio_interface.cpp:160:25:[m[K [01;31m[Kerror: [m[K‘[01m[Kgpio_pin_[m[K’ was not declared in this scope
  160 |     if (!set_gpio_value([01;31m[Kgpio_pin_[m[K, value)) {
      |                         [01;31m[K^~~~~~~~~[m[K
[01m[K/home/ws/src/jetson_interface/src/jetson_gpio_interface.cpp:160:10:[m[K [01;31m[Kerror: [m[K‘[01m[Kset_gpio_value[m[K’ was not declared in this scope
  160 |     if (![01;31m[Kset_gpio_value[m[K(gpio_pin_, value)) {
      |          [01;31m[K^~~~~~~~~~~~~~[m[K
[01m[K/home/ws/src/jetson_interface/src/jetson_gpio_interface.cpp:168:5:[m[K [01;31m[Kerror: [m[K‘[01m[Kgpio_state_[m[K’ was not declared in this scope
  168 |     [01;31m[Kgpio_state_[m[K = static_cast<double>(value);
      |     [01;31m[K^~~~~~~~~~~[m[K
[01m[K/home/ws/src/jetson_interface/src/jetson_gpio_interface.cpp:[m[K At global scope:
[01m[K/home/ws/src/jetson_interface/src/jetson_gpio_interface.cpp:175:6:[m[K [01;31m[Kerror: [m[K‘[01m[KJetsonGPIOInterface[m[K’ has not been declared
  175 | bool [01;31m[KJetsonGPIOInterface[m[K::export_gpio(int pin)
      |      [01;31m[K^~~~~~~~~~~~~~~~~~~[m[K
[01m[K/home/ws/src/jetson_interface/src/jetson_gpio_interface.cpp:185:6:[m[K [01;31m[Kerror: [m[K‘[01m[KJetsonGPIOInterface[m[K’ has not been declared
  185 | bool [01;31m[KJetsonGPIOInterface[m[K::unexport_gpio(int pin)
      |      [01;31m[K^~~~~~~~~~~~~~~~~~~[m[K
[01m[K/home/ws/src/jetson_interface/src/jetson_gpio_interface.cpp:195:6:[m[K [01;31m[Kerror: [m[K‘[01m[KJetsonGPIOInterface[m[K’ has not been declared
  195 | bool [01;31m[KJetsonGPIOInterface[m[K::set_gpio_direction(int pin, const std::string & direction)
      |      [01;31m[K^~~~~~~~~~~~~~~~~~~[m[K
[01m[K/home/ws/src/jetson_interface/src/jetson_gpio_interface.cpp:206:6:[m[K [01;31m[Kerror: [m[K‘[01m[KJetsonGPIOInterface[m[K’ has not been declared
  206 | bool [01;31m[KJetsonGPIOInterface[m[K::set_gpio_value(int pin, int value)
      |      [01;31m[K^~~~~~~~~~~~~~~~~~~[m[K
[01m[K/home/ws/src/jetson_interface/src/jetson_gpio_interface.cpp:217:5:[m[K [01;31m[Kerror: [m[K‘[01m[KJetsonGPIOInterface[m[K’ has not been declared
  217 | int [01;31m[KJetsonGPIOInterface[m[K::read_gpio_value(int pin)
      |     [01;31m[K^~~~~~~~~~~~~~~~~~~[m[K
gmake[2]: *** [CMakeFiles/jetson_interface.dir/build.make:76: CMakeFiles/jetson_interface.dir/src/jetson_gpio_interface.cpp.o] Error 1
gmake[1]: *** [CMakeFiles/Makefile2:137: CMakeFiles/jetson_interface.dir/all] Error 2
gmake: *** [Makefile:146: all] Error 2
