[0.087s] Invoking command in '/home/ws/build/quadruped_msgs': CMAKE_PREFIX_PATH=${CMAKE_PREFIX_PATH}:/home/ws/install/py_pubsub:/opt/ros/jazzy DEBUGINFOD_URLS=https://debuginfod.ubuntu.com /usr/bin/cmake --build /home/ws/build/quadruped_msgs -- -j8 -l8
[0.578s] [  1%] Built target quadruped_msgs__rosidl_generator_type_description
[0.578s] [  1%] Built target ament_cmake_python_copy_quadruped_msgs
[0.578s] [  3%] Built target quadruped_msgs__cpp
[0.578s] [ 25%] Built target quadruped_msgs__rosidl_generator_c
[0.578s] [ 34%] Built target quadruped_msgs__rosidl_typesupport_cpp
[0.579s] [ 43%] Built target quadruped_msgs__rosidl_typesupport_introspection_c
[0.579s] [ 53%] Built target quadruped_msgs__rosidl_typesupport_fastrtps_c
[0.579s] [ 64%] Built target quadruped_msgs__rosidl_typesupport_c
[0.579s] [ 75%] Built target quadruped_msgs__rosidl_typesupport_introspection_cpp
[0.579s] [ 81%] Built target quadruped_msgs__rosidl_typesupport_fastrtps_cpp
[0.579s] [ 81%] Built target quadruped_msgs
[0.579s] [ 82%] Built target quadruped_msgs__py
[0.596s] [ 90%] Built target quadruped_msgs__rosidl_generator_py
[0.719s] [ 93%] Built target quadruped_msgs_s__rosidl_typesupport_fastrtps_c
[0.719s] [ 96%] Built target quadruped_msgs_s__rosidl_typesupport_c
[0.720s] [100%] Built target quadruped_msgs_s__rosidl_typesupport_introspection_c
[0.767s] running egg_info
[0.812s] writing quadruped_msgs.egg-info/PKG-INFO
[0.813s] writing dependency_links to quadruped_msgs.egg-info/dependency_links.txt
[0.816s] writing top-level names to quadruped_msgs.egg-info/top_level.txt
[0.925s] reading manifest file 'quadruped_msgs.egg-info/SOURCES.txt'
[0.930s] writing manifest file 'quadruped_msgs.egg-info/SOURCES.txt'
[1.001s] [100%] Built target ament_cmake_python_build_quadruped_msgs_egg
[1.038s] Invoked command in '/home/ws/build/quadruped_msgs' returned '0': CMAKE_PREFIX_PATH=${CMAKE_PREFIX_PATH}:/home/ws/install/py_pubsub:/opt/ros/jazzy DEBUGINFOD_URLS=https://debuginfod.ubuntu.com /usr/bin/cmake --build /home/ws/build/quadruped_msgs -- -j8 -l8
[1.044s] Invoking command in '/home/ws/build/quadruped_msgs': CMAKE_PREFIX_PATH=${CMAKE_PREFIX_PATH}:/home/ws/install/py_pubsub:/opt/ros/jazzy DEBUGINFOD_URLS=https://debuginfod.ubuntu.com /usr/bin/cmake --install /home/ws/build/quadruped_msgs
[1.079s] -- Install configuration: "Release"
[1.079s] -- Up-to-date: /home/ws/install/quadruped_msgs/share/ament_index/resource_index/rosidl_interfaces/quadruped_msgs
[1.079s] -- Up-to-date: /home/ws/install/quadruped_msgs/share/quadruped_msgs/msg/QuadrupedState.json
[1.079s] -- Up-to-date: /home/ws/install/quadruped_msgs/share/quadruped_msgs/msg/GaitPattern.json
[1.079s] -- Up-to-date: /home/ws/install/quadruped_msgs/share/quadruped_msgs/msg/FootStates.json
[1.079s] -- Up-to-date: /home/ws/install/quadruped_msgs/share/quadruped_msgs/msg/FootForces.json
[1.079s] -- Up-to-date: /home/ws/install/quadruped_msgs/include/quadruped_msgs/quadruped_msgs
[1.080s] -- Up-to-date: /home/ws/install/quadruped_msgs/include/quadruped_msgs/quadruped_msgs/msg
[1.080s] -- Up-to-date: /home/ws/install/quadruped_msgs/include/quadruped_msgs/quadruped_msgs/msg/foot_forces.h
[1.080s] -- Up-to-date: /home/ws/install/quadruped_msgs/include/quadruped_msgs/quadruped_msgs/msg/detail
[1.080s] -- Installing: /home/ws/install/quadruped_msgs/include/quadruped_msgs/quadruped_msgs/msg/detail/foot_states__type_support.c
[1.084s] -- Up-to-date: /home/ws/install/quadruped_msgs/include/quadruped_msgs/quadruped_msgs/msg/detail/foot_forces__description.c
[1.085s] -- Up-to-date: /home/ws/install/quadruped_msgs/include/quadruped_msgs/quadruped_msgs/msg/detail/quadruped_state__functions.c
[1.085s] -- Up-to-date: /home/ws/install/quadruped_msgs/include/quadruped_msgs/quadruped_msgs/msg/detail/gait_pattern__struct.h
[1.085s] -- Up-to-date: /home/ws/install/quadruped_msgs/include/quadruped_msgs/quadruped_msgs/msg/detail/quadruped_state__type_support.h
[1.085s] -- Up-to-date: /home/ws/install/quadruped_msgs/include/quadruped_msgs/quadruped_msgs/msg/detail/gait_pattern__functions.c
[1.086s] -- Up-to-date: /home/ws/install/quadruped_msgs/include/quadruped_msgs/quadruped_msgs/msg/detail/foot_states__struct.h
[1.086s] -- Up-to-date: /home/ws/install/quadruped_msgs/include/quadruped_msgs/quadruped_msgs/msg/detail/foot_forces__functions.c
[1.086s] -- Up-to-date: /home/ws/install/quadruped_msgs/include/quadruped_msgs/quadruped_msgs/msg/detail/foot_forces__functions.h
[1.086s] -- Up-to-date: /home/ws/install/quadruped_msgs/include/quadruped_msgs/quadruped_msgs/msg/detail/foot_states__type_support.h
[1.087s] -- Up-to-date: /home/ws/install/quadruped_msgs/include/quadruped_msgs/quadruped_msgs/msg/detail/foot_forces__struct.h
[1.087s] -- Up-to-date: /home/ws/install/quadruped_msgs/include/quadruped_msgs/quadruped_msgs/msg/detail/quadruped_state__description.c
[1.088s] -- Up-to-date: /home/ws/install/quadruped_msgs/include/quadruped_msgs/quadruped_msgs/msg/detail/foot_forces__type_support.h
[1.088s] -- Up-to-date: /home/ws/install/quadruped_msgs/include/quadruped_msgs/quadruped_msgs/msg/detail/foot_states__description.c
[1.089s] -- Installing: /home/ws/install/quadruped_msgs/include/quadruped_msgs/quadruped_msgs/msg/detail/quadruped_state__type_support.c
[1.089s] -- Up-to-date: /home/ws/install/quadruped_msgs/include/quadruped_msgs/quadruped_msgs/msg/detail/gait_pattern__type_support.h
[1.090s] -- Up-to-date: /home/ws/install/quadruped_msgs/include/quadruped_msgs/quadruped_msgs/msg/detail/foot_states__functions.c
[1.090s] -- Up-to-date: /home/ws/install/quadruped_msgs/include/quadruped_msgs/quadruped_msgs/msg/detail/gait_pattern__functions.h
[1.091s] -- Installing: /home/ws/install/quadruped_msgs/include/quadruped_msgs/quadruped_msgs/msg/detail/gait_pattern__type_support.c
[1.091s] -- Up-to-date: /home/ws/install/quadruped_msgs/include/quadruped_msgs/quadruped_msgs/msg/detail/foot_states__functions.h
[1.091s] -- Installing: /home/ws/install/quadruped_msgs/include/quadruped_msgs/quadruped_msgs/msg/detail/foot_forces__type_support.c
[1.092s] -- Up-to-date: /home/ws/install/quadruped_msgs/include/quadruped_msgs/quadruped_msgs/msg/detail/quadruped_state__functions.h
[1.097s] -- Up-to-date: /home/ws/install/quadruped_msgs/include/quadruped_msgs/quadruped_msgs/msg/detail/gait_pattern__description.c
[1.097s] -- Up-to-date: /home/ws/install/quadruped_msgs/include/quadruped_msgs/quadruped_msgs/msg/detail/quadruped_state__struct.h
[1.097s] -- Up-to-date: /home/ws/install/quadruped_msgs/include/quadruped_msgs/quadruped_msgs/msg/foot_states.h
[1.098s] -- Up-to-date: /home/ws/install/quadruped_msgs/include/quadruped_msgs/quadruped_msgs/msg/quadruped_state.h
[1.098s] -- Up-to-date: /home/ws/install/quadruped_msgs/include/quadruped_msgs/quadruped_msgs/msg/rosidl_generator_c__visibility_control.h
[1.098s] -- Up-to-date: /home/ws/install/quadruped_msgs/include/quadruped_msgs/quadruped_msgs/msg/gait_pattern.h
[1.098s] -- Up-to-date: /home/ws/install/quadruped_msgs/share/quadruped_msgs/environment/library_path.sh
[1.098s] -- Up-to-date: /home/ws/install/quadruped_msgs/share/quadruped_msgs/environment/library_path.dsv
[1.098s] -- Up-to-date: /home/ws/install/quadruped_msgs/lib/libquadruped_msgs__rosidl_generator_c.so
[1.098s] -- Up-to-date: /home/ws/install/quadruped_msgs/include/quadruped_msgs/quadruped_msgs
[1.099s] -- Up-to-date: /home/ws/install/quadruped_msgs/include/quadruped_msgs/quadruped_msgs/msg
[1.099s] -- Up-to-date: /home/ws/install/quadruped_msgs/include/quadruped_msgs/quadruped_msgs/msg/detail
[1.099s] -- Up-to-date: /home/ws/install/quadruped_msgs/include/quadruped_msgs/quadruped_msgs/msg/detail/foot_forces__rosidl_typesupport_fastrtps_c.h
[1.099s] -- Up-to-date: /home/ws/install/quadruped_msgs/include/quadruped_msgs/quadruped_msgs/msg/detail/quadruped_state__rosidl_typesupport_fastrtps_c.h
[1.099s] -- Up-to-date: /home/ws/install/quadruped_msgs/include/quadruped_msgs/quadruped_msgs/msg/detail/foot_states__rosidl_typesupport_fastrtps_c.h
[1.099s] -- Up-to-date: /home/ws/install/quadruped_msgs/include/quadruped_msgs/quadruped_msgs/msg/detail/gait_pattern__rosidl_typesupport_fastrtps_c.h
[1.100s] -- Up-to-date: /home/ws/install/quadruped_msgs/include/quadruped_msgs/quadruped_msgs/msg/rosidl_typesupport_fastrtps_c__visibility_control.h
[1.100s] -- Up-to-date: /home/ws/install/quadruped_msgs/lib/libquadruped_msgs__rosidl_typesupport_fastrtps_c.so
[1.100s] -- Up-to-date: /home/ws/install/quadruped_msgs/include/quadruped_msgs/quadruped_msgs
[1.100s] -- Up-to-date: /home/ws/install/quadruped_msgs/include/quadruped_msgs/quadruped_msgs/msg
[1.101s] -- Up-to-date: /home/ws/install/quadruped_msgs/include/quadruped_msgs/quadruped_msgs/msg/foot_states.hpp
[1.101s] -- Up-to-date: /home/ws/install/quadruped_msgs/include/quadruped_msgs/quadruped_msgs/msg/gait_pattern.hpp
[1.101s] -- Up-to-date: /home/ws/install/quadruped_msgs/include/quadruped_msgs/quadruped_msgs/msg/rosidl_generator_cpp__visibility_control.hpp
[1.102s] -- Up-to-date: /home/ws/install/quadruped_msgs/include/quadruped_msgs/quadruped_msgs/msg/detail
[1.102s] -- Up-to-date: /home/ws/install/quadruped_msgs/include/quadruped_msgs/quadruped_msgs/msg/detail/quadruped_state__builder.hpp
[1.102s] -- Up-to-date: /home/ws/install/quadruped_msgs/include/quadruped_msgs/quadruped_msgs/msg/detail/foot_states__struct.hpp
[1.110s] -- Up-to-date: /home/ws/install/quadruped_msgs/include/quadruped_msgs/quadruped_msgs/msg/detail/foot_forces__builder.hpp
[1.111s] -- Up-to-date: /home/ws/install/quadruped_msgs/include/quadruped_msgs/quadruped_msgs/msg/detail/foot_forces__struct.hpp
[1.111s] -- Up-to-date: /home/ws/install/quadruped_msgs/include/quadruped_msgs/quadruped_msgs/msg/detail/gait_pattern__builder.hpp
[1.111s] -- Up-to-date: /home/ws/install/quadruped_msgs/include/quadruped_msgs/quadruped_msgs/msg/detail/gait_pattern__traits.hpp
[1.112s] -- Up-to-date: /home/ws/install/quadruped_msgs/include/quadruped_msgs/quadruped_msgs/msg/detail/gait_pattern__struct.hpp
[1.112s] -- Up-to-date: /home/ws/install/quadruped_msgs/include/quadruped_msgs/quadruped_msgs/msg/detail/quadruped_state__traits.hpp
[1.112s] -- Up-to-date: /home/ws/install/quadruped_msgs/include/quadruped_msgs/quadruped_msgs/msg/detail/foot_states__type_support.hpp
[1.112s] -- Up-to-date: /home/ws/install/quadruped_msgs/include/quadruped_msgs/quadruped_msgs/msg/detail/foot_states__traits.hpp
[1.112s] -- Up-to-date: /home/ws/install/quadruped_msgs/include/quadruped_msgs/quadruped_msgs/msg/detail/quadruped_state__struct.hpp
[1.112s] -- Up-to-date: /home/ws/install/quadruped_msgs/include/quadruped_msgs/quadruped_msgs/msg/detail/gait_pattern__type_support.hpp
[1.112s] -- Up-to-date: /home/ws/install/quadruped_msgs/include/quadruped_msgs/quadruped_msgs/msg/detail/foot_states__builder.hpp
[1.113s] -- Up-to-date: /home/ws/install/quadruped_msgs/include/quadruped_msgs/quadruped_msgs/msg/detail/foot_forces__traits.hpp
[1.113s] -- Up-to-date: /home/ws/install/quadruped_msgs/include/quadruped_msgs/quadruped_msgs/msg/detail/foot_forces__type_support.hpp
[1.113s] -- Up-to-date: /home/ws/install/quadruped_msgs/include/quadruped_msgs/quadruped_msgs/msg/detail/quadruped_state__type_support.hpp
[1.113s] -- Up-to-date: /home/ws/install/quadruped_msgs/include/quadruped_msgs/quadruped_msgs/msg/quadruped_state.hpp
[1.113s] -- Up-to-date: /home/ws/install/quadruped_msgs/include/quadruped_msgs/quadruped_msgs/msg/foot_forces.hpp
[1.113s] -- Up-to-date: /home/ws/install/quadruped_msgs/include/quadruped_msgs/quadruped_msgs
[1.113s] -- Up-to-date: /home/ws/install/quadruped_msgs/include/quadruped_msgs/quadruped_msgs/msg
[1.114s] -- Up-to-date: /home/ws/install/quadruped_msgs/include/quadruped_msgs/quadruped_msgs/msg/detail
[1.114s] -- Up-to-date: /home/ws/install/quadruped_msgs/include/quadruped_msgs/quadruped_msgs/msg/detail/dds_fastrtps
[1.114s] -- Up-to-date: /home/ws/install/quadruped_msgs/include/quadruped_msgs/quadruped_msgs/msg/detail/foot_forces__rosidl_typesupport_fastrtps_cpp.hpp
[1.114s] -- Up-to-date: /home/ws/install/quadruped_msgs/include/quadruped_msgs/quadruped_msgs/msg/detail/quadruped_state__rosidl_typesupport_fastrtps_cpp.hpp
[1.114s] -- Up-to-date: /home/ws/install/quadruped_msgs/include/quadruped_msgs/quadruped_msgs/msg/detail/foot_states__rosidl_typesupport_fastrtps_cpp.hpp
[1.114s] -- Up-to-date: /home/ws/install/quadruped_msgs/include/quadruped_msgs/quadruped_msgs/msg/detail/gait_pattern__rosidl_typesupport_fastrtps_cpp.hpp
[1.114s] -- Up-to-date: /home/ws/install/quadruped_msgs/include/quadruped_msgs/quadruped_msgs/msg/rosidl_typesupport_fastrtps_cpp__visibility_control.h
[1.115s] -- Up-to-date: /home/ws/install/quadruped_msgs/lib/libquadruped_msgs__rosidl_typesupport_fastrtps_cpp.so
[1.115s] -- Up-to-date: /home/ws/install/quadruped_msgs/include/quadruped_msgs/quadruped_msgs
[1.115s] -- Up-to-date: /home/ws/install/quadruped_msgs/include/quadruped_msgs/quadruped_msgs/msg
[1.115s] -- Up-to-date: /home/ws/install/quadruped_msgs/include/quadruped_msgs/quadruped_msgs/msg/detail
[1.115s] -- Installing: /home/ws/install/quadruped_msgs/include/quadruped_msgs/quadruped_msgs/msg/detail/foot_states__type_support.c
[1.115s] -- Up-to-date: /home/ws/install/quadruped_msgs/include/quadruped_msgs/quadruped_msgs/msg/detail/quadruped_state__rosidl_typesupport_introspection_c.h
[1.115s] -- Up-to-date: /home/ws/install/quadruped_msgs/include/quadruped_msgs/quadruped_msgs/msg/detail/foot_states__rosidl_typesupport_introspection_c.h
[1.115s] -- Up-to-date: /home/ws/install/quadruped_msgs/include/quadruped_msgs/quadruped_msgs/msg/detail/foot_forces__rosidl_typesupport_introspection_c.h
[1.116s] -- Installing: /home/ws/install/quadruped_msgs/include/quadruped_msgs/quadruped_msgs/msg/detail/quadruped_state__type_support.c
[1.116s] -- Installing: /home/ws/install/quadruped_msgs/include/quadruped_msgs/quadruped_msgs/msg/detail/gait_pattern__type_support.c
[1.117s] -- Up-to-date: /home/ws/install/quadruped_msgs/include/quadruped_msgs/quadruped_msgs/msg/detail/gait_pattern__rosidl_typesupport_introspection_c.h
[1.117s] -- Installing: /home/ws/install/quadruped_msgs/include/quadruped_msgs/quadruped_msgs/msg/detail/foot_forces__type_support.c
[1.117s] -- Up-to-date: /home/ws/install/quadruped_msgs/include/quadruped_msgs/quadruped_msgs/msg/rosidl_typesupport_introspection_c__visibility_control.h
[1.117s] -- Up-to-date: /home/ws/install/quadruped_msgs/lib/libquadruped_msgs__rosidl_typesupport_introspection_c.so
[1.117s] -- Up-to-date: /home/ws/install/quadruped_msgs/lib/libquadruped_msgs__rosidl_typesupport_c.so
[1.130s] -- Up-to-date: /home/ws/install/quadruped_msgs/include/quadruped_msgs/quadruped_msgs
[1.130s] -- Up-to-date: /home/ws/install/quadruped_msgs/include/quadruped_msgs/quadruped_msgs/msg
[1.130s] -- Up-to-date: /home/ws/install/quadruped_msgs/include/quadruped_msgs/quadruped_msgs/msg/detail
[1.131s] -- Up-to-date: /home/ws/install/quadruped_msgs/include/quadruped_msgs/quadruped_msgs/msg/detail/foot_states__type_support.cpp
[1.132s] -- Up-to-date: /home/ws/install/quadruped_msgs/include/quadruped_msgs/quadruped_msgs/msg/detail/foot_forces__type_support.cpp
[1.132s] -- Up-to-date: /home/ws/install/quadruped_msgs/include/quadruped_msgs/quadruped_msgs/msg/detail/foot_states__rosidl_typesupport_introspection_cpp.hpp
[1.133s] -- Up-to-date: /home/ws/install/quadruped_msgs/include/quadruped_msgs/quadruped_msgs/msg/detail/quadruped_state__rosidl_typesupport_introspection_cpp.hpp
[1.133s] -- Up-to-date: /home/ws/install/quadruped_msgs/include/quadruped_msgs/quadruped_msgs/msg/detail/foot_forces__rosidl_typesupport_introspection_cpp.hpp
[1.134s] -- Up-to-date: /home/ws/install/quadruped_msgs/include/quadruped_msgs/quadruped_msgs/msg/detail/gait_pattern__rosidl_typesupport_introspection_cpp.hpp
[1.135s] -- Up-to-date: /home/ws/install/quadruped_msgs/include/quadruped_msgs/quadruped_msgs/msg/detail/quadruped_state__type_support.cpp
[1.136s] -- Up-to-date: /home/ws/install/quadruped_msgs/include/quadruped_msgs/quadruped_msgs/msg/detail/gait_pattern__type_support.cpp
[1.137s] -- Up-to-date: /home/ws/install/quadruped_msgs/lib/libquadruped_msgs__rosidl_typesupport_introspection_cpp.so
[1.138s] -- Up-to-date: /home/ws/install/quadruped_msgs/lib/libquadruped_msgs__rosidl_typesupport_cpp.so
[1.139s] -- Up-to-date: /home/ws/install/quadruped_msgs/share/quadruped_msgs/environment/pythonpath.sh
[1.140s] -- Up-to-date: /home/ws/install/quadruped_msgs/share/quadruped_msgs/environment/pythonpath.dsv
[1.141s] -- Up-to-date: /home/ws/install/quadruped_msgs/lib/python3.12/site-packages/quadruped_msgs-0.0.0-py3.12.egg-info
[1.141s] -- Installing: /home/ws/install/quadruped_msgs/lib/python3.12/site-packages/quadruped_msgs-0.0.0-py3.12.egg-info/dependency_links.txt
[1.141s] -- Installing: /home/ws/install/quadruped_msgs/lib/python3.12/site-packages/quadruped_msgs-0.0.0-py3.12.egg-info/top_level.txt
[1.142s] -- Installing: /home/ws/install/quadruped_msgs/lib/python3.12/site-packages/quadruped_msgs-0.0.0-py3.12.egg-info/PKG-INFO
[1.143s] -- Installing: /home/ws/install/quadruped_msgs/lib/python3.12/site-packages/quadruped_msgs-0.0.0-py3.12.egg-info/SOURCES.txt
[1.143s] -- Up-to-date: /home/ws/install/quadruped_msgs/lib/python3.12/site-packages/quadruped_msgs
[1.144s] -- Up-to-date: /home/ws/install/quadruped_msgs/lib/python3.12/site-packages/quadruped_msgs/quadruped_msgs_s__rosidl_typesupport_c.so
[1.144s] -- Up-to-date: /home/ws/install/quadruped_msgs/lib/python3.12/site-packages/quadruped_msgs/_quadruped_msgs_s.ep.rosidl_typesupport_c.c
[1.144s] -- Up-to-date: /home/ws/install/quadruped_msgs/lib/python3.12/site-packages/quadruped_msgs/__init__.py
[1.145s] -- Up-to-date: /home/ws/install/quadruped_msgs/lib/python3.12/site-packages/quadruped_msgs/_quadruped_msgs_s.ep.rosidl_typesupport_introspection_c.c
[1.145s] -- Up-to-date: /home/ws/install/quadruped_msgs/lib/python3.12/site-packages/quadruped_msgs/quadruped_msgs_s__rosidl_typesupport_introspection_c.so
[1.145s] -- Up-to-date: /home/ws/install/quadruped_msgs/lib/python3.12/site-packages/quadruped_msgs/quadruped_msgs_s__rosidl_typesupport_fastrtps_c.so
[1.146s] -- Up-to-date: /home/ws/install/quadruped_msgs/lib/python3.12/site-packages/quadruped_msgs/_quadruped_msgs_s.ep.rosidl_typesupport_fastrtps_c.c
[1.146s] -- Up-to-date: /home/ws/install/quadruped_msgs/lib/python3.12/site-packages/quadruped_msgs/msg
[1.146s] -- Up-to-date: /home/ws/install/quadruped_msgs/lib/python3.12/site-packages/quadruped_msgs/msg/__init__.py
[1.147s] -- Up-to-date: /home/ws/install/quadruped_msgs/lib/python3.12/site-packages/quadruped_msgs/msg/_foot_forces.py
[1.147s] -- Up-to-date: /home/ws/install/quadruped_msgs/lib/python3.12/site-packages/quadruped_msgs/msg/_foot_states_s.c
[1.148s] -- Up-to-date: /home/ws/install/quadruped_msgs/lib/python3.12/site-packages/quadruped_msgs/msg/_quadruped_state.py
[1.149s] -- Up-to-date: /home/ws/install/quadruped_msgs/lib/python3.12/site-packages/quadruped_msgs/msg/_foot_states.py
[1.149s] -- Up-to-date: /home/ws/install/quadruped_msgs/lib/python3.12/site-packages/quadruped_msgs/msg/_foot_forces_s.c
[1.150s] -- Up-to-date: /home/ws/install/quadruped_msgs/lib/python3.12/site-packages/quadruped_msgs/msg/_gait_pattern.py
[1.150s] -- Up-to-date: /home/ws/install/quadruped_msgs/lib/python3.12/site-packages/quadruped_msgs/msg/_quadruped_state_s.c
[1.150s] -- Up-to-date: /home/ws/install/quadruped_msgs/lib/python3.12/site-packages/quadruped_msgs/msg/_gait_pattern_s.c
[1.186s] Listing '/home/ws/install/quadruped_msgs/lib/python3.12/site-packages/quadruped_msgs'...
[1.186s] Listing '/home/ws/install/quadruped_msgs/lib/python3.12/site-packages/quadruped_msgs/msg'...
[1.216s] -- Up-to-date: /home/ws/install/quadruped_msgs/lib/python3.12/site-packages/quadruped_msgs/quadruped_msgs_s__rosidl_typesupport_fastrtps_c.so
[1.217s] -- Up-to-date: /home/ws/install/quadruped_msgs/lib/python3.12/site-packages/quadruped_msgs/quadruped_msgs_s__rosidl_typesupport_introspection_c.so
[1.218s] -- Up-to-date: /home/ws/install/quadruped_msgs/lib/python3.12/site-packages/quadruped_msgs/quadruped_msgs_s__rosidl_typesupport_c.so
[1.219s] -- Up-to-date: /home/ws/install/quadruped_msgs/lib/libquadruped_msgs__rosidl_generator_py.so
[1.221s] -- Up-to-date: /home/ws/install/quadruped_msgs/share/quadruped_msgs/msg/QuadrupedState.idl
[1.222s] -- Up-to-date: /home/ws/install/quadruped_msgs/share/quadruped_msgs/msg/GaitPattern.idl
[1.222s] -- Up-to-date: /home/ws/install/quadruped_msgs/share/quadruped_msgs/msg/FootStates.idl
[1.223s] -- Up-to-date: /home/ws/install/quadruped_msgs/share/quadruped_msgs/msg/FootForces.idl
[1.224s] -- Up-to-date: /home/ws/install/quadruped_msgs/share/quadruped_msgs/msg/QuadrupedState.msg
[1.225s] -- Up-to-date: /home/ws/install/quadruped_msgs/share/quadruped_msgs/msg/GaitPattern.msg
[1.225s] -- Up-to-date: /home/ws/install/quadruped_msgs/share/quadruped_msgs/msg/FootStates.msg
[1.226s] -- Up-to-date: /home/ws/install/quadruped_msgs/share/quadruped_msgs/msg/FootForces.msg
[1.226s] -- Up-to-date: /home/ws/install/quadruped_msgs/share/ament_index/resource_index/package_run_dependencies/quadruped_msgs
[1.226s] -- Up-to-date: /home/ws/install/quadruped_msgs/share/ament_index/resource_index/parent_prefix_path/quadruped_msgs
[1.226s] -- Up-to-date: /home/ws/install/quadruped_msgs/share/quadruped_msgs/environment/ament_prefix_path.sh
[1.226s] -- Up-to-date: /home/ws/install/quadruped_msgs/share/quadruped_msgs/environment/ament_prefix_path.dsv
[1.226s] -- Up-to-date: /home/ws/install/quadruped_msgs/share/quadruped_msgs/environment/path.sh
[1.226s] -- Up-to-date: /home/ws/install/quadruped_msgs/share/quadruped_msgs/environment/path.dsv
[1.227s] -- Up-to-date: /home/ws/install/quadruped_msgs/share/quadruped_msgs/local_setup.bash
[1.227s] -- Up-to-date: /home/ws/install/quadruped_msgs/share/quadruped_msgs/local_setup.sh
[1.227s] -- Up-to-date: /home/ws/install/quadruped_msgs/share/quadruped_msgs/local_setup.zsh
[1.227s] -- Up-to-date: /home/ws/install/quadruped_msgs/share/quadruped_msgs/local_setup.dsv
[1.227s] -- Installing: /home/ws/install/quadruped_msgs/share/quadruped_msgs/package.dsv
[1.227s] -- Up-to-date: /home/ws/install/quadruped_msgs/share/ament_index/resource_index/packages/quadruped_msgs
[1.227s] -- Up-to-date: /home/ws/install/quadruped_msgs/share/quadruped_msgs/cmake/export_quadruped_msgs__rosidl_generator_cExport.cmake
[1.227s] -- Up-to-date: /home/ws/install/quadruped_msgs/share/quadruped_msgs/cmake/export_quadruped_msgs__rosidl_generator_cExport-release.cmake
[1.228s] -- Up-to-date: /home/ws/install/quadruped_msgs/share/quadruped_msgs/cmake/export_quadruped_msgs__rosidl_typesupport_fastrtps_cExport.cmake
[1.228s] -- Up-to-date: /home/ws/install/quadruped_msgs/share/quadruped_msgs/cmake/export_quadruped_msgs__rosidl_typesupport_fastrtps_cExport-release.cmake
[1.228s] -- Up-to-date: /home/ws/install/quadruped_msgs/share/quadruped_msgs/cmake/export_quadruped_msgs__rosidl_generator_cppExport.cmake
[1.228s] -- Up-to-date: /home/ws/install/quadruped_msgs/share/quadruped_msgs/cmake/export_quadruped_msgs__rosidl_typesupport_fastrtps_cppExport.cmake
[1.228s] -- Up-to-date: /home/ws/install/quadruped_msgs/share/quadruped_msgs/cmake/export_quadruped_msgs__rosidl_typesupport_fastrtps_cppExport-release.cmake
[1.228s] -- Up-to-date: /home/ws/install/quadruped_msgs/share/quadruped_msgs/cmake/quadruped_msgs__rosidl_typesupport_introspection_cExport.cmake
[1.229s] -- Up-to-date: /home/ws/install/quadruped_msgs/share/quadruped_msgs/cmake/quadruped_msgs__rosidl_typesupport_introspection_cExport-release.cmake
[1.229s] -- Up-to-date: /home/ws/install/quadruped_msgs/share/quadruped_msgs/cmake/quadruped_msgs__rosidl_typesupport_cExport.cmake
[1.229s] -- Up-to-date: /home/ws/install/quadruped_msgs/share/quadruped_msgs/cmake/quadruped_msgs__rosidl_typesupport_cExport-release.cmake
[1.229s] -- Up-to-date: /home/ws/install/quadruped_msgs/share/quadruped_msgs/cmake/quadruped_msgs__rosidl_typesupport_introspection_cppExport.cmake
[1.229s] -- Up-to-date: /home/ws/install/quadruped_msgs/share/quadruped_msgs/cmake/quadruped_msgs__rosidl_typesupport_introspection_cppExport-release.cmake
[1.229s] -- Up-to-date: /home/ws/install/quadruped_msgs/share/quadruped_msgs/cmake/quadruped_msgs__rosidl_typesupport_cppExport.cmake
[1.229s] -- Up-to-date: /home/ws/install/quadruped_msgs/share/quadruped_msgs/cmake/quadruped_msgs__rosidl_typesupport_cppExport-release.cmake
[1.229s] -- Up-to-date: /home/ws/install/quadruped_msgs/share/quadruped_msgs/cmake/export_quadruped_msgs__rosidl_generator_pyExport.cmake
[1.230s] -- Up-to-date: /home/ws/install/quadruped_msgs/share/quadruped_msgs/cmake/export_quadruped_msgs__rosidl_generator_pyExport-release.cmake
[1.230s] -- Up-to-date: /home/ws/install/quadruped_msgs/share/quadruped_msgs/cmake/rosidl_cmake-extras.cmake
[1.230s] -- Up-to-date: /home/ws/install/quadruped_msgs/share/quadruped_msgs/cmake/ament_cmake_export_dependencies-extras.cmake
[1.230s] -- Up-to-date: /home/ws/install/quadruped_msgs/share/quadruped_msgs/cmake/ament_cmake_export_include_directories-extras.cmake
[1.230s] -- Up-to-date: /home/ws/install/quadruped_msgs/share/quadruped_msgs/cmake/ament_cmake_export_libraries-extras.cmake
[1.230s] -- Up-to-date: /home/ws/install/quadruped_msgs/share/quadruped_msgs/cmake/ament_cmake_export_targets-extras.cmake
[1.230s] -- Up-to-date: /home/ws/install/quadruped_msgs/share/quadruped_msgs/cmake/rosidl_cmake_export_typesupport_targets-extras.cmake
[1.231s] -- Up-to-date: /home/ws/install/quadruped_msgs/share/quadruped_msgs/cmake/rosidl_cmake_export_typesupport_libraries-extras.cmake
[1.231s] -- Up-to-date: /home/ws/install/quadruped_msgs/share/quadruped_msgs/cmake/quadruped_msgsConfig.cmake
[1.231s] -- Up-to-date: /home/ws/install/quadruped_msgs/share/quadruped_msgs/cmake/quadruped_msgsConfig-version.cmake
[1.231s] -- Up-to-date: /home/ws/install/quadruped_msgs/share/quadruped_msgs/package.xml
[1.256s] Invoked command in '/home/ws/build/quadruped_msgs' returned '0': CMAKE_PREFIX_PATH=${CMAKE_PREFIX_PATH}:/home/ws/install/py_pubsub:/opt/ros/jazzy DEBUGINFOD_URLS=https://debuginfod.ubuntu.com /usr/bin/cmake --install /home/ws/build/quadruped_msgs
