[0.050s] Invoking command in '/home/ws/build/quadruped_sim': CMAKE_PREFIX_PATH=${CMAKE_PREFIX_PATH}:/home/ws/install/py_pubsub:/opt/ros/jazzy DEBUGINFOD_URLS=https://debuginfod.ubuntu.com /usr/bin/cmake /home/ws/src/quadruped_sim -DCMAKE_BUILD_TYPE=Release -DCMAKE_INSTALL_PREFIX=/home/ws/install/quadruped_sim
[0.128s] -- Found ament_cmake: 2.5.3 (/opt/ros/jazzy/share/ament_cmake/cmake)
[1.031s] -- Found ament_lint_auto: 0.17.1 (/opt/ros/jazzy/share/ament_lint_auto/cmake)
[1.368s] -- Added test 'flake8' to check Python code syntax and style conventions
[1.374s] -- Configured 'flake8' exclude dirs and/or files: 
[1.374s] -- Added test 'lint_cmake' to check CMake code style
[1.374s] -- Added test 'pep257' to check Python code against some of the docstring style conventions in PEP 257
[1.374s] -- Added test 'xmllint' to check XML markup files
[1.376s] -- Configuring done (1.2s)
[1.379s] -- Generating done (0.0s)
[1.379s] -- Build files have been written to: /home/ws/build/quadruped_sim
[1.419s] Invoked command in '/home/ws/build/quadruped_sim' returned '0': CMAKE_PREFIX_PATH=${CMAKE_PREFIX_PATH}:/home/ws/install/py_pubsub:/opt/ros/jazzy DEBUGINFOD_URLS=https://debuginfod.ubuntu.com /usr/bin/cmake /home/ws/src/quadruped_sim -DCMAKE_BUILD_TYPE=Release -DCMAKE_INSTALL_PREFIX=/home/ws/install/quadruped_sim
[1.424s] Invoking command in '/home/ws/build/quadruped_sim': CMAKE_PREFIX_PATH=${CMAKE_PREFIX_PATH}:/home/ws/install/py_pubsub:/opt/ros/jazzy DEBUGINFOD_URLS=https://debuginfod.ubuntu.com /usr/bin/cmake --build /home/ws/build/quadruped_sim -- -j8 -l8
[1.606s] Invoked command in '/home/ws/build/quadruped_sim' returned '0': CMAKE_PREFIX_PATH=${CMAKE_PREFIX_PATH}:/home/ws/install/py_pubsub:/opt/ros/jazzy DEBUGINFOD_URLS=https://debuginfod.ubuntu.com /usr/bin/cmake --build /home/ws/build/quadruped_sim -- -j8 -l8
[1.607s] Invoking command in '/home/ws/build/quadruped_sim': CMAKE_PREFIX_PATH=${CMAKE_PREFIX_PATH}:/home/ws/install/py_pubsub:/opt/ros/jazzy DEBUGINFOD_URLS=https://debuginfod.ubuntu.com /usr/bin/cmake --install /home/ws/build/quadruped_sim
[1.754s] -- Install configuration: "Release"
[1.755s] -- Up-to-date: /home/ws/install/quadruped_sim/share/quadruped_sim/launch
[1.755s] -- Up-to-date: /home/ws/install/quadruped_sim/share/quadruped_sim/launch/gazebo_sim.launch.py
[1.755s] -- Up-to-date: /home/ws/install/quadruped_sim/share/ament_index/resource_index/package_run_dependencies/quadruped_sim
[1.755s] -- Up-to-date: /home/ws/install/quadruped_sim/share/ament_index/resource_index/parent_prefix_path/quadruped_sim
[1.756s] -- Up-to-date: /home/ws/install/quadruped_sim/share/quadruped_sim/environment/ament_prefix_path.sh
[1.756s] -- Up-to-date: /home/ws/install/quadruped_sim/share/quadruped_sim/environment/ament_prefix_path.dsv
[1.759s] -- Up-to-date: /home/ws/install/quadruped_sim/share/quadruped_sim/environment/path.sh
[1.760s] -- Up-to-date: /home/ws/install/quadruped_sim/share/quadruped_sim/environment/path.dsv
[1.760s] -- Up-to-date: /home/ws/install/quadruped_sim/share/quadruped_sim/local_setup.bash
[1.760s] -- Up-to-date: /home/ws/install/quadruped_sim/share/quadruped_sim/local_setup.sh
[1.760s] -- Up-to-date: /home/ws/install/quadruped_sim/share/quadruped_sim/local_setup.zsh
[1.761s] -- Up-to-date: /home/ws/install/quadruped_sim/share/quadruped_sim/local_setup.dsv
[1.761s] -- Installing: /home/ws/install/quadruped_sim/share/quadruped_sim/package.dsv
[1.761s] -- Up-to-date: /home/ws/install/quadruped_sim/share/ament_index/resource_index/packages/quadruped_sim
[1.761s] -- Up-to-date: /home/ws/install/quadruped_sim/share/quadruped_sim/cmake/quadruped_simConfig.cmake
[1.761s] -- Up-to-date: /home/ws/install/quadruped_sim/share/quadruped_sim/cmake/quadruped_simConfig-version.cmake
[1.761s] -- Up-to-date: /home/ws/install/quadruped_sim/share/quadruped_sim/package.xml
[1.786s] Invoked command in '/home/ws/build/quadruped_sim' returned '0': CMAKE_PREFIX_PATH=${CMAKE_PREFIX_PATH}:/home/ws/install/py_pubsub:/opt/ros/jazzy DEBUGINFOD_URLS=https://debuginfod.ubuntu.com /usr/bin/cmake --install /home/ws/build/quadruped_sim
