[0.153s] Invoking command in '/home/ws/build/bno08x_driver': CMAKE_PREFIX_PATH=${CMAKE_PREFIX_PATH}:/opt/ros/jazzy DEBUGINFOD_URLS=https://debuginfod.ubuntu.com /usr/bin/cmake --build /home/ws/build/bno08x_driver -- -j8 -l8
[1.014s] [ 27%] Built target sh2_library
[1.014s] [ 44%] Built target gmock
[1.014s] [ 66%] Built target bno08x_driver
[1.016s] [ 77%] Built target gmock_main
[1.095s] [ 88%] Built target test_i2c_mock
[1.273s] [100%] Built target test_watchdog
[1.512s] Invoked command in '/home/ws/build/bno08x_driver' returned '0': CMAKE_PREFIX_PATH=${CMAKE_PREFIX_PATH}:/opt/ros/jazzy DEBUGINFOD_URLS=https://debuginfod.ubuntu.com /usr/bin/cmake --build /home/ws/build/bno08x_driver -- -j8 -l8
[1.514s] Invoking command in '/home/ws/build/bno08x_driver': CMAKE_PREFIX_PATH=${CMAKE_PREFIX_PATH}:/opt/ros/jazzy DEBUGINFOD_URLS=https://debuginfod.ubuntu.com /usr/bin/cmake --install /home/ws/build/bno08x_driver
[1.554s] -- Install configuration: "Release"
[1.555s] -- Up-to-date: /home/ws/install/bno08x_driver/lib/bno08x_driver/bno08x_driver
[1.555s] -- Up-to-date: /home/ws/install/bno08x_driver/share/bno08x_driver/config
[1.555s] -- Up-to-date: /home/ws/install/bno08x_driver/share/bno08x_driver/config/bno085_i2c.yaml
[1.555s] -- Up-to-date: /home/ws/install/bno08x_driver/share/bno08x_driver/config/bno085_uart.yaml
[1.556s] -- Up-to-date: /home/ws/install/bno08x_driver/share/bno08x_driver/launch
[1.556s] -- Up-to-date: /home/ws/install/bno08x_driver/share/bno08x_driver/launch/bno085_i2c.launch.py
[1.556s] -- Up-to-date: /home/ws/install/bno08x_driver/share/bno08x_driver/launch/bno085_uart.launch.py
[1.556s] -- Up-to-date: /home/ws/install/bno08x_driver/share/ament_index/resource_index/package_run_dependencies/bno08x_driver
[1.556s] -- Up-to-date: /home/ws/install/bno08x_driver/share/ament_index/resource_index/parent_prefix_path/bno08x_driver
[1.556s] -- Up-to-date: /home/ws/install/bno08x_driver/share/bno08x_driver/environment/ament_prefix_path.sh
[1.557s] -- Up-to-date: /home/ws/install/bno08x_driver/share/bno08x_driver/environment/ament_prefix_path.dsv
[1.557s] -- Up-to-date: /home/ws/install/bno08x_driver/share/bno08x_driver/environment/path.sh
[1.557s] -- Up-to-date: /home/ws/install/bno08x_driver/share/bno08x_driver/environment/path.dsv
[1.557s] -- Up-to-date: /home/ws/install/bno08x_driver/share/bno08x_driver/local_setup.bash
[1.557s] -- Up-to-date: /home/ws/install/bno08x_driver/share/bno08x_driver/local_setup.sh
[1.557s] -- Up-to-date: /home/ws/install/bno08x_driver/share/bno08x_driver/local_setup.zsh
[1.558s] -- Up-to-date: /home/ws/install/bno08x_driver/share/bno08x_driver/local_setup.dsv
[1.558s] -- Installing: /home/ws/install/bno08x_driver/share/bno08x_driver/package.dsv
[1.558s] -- Up-to-date: /home/ws/install/bno08x_driver/share/ament_index/resource_index/packages/bno08x_driver
[1.558s] -- Up-to-date: /home/ws/install/bno08x_driver/share/bno08x_driver/cmake/bno08x_driverConfig.cmake
[1.558s] -- Up-to-date: /home/ws/install/bno08x_driver/share/bno08x_driver/cmake/bno08x_driverConfig-version.cmake
[1.558s] -- Up-to-date: /home/ws/install/bno08x_driver/share/bno08x_driver/package.xml
[1.638s] Invoked command in '/home/ws/build/bno08x_driver' returned '0': CMAKE_PREFIX_PATH=${CMAKE_PREFIX_PATH}:/opt/ros/jazzy DEBUGINFOD_URLS=https://debuginfod.ubuntu.com /usr/bin/cmake --install /home/ws/build/bno08x_driver
