[0.089s] Invoking command in '/home/ws/build/quadruped_mpc': CMAKE_PREFIX_PATH=/home/ws/install/quadruped_msgs:/home/ws/install/rmw_zenoh_cpp:/home/ws/install/zenoh_cpp_vendor:/home/ws/install/quadruped_utils:/home/ws/install/quadruped_urdf:/home/ws/install/quadruped_sim:/home/ws/install/quadruped_mpc:/home/ws/install/quadruped_hardware:/home/ws/install/quadruped_bringup:/home/ws/install/imu_hardware_interface:/home/ws/install/cpp_pubsub:/home/ws/install/bno08x_driver:/opt/ros/jazzy/opt/gz_sim_vendor:/opt/ros/jazzy/opt/gz_sensors_vendor:/opt/ros/jazzy/opt/gz_physics_vendor:/opt/ros/jazzy/opt/sdformat_vendor:/opt/ros/jazzy/opt/gz_gui_vendor:/opt/ros/jazzy/opt/gz_transport_vendor:/opt/ros/jazzy/opt/gz_rendering_vendor:/opt/ros/jazzy/opt/gz_plugin_vendor:/opt/ros/jazzy/opt/gz_fuel_tools_vendor:/opt/ros/jazzy/opt/gz_msgs_vendor:/opt/ros/jazzy/opt/gz_common_vendor:/opt/ros/jazzy/opt/gz_math_vendor:/opt/ros/jazzy/opt/gz_utils_vendor:/opt/ros/jazzy/opt/gz_tools_vendor:/opt/ros/jazzy/opt/gz_ogre_next_vendor:/opt/ros/jazzy/opt/gz_dartsim_vendor:/opt/ros/jazzy/opt/gz_cmake_vendor:/home/ws/install/py_pubsub:/opt/ros/jazzy DEBUGINFOD_URLS=https://debuginfod.ubuntu.com LD_LIBRARY_PATH=/home/ws/install/quadruped_msgs/lib:/home/ws/install/rmw_zenoh_cpp/lib:/home/ws/install/zenoh_cpp_vendor/opt/zenoh_cpp_vendor/lib:/home/ws/install/quadruped_utils/lib:/home/ws/install/quadruped_mpc/lib:/home/ws/install/quadruped_hardware/lib:/home/ws/install/imu_hardware_interface/lib:/opt/ros/jazzy/opt/gz_sim_vendor/lib:/opt/ros/jazzy/opt/gz_sensors_vendor/lib:/opt/ros/jazzy/opt/gz_physics_vendor/lib:/opt/ros/jazzy/opt/sdformat_vendor/lib:/opt/ros/jazzy/opt/rviz_ogre_vendor/lib:/opt/ros/jazzy/lib/aarch64-linux-gnu:/opt/ros/jazzy/opt/gz_gui_vendor/lib:/opt/ros/jazzy/opt/gz_transport_vendor/lib:/opt/ros/jazzy/opt/gz_rendering_vendor/lib:/opt/ros/jazzy/opt/gz_plugin_vendor/lib:/opt/ros/jazzy/opt/gz_fuel_tools_vendor/lib:/opt/ros/jazzy/opt/gz_msgs_vendor/lib:/opt/ros/jazzy/opt/gz_common_vendor/lib:/opt/ros/jazzy/opt/gz_math_vendor/lib:/opt/ros/jazzy/opt/gz_utils_vendor/lib:/opt/ros/jazzy/opt/gz_tools_vendor/lib:/opt/ros/jazzy/opt/gz_ogre_next_vendor/lib:/opt/ros/jazzy/opt/gz_dartsim_vendor/lib:/opt/ros/jazzy/opt/gz_cmake_vendor/lib:/opt/ros/jazzy/lib:/home/acados/acados/lib:/home/acados/acados/lib /usr/bin/cmake --build /home/ws/build/quadruped_mpc -- -j8 -l8
[0.282s] [ 54%] Built target acados_generated_code
[0.481s] [100%] Built target quadruped_mpc_controllers
[0.540s] Invoked command in '/home/ws/build/quadruped_mpc' returned '0': CMAKE_PREFIX_PATH=/home/ws/install/quadruped_msgs:/home/ws/install/rmw_zenoh_cpp:/home/ws/install/zenoh_cpp_vendor:/home/ws/install/quadruped_utils:/home/ws/install/quadruped_urdf:/home/ws/install/quadruped_sim:/home/ws/install/quadruped_mpc:/home/ws/install/quadruped_hardware:/home/ws/install/quadruped_bringup:/home/ws/install/imu_hardware_interface:/home/ws/install/cpp_pubsub:/home/ws/install/bno08x_driver:/opt/ros/jazzy/opt/gz_sim_vendor:/opt/ros/jazzy/opt/gz_sensors_vendor:/opt/ros/jazzy/opt/gz_physics_vendor:/opt/ros/jazzy/opt/sdformat_vendor:/opt/ros/jazzy/opt/gz_gui_vendor:/opt/ros/jazzy/opt/gz_transport_vendor:/opt/ros/jazzy/opt/gz_rendering_vendor:/opt/ros/jazzy/opt/gz_plugin_vendor:/opt/ros/jazzy/opt/gz_fuel_tools_vendor:/opt/ros/jazzy/opt/gz_msgs_vendor:/opt/ros/jazzy/opt/gz_common_vendor:/opt/ros/jazzy/opt/gz_math_vendor:/opt/ros/jazzy/opt/gz_utils_vendor:/opt/ros/jazzy/opt/gz_tools_vendor:/opt/ros/jazzy/opt/gz_ogre_next_vendor:/opt/ros/jazzy/opt/gz_dartsim_vendor:/opt/ros/jazzy/opt/gz_cmake_vendor:/home/ws/install/py_pubsub:/opt/ros/jazzy DEBUGINFOD_URLS=https://debuginfod.ubuntu.com LD_LIBRARY_PATH=/home/ws/install/quadruped_msgs/lib:/home/ws/install/rmw_zenoh_cpp/lib:/home/ws/install/zenoh_cpp_vendor/opt/zenoh_cpp_vendor/lib:/home/ws/install/quadruped_utils/lib:/home/ws/install/quadruped_mpc/lib:/home/ws/install/quadruped_hardware/lib:/home/ws/install/imu_hardware_interface/lib:/opt/ros/jazzy/opt/gz_sim_vendor/lib:/opt/ros/jazzy/opt/gz_sensors_vendor/lib:/opt/ros/jazzy/opt/gz_physics_vendor/lib:/opt/ros/jazzy/opt/sdformat_vendor/lib:/opt/ros/jazzy/opt/rviz_ogre_vendor/lib:/opt/ros/jazzy/lib/aarch64-linux-gnu:/opt/ros/jazzy/opt/gz_gui_vendor/lib:/opt/ros/jazzy/opt/gz_transport_vendor/lib:/opt/ros/jazzy/opt/gz_rendering_vendor/lib:/opt/ros/jazzy/opt/gz_plugin_vendor/lib:/opt/ros/jazzy/opt/gz_fuel_tools_vendor/lib:/opt/ros/jazzy/opt/gz_msgs_vendor/lib:/opt/ros/jazzy/opt/gz_common_vendor/lib:/opt/ros/jazzy/opt/gz_math_vendor/lib:/opt/ros/jazzy/opt/gz_utils_vendor/lib:/opt/ros/jazzy/opt/gz_tools_vendor/lib:/opt/ros/jazzy/opt/gz_ogre_next_vendor/lib:/opt/ros/jazzy/opt/gz_dartsim_vendor/lib:/opt/ros/jazzy/opt/gz_cmake_vendor/lib:/opt/ros/jazzy/lib:/home/acados/acados/lib:/home/acados/acados/lib /usr/bin/cmake --build /home/ws/build/quadruped_mpc -- -j8 -l8
[0.541s] Invoking command in '/home/ws/build/quadruped_mpc': CMAKE_PREFIX_PATH=/home/ws/install/quadruped_msgs:/home/ws/install/rmw_zenoh_cpp:/home/ws/install/zenoh_cpp_vendor:/home/ws/install/quadruped_utils:/home/ws/install/quadruped_urdf:/home/ws/install/quadruped_sim:/home/ws/install/quadruped_mpc:/home/ws/install/quadruped_hardware:/home/ws/install/quadruped_bringup:/home/ws/install/imu_hardware_interface:/home/ws/install/cpp_pubsub:/home/ws/install/bno08x_driver:/opt/ros/jazzy/opt/gz_sim_vendor:/opt/ros/jazzy/opt/gz_sensors_vendor:/opt/ros/jazzy/opt/gz_physics_vendor:/opt/ros/jazzy/opt/sdformat_vendor:/opt/ros/jazzy/opt/gz_gui_vendor:/opt/ros/jazzy/opt/gz_transport_vendor:/opt/ros/jazzy/opt/gz_rendering_vendor:/opt/ros/jazzy/opt/gz_plugin_vendor:/opt/ros/jazzy/opt/gz_fuel_tools_vendor:/opt/ros/jazzy/opt/gz_msgs_vendor:/opt/ros/jazzy/opt/gz_common_vendor:/opt/ros/jazzy/opt/gz_math_vendor:/opt/ros/jazzy/opt/gz_utils_vendor:/opt/ros/jazzy/opt/gz_tools_vendor:/opt/ros/jazzy/opt/gz_ogre_next_vendor:/opt/ros/jazzy/opt/gz_dartsim_vendor:/opt/ros/jazzy/opt/gz_cmake_vendor:/home/ws/install/py_pubsub:/opt/ros/jazzy DEBUGINFOD_URLS=https://debuginfod.ubuntu.com LD_LIBRARY_PATH=/home/ws/install/quadruped_msgs/lib:/home/ws/install/rmw_zenoh_cpp/lib:/home/ws/install/zenoh_cpp_vendor/opt/zenoh_cpp_vendor/lib:/home/ws/install/quadruped_utils/lib:/home/ws/install/quadruped_mpc/lib:/home/ws/install/quadruped_hardware/lib:/home/ws/install/imu_hardware_interface/lib:/opt/ros/jazzy/opt/gz_sim_vendor/lib:/opt/ros/jazzy/opt/gz_sensors_vendor/lib:/opt/ros/jazzy/opt/gz_physics_vendor/lib:/opt/ros/jazzy/opt/sdformat_vendor/lib:/opt/ros/jazzy/opt/rviz_ogre_vendor/lib:/opt/ros/jazzy/lib/aarch64-linux-gnu:/opt/ros/jazzy/opt/gz_gui_vendor/lib:/opt/ros/jazzy/opt/gz_transport_vendor/lib:/opt/ros/jazzy/opt/gz_rendering_vendor/lib:/opt/ros/jazzy/opt/gz_plugin_vendor/lib:/opt/ros/jazzy/opt/gz_fuel_tools_vendor/lib:/opt/ros/jazzy/opt/gz_msgs_vendor/lib:/opt/ros/jazzy/opt/gz_common_vendor/lib:/opt/ros/jazzy/opt/gz_math_vendor/lib:/opt/ros/jazzy/opt/gz_utils_vendor/lib:/opt/ros/jazzy/opt/gz_tools_vendor/lib:/opt/ros/jazzy/opt/gz_ogre_next_vendor/lib:/opt/ros/jazzy/opt/gz_dartsim_vendor/lib:/opt/ros/jazzy/opt/gz_cmake_vendor/lib:/opt/ros/jazzy/lib:/home/acados/acados/lib:/home/acados/acados/lib /usr/bin/cmake --install /home/ws/build/quadruped_mpc
[0.566s] -- Install configuration: "Release"
[0.567s] -- Up-to-date: /home/ws/install/quadruped_mpc/share/quadruped_mpc/environment/library_path.sh
[0.567s] -- Up-to-date: /home/ws/install/quadruped_mpc/share/quadruped_mpc/environment/library_path.dsv
[0.567s] -- Up-to-date: /home/ws/install/quadruped_mpc/lib/libquadruped_mpc_controllers.so
[0.568s] -- Up-to-date: /home/ws/install/quadruped_mpc/lib/libacados_generated_code.so
[0.568s] -- Up-to-date: /home/ws/install/quadruped_mpc/include/quadruped_mpc/acados_generated
[0.569s] -- Up-to-date: /home/ws/install/quadruped_mpc/include/quadruped_mpc/acados_generated/acados_sim_solver_quadruped_ode.h
[0.569s] -- Up-to-date: /home/ws/install/quadruped_mpc/include/quadruped_mpc/acados_generated/quadruped_ode_model
[0.570s] -- Up-to-date: /home/ws/install/quadruped_mpc/include/quadruped_mpc/acados_generated/quadruped_ode_model/quadruped_ode_model.h
[0.570s] -- Up-to-date: /home/ws/install/quadruped_mpc/include/quadruped_mpc/acados_generated/acados_solver_quadruped_ode.h
[0.570s] -- Up-to-date: /home/ws/install/quadruped_mpc/share/quadruped_mpc/cmake/quadruped_mpcTargets.cmake
[0.571s] -- Up-to-date: /home/ws/install/quadruped_mpc/share/quadruped_mpc/cmake/quadruped_mpcTargets-release.cmake
[0.571s] -- Up-to-date: /home/ws/install/quadruped_mpc/share/quadruped_mpc/plugin_description.xml
[0.571s] -- Up-to-date: /home/ws/install/quadruped_mpc/share/quadruped_mpc/config
[0.571s] -- Up-to-date: /home/ws/install/quadruped_mpc/share/quadruped_mpc/config/optimal_controller.yaml
[0.571s] -- Up-to-date: /home/ws/install/quadruped_mpc/share/quadruped_mpc/config/quadruped_controllers.yaml
[0.571s] -- Up-to-date: /home/ws/install/quadruped_mpc/share/quadruped_mpc/launch
[0.571s] -- Up-to-date: /home/ws/install/quadruped_mpc/share/quadruped_mpc/launch/mpc.launch.py
[0.572s] -- Up-to-date: /home/ws/install/quadruped_mpc/share/quadruped_mpc/include
[0.572s] -- Up-to-date: /home/ws/install/quadruped_mpc/share/quadruped_mpc/include/quadruped_mpc
[0.572s] -- Up-to-date: /home/ws/install/quadruped_mpc/share/quadruped_mpc/include/quadruped_mpc/utilities
[0.572s] -- Up-to-date: /home/ws/install/quadruped_mpc/share/quadruped_mpc/include/quadruped_mpc/utilities/KalmanFilter.hpp
[0.572s] -- Up-to-date: /home/ws/install/quadruped_mpc/share/quadruped_mpc/include/quadruped_mpc/control_laws
[0.572s] -- Up-to-date: /home/ws/install/quadruped_mpc/share/quadruped_mpc/include/quadruped_mpc/control_laws/GaitPatternGenerator.hpp
[0.573s] -- Up-to-date: /home/ws/install/quadruped_mpc/share/quadruped_mpc/include/quadruped_mpc/control_laws/StateEstimation.hpp
[0.573s] -- Up-to-date: /home/ws/install/quadruped_mpc/share/quadruped_mpc/include/quadruped_mpc/control_laws/BalanceControl.hpp
[0.573s] -- Up-to-date: /home/ws/install/quadruped_mpc/share/quadruped_mpc/include/quadruped_mpc/control_laws/FootControl.hpp
[0.574s] -- Up-to-date: /home/ws/install/quadruped_mpc/share/quadruped_mpc/include/quadruped_mpc/controller_interfaces
[0.574s] -- Up-to-date: /home/ws/install/quadruped_mpc/share/quadruped_mpc/include/quadruped_mpc/controller_interfaces/balance_controller.hpp
[0.574s] -- Up-to-date: /home/ws/install/quadruped_mpc/share/quadruped_mpc/include/quadruped_mpc/controller_interfaces/state_estimator.hpp
[0.574s] -- Up-to-date: /home/ws/install/quadruped_mpc/share/quadruped_mpc/include/quadruped_mpc/controller_interfaces/foot_controller.hpp
[0.575s] -- Up-to-date: /home/ws/install/quadruped_mpc/share/quadruped_mpc/include/quadruped_mpc/controller_interfaces/gait_pattern_generator.hpp
[0.575s] -- Up-to-date: /home/ws/install/quadruped_mpc/share/quadruped_mpc/include/quadruped_mpc/acados_generated
[0.575s] -- Up-to-date: /home/ws/install/quadruped_mpc/share/quadruped_mpc/include/quadruped_mpc/acados_generated/acados_solver_quadruped_ode.c
[0.575s] -- Up-to-date: /home/ws/install/quadruped_mpc/share/quadruped_mpc/include/quadruped_mpc/acados_generated/Makefile
[0.575s] -- Up-to-date: /home/ws/install/quadruped_mpc/share/quadruped_mpc/include/quadruped_mpc/acados_generated/acados_sim_solver_quadruped_ode.h
[0.576s] -- Up-to-date: /home/ws/install/quadruped_mpc/share/quadruped_mpc/include/quadruped_mpc/acados_generated/quadruped_ode_model
[0.576s] -- Up-to-date: /home/ws/install/quadruped_mpc/share/quadruped_mpc/include/quadruped_mpc/acados_generated/quadruped_ode_model/quadruped_ode_expl_vde_adj.c
[0.576s] -- Up-to-date: /home/ws/install/quadruped_mpc/share/quadruped_mpc/include/quadruped_mpc/acados_generated/quadruped_ode_model/quadruped_ode_expl_ode_fun.c
[0.576s] -- Up-to-date: /home/ws/install/quadruped_mpc/share/quadruped_mpc/include/quadruped_mpc/acados_generated/quadruped_ode_model/quadruped_ode_expl_vde_adj.o
[0.576s] -- Up-to-date: /home/ws/install/quadruped_mpc/share/quadruped_mpc/include/quadruped_mpc/acados_generated/quadruped_ode_model/quadruped_ode_expl_vde_forw.o
[0.576s] -- Up-to-date: /home/ws/install/quadruped_mpc/share/quadruped_mpc/include/quadruped_mpc/acados_generated/quadruped_ode_model/quadruped_ode_model.h
[0.576s] -- Up-to-date: /home/ws/install/quadruped_mpc/share/quadruped_mpc/include/quadruped_mpc/acados_generated/quadruped_ode_model/quadruped_ode_expl_ode_fun.o
[0.577s] -- Up-to-date: /home/ws/install/quadruped_mpc/share/quadruped_mpc/include/quadruped_mpc/acados_generated/quadruped_ode_model/quadruped_ode_expl_vde_forw.c
[0.577s] -- Up-to-date: /home/ws/install/quadruped_mpc/share/quadruped_mpc/include/quadruped_mpc/acados_generated/main_quadruped_ode.c
[0.577s] -- Up-to-date: /home/ws/install/quadruped_mpc/share/quadruped_mpc/include/quadruped_mpc/acados_generated/acados_solver.pxd
[0.577s] -- Up-to-date: /home/ws/install/quadruped_mpc/share/quadruped_mpc/include/quadruped_mpc/acados_generated/acados_solver_quadruped_ode.h
[0.577s] -- Up-to-date: /home/ws/install/quadruped_mpc/share/quadruped_mpc/include/quadruped_mpc/acados_generated/acados_solver_quadruped_ode.o
[0.578s] -- Up-to-date: /home/ws/install/quadruped_mpc/share/quadruped_mpc/include/quadruped_mpc/acados_generated/main_sim_quadruped_ode.c
[0.578s] -- Up-to-date: /home/ws/install/quadruped_mpc/share/quadruped_mpc/include/quadruped_mpc/acados_generated/libacados_ocp_solver_quadruped_ode.so
[0.596s] -- Up-to-date: /home/ws/install/quadruped_mpc/share/quadruped_mpc/include/quadruped_mpc/acados_generated/acados_sim_solver_quadruped_ode.c
[0.596s] -- Up-to-date: /home/ws/install/quadruped_mpc/share/quadruped_mpc/scripts
[0.596s] -- Up-to-date: /home/ws/install/quadruped_mpc/share/quadruped_mpc/scripts/quadruped_teleop.py
[0.596s] -- Up-to-date: /home/ws/install/quadruped_mpc/share/quadruped_mpc/scripts/acados
[0.596s] -- Up-to-date: /home/ws/install/quadruped_mpc/share/quadruped_mpc/scripts/acados/test_optimal_controller.py
[0.596s] -- Up-to-date: /home/ws/install/quadruped_mpc/share/quadruped_mpc/scripts/acados/generate_controller.py
[0.597s] -- Up-to-date: /home/ws/install/quadruped_mpc/share/quadruped_mpc/scripts/acados/optimal_controller.py
[0.597s] -- Up-to-date: /home/ws/install/quadruped_mpc/share/quadruped_mpc/scripts/acados/logs
[0.597s] -- Up-to-date: /home/ws/install/quadruped_mpc/share/quadruped_mpc/scripts/acados/__pycache__
[0.597s] -- Up-to-date: /home/ws/install/quadruped_mpc/share/quadruped_mpc/scripts/acados/quadruped_model.py
[0.597s] -- Up-to-date: /home/ws/install/quadruped_mpc/lib/quadruped_mpc/quadruped_teleop.py
[0.597s] -- Up-to-date: /home/ws/install/quadruped_mpc/share/quadruped_mpc/plugin_description.xml
[0.598s] -- Up-to-date: /home/ws/install/quadruped_mpc/share/ament_index/resource_index/package_run_dependencies/quadruped_mpc
[0.598s] -- Up-to-date: /home/ws/install/quadruped_mpc/share/ament_index/resource_index/parent_prefix_path/quadruped_mpc
[0.598s] -- Up-to-date: /home/ws/install/quadruped_mpc/share/quadruped_mpc/environment/ament_prefix_path.sh
[0.598s] -- Up-to-date: /home/ws/install/quadruped_mpc/share/quadruped_mpc/environment/ament_prefix_path.dsv
[0.598s] -- Up-to-date: /home/ws/install/quadruped_mpc/share/quadruped_mpc/environment/path.sh
[0.598s] -- Up-to-date: /home/ws/install/quadruped_mpc/share/quadruped_mpc/environment/path.dsv
[0.598s] -- Up-to-date: /home/ws/install/quadruped_mpc/share/quadruped_mpc/local_setup.bash
[0.598s] -- Up-to-date: /home/ws/install/quadruped_mpc/share/quadruped_mpc/local_setup.sh
[0.599s] -- Up-to-date: /home/ws/install/quadruped_mpc/share/quadruped_mpc/local_setup.zsh
[0.600s] -- Up-to-date: /home/ws/install/quadruped_mpc/share/quadruped_mpc/local_setup.dsv
[0.600s] -- Installing: /home/ws/install/quadruped_mpc/share/quadruped_mpc/package.dsv
[0.600s] -- Up-to-date: /home/ws/install/quadruped_mpc/share/ament_index/resource_index/packages/quadruped_mpc
[0.609s] -- Up-to-date: /home/ws/install/quadruped_mpc/share/ament_index/resource_index/controller_interface__pluginlib__plugin/quadruped_mpc
[0.609s] -- Up-to-date: /home/ws/install/quadruped_mpc/share/quadruped_mpc/cmake/export_quadruped_mpcExport.cmake
[0.610s] -- Up-to-date: /home/ws/install/quadruped_mpc/share/quadruped_mpc/cmake/export_quadruped_mpcExport-release.cmake
[0.610s] -- Up-to-date: /home/ws/install/quadruped_mpc/share/quadruped_mpc/cmake/export_quadruped_mpcExport.cmake
[0.610s] -- Up-to-date: /home/ws/install/quadruped_mpc/share/quadruped_mpc/cmake/export_quadruped_mpcExport-release.cmake
[0.610s] -- Up-to-date: /home/ws/install/quadruped_mpc/share/quadruped_mpc/cmake/ament_cmake_export_dependencies-extras.cmake
[0.610s] -- Up-to-date: /home/ws/install/quadruped_mpc/share/quadruped_mpc/cmake/ament_cmake_export_targets-extras.cmake
[0.610s] -- Up-to-date: /home/ws/install/quadruped_mpc/share/quadruped_mpc/cmake/quadruped_mpcConfig.cmake
[0.610s] -- Up-to-date: /home/ws/install/quadruped_mpc/share/quadruped_mpc/cmake/quadruped_mpcConfig-version.cmake
[0.611s] -- Up-to-date: /home/ws/install/quadruped_mpc/share/quadruped_mpc/package.xml
[0.611s] Invoked command in '/home/ws/build/quadruped_mpc' returned '0': CMAKE_PREFIX_PATH=/home/ws/install/quadruped_msgs:/home/ws/install/rmw_zenoh_cpp:/home/ws/install/zenoh_cpp_vendor:/home/ws/install/quadruped_utils:/home/ws/install/quadruped_urdf:/home/ws/install/quadruped_sim:/home/ws/install/quadruped_mpc:/home/ws/install/quadruped_hardware:/home/ws/install/quadruped_bringup:/home/ws/install/imu_hardware_interface:/home/ws/install/cpp_pubsub:/home/ws/install/bno08x_driver:/opt/ros/jazzy/opt/gz_sim_vendor:/opt/ros/jazzy/opt/gz_sensors_vendor:/opt/ros/jazzy/opt/gz_physics_vendor:/opt/ros/jazzy/opt/sdformat_vendor:/opt/ros/jazzy/opt/gz_gui_vendor:/opt/ros/jazzy/opt/gz_transport_vendor:/opt/ros/jazzy/opt/gz_rendering_vendor:/opt/ros/jazzy/opt/gz_plugin_vendor:/opt/ros/jazzy/opt/gz_fuel_tools_vendor:/opt/ros/jazzy/opt/gz_msgs_vendor:/opt/ros/jazzy/opt/gz_common_vendor:/opt/ros/jazzy/opt/gz_math_vendor:/opt/ros/jazzy/opt/gz_utils_vendor:/opt/ros/jazzy/opt/gz_tools_vendor:/opt/ros/jazzy/opt/gz_ogre_next_vendor:/opt/ros/jazzy/opt/gz_dartsim_vendor:/opt/ros/jazzy/opt/gz_cmake_vendor:/home/ws/install/py_pubsub:/opt/ros/jazzy DEBUGINFOD_URLS=https://debuginfod.ubuntu.com LD_LIBRARY_PATH=/home/ws/install/quadruped_msgs/lib:/home/ws/install/rmw_zenoh_cpp/lib:/home/ws/install/zenoh_cpp_vendor/opt/zenoh_cpp_vendor/lib:/home/ws/install/quadruped_utils/lib:/home/ws/install/quadruped_mpc/lib:/home/ws/install/quadruped_hardware/lib:/home/ws/install/imu_hardware_interface/lib:/opt/ros/jazzy/opt/gz_sim_vendor/lib:/opt/ros/jazzy/opt/gz_sensors_vendor/lib:/opt/ros/jazzy/opt/gz_physics_vendor/lib:/opt/ros/jazzy/opt/sdformat_vendor/lib:/opt/ros/jazzy/opt/rviz_ogre_vendor/lib:/opt/ros/jazzy/lib/aarch64-linux-gnu:/opt/ros/jazzy/opt/gz_gui_vendor/lib:/opt/ros/jazzy/opt/gz_transport_vendor/lib:/opt/ros/jazzy/opt/gz_rendering_vendor/lib:/opt/ros/jazzy/opt/gz_plugin_vendor/lib:/opt/ros/jazzy/opt/gz_fuel_tools_vendor/lib:/opt/ros/jazzy/opt/gz_msgs_vendor/lib:/opt/ros/jazzy/opt/gz_common_vendor/lib:/opt/ros/jazzy/opt/gz_math_vendor/lib:/opt/ros/jazzy/opt/gz_utils_vendor/lib:/opt/ros/jazzy/opt/gz_tools_vendor/lib:/opt/ros/jazzy/opt/gz_ogre_next_vendor/lib:/opt/ros/jazzy/opt/gz_dartsim_vendor/lib:/opt/ros/jazzy/opt/gz_cmake_vendor/lib:/opt/ros/jazzy/lib:/home/acados/acados/lib:/home/acados/acados/lib /usr/bin/cmake --install /home/ws/build/quadruped_mpc
