[0.206s] DEBUG:colcon:Command line arguments: ['/usr/bin/colcon', 'build']
[0.206s] DEBUG:colcon:Parsed command line arguments: Namespace(log_base=None, log_level=None, verb_name='build', build_base='build', install_base='install', merge_install=False, symlink_install=False, test_result_base=None, continue_on_error=False, executor='parallel', parallel_workers=8, event_handlers=None, ignore_user_meta=False, metas=['./colcon.meta'], base_paths=['.'], packages_ignore=None, packages_ignore_regex=None, paths=None, packages_up_to=None, packages_up_to_regex=None, packages_above=None, packages_above_and_dependencies=None, packages_above_depth=None, packages_select_by_dep=None, packages_skip_by_dep=None, packages_skip_up_to=None, packages_select_build_failed=False, packages_skip_build_finished=False, packages_select_test_failures=False, packages_skip_test_passed=False, packages_select=None, packages_skip=None, packages_select_regex=None, packages_skip_regex=None, packages_start=None, packages_end=None, cmake_args=None, cmake_target=None, cmake_target_skip_unavailable=False, cmake_clean_cache=False, cmake_clean_first=False, cmake_force_configure=False, ament_cmake_args=None, catkin_cmake_args=None, catkin_skip_building_tests=False, mixin_files=None, mixin=None, verb_parser=<colcon_mixin.mixin.mixin_argument.MixinArgumentDecorator object at 0xffffb5d24b60>, verb_extension=<colcon_core.verb.build.BuildVerb object at 0xffffb5d24ad0>, main=<bound method BuildVerb.main of <colcon_core.verb.build.BuildVerb object at 0xffffb5d24ad0>>, mixin_verb=('build',))
[0.288s] Level 1:colcon.colcon_core.package_discovery:discover_packages(colcon_meta) check parameters
[0.288s] Level 1:colcon.colcon_core.package_discovery:discover_packages(recursive) check parameters
[0.288s] Level 1:colcon.colcon_core.package_discovery:discover_packages(ignore) check parameters
[0.288s] Level 1:colcon.colcon_core.package_discovery:discover_packages(path) check parameters
[0.288s] Level 1:colcon.colcon_core.package_discovery:discover_packages(colcon_meta) discover
[0.289s] Level 1:colcon.colcon_core.package_discovery:discover_packages(recursive) discover
[0.289s] INFO:colcon.colcon_core.package_discovery:Crawling recursively for packages in '/home/ws/src/py_pubsub'
[0.289s] Level 1:colcon.colcon_core.package_identification:_identify(.) by extensions ['ignore', 'ignore_ament_install']
[0.289s] Level 1:colcon.colcon_core.package_identification:_identify(.) by extension 'ignore'
[0.289s] Level 1:colcon.colcon_core.package_identification:_identify(.) by extension 'ignore_ament_install'
[0.289s] Level 1:colcon.colcon_core.package_identification:_identify(.) by extensions ['colcon_pkg']
[0.289s] Level 1:colcon.colcon_core.package_identification:_identify(.) by extension 'colcon_pkg'
[0.290s] Level 1:colcon.colcon_core.package_identification:_identify(.) by extensions ['colcon_meta']
[0.290s] Level 1:colcon.colcon_core.package_identification:_identify(.) by extension 'colcon_meta'
[0.290s] Level 1:colcon.colcon_core.package_identification:_identify(.) by extensions ['ros']
[0.290s] Level 1:colcon.colcon_core.package_identification:_identify(.) by extension 'ros'
[0.344s] DEBUG:colcon.colcon_core.package_identification:Package '.' with type 'ros.ament_python' and name 'py_pubsub'
[0.344s] Level 1:colcon.colcon_core.package_discovery:discover_packages(recursive) using defaults
[0.344s] Level 1:colcon.colcon_core.package_discovery:discover_packages(ignore) discover
[0.344s] Level 1:colcon.colcon_core.package_discovery:discover_packages(ignore) using defaults
[0.344s] Level 1:colcon.colcon_core.package_discovery:discover_packages(path) discover
[0.344s] Level 1:colcon.colcon_core.package_discovery:discover_packages(path) using defaults
[0.374s] Level 5:colcon.colcon_core.verb:set package 'py_pubsub' build argument 'cmake_args' from command line to 'None'
[0.374s] Level 5:colcon.colcon_core.verb:set package 'py_pubsub' build argument 'cmake_target' from command line to 'None'
[0.374s] Level 5:colcon.colcon_core.verb:set package 'py_pubsub' build argument 'cmake_target_skip_unavailable' from command line to 'False'
[0.374s] Level 5:colcon.colcon_core.verb:set package 'py_pubsub' build argument 'cmake_clean_cache' from command line to 'False'
[0.374s] Level 5:colcon.colcon_core.verb:set package 'py_pubsub' build argument 'cmake_clean_first' from command line to 'False'
[0.374s] Level 5:colcon.colcon_core.verb:set package 'py_pubsub' build argument 'cmake_force_configure' from command line to 'False'
[0.374s] Level 5:colcon.colcon_core.verb:set package 'py_pubsub' build argument 'ament_cmake_args' from command line to 'None'
[0.374s] Level 5:colcon.colcon_core.verb:set package 'py_pubsub' build argument 'catkin_cmake_args' from command line to 'None'
[0.374s] Level 5:colcon.colcon_core.verb:set package 'py_pubsub' build argument 'catkin_skip_building_tests' from command line to 'False'
[0.374s] DEBUG:colcon.colcon_core.verb:Building package 'py_pubsub' with the following arguments: {'ament_cmake_args': None, 'build_base': '/home/ws/src/py_pubsub/build/py_pubsub', 'catkin_cmake_args': None, 'catkin_skip_building_tests': False, 'cmake_args': None, 'cmake_clean_cache': False, 'cmake_clean_first': False, 'cmake_force_configure': False, 'cmake_target': None, 'cmake_target_skip_unavailable': False, 'install_base': '/home/ws/src/py_pubsub/install/py_pubsub', 'merge_install': False, 'path': '/home/ws/src/py_pubsub', 'symlink_install': False, 'test_result_base': None}
[0.375s] INFO:colcon.colcon_core.executor:Executing jobs using 'parallel' executor
[0.376s] DEBUG:colcon.colcon_parallel_executor.executor.parallel:run_until_complete
[0.377s] INFO:colcon.colcon_ros.task.ament_python.build:Building ROS package in '/home/ws/src/py_pubsub' with build type 'ament_python'
[0.377s] Level 1:colcon.colcon_core.shell:create_environment_hook('py_pubsub', 'ament_prefix_path')
[0.381s] INFO:colcon.colcon_core.plugin_system:Skipping extension 'colcon_core.shell.bat': Not used on non-Windows systems
[0.381s] INFO:colcon.colcon_core.shell:Creating environment hook '/home/ws/src/py_pubsub/install/py_pubsub/share/py_pubsub/hook/ament_prefix_path.ps1'
[0.383s] INFO:colcon.colcon_core.shell:Creating environment descriptor '/home/ws/src/py_pubsub/install/py_pubsub/share/py_pubsub/hook/ament_prefix_path.dsv'
[0.383s] INFO:colcon.colcon_core.shell:Creating environment hook '/home/ws/src/py_pubsub/install/py_pubsub/share/py_pubsub/hook/ament_prefix_path.sh'
[0.385s] INFO:colcon.colcon_core.shell:Skip shell extension 'powershell' for command environment: Not usable outside of PowerShell
[0.385s] DEBUG:colcon.colcon_core.shell:Skip shell extension 'dsv' for command environment
[0.847s] INFO:colcon.colcon_core.task.python.build:Building Python package in '/home/ws/src/py_pubsub'
[0.848s] INFO:colcon.colcon_core.shell:Skip shell extension 'powershell' for command environment: Not usable outside of PowerShell
[0.848s] DEBUG:colcon.colcon_core.shell:Skip shell extension 'dsv' for command environment
[2.201s] DEBUG:colcon.colcon_core.event_handler.log_command:Invoking command in '/home/ws/src/py_pubsub': PYTHONPATH=/home/ws/src/py_pubsub/build/py_pubsub/prefix_override:/usr/lib/python3/dist-packages/colcon_core/task/python/colcon_distutils_commands:/home/ws/src/py_pubsub/install/py_pubsub/lib/python3.12/site-packages:${PYTHONPATH} /usr/bin/python3 -W ignore:setup.py install is deprecated -W ignore:easy_install command is deprecated setup.py egg_info --egg-base build/py_pubsub build --build-base /home/ws/src/py_pubsub/build/py_pubsub/build install --record /home/ws/src/py_pubsub/build/py_pubsub/install.log --single-version-externally-managed install_data
[3.292s] DEBUG:colcon.colcon_core.event_handler.log_command:Invoked command in '/home/ws/src/py_pubsub' returned '0': PYTHONPATH=/home/ws/src/py_pubsub/build/py_pubsub/prefix_override:/usr/lib/python3/dist-packages/colcon_core/task/python/colcon_distutils_commands:/home/ws/src/py_pubsub/install/py_pubsub/lib/python3.12/site-packages:${PYTHONPATH} /usr/bin/python3 -W ignore:setup.py install is deprecated -W ignore:easy_install command is deprecated setup.py egg_info --egg-base build/py_pubsub build --build-base /home/ws/src/py_pubsub/build/py_pubsub/build install --record /home/ws/src/py_pubsub/build/py_pubsub/install.log --single-version-externally-managed install_data
[3.300s] Level 1:colcon.colcon_core.environment:checking '/home/ws/src/py_pubsub/install/py_pubsub' for CMake module files
[3.303s] Level 1:colcon.colcon_core.environment:checking '/home/ws/src/py_pubsub/install/py_pubsub' for CMake config files
[3.305s] Level 1:colcon.colcon_core.environment:checking '/home/ws/src/py_pubsub/install/py_pubsub/lib'
[3.306s] Level 1:colcon.colcon_core.environment:checking '/home/ws/src/py_pubsub/install/py_pubsub/bin'
[3.306s] Level 1:colcon.colcon_core.environment:checking '/home/ws/src/py_pubsub/install/py_pubsub/lib/pkgconfig/py_pubsub.pc'
[3.307s] Level 1:colcon.colcon_core.environment:checking '/home/ws/src/py_pubsub/install/py_pubsub/lib/python3.12/site-packages'
[3.308s] Level 1:colcon.colcon_core.shell:create_environment_hook('py_pubsub', 'pythonpath')
[3.308s] INFO:colcon.colcon_core.shell:Creating environment hook '/home/ws/src/py_pubsub/install/py_pubsub/share/py_pubsub/hook/pythonpath.ps1'
[3.310s] INFO:colcon.colcon_core.shell:Creating environment descriptor '/home/ws/src/py_pubsub/install/py_pubsub/share/py_pubsub/hook/pythonpath.dsv'
[3.311s] INFO:colcon.colcon_core.shell:Creating environment hook '/home/ws/src/py_pubsub/install/py_pubsub/share/py_pubsub/hook/pythonpath.sh'
[3.314s] Level 1:colcon.colcon_core.environment:checking '/home/ws/src/py_pubsub/install/py_pubsub/bin'
[3.314s] Level 1:colcon.colcon_core.environment:create_environment_scripts_only(py_pubsub)
[3.315s] INFO:colcon.colcon_core.shell:Creating package script '/home/ws/src/py_pubsub/install/py_pubsub/share/py_pubsub/package.ps1'
[3.318s] INFO:colcon.colcon_core.shell:Creating package descriptor '/home/ws/src/py_pubsub/install/py_pubsub/share/py_pubsub/package.dsv'
[3.319s] INFO:colcon.colcon_core.shell:Creating package script '/home/ws/src/py_pubsub/install/py_pubsub/share/py_pubsub/package.sh'
[3.321s] INFO:colcon.colcon_core.shell:Creating package script '/home/ws/src/py_pubsub/install/py_pubsub/share/py_pubsub/package.bash'
[3.323s] INFO:colcon.colcon_core.shell:Creating package script '/home/ws/src/py_pubsub/install/py_pubsub/share/py_pubsub/package.zsh'
[3.324s] Level 1:colcon.colcon_core.environment:create_file_with_runtime_dependencies(/home/ws/src/py_pubsub/install/py_pubsub/share/colcon-core/packages/py_pubsub)
[3.325s] DEBUG:colcon.colcon_parallel_executor.executor.parallel:closing loop
[3.326s] DEBUG:colcon.colcon_parallel_executor.executor.parallel:loop closed
[3.327s] DEBUG:colcon.colcon_parallel_executor.executor.parallel:run_until_complete finished with '0'
[3.328s] DEBUG:colcon.colcon_core.event_reactor:joining thread
[3.348s] INFO:colcon.colcon_core.plugin_system:Skipping extension 'colcon_notification.desktop_notification.notify_send': Could not find 'notify-send'
[3.349s] INFO:colcon.colcon_core.plugin_system:Skipping extension 'colcon_notification.desktop_notification.terminal_notifier': Not used on non-Darwin systems
[3.349s] INFO:colcon.colcon_core.plugin_system:Skipping extension 'colcon_notification.desktop_notification.win32': Not used on non-Windows systems
[3.349s] INFO:colcon.colcon_notification.desktop_notification:Sending desktop notification using 'notify2'
[3.357s] DEBUG:colcon.colcon_notification.desktop_notification.notify2:Failed to initialize notify2: org.freedesktop.DBus.Error.Spawn.ExecFailed: /usr/bin/dbus-launch terminated abnormally without any error message
[3.357s] DEBUG:colcon.colcon_core.event_reactor:joined thread
[3.359s] INFO:colcon.colcon_core.shell:Creating prefix script '/home/ws/src/py_pubsub/install/local_setup.ps1'
[3.361s] INFO:colcon.colcon_core.shell:Creating prefix util module '/home/ws/src/py_pubsub/install/_local_setup_util_ps1.py'
[3.363s] INFO:colcon.colcon_core.shell:Creating prefix chain script '/home/ws/src/py_pubsub/install/setup.ps1'
[3.367s] INFO:colcon.colcon_core.shell:Creating prefix script '/home/ws/src/py_pubsub/install/local_setup.sh'
[3.369s] INFO:colcon.colcon_core.shell:Creating prefix util module '/home/ws/src/py_pubsub/install/_local_setup_util_sh.py'
[3.371s] INFO:colcon.colcon_core.shell:Creating prefix chain script '/home/ws/src/py_pubsub/install/setup.sh'
[3.374s] INFO:colcon.colcon_core.shell:Creating prefix script '/home/ws/src/py_pubsub/install/local_setup.bash'
[3.375s] INFO:colcon.colcon_core.shell:Creating prefix chain script '/home/ws/src/py_pubsub/install/setup.bash'
[3.378s] INFO:colcon.colcon_core.shell:Creating prefix script '/home/ws/src/py_pubsub/install/local_setup.zsh'
[3.379s] INFO:colcon.colcon_core.shell:Creating prefix chain script '/home/ws/src/py_pubsub/install/setup.zsh'
