[0.111s] Invoking command in '/home/ws/build/quadruped_urdf': CMAKE_PREFIX_PATH=${CMAKE_PREFIX_PATH}:/home/ws/install/py_pubsub:/opt/ros/jazzy DEBUGINFOD_URLS=https://debuginfod.ubuntu.com /usr/bin/cmake /home/ws/src/quadruped_urdf -DCMAKE_BUILD_TYPE=Release -DCMAKE_INSTALL_PREFIX=/home/ws/install/quadruped_urdf
[0.281s] -- The C compiler identification is GNU 13.3.0
[0.470s] -- The CXX compiler identification is GNU 13.3.0
[0.534s] -- Detecting C compiler ABI info
[0.796s] -- Detecting C compiler ABI info - done
[0.814s] -- Check for working C compiler: /usr/bin/cc - skipped
[0.814s] -- Detecting C compile features
[0.815s] -- Detecting C compile features - done
[0.876s] -- Detecting CXX compiler ABI info
[1.283s] -- Detecting CXX compiler ABI info - done
[1.317s] -- Check for working CXX compiler: /usr/bin/c++ - skipped
[1.318s] -- Detecting CXX compile features
[1.324s] -- Detecting CXX compile features - done
[1.340s] -- Found ament_cmake: 2.5.3 (/opt/ros/jazzy/share/ament_cmake/cmake)
[1.872s] -- Found Python3: /usr/bin/python3 (found version "3.12.3") found components: Interpreter 
[2.327s] -- Found ament_lint_auto: 0.17.1 (/opt/ros/jazzy/share/ament_lint_auto/cmake)
[2.622s] -- Added test 'flake8' to check Python code syntax and style conventions
[2.622s] -- Configured 'flake8' exclude dirs and/or files: 
[2.625s] -- Added test 'lint_cmake' to check CMake code style
[2.631s] -- Added test 'pep257' to check Python code against some of the docstring style conventions in PEP 257
[2.637s] -- Added test 'xmllint' to check XML markup files
[2.643s] -- Configuring done (2.5s)
[2.650s] -- Generating done (0.0s)
[2.654s] -- Build files have been written to: /home/ws/build/quadruped_urdf
