[0.081s] Invoking command in '/home/ws/build/bno08x_driver': CMAKE_PREFIX_PATH=${CMAKE_PREFIX_PATH}:/home/ws/install/py_pubsub:/opt/ros/jazzy DEBUGINFOD_URLS=https://debuginfod.ubuntu.com /usr/bin/cmake /home/ws/src/bno08x_ros2_driver -DCMAKE_INSTALL_PREFIX=/home/ws/install/bno08x_driver
[0.662s] -- Found ament_cmake: 2.5.3 (/opt/ros/jazzy/share/ament_cmake/cmake)
[0.730s] -- Found rclcpp: 28.1.6 (/opt/ros/jazzy/share/rclcpp/cmake)
[0.795s] -- Found rosidl_generator_c: 4.6.5 (/opt/ros/jazzy/share/rosidl_generator_c/cmake)
[0.814s] -- Found rosidl_generator_cpp: 4.6.5 (/opt/ros/jazzy/share/rosidl_generator_cpp/cmake)
[0.846s] -- Using all available rosidl_typesupport_c: rosidl_typesupport_fastrtps_c;rosidl_typesupport_introspection_c
[0.876s] -- Using all available rosidl_typesupport_cpp: rosidl_typesupport_fastrtps_cpp;rosidl_typesupport_introspection_cpp
[1.031s] -- Found rmw_implementation_cmake: 7.3.1 (/opt/ros/jazzy/share/rmw_implementation_cmake/cmake)
[1.044s] -- Found rmw_zenoh_cpp: 0.2.2 (/home/ws/install/rmw_zenoh_cpp/share/rmw_zenoh_cpp/cmake)
[1.044s] -- Using RMW implementation 'rmw_zenoh_cpp' as default
[1.234s] -- Found sensor_msgs: 5.3.5 (/opt/ros/jazzy/share/sensor_msgs/cmake)
[1.440s] -- Found ament_cmake_gmock: 2.5.3 (/opt/ros/jazzy/share/ament_cmake_gmock/cmake)
[1.442s] -- Found ament_cmake_gtest: 2.5.3 (/opt/ros/jazzy/share/ament_cmake_gtest/cmake)
[1.445s] -- Found gmock sources under '/opt/ros/jazzy/src/gmock_vendor': C++ tests using 'Google Mock' will be built
[1.448s] -- Found gtest sources under '/opt/ros/jazzy/src/gtest_vendor': C++ tests using 'Google Test' will be built
[1.693s] -- Configuring done (1.6s)
[1.805s] -- Generating done (0.1s)
[1.849s] -- Build files have been written to: /home/ws/build/bno08x_driver
[1.875s] Invoked command in '/home/ws/build/bno08x_driver' returned '0': CMAKE_PREFIX_PATH=${CMAKE_PREFIX_PATH}:/home/ws/install/py_pubsub:/opt/ros/jazzy DEBUGINFOD_URLS=https://debuginfod.ubuntu.com /usr/bin/cmake /home/ws/src/bno08x_ros2_driver -DCMAKE_INSTALL_PREFIX=/home/ws/install/bno08x_driver
[1.876s] Invoking command in '/home/ws/build/bno08x_driver': CMAKE_PREFIX_PATH=${CMAKE_PREFIX_PATH}:/home/ws/install/py_pubsub:/opt/ros/jazzy DEBUGINFOD_URLS=https://debuginfod.ubuntu.com /usr/bin/cmake --build /home/ws/build/bno08x_driver -- -j8 -l8
[2.165s] [ 27%] Built target sh2_library
[2.199s] [ 38%] Built target gmock_main
[2.221s] [ 55%] Built target gmock
[2.343s] [ 66%] Built target test_i2c_mock
[2.351s] [ 88%] Built target bno08x_driver
[2.379s] [100%] Built target test_watchdog
[2.444s] Invoked command in '/home/ws/build/bno08x_driver' returned '0': CMAKE_PREFIX_PATH=${CMAKE_PREFIX_PATH}:/home/ws/install/py_pubsub:/opt/ros/jazzy DEBUGINFOD_URLS=https://debuginfod.ubuntu.com /usr/bin/cmake --build /home/ws/build/bno08x_driver -- -j8 -l8
[2.445s] Invoking command in '/home/ws/build/bno08x_driver': CMAKE_PREFIX_PATH=${CMAKE_PREFIX_PATH}:/home/ws/install/py_pubsub:/opt/ros/jazzy DEBUGINFOD_URLS=https://debuginfod.ubuntu.com /usr/bin/cmake --install /home/ws/build/bno08x_driver
[2.462s] -- Install configuration: "Release"
[2.462s] -- Up-to-date: /home/ws/install/bno08x_driver/lib/bno08x_driver/bno08x_driver
[2.462s] -- Up-to-date: /home/ws/install/bno08x_driver/share/bno08x_driver/config
[2.462s] -- Up-to-date: /home/ws/install/bno08x_driver/share/bno08x_driver/config/bno085_i2c.yaml
[2.462s] -- Up-to-date: /home/ws/install/bno08x_driver/share/bno08x_driver/config/bno085_uart.yaml
[2.463s] -- Up-to-date: /home/ws/install/bno08x_driver/share/bno08x_driver/launch
[2.463s] -- Up-to-date: /home/ws/install/bno08x_driver/share/bno08x_driver/launch/bno085_i2c.launch.py
[2.463s] -- Up-to-date: /home/ws/install/bno08x_driver/share/bno08x_driver/launch/bno085_uart.launch.py
[2.463s] -- Up-to-date: /home/ws/install/bno08x_driver/share/ament_index/resource_index/package_run_dependencies/bno08x_driver
[2.463s] -- Up-to-date: /home/ws/install/bno08x_driver/share/ament_index/resource_index/parent_prefix_path/bno08x_driver
[2.463s] -- Up-to-date: /home/ws/install/bno08x_driver/share/bno08x_driver/environment/ament_prefix_path.sh
[2.463s] -- Up-to-date: /home/ws/install/bno08x_driver/share/bno08x_driver/environment/ament_prefix_path.dsv
[2.464s] -- Up-to-date: /home/ws/install/bno08x_driver/share/bno08x_driver/environment/path.sh
[2.464s] -- Up-to-date: /home/ws/install/bno08x_driver/share/bno08x_driver/environment/path.dsv
[2.464s] -- Up-to-date: /home/ws/install/bno08x_driver/share/bno08x_driver/local_setup.bash
[2.464s] -- Up-to-date: /home/ws/install/bno08x_driver/share/bno08x_driver/local_setup.sh
[2.464s] -- Up-to-date: /home/ws/install/bno08x_driver/share/bno08x_driver/local_setup.zsh
[2.464s] -- Up-to-date: /home/ws/install/bno08x_driver/share/bno08x_driver/local_setup.dsv
[2.464s] -- Installing: /home/ws/install/bno08x_driver/share/bno08x_driver/package.dsv
[2.465s] -- Up-to-date: /home/ws/install/bno08x_driver/share/ament_index/resource_index/packages/bno08x_driver
[2.467s] -- Up-to-date: /home/ws/install/bno08x_driver/share/bno08x_driver/cmake/bno08x_driverConfig.cmake
[2.467s] -- Up-to-date: /home/ws/install/bno08x_driver/share/bno08x_driver/cmake/bno08x_driverConfig-version.cmake
[2.467s] -- Up-to-date: /home/ws/install/bno08x_driver/share/bno08x_driver/package.xml
[2.567s] Invoked command in '/home/ws/build/bno08x_driver' returned '0': CMAKE_PREFIX_PATH=${CMAKE_PREFIX_PATH}:/home/ws/install/py_pubsub:/opt/ros/jazzy DEBUGINFOD_URLS=https://debuginfod.ubuntu.com /usr/bin/cmake --install /home/ws/build/bno08x_driver
