-- Found ament_cmake: 2.5.3 (/opt/ros/jazzy/share/ament_cmake/cmake)
-- Found rclcpp: 28.1.6 (/opt/ros/jazzy/share/rclcpp/cmake)
-- Found rosidl_generator_c: 4.6.5 (/opt/ros/jazzy/share/rosidl_generator_c/cmake)
-- Found rosidl_generator_cpp: 4.6.5 (/opt/ros/jazzy/share/rosidl_generator_cpp/cmake)
-- Using all available rosidl_typesupport_c: rosidl_typesupport_fastrtps_c;rosidl_typesupport_introspection_c
-- Using all available rosidl_typesupport_cpp: rosidl_typesupport_fastrtps_cpp;rosidl_typesupport_introspection_cpp
-- Found rmw_implementation_cmake: 7.3.1 (/opt/ros/jazzy/share/rmw_implementation_cmake/cmake)
-- Found rmw_zenoh_cpp: 0.2.2 (/home/ws/install/rmw_zenoh_cpp/share/rmw_zenoh_cpp/cmake)
-- Using RMW implementation 'rmw_zenoh_cpp' as default
-- Found rclcpp_lifecycle: 28.1.6 (/opt/ros/jazzy/share/rclcpp_lifecycle/cmake)
-- Found hardware_interface: 4.28.1 (/opt/ros/jazzy/share/hardware_interface/cmake)
-- Found TinyXML2 via Config file: /usr/local/lib/cmake/tinyxml2
-- Found controller_interface: 4.28.1 (/opt/ros/jazzy/share/controller_interface/cmake)
-- Found Threads: TRUE  
-- Configuring done (1.9s)
-- Generating done (0.1s)
-- Build files have been written to: /home/ws/build/jetson_interface
[  1%] [34m[1mGenerating Model.h[0m
Running generate_model_header.sh...
Model.h file has been created.
[  1%] Built target GenerateModelHeader
[  3%] [32mBuilding CXX object JetsonGPIO/CMakeFiles/JetsonGPIO.dir/src/MainModule.cpp.o[0m
[  6%] [32mBuilding CXX object JetsonGPIO/CMakeFiles/JetsonGPIO.dir/src/GPIOPinData.cpp.o[0m
[  6%] [32mBuilding CXX object JetsonGPIO/CMakeFiles/JetsonGPIO.dir/src/JetsonGPIO.cpp.o[0m
[  8%] [32mBuilding CXX object JetsonGPIO/CMakeFiles/JetsonGPIO.dir/src/PWM.cpp.o[0m
[ 11%] [32mBuilding CXX object JetsonGPIO/CMakeFiles/JetsonGPIO.dir/src/PythonFunctions.cpp.o[0m
[ 11%] [32mBuilding CXX object JetsonGPIO/CMakeFiles/JetsonGPIO.dir/src/ExceptionHandling.cpp.o[0m
[ 13%] [32mBuilding CXX object JetsonGPIO/CMakeFiles/JetsonGPIO.dir/src/Callback.cpp.o[0m
[ 15%] [32mBuilding CXX object JetsonGPIO/CMakeFiles/JetsonGPIO.dir/src/GPIOEvent.cpp.o[0m
[ 16%] [32mBuilding CXX object JetsonGPIO/CMakeFiles/JetsonGPIO.dir/src/DictionaryLike.cpp.o[0m
[ 18%] [32mBuilding CXX object JetsonGPIO/CMakeFiles/JetsonGPIO.dir/src/ModelUtility.cpp.o[0m
