[0.130s] Invoking command in '/home/ws/build/quadruped_urdf': CMAKE_PREFIX_PATH=${CMAKE_PREFIX_PATH}:/home/ws/install/py_pubsub:/opt/ros/jazzy DEBUGINFOD_URLS=https://debuginfod.ubuntu.com /usr/bin/cmake --build /home/ws/build/quadruped_urdf -- -j8 -l8
[0.311s] Invoked command in '/home/ws/build/quadruped_urdf' returned '0': CMAKE_PREFIX_PATH=${CMAKE_PREFIX_PATH}:/home/ws/install/py_pubsub:/opt/ros/jazzy DEBUGINFOD_URLS=https://debuginfod.ubuntu.com /usr/bin/cmake --build /home/ws/build/quadruped_urdf -- -j8 -l8
[0.312s] Invoking command in '/home/ws/build/quadruped_urdf': CMAKE_PREFIX_PATH=${CMAKE_PREFIX_PATH}:/home/ws/install/py_pubsub:/opt/ros/jazzy DEBUGINFOD_URLS=https://debuginfod.ubuntu.com /usr/bin/cmake --install /home/ws/build/quadruped_urdf
[0.355s] -- Install configuration: "Release"
[0.355s] -- Up-to-date: /home/ws/install/quadruped_urdf/share/quadruped_urdf/urdf
[0.355s] -- Up-to-date: /home/ws/install/quadruped_urdf/share/quadruped_urdf/urdf/sensors.xacro
[0.356s] -- Up-to-date: /home/ws/install/quadruped_urdf/share/quadruped_urdf/urdf/leg.xacro
[0.356s] -- Up-to-date: /home/ws/install/quadruped_urdf/share/quadruped_urdf/urdf/quadruped_ros2_control.xacro
[0.356s] -- Up-to-date: /home/ws/install/quadruped_urdf/share/quadruped_urdf/urdf/materials.xacro
[0.356s] -- Up-to-date: /home/ws/install/quadruped_urdf/share/quadruped_urdf/urdf/body.xacro
[0.357s] -- Up-to-date: /home/ws/install/quadruped_urdf/share/quadruped_urdf/urdf/properties.xacro
[0.357s] -- Up-to-date: /home/ws/install/quadruped_urdf/share/quadruped_urdf/urdf/properties_real.xacro
[0.357s] -- Up-to-date: /home/ws/install/quadruped_urdf/share/quadruped_urdf/urdf/meshes
[0.357s] -- Up-to-date: /home/ws/install/quadruped_urdf/share/quadruped_urdf/urdf/meshes/Rear Left Shin.STL
[0.357s] -- Up-to-date: /home/ws/install/quadruped_urdf/share/quadruped_urdf/urdf/meshes/Body_bin.STL
[0.357s] -- Up-to-date: /home/ws/install/quadruped_urdf/share/quadruped_urdf/urdf/meshes/Front Left Thigh.STL
[0.358s] -- Up-to-date: /home/ws/install/quadruped_urdf/share/quadruped_urdf/urdf/meshes/Rear Left Thigh.STL
[0.358s] -- Up-to-date: /home/ws/install/quadruped_urdf/share/quadruped_urdf/urdf/meshes/Thigh.STL
[0.358s] -- Up-to-date: /home/ws/install/quadruped_urdf/share/quadruped_urdf/urdf/meshes/Rear Right Thigh.STL
[0.358s] -- Up-to-date: /home/ws/install/quadruped_urdf/share/quadruped_urdf/urdf/meshes/Front Right Thigh.STL
[0.358s] -- Up-to-date: /home/ws/install/quadruped_urdf/share/quadruped_urdf/urdf/meshes/Front Right Shin.STL
[0.358s] -- Up-to-date: /home/ws/install/quadruped_urdf/share/quadruped_urdf/urdf/meshes/Front Left Shin.STL
[0.359s] -- Up-to-date: /home/ws/install/quadruped_urdf/share/quadruped_urdf/urdf/meshes/Body.STL
[0.359s] -- Up-to-date: /home/ws/install/quadruped_urdf/share/quadruped_urdf/urdf/meshes/Rear Right Shin.STL
[0.359s] -- Up-to-date: /home/ws/install/quadruped_urdf/share/quadruped_urdf/urdf/meshes/Shin.STL
[0.359s] -- Up-to-date: /home/ws/install/quadruped_urdf/share/quadruped_urdf/urdf/QuadrupedURDF_real.urdf.xacro
[0.359s] -- Up-to-date: /home/ws/install/quadruped_urdf/share/quadruped_urdf/urdf/gazebo.xacro
[0.359s] -- Up-to-date: /home/ws/install/quadruped_urdf/share/quadruped_urdf/urdf/joint_interfaces.xacro
[0.360s] -- Up-to-date: /home/ws/install/quadruped_urdf/share/quadruped_urdf/urdf/QuadrupedURDF_sim.urdf.xacro
[0.360s] -- Up-to-date: /home/ws/install/quadruped_urdf/share/quadruped_urdf/config
[0.360s] -- Up-to-date: /home/ws/install/quadruped_urdf/share/quadruped_urdf/config/initial_joint_positions.yaml
[0.360s] -- Up-to-date: /home/ws/install/quadruped_urdf/share/quadruped_urdf/config/initial_joint_positions_real.yaml
[0.360s] -- Up-to-date: /home/ws/install/quadruped_urdf/share/quadruped_urdf/launch
[0.361s] -- Up-to-date: /home/ws/install/quadruped_urdf/share/quadruped_urdf/launch/real_urdf.launch.py
[0.363s] -- Up-to-date: /home/ws/install/quadruped_urdf/share/quadruped_urdf/launch/sim_urdf.launch.py
[0.364s] -- Up-to-date: /home/ws/install/quadruped_urdf/share/ament_index/resource_index/package_run_dependencies/quadruped_urdf
[0.365s] -- Up-to-date: /home/ws/install/quadruped_urdf/share/ament_index/resource_index/parent_prefix_path/quadruped_urdf
[0.365s] -- Up-to-date: /home/ws/install/quadruped_urdf/share/quadruped_urdf/environment/ament_prefix_path.sh
[0.366s] -- Up-to-date: /home/ws/install/quadruped_urdf/share/quadruped_urdf/environment/ament_prefix_path.dsv
[0.366s] -- Up-to-date: /home/ws/install/quadruped_urdf/share/quadruped_urdf/environment/path.sh
[0.366s] -- Up-to-date: /home/ws/install/quadruped_urdf/share/quadruped_urdf/environment/path.dsv
[0.366s] -- Up-to-date: /home/ws/install/quadruped_urdf/share/quadruped_urdf/local_setup.bash
[0.367s] -- Up-to-date: /home/ws/install/quadruped_urdf/share/quadruped_urdf/local_setup.sh
[0.367s] -- Up-to-date: /home/ws/install/quadruped_urdf/share/quadruped_urdf/local_setup.zsh
[0.368s] -- Up-to-date: /home/ws/install/quadruped_urdf/share/quadruped_urdf/local_setup.dsv
[0.371s] -- Installing: /home/ws/install/quadruped_urdf/share/quadruped_urdf/package.dsv
[0.373s] -- Up-to-date: /home/ws/install/quadruped_urdf/share/ament_index/resource_index/packages/quadruped_urdf
[0.373s] -- Up-to-date: /home/ws/install/quadruped_urdf/share/quadruped_urdf/cmake/quadruped_urdfConfig.cmake
[0.375s] -- Up-to-date: /home/ws/install/quadruped_urdf/share/quadruped_urdf/cmake/quadruped_urdfConfig-version.cmake
[0.376s] -- Up-to-date: /home/ws/install/quadruped_urdf/share/quadruped_urdf/package.xml
[0.377s] Invoked command in '/home/ws/build/quadruped_urdf' returned '0': CMAKE_PREFIX_PATH=${CMAKE_PREFIX_PATH}:/home/ws/install/py_pubsub:/opt/ros/jazzy DEBUGINFOD_URLS=https://debuginfod.ubuntu.com /usr/bin/cmake --install /home/ws/build/quadruped_urdf
