[0.032s] Invoking command in '/home/ws/build/quadruped_utils': CMAKE_PREFIX_PATH=${CMAKE_PREFIX_PATH}:/home/ws/install/py_pubsub:/opt/ros/jazzy DEBUGINFOD_URLS=https://debuginfod.ubuntu.com /usr/bin/cmake /home/ws/src/quadruped_utils -DCMAKE_BUILD_TYPE=Release -DCMAKE_INSTALL_PREFIX=/home/ws/install/quadruped_utils
[0.168s] -- Found ament_cmake: 2.5.3 (/opt/ros/jazzy/share/ament_cmake/cmake)
[1.018s] -- Found rclcpp: 28.1.6 (/opt/ros/jazzy/share/rclcpp/cmake)
[1.084s] -- Found rosidl_generator_c: 4.6.5 (/opt/ros/jazzy/share/rosidl_generator_c/cmake)
[1.108s] -- Found rosidl_generator_cpp: 4.6.5 (/opt/ros/jazzy/share/rosidl_generator_cpp/cmake)
[1.149s] -- Using all available rosidl_typesupport_c: rosidl_typesupport_fastrtps_c;rosidl_typesupport_introspection_c
[1.186s] -- Using all available rosidl_typesupport_cpp: rosidl_typesupport_fastrtps_cpp;rosidl_typesupport_introspection_cpp
[1.446s] -- Found rmw_implementation_cmake: 7.3.1 (/opt/ros/jazzy/share/rmw_implementation_cmake/cmake)
[1.462s] -- Found rmw_zenoh_cpp: 0.2.2 (/home/ws/install/rmw_zenoh_cpp/share/rmw_zenoh_cpp/cmake)
[1.465s] -- Using RMW implementation 'rmw_zenoh_cpp' as default
[1.830s] -- Found rclcpp_lifecycle: 28.1.6 (/opt/ros/jazzy/share/rclcpp_lifecycle/cmake)
[1.916s] -- Found hardware_interface: 4.28.1 (/opt/ros/jazzy/share/hardware_interface/cmake)
[2.544s] -- Found TinyXML2 via Config file: /usr/local/lib/cmake/tinyxml2
[3.694s] -- Found controller_interface: 4.28.1 (/opt/ros/jazzy/share/controller_interface/cmake)
[3.738s] -- Found controller_manager_msgs: 4.28.1 (/opt/ros/jazzy/share/controller_manager_msgs/cmake)
[4.982s] -- Configuring done (4.9s)
[5.271s] -- Generating done (0.2s)
[5.317s] -- Build files have been written to: /home/ws/build/quadruped_utils
[5.389s] Invoked command in '/home/ws/build/quadruped_utils' returned '0': CMAKE_PREFIX_PATH=${CMAKE_PREFIX_PATH}:/home/ws/install/py_pubsub:/opt/ros/jazzy DEBUGINFOD_URLS=https://debuginfod.ubuntu.com /usr/bin/cmake /home/ws/src/quadruped_utils -DCMAKE_BUILD_TYPE=Release -DCMAKE_INSTALL_PREFIX=/home/ws/install/quadruped_utils
[5.389s] Invoking command in '/home/ws/build/quadruped_utils': CMAKE_PREFIX_PATH=${CMAKE_PREFIX_PATH}:/home/ws/install/py_pubsub:/opt/ros/jazzy DEBUGINFOD_URLS=https://debuginfod.ubuntu.com /usr/bin/cmake --build /home/ws/build/quadruped_utils -- -j8 -l8
[5.885s] [ 50%] [32mBuilding CXX object CMakeFiles/quadruped_utils_controllers.dir/src/ZeroJointsController.cpp.o[0m
[17.437s] [01m[K/home/ws/src/quadruped_utils/src/ZeroJointsController.cpp:[m[K In member function ‘[01m[Kvirtual controller_interface::return_type quadruped_utils::ZeroJointController::[01;32m[Kupdate[m[K(const rclcpp::Time&, const rclcpp::Duration&)[m[K’:
[17.438s] [01m[K/home/ws/src/quadruped_utils/src/ZeroJointsController.cpp:238:79:[m[K [01;35m[Kwarning: [m[K‘[01m[Kdouble hardware_interface::LoanedStateInterface::[01;32m[Kget_value[m[K() const[m[K’ is deprecated: Use std::optional<T> get_optional() instead to retrieve the value. This method will be removed by the ROS 2 Kilted Kaiju release. [[01;35m[K]8;;https://gcc.gnu.org/onlinedocs/gcc/Warning-Options.html#index-Wdeprecated-declarations-Wdeprecated-declarations]8;;[m[K]
[17.438s]   238 |  effort = [01;35m[Kjoint_effort_state_interface_[i].get().get_value()[m[K;
[17.438s]       |           [01;35m[K~~~~~~~~~~~~~~~~~~~~~~~~~~~~~~~~~~~~~~~~~~~~~~~~^~[m[K
[17.438s] 
[17.438s] In file included from [01m[K/home/ws/src/quadruped_utils/include/quadruped_utils/ZeroJointsController.hpp:12[m[K,
[17.439s]                  from [01m[K/home/ws/src/quadruped_utils/src/ZeroJointsController.cpp:5[m[K:
[17.439s] [01m[K/opt/ros/jazzy/include/hardware_interface/hardware_interface/loaned_state_interface.hpp:94:10:[m[K [01;36m[Knote: [m[Kdeclared here
[17.439s]    94 |   double [01;36m[Kget_value[m[K() const
[17.439s]       |          [01;36m[K^~~~~~~~~[m[K
[26.069s] [100%] [32m[1mLinking CXX shared library libquadruped_utils_controllers.so[0m
[26.811s] [100%] Built target quadruped_utils_controllers
[26.844s] Invoked command in '/home/ws/build/quadruped_utils' returned '0': CMAKE_PREFIX_PATH=${CMAKE_PREFIX_PATH}:/home/ws/install/py_pubsub:/opt/ros/jazzy DEBUGINFOD_URLS=https://debuginfod.ubuntu.com /usr/bin/cmake --build /home/ws/build/quadruped_utils -- -j8 -l8
[26.846s] Invoking command in '/home/ws/build/quadruped_utils': CMAKE_PREFIX_PATH=${CMAKE_PREFIX_PATH}:/home/ws/install/py_pubsub:/opt/ros/jazzy DEBUGINFOD_URLS=https://debuginfod.ubuntu.com /usr/bin/cmake --install /home/ws/build/quadruped_utils
[26.871s] -- Install configuration: "Debug"
[26.871s] -- Installing: /home/ws/install/quadruped_utils/lib/libquadruped_utils_controllers.so
[26.884s] -- Set non-toolchain portion of runtime path of "/home/ws/install/quadruped_utils/lib/libquadruped_utils_controllers.so" to ""
[26.884s] -- Installing: /home/ws/install/quadruped_utils/share/quadruped_utils/launch
[26.884s] -- Installing: /home/ws/install/quadruped_utils/share/quadruped_utils/launch/ZeroJoint.launch.py
[26.885s] -- Installing: /home/ws/install/quadruped_utils/share/quadruped_utils/launch/testcontroller.launch.py
[26.885s] -- Installing: /home/ws/install/quadruped_utils/share/quadruped_utils/config
[26.885s] -- Installing: /home/ws/install/quadruped_utils/share/quadruped_utils/config/controller.yaml
[26.885s] -- Installing: /home/ws/install/quadruped_utils/include
[26.886s] -- Installing: /home/ws/install/quadruped_utils/include/quadruped_utils
[26.886s] -- Installing: /home/ws/install/quadruped_utils/include/quadruped_utils/ZeroJointsController.hpp
[26.886s] -- Installing: /home/ws/install/quadruped_utils/share/quadruped_utils/ZeroJointsController.xml
[26.886s] -- Installing: /home/ws/install/quadruped_utils/share/quadruped_utils/environment/library_path.sh
[26.887s] -- Installing: /home/ws/install/quadruped_utils/share/quadruped_utils/environment/library_path.dsv
[26.888s] -- Installing: /home/ws/install/quadruped_utils/share/ament_index/resource_index/package_run_dependencies/quadruped_utils
[26.888s] -- Installing: /home/ws/install/quadruped_utils/share/ament_index/resource_index/parent_prefix_path/quadruped_utils
[26.889s] -- Installing: /home/ws/install/quadruped_utils/share/quadruped_utils/environment/ament_prefix_path.sh
[26.889s] -- Installing: /home/ws/install/quadruped_utils/share/quadruped_utils/environment/ament_prefix_path.dsv
[26.889s] -- Installing: /home/ws/install/quadruped_utils/share/quadruped_utils/environment/path.sh
[26.889s] -- Installing: /home/ws/install/quadruped_utils/share/quadruped_utils/environment/path.dsv
[26.890s] -- Installing: /home/ws/install/quadruped_utils/share/quadruped_utils/local_setup.bash
[26.890s] -- Installing: /home/ws/install/quadruped_utils/share/quadruped_utils/local_setup.sh
[26.890s] -- Installing: /home/ws/install/quadruped_utils/share/quadruped_utils/local_setup.zsh
[26.890s] -- Installing: /home/ws/install/quadruped_utils/share/quadruped_utils/local_setup.dsv
[26.891s] -- Installing: /home/ws/install/quadruped_utils/share/quadruped_utils/package.dsv
[26.891s] -- Installing: /home/ws/install/quadruped_utils/share/ament_index/resource_index/packages/quadruped_utils
[26.891s] -- Installing: /home/ws/install/quadruped_utils/share/ament_index/resource_index/controller_interface__pluginlib__plugin/quadruped_utils
[26.891s] -- Installing: /home/ws/install/quadruped_utils/share/quadruped_utils/cmake/ament_cmake_export_dependencies-extras.cmake
[26.891s] -- Installing: /home/ws/install/quadruped_utils/share/quadruped_utils/cmake/ament_cmake_export_include_directories-extras.cmake
[26.892s] -- Installing: /home/ws/install/quadruped_utils/share/quadruped_utils/cmake/ament_cmake_export_libraries-extras.cmake
[26.892s] -- Installing: /home/ws/install/quadruped_utils/share/quadruped_utils/cmake/quadruped_utilsConfig.cmake
[26.892s] -- Installing: /home/ws/install/quadruped_utils/share/quadruped_utils/cmake/quadruped_utilsConfig-version.cmake
[26.892s] -- Installing: /home/ws/install/quadruped_utils/share/quadruped_utils/package.xml
[26.903s] Invoked command in '/home/ws/build/quadruped_utils' returned '0': CMAKE_PREFIX_PATH=${CMAKE_PREFIX_PATH}:/home/ws/install/py_pubsub:/opt/ros/jazzy DEBUGINFOD_URLS=https://debuginfod.ubuntu.com /usr/bin/cmake --install /home/ws/build/quadruped_utils
