[0.565s] Invoking command in '/home/ws/build/quadruped_bringup': CMAKE_PREFIX_PATH=${CMAKE_PREFIX_PATH}:/home/ws/install/py_pubsub:/opt/ros/jazzy DEBUGINFOD_URLS=https://debuginfod.ubuntu.com /usr/bin/cmake /home/ws/src/quadruped_bringup -DCMAKE_INSTALL_PREFIX=/home/ws/install/quadruped_bringup
[0.676s] -- Found ament_cmake: 2.5.3 (/opt/ros/jazzy/share/ament_cmake/cmake)
[1.628s] -- Found ament_lint_auto: 0.17.1 (/opt/ros/jazzy/share/ament_lint_auto/cmake)
[1.868s] -- Added test 'flake8' to check Python code syntax and style conventions
[1.869s] -- Configured 'flake8' exclude dirs and/or files: 
[1.869s] -- Added test 'lint_cmake' to check CMake code style
[1.876s] -- Added test 'pep257' to check Python code against some of the docstring style conventions in PEP 257
[1.877s] -- Added test 'xmllint' to check XML markup files
[1.887s] -- Configuring done (1.3s)
[1.889s] -- Generating done (0.0s)
[1.892s] -- Build files have been written to: /home/ws/build/quadruped_bringup
[1.911s] Invoked command in '/home/ws/build/quadruped_bringup' returned '0': CMAKE_PREFIX_PATH=${CMAKE_PREFIX_PATH}:/home/ws/install/py_pubsub:/opt/ros/jazzy DEBUGINFOD_URLS=https://debuginfod.ubuntu.com /usr/bin/cmake /home/ws/src/quadruped_bringup -DCMAKE_INSTALL_PREFIX=/home/ws/install/quadruped_bringup
[1.913s] Invoking command in '/home/ws/build/quadruped_bringup': CMAKE_PREFIX_PATH=${CMAKE_PREFIX_PATH}:/home/ws/install/py_pubsub:/opt/ros/jazzy DEBUGINFOD_URLS=https://debuginfod.ubuntu.com /usr/bin/cmake --build /home/ws/build/quadruped_bringup -- -j8 -l8
[2.097s] Invoked command in '/home/ws/build/quadruped_bringup' returned '0': CMAKE_PREFIX_PATH=${CMAKE_PREFIX_PATH}:/home/ws/install/py_pubsub:/opt/ros/jazzy DEBUGINFOD_URLS=https://debuginfod.ubuntu.com /usr/bin/cmake --build /home/ws/build/quadruped_bringup -- -j8 -l8
[2.097s] Invoking command in '/home/ws/build/quadruped_bringup': CMAKE_PREFIX_PATH=${CMAKE_PREFIX_PATH}:/home/ws/install/py_pubsub:/opt/ros/jazzy DEBUGINFOD_URLS=https://debuginfod.ubuntu.com /usr/bin/cmake --install /home/ws/build/quadruped_bringup
[2.379s] -- Install configuration: "Release"
[2.379s] -- Up-to-date: /home/ws/install/quadruped_bringup/share/quadruped_bringup/launch
[2.381s] -- Up-to-date: /home/ws/install/quadruped_bringup/share/quadruped_bringup/launch/remote.launch.py
[2.386s] -- Up-to-date: /home/ws/install/quadruped_bringup/share/quadruped_bringup/launch/gz.launch.py
[2.386s] -- Up-to-date: /home/ws/install/quadruped_bringup/share/quadruped_bringup/launch/real.launch.py
[2.386s] -- Up-to-date: /home/ws/install/quadruped_bringup/share/ament_index/resource_index/package_run_dependencies/quadruped_bringup
[2.387s] -- Up-to-date: /home/ws/install/quadruped_bringup/share/ament_index/resource_index/parent_prefix_path/quadruped_bringup
[2.395s] -- Up-to-date: /home/ws/install/quadruped_bringup/share/quadruped_bringup/environment/ament_prefix_path.sh
[2.395s] -- Up-to-date: /home/ws/install/quadruped_bringup/share/quadruped_bringup/environment/ament_prefix_path.dsv
[2.395s] -- Up-to-date: /home/ws/install/quadruped_bringup/share/quadruped_bringup/environment/path.sh
[2.405s] -- Up-to-date: /home/ws/install/quadruped_bringup/share/quadruped_bringup/environment/path.dsv
[2.406s] -- Up-to-date: /home/ws/install/quadruped_bringup/share/quadruped_bringup/local_setup.bash
[2.406s] -- Up-to-date: /home/ws/install/quadruped_bringup/share/quadruped_bringup/local_setup.sh
[2.406s] -- Up-to-date: /home/ws/install/quadruped_bringup/share/quadruped_bringup/local_setup.zsh
[2.406s] -- Up-to-date: /home/ws/install/quadruped_bringup/share/quadruped_bringup/local_setup.dsv
[2.406s] -- Installing: /home/ws/install/quadruped_bringup/share/quadruped_bringup/package.dsv
[2.406s] -- Up-to-date: /home/ws/install/quadruped_bringup/share/ament_index/resource_index/packages/quadruped_bringup
[2.406s] -- Up-to-date: /home/ws/install/quadruped_bringup/share/quadruped_bringup/cmake/quadruped_bringupConfig.cmake
[2.407s] -- Up-to-date: /home/ws/install/quadruped_bringup/share/quadruped_bringup/cmake/quadruped_bringupConfig-version.cmake
[2.407s] -- Up-to-date: /home/ws/install/quadruped_bringup/share/quadruped_bringup/package.xml
[2.416s] Invoked command in '/home/ws/build/quadruped_bringup' returned '0': CMAKE_PREFIX_PATH=${CMAKE_PREFIX_PATH}:/home/ws/install/py_pubsub:/opt/ros/jazzy DEBUGINFOD_URLS=https://debuginfod.ubuntu.com /usr/bin/cmake --install /home/ws/build/quadruped_bringup
