[0.204s] Invoking command in '/home/ws/build/quadruped_urdf': CMAKE_PREFIX_PATH=${CMAKE_PREFIX_PATH}:/opt/ros/jazzy DEBUGINFOD_URLS=https://debuginfod.ubuntu.com /usr/bin/cmake --build /home/ws/build/quadruped_urdf -- -j8 -l8
[0.397s] Invoked command in '/home/ws/build/quadruped_urdf' returned '0': CMAKE_PREFIX_PATH=${CMAKE_PREFIX_PATH}:/opt/ros/jazzy DEBUGINFOD_URLS=https://debuginfod.ubuntu.com /usr/bin/cmake --build /home/ws/build/quadruped_urdf -- -j8 -l8
[0.406s] Invoking command in '/home/ws/build/quadruped_urdf': CMAKE_PREFIX_PATH=${CMAKE_PREFIX_PATH}:/opt/ros/jazzy DEBUGINFOD_URLS=https://debuginfod.ubuntu.com /usr/bin/cmake --install /home/ws/build/quadruped_urdf
[0.429s] -- Install configuration: "Release"
[0.430s] -- Up-to-date: /home/ws/install/quadruped_urdf/share/quadruped_urdf/urdf
[0.430s] -- Up-to-date: /home/ws/install/quadruped_urdf/share/quadruped_urdf/urdf/sensors.xacro
[0.430s] -- Up-to-date: /home/ws/install/quadruped_urdf/share/quadruped_urdf/urdf/leg.xacro
[0.430s] -- Up-to-date: /home/ws/install/quadruped_urdf/share/quadruped_urdf/urdf/quadruped_ros2_control.xacro
[0.430s] -- Up-to-date: /home/ws/install/quadruped_urdf/share/quadruped_urdf/urdf/materials.xacro
[0.430s] -- Up-to-date: /home/ws/install/quadruped_urdf/share/quadruped_urdf/urdf/body.xacro
[0.431s] -- Up-to-date: /home/ws/install/quadruped_urdf/share/quadruped_urdf/urdf/properties.xacro
[0.431s] -- Up-to-date: /home/ws/install/quadruped_urdf/share/quadruped_urdf/urdf/properties_real.xacro
[0.431s] -- Up-to-date: /home/ws/install/quadruped_urdf/share/quadruped_urdf/urdf/meshes
[0.441s] -- Up-to-date: /home/ws/install/quadruped_urdf/share/quadruped_urdf/urdf/meshes/Rear Left Shin.STL
[0.442s] -- Up-to-date: /home/ws/install/quadruped_urdf/share/quadruped_urdf/urdf/meshes/Body_bin.STL
[0.442s] -- Up-to-date: /home/ws/install/quadruped_urdf/share/quadruped_urdf/urdf/meshes/Front Left Thigh.STL
[0.446s] -- Up-to-date: /home/ws/install/quadruped_urdf/share/quadruped_urdf/urdf/meshes/Rear Left Thigh.STL
[0.446s] -- Up-to-date: /home/ws/install/quadruped_urdf/share/quadruped_urdf/urdf/meshes/Thigh.STL
[0.446s] -- Up-to-date: /home/ws/install/quadruped_urdf/share/quadruped_urdf/urdf/meshes/Rear Right Thigh.STL
[0.446s] -- Up-to-date: /home/ws/install/quadruped_urdf/share/quadruped_urdf/urdf/meshes/Front Right Thigh.STL
[0.446s] -- Up-to-date: /home/ws/install/quadruped_urdf/share/quadruped_urdf/urdf/meshes/Front Right Shin.STL
[0.446s] -- Up-to-date: /home/ws/install/quadruped_urdf/share/quadruped_urdf/urdf/meshes/Front Left Shin.STL
[0.447s] -- Up-to-date: /home/ws/install/quadruped_urdf/share/quadruped_urdf/urdf/meshes/Body.STL
[0.447s] -- Up-to-date: /home/ws/install/quadruped_urdf/share/quadruped_urdf/urdf/meshes/Rear Right Shin.STL
[0.449s] -- Up-to-date: /home/ws/install/quadruped_urdf/share/quadruped_urdf/urdf/meshes/Shin.STL
[0.450s] -- Up-to-date: /home/ws/install/quadruped_urdf/share/quadruped_urdf/urdf/QuadrupedURDF_real.urdf.xacro
[0.450s] -- Up-to-date: /home/ws/install/quadruped_urdf/share/quadruped_urdf/urdf/gazebo.xacro
[0.453s] -- Up-to-date: /home/ws/install/quadruped_urdf/share/quadruped_urdf/urdf/joint_interfaces.xacro
[0.454s] -- Up-to-date: /home/ws/install/quadruped_urdf/share/quadruped_urdf/urdf/QuadrupedURDF_sim.urdf.xacro
[0.454s] -- Up-to-date: /home/ws/install/quadruped_urdf/share/quadruped_urdf/config
[0.462s] -- Up-to-date: /home/ws/install/quadruped_urdf/share/quadruped_urdf/config/initial_joint_positions.yaml
[0.462s] -- Up-to-date: /home/ws/install/quadruped_urdf/share/quadruped_urdf/config/initial_joint_positions_real.yaml
[0.462s] -- Up-to-date: /home/ws/install/quadruped_urdf/share/quadruped_urdf/launch
[0.462s] -- Up-to-date: /home/ws/install/quadruped_urdf/share/quadruped_urdf/launch/real_urdf.launch.py
[0.463s] -- Up-to-date: /home/ws/install/quadruped_urdf/share/quadruped_urdf/launch/sim_urdf.launch.py
[0.463s] -- Up-to-date: /home/ws/install/quadruped_urdf/share/ament_index/resource_index/package_run_dependencies/quadruped_urdf
[0.463s] -- Up-to-date: /home/ws/install/quadruped_urdf/share/ament_index/resource_index/parent_prefix_path/quadruped_urdf
[0.463s] -- Up-to-date: /home/ws/install/quadruped_urdf/share/quadruped_urdf/environment/ament_prefix_path.sh
[0.463s] -- Up-to-date: /home/ws/install/quadruped_urdf/share/quadruped_urdf/environment/ament_prefix_path.dsv
[0.463s] -- Up-to-date: /home/ws/install/quadruped_urdf/share/quadruped_urdf/environment/path.sh
[0.471s] -- Up-to-date: /home/ws/install/quadruped_urdf/share/quadruped_urdf/environment/path.dsv
[0.472s] -- Up-to-date: /home/ws/install/quadruped_urdf/share/quadruped_urdf/local_setup.bash
[0.472s] -- Up-to-date: /home/ws/install/quadruped_urdf/share/quadruped_urdf/local_setup.sh
[0.472s] -- Up-to-date: /home/ws/install/quadruped_urdf/share/quadruped_urdf/local_setup.zsh
[0.472s] -- Up-to-date: /home/ws/install/quadruped_urdf/share/quadruped_urdf/local_setup.dsv
[0.472s] -- Installing: /home/ws/install/quadruped_urdf/share/quadruped_urdf/package.dsv
[0.472s] -- Up-to-date: /home/ws/install/quadruped_urdf/share/ament_index/resource_index/packages/quadruped_urdf
[0.473s] -- Up-to-date: /home/ws/install/quadruped_urdf/share/quadruped_urdf/cmake/quadruped_urdfConfig.cmake
[0.473s] -- Up-to-date: /home/ws/install/quadruped_urdf/share/quadruped_urdf/cmake/quadruped_urdfConfig-version.cmake
[0.473s] -- Up-to-date: /home/ws/install/quadruped_urdf/share/quadruped_urdf/package.xml
[0.506s] Invoked command in '/home/ws/build/quadruped_urdf' returned '0': CMAKE_PREFIX_PATH=${CMAKE_PREFIX_PATH}:/opt/ros/jazzy DEBUGINFOD_URLS=https://debuginfod.ubuntu.com /usr/bin/cmake --install /home/ws/build/quadruped_urdf
