[0.089s] Invoking command in '/home/ws/build/imu_hardware_interface': CMAKE_PREFIX_PATH=${CMAKE_PREFIX_PATH}:/home/ws/install/py_pubsub:/opt/ros/jazzy DEBUGINFOD_URLS=https://debuginfod.ubuntu.com /usr/bin/cmake /home/ws/src/imu_hardware_interface -DCMAKE_INSTALL_PREFIX=/home/ws/install/imu_hardware_interface
[0.636s] -- Found ament_cmake: 2.5.3 (/opt/ros/jazzy/share/ament_cmake/cmake)
[0.745s] -- Found hardware_interface: 4.28.1 (/opt/ros/jazzy/share/hardware_interface/cmake)
[0.860s] -- Found rosidl_generator_c: 4.6.5 (/opt/ros/jazzy/share/rosidl_generator_c/cmake)
[0.877s] -- Found rosidl_generator_cpp: 4.6.5 (/opt/ros/jazzy/share/rosidl_generator_cpp/cmake)
[0.902s] -- Using all available rosidl_typesupport_c: rosidl_typesupport_fastrtps_c;rosidl_typesupport_introspection_c
[0.933s] -- Using all available rosidl_typesupport_cpp: rosidl_typesupport_fastrtps_cpp;rosidl_typesupport_introspection_cpp
[1.352s] -- Found TinyXML2 via Config file: /usr/local/lib/cmake/tinyxml2
[1.478s] -- Found rmw_implementation_cmake: 7.3.1 (/opt/ros/jazzy/share/rmw_implementation_cmake/cmake)
[1.483s] -- Found rmw_zenoh_cpp: 0.2.2 (/home/ws/install/rmw_zenoh_cpp/share/rmw_zenoh_cpp/cmake)
[1.484s] -- Using RMW implementation 'rmw_zenoh_cpp' as default
[2.140s] -- Configuring done (2.0s)
[2.264s] -- Generating done (0.0s)
[2.295s] -- Build files have been written to: /home/ws/build/imu_hardware_interface
[2.350s] Invoked command in '/home/ws/build/imu_hardware_interface' returned '0': CMAKE_PREFIX_PATH=${CMAKE_PREFIX_PATH}:/home/ws/install/py_pubsub:/opt/ros/jazzy DEBUGINFOD_URLS=https://debuginfod.ubuntu.com /usr/bin/cmake /home/ws/src/imu_hardware_interface -DCMAKE_INSTALL_PREFIX=/home/ws/install/imu_hardware_interface
[2.351s] Invoking command in '/home/ws/build/imu_hardware_interface': CMAKE_PREFIX_PATH=${CMAKE_PREFIX_PATH}:/home/ws/install/py_pubsub:/opt/ros/jazzy DEBUGINFOD_URLS=https://debuginfod.ubuntu.com /usr/bin/cmake --build /home/ws/build/imu_hardware_interface -- -j8 -l8
[2.644s] [100%] Built target imu_hardware_interface
[2.711s] Invoked command in '/home/ws/build/imu_hardware_interface' returned '0': CMAKE_PREFIX_PATH=${CMAKE_PREFIX_PATH}:/home/ws/install/py_pubsub:/opt/ros/jazzy DEBUGINFOD_URLS=https://debuginfod.ubuntu.com /usr/bin/cmake --build /home/ws/build/imu_hardware_interface -- -j8 -l8
[2.711s] Invoking command in '/home/ws/build/imu_hardware_interface': CMAKE_PREFIX_PATH=${CMAKE_PREFIX_PATH}:/home/ws/install/py_pubsub:/opt/ros/jazzy DEBUGINFOD_URLS=https://debuginfod.ubuntu.com /usr/bin/cmake --install /home/ws/build/imu_hardware_interface
[2.750s] -- Install configuration: "Release"
[2.751s] -- Up-to-date: /home/ws/install/imu_hardware_interface/share/imu_hardware_interface/imu_hardware_interface.xml
[2.751s] -- Up-to-date: /home/ws/install/imu_hardware_interface/lib/libimu_hardware_interface.so
[2.751s] -- Up-to-date: /home/ws/install/imu_hardware_interface/include
[2.752s] -- Up-to-date: /home/ws/install/imu_hardware_interface/include/imu_hardware_interface
[2.752s] -- Up-to-date: /home/ws/install/imu_hardware_interface/include/imu_hardware_interface/imu_hardware_interface.hpp
[2.752s] -- Up-to-date: /home/ws/install/imu_hardware_interface/share/imu_hardware_interface/environment/library_path.sh
[2.753s] -- Up-to-date: /home/ws/install/imu_hardware_interface/share/imu_hardware_interface/environment/library_path.dsv
[2.753s] -- Up-to-date: /home/ws/install/imu_hardware_interface/lib/libimu_hardware_interface.so
[2.754s] -- Up-to-date: /home/ws/install/imu_hardware_interface/share/ament_index/resource_index/package_run_dependencies/imu_hardware_interface
[2.754s] -- Up-to-date: /home/ws/install/imu_hardware_interface/share/ament_index/resource_index/parent_prefix_path/imu_hardware_interface
[2.754s] -- Up-to-date: /home/ws/install/imu_hardware_interface/share/imu_hardware_interface/environment/ament_prefix_path.sh
[2.754s] -- Up-to-date: /home/ws/install/imu_hardware_interface/share/imu_hardware_interface/environment/ament_prefix_path.dsv
[2.754s] -- Up-to-date: /home/ws/install/imu_hardware_interface/share/imu_hardware_interface/environment/path.sh
[2.755s] -- Up-to-date: /home/ws/install/imu_hardware_interface/share/imu_hardware_interface/environment/path.dsv
[2.755s] -- Up-to-date: /home/ws/install/imu_hardware_interface/share/imu_hardware_interface/local_setup.bash
[2.755s] -- Up-to-date: /home/ws/install/imu_hardware_interface/share/imu_hardware_interface/local_setup.sh
[2.755s] -- Up-to-date: /home/ws/install/imu_hardware_interface/share/imu_hardware_interface/local_setup.zsh
[2.757s] -- Up-to-date: /home/ws/install/imu_hardware_interface/share/imu_hardware_interface/local_setup.dsv
[2.757s] -- Installing: /home/ws/install/imu_hardware_interface/share/imu_hardware_interface/package.dsv
[2.757s] -- Up-to-date: /home/ws/install/imu_hardware_interface/share/ament_index/resource_index/packages/imu_hardware_interface
[2.758s] -- Up-to-date: /home/ws/install/imu_hardware_interface/share/ament_index/resource_index/hardware_interface__pluginlib__plugin/imu_hardware_interface
[2.758s] -- Up-to-date: /home/ws/install/imu_hardware_interface/share/imu_hardware_interface/cmake/ament_cmake_export_include_directories-extras.cmake
[2.758s] -- Up-to-date: /home/ws/install/imu_hardware_interface/share/imu_hardware_interface/cmake/ament_cmake_export_libraries-extras.cmake
[2.758s] -- Up-to-date: /home/ws/install/imu_hardware_interface/share/imu_hardware_interface/cmake/ament_cmake_export_dependencies-extras.cmake
[2.758s] -- Up-to-date: /home/ws/install/imu_hardware_interface/share/imu_hardware_interface/cmake/imu_hardware_interfaceConfig.cmake
[2.758s] -- Up-to-date: /home/ws/install/imu_hardware_interface/share/imu_hardware_interface/cmake/imu_hardware_interfaceConfig-version.cmake
[2.777s] -- Up-to-date: /home/ws/install/imu_hardware_interface/share/imu_hardware_interface/package.xml
[2.777s] Invoked command in '/home/ws/build/imu_hardware_interface' returned '0': CMAKE_PREFIX_PATH=${CMAKE_PREFIX_PATH}:/home/ws/install/py_pubsub:/opt/ros/jazzy DEBUGINFOD_URLS=https://debuginfod.ubuntu.com /usr/bin/cmake --install /home/ws/build/imu_hardware_interface
