[0.081s] Invoking command in '/home/ws/build/jetson_interface': CMAKE_PREFIX_PATH=${CMAKE_PREFIX_PATH}:/home/ws/install/py_pubsub:/opt/ros/jazzy DEBUGINFOD_URLS=https://debuginfod.ubuntu.com /usr/bin/cmake /home/ws/src/jetson_interface -DCMAKE_INSTALL_PREFIX=/home/ws/install/jetson_interface
[0.688s] -- Found ament_cmake: 2.5.3 (/opt/ros/jazzy/share/ament_cmake/cmake)
[0.774s] -- Found rclcpp: 28.1.6 (/opt/ros/jazzy/share/rclcpp/cmake)
[0.855s] -- Found rosidl_generator_c: 4.6.5 (/opt/ros/jazzy/share/rosidl_generator_c/cmake)
[0.878s] -- Found rosidl_generator_cpp: 4.6.5 (/opt/ros/jazzy/share/rosidl_generator_cpp/cmake)
[0.913s] -- Using all available rosidl_typesupport_c: rosidl_typesupport_fastrtps_c;rosidl_typesupport_introspection_c
[0.942s] -- Using all available rosidl_typesupport_cpp: rosidl_typesupport_fastrtps_cpp;rosidl_typesupport_introspection_cpp
[1.313s] -- Found rmw_implementation_cmake: 7.3.1 (/opt/ros/jazzy/share/rmw_implementation_cmake/cmake)
[1.321s] -- Found rmw_zenoh_cpp: 0.2.2 (/home/ws/install/rmw_zenoh_cpp/share/rmw_zenoh_cpp/cmake)
[1.329s] -- Using RMW implementation 'rmw_zenoh_cpp' as default
[1.609s] -- Found rclcpp_lifecycle: 28.1.6 (/opt/ros/jazzy/share/rclcpp_lifecycle/cmake)
[1.727s] -- Found hardware_interface: 4.28.1 (/opt/ros/jazzy/share/hardware_interface/cmake)
[2.062s] -- Found TinyXML2 via Config file: /usr/local/lib/cmake/tinyxml2
[2.173s] -- Found controller_interface: 4.28.1 (/opt/ros/jazzy/share/controller_interface/cmake)
[2.510s] -- Configuring done (2.4s)
[2.634s] -- Generating done (0.1s)
[2.645s] -- Build files have been written to: /home/ws/build/jetson_interface
[2.718s] Invoked command in '/home/ws/build/jetson_interface' returned '0': CMAKE_PREFIX_PATH=${CMAKE_PREFIX_PATH}:/home/ws/install/py_pubsub:/opt/ros/jazzy DEBUGINFOD_URLS=https://debuginfod.ubuntu.com /usr/bin/cmake /home/ws/src/jetson_interface -DCMAKE_INSTALL_PREFIX=/home/ws/install/jetson_interface
[2.719s] Invoking command in '/home/ws/build/jetson_interface': CMAKE_PREFIX_PATH=${CMAKE_PREFIX_PATH}:/home/ws/install/py_pubsub:/opt/ros/jazzy DEBUGINFOD_URLS=https://debuginfod.ubuntu.com /usr/bin/cmake --build /home/ws/build/jetson_interface -- -j8 -l8
[3.070s] [100%] Built target jetson_interface
[3.124s] Invoked command in '/home/ws/build/jetson_interface' returned '0': CMAKE_PREFIX_PATH=${CMAKE_PREFIX_PATH}:/home/ws/install/py_pubsub:/opt/ros/jazzy DEBUGINFOD_URLS=https://debuginfod.ubuntu.com /usr/bin/cmake --build /home/ws/build/jetson_interface -- -j8 -l8
[3.126s] Invoking command in '/home/ws/build/jetson_interface': CMAKE_PREFIX_PATH=${CMAKE_PREFIX_PATH}:/home/ws/install/py_pubsub:/opt/ros/jazzy DEBUGINFOD_URLS=https://debuginfod.ubuntu.com /usr/bin/cmake --install /home/ws/build/jetson_interface
[3.370s] -- Install configuration: "Release"
[3.370s] -- Up-to-date: /home/ws/install/jetson_interface/share/jetson_interface/jetson_gpio_interface.xml
[3.370s] -- Up-to-date: /home/ws/install/jetson_interface/share/jetson_interface/launch
[3.370s] -- Up-to-date: /home/ws/install/jetson_interface/share/jetson_interface/launch/jetson.launch.py
[3.370s] -- Up-to-date: /home/ws/install/jetson_interface/share/jetson_interface/config
[3.371s] -- Up-to-date: /home/ws/install/jetson_interface/share/jetson_interface/config/jetson_interface.yaml
[3.371s] -- Up-to-date: /home/ws/install/jetson_interface/lib/libjetson_interface.so
[3.371s] -- Up-to-date: /home/ws/install/jetson_interface/include
[3.371s] -- Up-to-date: /home/ws/install/jetson_interface/include/quadruped_hardware
[3.371s] -- Up-to-date: /home/ws/install/jetson_interface/include/quadruped_hardware/watchdog.hpp
[3.371s] -- Up-to-date: /home/ws/install/jetson_interface/include/quadruped_hardware/jetson_gpio_interface.hpp
[3.371s] -- Up-to-date: /home/ws/install/jetson_interface/share/jetson_interface/environment/library_path.sh
[3.372s] -- Up-to-date: /home/ws/install/jetson_interface/share/jetson_interface/environment/library_path.dsv
[3.372s] -- Up-to-date: /home/ws/install/jetson_interface/share/ament_index/resource_index/package_run_dependencies/jetson_interface
[3.372s] -- Installing: /home/ws/install/jetson_interface/share/ament_index/resource_index/parent_prefix_path/jetson_interface
[3.372s] -- Up-to-date: /home/ws/install/jetson_interface/share/jetson_interface/environment/ament_prefix_path.sh
[3.372s] -- Up-to-date: /home/ws/install/jetson_interface/share/jetson_interface/environment/ament_prefix_path.dsv
[3.372s] -- Up-to-date: /home/ws/install/jetson_interface/share/jetson_interface/environment/path.sh
[3.373s] -- Up-to-date: /home/ws/install/jetson_interface/share/jetson_interface/environment/path.dsv
[3.373s] -- Up-to-date: /home/ws/install/jetson_interface/share/jetson_interface/local_setup.bash
[3.373s] -- Up-to-date: /home/ws/install/jetson_interface/share/jetson_interface/local_setup.sh
[3.373s] -- Up-to-date: /home/ws/install/jetson_interface/share/jetson_interface/local_setup.zsh
[3.373s] -- Up-to-date: /home/ws/install/jetson_interface/share/jetson_interface/local_setup.dsv
[3.373s] -- Installing: /home/ws/install/jetson_interface/share/jetson_interface/package.dsv
[3.373s] -- Up-to-date: /home/ws/install/jetson_interface/share/ament_index/resource_index/packages/jetson_interface
[3.374s] -- Up-to-date: /home/ws/install/jetson_interface/share/ament_index/resource_index/hardware_interface__pluginlib__plugin/jetson_interface
[3.374s] -- Up-to-date: /home/ws/install/jetson_interface/share/jetson_interface/cmake/ament_cmake_export_dependencies-extras.cmake
[3.374s] -- Up-to-date: /home/ws/install/jetson_interface/share/jetson_interface/cmake/ament_cmake_export_include_directories-extras.cmake
[3.374s] -- Up-to-date: /home/ws/install/jetson_interface/share/jetson_interface/cmake/ament_cmake_export_libraries-extras.cmake
[3.374s] -- Up-to-date: /home/ws/install/jetson_interface/share/jetson_interface/cmake/jetson_interfaceConfig.cmake
[3.374s] -- Up-to-date: /home/ws/install/jetson_interface/share/jetson_interface/cmake/jetson_interfaceConfig-version.cmake
[3.386s] -- Up-to-date: /home/ws/install/jetson_interface/share/jetson_interface/package.xml
[3.393s] Invoked command in '/home/ws/build/jetson_interface' returned '0': CMAKE_PREFIX_PATH=${CMAKE_PREFIX_PATH}:/home/ws/install/py_pubsub:/opt/ros/jazzy DEBUGINFOD_URLS=https://debuginfod.ubuntu.com /usr/bin/cmake --install /home/ws/build/jetson_interface
