[0.023s] Invoking command in '/home/ws/build/rl12dof_urdf_description': CMAKE_PREFIX_PATH=${CMAKE_PREFIX_PATH}:/home/ws/install/py_pubsub:/opt/ros/jazzy DEBUGINFOD_URLS=https://debuginfod.ubuntu.com /usr/bin/cmake /home/ws/src/rl12dof_urdf_description -DCMAKE_INSTALL_PREFIX=/home/ws/install/rl12dof_urdf_description
[0.057s] -- Found ament_cmake: 2.5.3 (/opt/ros/jazzy/share/ament_cmake/cmake)
[0.875s] -- Configuring done (0.8s)
[0.882s] -- Generating done (0.0s)
[0.885s] -- Build files have been written to: /home/ws/build/rl12dof_urdf_description
[0.891s] Invoked command in '/home/ws/build/rl12dof_urdf_description' returned '0': CMAKE_PREFIX_PATH=${CMAKE_PREFIX_PATH}:/home/ws/install/py_pubsub:/opt/ros/jazzy DEBUGINFOD_URLS=https://debuginfod.ubuntu.com /usr/bin/cmake /home/ws/src/rl12dof_urdf_description -DCMAKE_INSTALL_PREFIX=/home/ws/install/rl12dof_urdf_description
[0.894s] Invoking command in '/home/ws/build/rl12dof_urdf_description': CMAKE_PREFIX_PATH=${CMAKE_PREFIX_PATH}:/home/ws/install/py_pubsub:/opt/ros/jazzy DEBUGINFOD_URLS=https://debuginfod.ubuntu.com /usr/bin/cmake --build /home/ws/build/rl12dof_urdf_description -- -j8 -l8
[1.000s] Invoked command in '/home/ws/build/rl12dof_urdf_description' returned '0': CMAKE_PREFIX_PATH=${CMAKE_PREFIX_PATH}:/home/ws/install/py_pubsub:/opt/ros/jazzy DEBUGINFOD_URLS=https://debuginfod.ubuntu.com /usr/bin/cmake --build /home/ws/build/rl12dof_urdf_description -- -j8 -l8
[1.024s] Invoking command in '/home/ws/build/rl12dof_urdf_description': CMAKE_PREFIX_PATH=${CMAKE_PREFIX_PATH}:/home/ws/install/py_pubsub:/opt/ros/jazzy DEBUGINFOD_URLS=https://debuginfod.ubuntu.com /usr/bin/cmake --install /home/ws/build/rl12dof_urdf_description
[1.044s] -- Install configuration: "Release"
[1.044s] -- Up-to-date: /home/ws/install/rl12dof_urdf_description/lib/rl12dof_urdf_description/FKTestNode.py
[1.045s] -- Up-to-date: /home/ws/install/rl12dof_urdf_description/lib/rl12dof_urdf_description/IKTestNode.py
[1.045s] -- Up-to-date: /home/ws/install/rl12dof_urdf_description/lib/rl12dof_urdf_description/safety.py
[1.045s] -- Up-to-date: /home/ws/install/rl12dof_urdf_description/lib/rl12dof_urdf_description/jacobian_numeric.py
[1.045s] -- Up-to-date: /home/ws/install/rl12dof_urdf_description/share/rl12dof_urdf_description/launch
[1.045s] -- Up-to-date: /home/ws/install/rl12dof_urdf_description/share/rl12dof_urdf_description/launch/FKTest.launch.py
[1.046s] -- Up-to-date: /home/ws/install/rl12dof_urdf_description/share/rl12dof_urdf_description/launch/gazebo_sim.launch.py
[1.046s] -- Up-to-date: /home/ws/install/rl12dof_urdf_description/share/rl12dof_urdf_description/launch/display.launch.py
[1.046s] -- Up-to-date: /home/ws/install/rl12dof_urdf_description/share/rl12dof_urdf_description/launch/IKTest.launch.py
[1.046s] -- Up-to-date: /home/ws/install/rl12dof_urdf_description/share/rl12dof_urdf_description/launch/real_urdf.launch.py
[1.046s] -- Up-to-date: /home/ws/install/rl12dof_urdf_description/share/rl12dof_urdf_description/config
[1.047s] -- Up-to-date: /home/ws/install/rl12dof_urdf_description/share/rl12dof_urdf_description/config/FK_cmds.yaml
[1.047s] -- Up-to-date: /home/ws/install/rl12dof_urdf_description/share/rl12dof_urdf_description/config/display.rviz
[1.047s] -- Up-to-date: /home/ws/install/rl12dof_urdf_description/share/rl12dof_urdf_description/config/IK_cmds.yaml
[1.047s] -- Up-to-date: /home/ws/install/rl12dof_urdf_description/share/rl12dof_urdf_description/config/ros_gz_bridge_gazebo.yaml
[1.047s] -- Up-to-date: /home/ws/install/rl12dof_urdf_description/share/rl12dof_urdf_description/config/controllers.yaml
[1.047s] -- Installing: /home/ws/install/rl12dof_urdf_description/share/rl12dof_urdf_description/urdf
[1.048s] -- Installing: /home/ws/install/rl12dof_urdf_description/share/rl12dof_urdf_description/urdf/rl12dof_ros2_control.xacro
[1.048s] -- Installing: /home/ws/install/rl12dof_urdf_description/share/rl12dof_urdf_description/urdf/materials.xacro
[1.048s] -- Installing: /home/ws/install/rl12dof_urdf_description/share/rl12dof_urdf_description/urdf/rl12dof_URDF_real.urdf.xacro
[1.048s] -- Installing: /home/ws/install/rl12dof_urdf_description/share/rl12dof_urdf_description/urdf/rl12dof_links_joints_hardware.xacro
[1.048s] -- Up-to-date: /home/ws/install/rl12dof_urdf_description/share/rl12dof_urdf_description/meshes
[1.048s] -- Up-to-date: /home/ws/install/rl12dof_urdf_description/share/rl12dof_urdf_description/meshes/Hip_Pitch_v1_1.stl
[1.048s] -- Up-to-date: /home/ws/install/rl12dof_urdf_description/share/rl12dof_urdf_description/meshes/Outer_Motor_Coupling_v25_1.stl
[1.049s] -- Up-to-date: /home/ws/install/rl12dof_urdf_description/share/rl12dof_urdf_description/meshes/Inner_Motor_Coupling_v26_1.stl
[1.049s] -- Up-to-date: /home/ws/install/rl12dof_urdf_description/share/rl12dof_urdf_description/meshes/Hip_Link_v28_1.stl
[1.049s] -- Up-to-date: /home/ws/install/rl12dof_urdf_description/share/rl12dof_urdf_description/meshes/Right_Femur_Housing_v1_1.stl
[1.049s] -- Up-to-date: /home/ws/install/rl12dof_urdf_description/share/rl12dof_urdf_description/meshes/Right_Femur_Thigh_Cap_v1_1.stl
[1.049s] -- Up-to-date: /home/ws/install/rl12dof_urdf_description/share/rl12dof_urdf_description/meshes/Tibia_Link_v97_1.stl
[1.050s] -- Up-to-date: /home/ws/install/rl12dof_urdf_description/share/rl12dof_urdf_description/meshes/Foot_V3_Foot_v1_1.stl
[1.050s] -- Up-to-date: /home/ws/install/rl12dof_urdf_description/share/rl12dof_urdf_description/meshes/Knee_Driven_Gear_v1_1.stl
[1.050s] -- Up-to-date: /home/ws/install/rl12dof_urdf_description/share/rl12dof_urdf_description/meshes/Knee_Pitch_v1_1.stl
[1.050s] -- Up-to-date: /home/ws/install/rl12dof_urdf_description/share/rl12dof_urdf_description/meshes/base_link.stl
[1.050s] -- Up-to-date: /home/ws/install/rl12dof_urdf_description/share/rl12dof_urdf_description/meshes/Knee_Drive_Gear_v22_1.stl
[1.050s] -- Up-to-date: /home/ws/install/rl12dof_urdf_description/share/rl12dof_urdf_description/worlds
[1.050s] -- Up-to-date: /home/ws/install/rl12dof_urdf_description/share/rl12dof_urdf_description/worlds/foot_test.sdf
[1.051s] -- Up-to-date: /home/ws/install/rl12dof_urdf_description/share/ament_index/resource_index/package_run_dependencies/rl12dof_urdf_description
[1.051s] -- Installing: /home/ws/install/rl12dof_urdf_description/share/ament_index/resource_index/parent_prefix_path/rl12dof_urdf_description
[1.051s] -- Up-to-date: /home/ws/install/rl12dof_urdf_description/share/rl12dof_urdf_description/environment/ament_prefix_path.sh
[1.052s] -- Up-to-date: /home/ws/install/rl12dof_urdf_description/share/rl12dof_urdf_description/environment/ament_prefix_path.dsv
[1.053s] -- Up-to-date: /home/ws/install/rl12dof_urdf_description/share/rl12dof_urdf_description/environment/path.sh
[1.054s] -- Up-to-date: /home/ws/install/rl12dof_urdf_description/share/rl12dof_urdf_description/environment/path.dsv
[1.071s] -- Up-to-date: /home/ws/install/rl12dof_urdf_description/share/rl12dof_urdf_description/local_setup.bash
[1.071s] -- Up-to-date: /home/ws/install/rl12dof_urdf_description/share/rl12dof_urdf_description/local_setup.sh
[1.072s] -- Up-to-date: /home/ws/install/rl12dof_urdf_description/share/rl12dof_urdf_description/local_setup.zsh
[1.072s] -- Up-to-date: /home/ws/install/rl12dof_urdf_description/share/rl12dof_urdf_description/local_setup.dsv
[1.072s] -- Installing: /home/ws/install/rl12dof_urdf_description/share/rl12dof_urdf_description/package.dsv
[1.072s] -- Up-to-date: /home/ws/install/rl12dof_urdf_description/share/ament_index/resource_index/packages/rl12dof_urdf_description
[1.072s] -- Up-to-date: /home/ws/install/rl12dof_urdf_description/share/rl12dof_urdf_description/cmake/rl12dof_urdf_descriptionConfig.cmake
[1.072s] -- Up-to-date: /home/ws/install/rl12dof_urdf_description/share/rl12dof_urdf_description/cmake/rl12dof_urdf_descriptionConfig-version.cmake
[1.073s] -- Up-to-date: /home/ws/install/rl12dof_urdf_description/share/rl12dof_urdf_description/package.xml
[1.073s] Invoked command in '/home/ws/build/rl12dof_urdf_description' returned '0': CMAKE_PREFIX_PATH=${CMAKE_PREFIX_PATH}:/home/ws/install/py_pubsub:/opt/ros/jazzy DEBUGINFOD_URLS=https://debuginfod.ubuntu.com /usr/bin/cmake --install /home/ws/build/rl12dof_urdf_description
