[  1%] Built target quadruped_msgs__rosidl_generator_type_description
[  1%] Built target ament_cmake_python_copy_quadruped_msgs
[ 23%] Built target quadruped_msgs__rosidl_generator_c
Traceback (most recent call last):
  File "/home/ws/build/quadruped_msgs/ament_cmake_python/quadruped_msgs/setup.py", line 4, in <module>
    setup(
  File "/usr/lib/python3/dist-packages/setuptools/__init__.py", line 107, in setup
    return distutils.core.setup(**attrs)
           ^^^^^^^^^^^^^^^^^^^^^^^^^^^^^
  File "/usr/lib/python3/dist-packages/setuptools/_distutils/core.py", line 172, in setup
    ok = dist.parse_command_line()
         ^^^^^^^^^^^^^^^^^^^^^^^^^
  File "/usr/lib/python3/dist-packages/setuptools/_distutils/dist.py", line 475, in parse_command_line
    args = self._parse_command_opts(parser, args)
           ^^^^^^^^^^^^^^^^^^^^^^^^^^^^^^^^^^^^^^
  File "/usr/lib/python3/dist-packages/setuptools/dist.py", line 1133, in _parse_command_opts
    nargs = _Distribution._parse_command_opts(self, parser, args)
            ^^^^^^^^^^^^^^^^^^^^^^^^^^^^^^^^^^^^^^^^^^^^^^^^^^^^^
  File "/usr/lib/python3/dist-packages/setuptools/_distutils/dist.py", line 534, in _parse_command_opts
    cmd_class = self.get_command_class(command)
                ^^^^^^^^^^^^^^^^^^^^^^^^^^^^^^^
  File "/usr/lib/python3/dist-packages/setuptools/dist.py", line 978, in get_command_class
    eps = metadata.entry_points(group='distutils.commands', name=command)
          ^^^^^^^^^^^^^^^^^^^^^^^^^^^^^^^^^^^^^^^^^^^^^^^^^^^^^^^^^^^^^^^
  File "/usr/lib/python3.12/importlib/metadata/__init__.py", line 913, in entry_points
    return EntryPoints(eps).select(**params)
           ^^^^^^^^^^^^^^^^
  File "/usr/lib/python3.12/importlib/metadata/__init__.py", line 911, in <genexpr>
    dist.entry_points for dist in _unique(distributions())
    ^^^^^^^^^^^^^^^^^
  File "/usr/lib/python3.12/importlib/metadata/__init__.py", line 471, in entry_points
    return EntryPoints._from_text_for(self.read_text('entry_points.txt'), self)
                                      ^^^^^^^^^^^^^^^^^^^^^^^^^^^^^^^^^^
  File "/usr/lib/python3.12/importlib/metadata/__init__.py", line 819, in read_text
    return self._path.joinpath(filename).read_text(encoding='utf-8')
           ^^^^^^^^^^^^^^^^^^^^^^^^^^^^^^^^^^^^^^^^^^^^^^^^^^^^^^^^^
  File "/usr/lib/python3.12/pathlib.py", line 1030, in read_text
    return f.read()
           ^^^^^^^^
KeyboardInterrupt
gmake[2]: *** [CMakeFiles/ament_cmake_python_build_quadruped_msgs_egg.dir/build.make:70: CMakeFiles/ament_cmake_python_build_quadruped_msgs_egg] Interrupt
gmake[1]: *** [CMakeFiles/Makefile2:478: CMakeFiles/ament_cmake_python_build_quadruped_msgs_egg.dir/all] Interrupt
gmake: *** [Makefile:146: all] Interrupt
