[0.095s] Invoking command in '/home/ws/build/quadruped_msgs': CMAKE_PREFIX_PATH=${CMAKE_PREFIX_PATH}:/home/ws/install/py_pubsub:/opt/ros/jazzy DEBUGINFOD_URLS=https://debuginfod.ubuntu.com /usr/bin/cmake --build /home/ws/build/quadruped_msgs -- -j8 -l8
[0.649s] [  1%] Built target quadruped_msgs__rosidl_generator_type_description
[0.650s] [  1%] Built target ament_cmake_python_copy_quadruped_msgs
[0.650s] [ 23%] Built target quadruped_msgs__rosidl_generator_c
[0.892s] Traceback (most recent call last):
[0.892s]   File "/home/ws/build/quadruped_msgs/ament_cmake_python/quadruped_msgs/setup.py", line 4, in <module>
[0.892s]     setup(
[0.892s]   File "/usr/lib/python3/dist-packages/setuptools/__init__.py", line 107, in setup
[0.893s]     return distutils.core.setup(**attrs)
[0.893s]            ^^^^^^^^^^^^^^^^^^^^^^^^^^^^^
[0.894s]   File "/usr/lib/python3/dist-packages/setuptools/_distutils/core.py", line 172, in setup
[0.894s]     ok = dist.parse_command_line()
[0.898s]          ^^^^^^^^^^^^^^^^^^^^^^^^^
[0.899s]   File "/usr/lib/python3/dist-packages/setuptools/_distutils/dist.py", line 475, in parse_command_line
[0.899s]     args = self._parse_command_opts(parser, args)
[0.900s]            ^^^^^^^^^^^^^^^^^^^^^^^^^^^^^^^^^^^^^^
[0.900s]   File "/usr/lib/python3/dist-packages/setuptools/dist.py", line 1133, in _parse_command_opts
[0.901s]     nargs = _Distribution._parse_command_opts(self, parser, args)
[0.901s]             ^^^^^^^^^^^^^^^^^^^^^^^^^^^^^^^^^^^^^^^^^^^^^^^^^^^^^
[0.901s]   File "/usr/lib/python3/dist-packages/setuptools/_distutils/dist.py", line 534, in _parse_command_opts
[0.902s]     cmd_class = self.get_command_class(command)
[0.902s]                 ^^^^^^^^^^^^^^^^^^^^^^^^^^^^^^^
[0.902s]   File "/usr/lib/python3/dist-packages/setuptools/dist.py", line 978, in get_command_class
[0.902s]     eps = metadata.entry_points(group='distutils.commands', name=command)
[0.902s]           ^^^^^^^^^^^^^^^^^^^^^^^^^^^^^^^^^^^^^^^^^^^^^^^^^^^^^^^^^^^^^^^
[0.903s]   File "/usr/lib/python3.12/importlib/metadata/__init__.py", line 913, in entry_points
[0.907s]     return EntryPoints(eps).select(**params)
[0.907s]            ^^^^^^^^^^^^^^^^
[0.907s]   File "/usr/lib/python3.12/importlib/metadata/__init__.py", line 911, in <genexpr>
[0.907s]     dist.entry_points for dist in _unique(distributions())
[0.907s]     ^^^^^^^^^^^^^^^^^
[0.908s]   File "/usr/lib/python3.12/importlib/metadata/__init__.py", line 471, in entry_points
[0.908s]     return EntryPoints._from_text_for(self.read_text('entry_points.txt'), self)
[0.908s]                                       ^^^^^^^^^^^^^^^^^^^^^^^^^^^^^^^^^^
[0.908s]   File "/usr/lib/python3.12/importlib/metadata/__init__.py", line 819, in read_text
[0.908s]     return self._path.joinpath(filename).read_text(encoding='utf-8')
[0.909s]            ^^^^^^^^^^^^^^^^^^^^^^^^^^^^^^^^^^^^^^^^^^^^^^^^^^^^^^^^^
[0.909s]   File "/usr/lib/python3.12/pathlib.py", line 1030, in read_text
[0.909s]     return f.read()
[0.910s]            ^^^^^^^^
[0.910s] KeyboardInterrupt
[0.957s] gmake[2]: *** [CMakeFiles/ament_cmake_python_build_quadruped_msgs_egg.dir/build.make:70: CMakeFiles/ament_cmake_python_build_quadruped_msgs_egg] Interrupt
[0.957s] gmake[1]: *** [CMakeFiles/Makefile2:478: CMakeFiles/ament_cmake_python_build_quadruped_msgs_egg.dir/all] Interrupt
[0.957s] gmake: *** [Makefile:146: all] Interrupt
