[0.079s] Invoking command in '/home/ws/build/imu_hardware_interface': CMAKE_PREFIX_PATH=${CMAKE_PREFIX_PATH}:/home/ws/install/py_pubsub:/opt/ros/jazzy DEBUGINFOD_URLS=https://debuginfod.ubuntu.com /usr/bin/cmake /home/ws/src/imu_hardware_interface -DCMAKE_BUILD_TYPE=Release -DCMAKE_INSTALL_PREFIX=/home/ws/install/imu_hardware_interface
[0.757s] -- Found ament_cmake: 2.5.3 (/opt/ros/jazzy/share/ament_cmake/cmake)
[0.914s] -- Found hardware_interface: 4.28.1 (/opt/ros/jazzy/share/hardware_interface/cmake)
[1.029s] -- Found rosidl_generator_c: 4.6.5 (/opt/ros/jazzy/share/rosidl_generator_c/cmake)
[1.054s] -- Found rosidl_generator_cpp: 4.6.5 (/opt/ros/jazzy/share/rosidl_generator_cpp/cmake)
[1.085s] -- Using all available rosidl_typesupport_c: rosidl_typesupport_fastrtps_c;rosidl_typesupport_introspection_c
[1.132s] -- Using all available rosidl_typesupport_cpp: rosidl_typesupport_fastrtps_cpp;rosidl_typesupport_introspection_cpp
[2.106s] -- Found TinyXML2 via Config file: /usr/local/lib/cmake/tinyxml2
[2.345s] -- Found rmw_implementation_cmake: 7.3.1 (/opt/ros/jazzy/share/rmw_implementation_cmake/cmake)
[2.357s] -- Found rmw_zenoh_cpp: 0.2.2 (/home/ws/install/rmw_zenoh_cpp/share/rmw_zenoh_cpp/cmake)
[2.357s] -- Using RMW implementation 'rmw_zenoh_cpp' as default
[3.372s] -- Configuring done (3.3s)
[3.542s] -- Generating done (0.1s)
[3.574s] -- Build files have been written to: /home/ws/build/imu_hardware_interface
[3.594s] Invoked command in '/home/ws/build/imu_hardware_interface' returned '0': CMAKE_PREFIX_PATH=${CMAKE_PREFIX_PATH}:/home/ws/install/py_pubsub:/opt/ros/jazzy DEBUGINFOD_URLS=https://debuginfod.ubuntu.com /usr/bin/cmake /home/ws/src/imu_hardware_interface -DCMAKE_BUILD_TYPE=Release -DCMAKE_INSTALL_PREFIX=/home/ws/install/imu_hardware_interface
[3.597s] Invoking command in '/home/ws/build/imu_hardware_interface': CMAKE_PREFIX_PATH=${CMAKE_PREFIX_PATH}:/home/ws/install/py_pubsub:/opt/ros/jazzy DEBUGINFOD_URLS=https://debuginfod.ubuntu.com /usr/bin/cmake --build /home/ws/build/imu_hardware_interface -- -j8 -l8
[3.926s] [100%] Built target imu_hardware_interface
[3.963s] Invoked command in '/home/ws/build/imu_hardware_interface' returned '0': CMAKE_PREFIX_PATH=${CMAKE_PREFIX_PATH}:/home/ws/install/py_pubsub:/opt/ros/jazzy DEBUGINFOD_URLS=https://debuginfod.ubuntu.com /usr/bin/cmake --build /home/ws/build/imu_hardware_interface -- -j8 -l8
[3.965s] Invoking command in '/home/ws/build/imu_hardware_interface': CMAKE_PREFIX_PATH=${CMAKE_PREFIX_PATH}:/home/ws/install/py_pubsub:/opt/ros/jazzy DEBUGINFOD_URLS=https://debuginfod.ubuntu.com /usr/bin/cmake --install /home/ws/build/imu_hardware_interface
[3.997s] -- Install configuration: "Release"
[3.998s] -- Up-to-date: /home/ws/install/imu_hardware_interface/share/imu_hardware_interface/imu_hardware_interface.xml
[3.999s] -- Up-to-date: /home/ws/install/imu_hardware_interface/lib/libimu_hardware_interface.so
[3.999s] -- Up-to-date: /home/ws/install/imu_hardware_interface/include
[4.000s] -- Up-to-date: /home/ws/install/imu_hardware_interface/include/imu_hardware_interface
[4.000s] -- Up-to-date: /home/ws/install/imu_hardware_interface/include/imu_hardware_interface/imu_hardware_interface.hpp
[4.001s] -- Up-to-date: /home/ws/install/imu_hardware_interface/share/imu_hardware_interface/environment/library_path.sh
[4.002s] -- Up-to-date: /home/ws/install/imu_hardware_interface/share/imu_hardware_interface/environment/library_path.dsv
[4.002s] -- Up-to-date: /home/ws/install/imu_hardware_interface/lib/libimu_hardware_interface.so
[4.002s] -- Up-to-date: /home/ws/install/imu_hardware_interface/share/ament_index/resource_index/package_run_dependencies/imu_hardware_interface
[4.002s] -- Installing: /home/ws/install/imu_hardware_interface/share/ament_index/resource_index/parent_prefix_path/imu_hardware_interface
[4.002s] -- Up-to-date: /home/ws/install/imu_hardware_interface/share/imu_hardware_interface/environment/ament_prefix_path.sh
[4.002s] -- Up-to-date: /home/ws/install/imu_hardware_interface/share/imu_hardware_interface/environment/ament_prefix_path.dsv
[4.003s] -- Up-to-date: /home/ws/install/imu_hardware_interface/share/imu_hardware_interface/environment/path.sh
[4.003s] -- Up-to-date: /home/ws/install/imu_hardware_interface/share/imu_hardware_interface/environment/path.dsv
[4.003s] -- Up-to-date: /home/ws/install/imu_hardware_interface/share/imu_hardware_interface/local_setup.bash
[4.003s] -- Up-to-date: /home/ws/install/imu_hardware_interface/share/imu_hardware_interface/local_setup.sh
[4.003s] -- Up-to-date: /home/ws/install/imu_hardware_interface/share/imu_hardware_interface/local_setup.zsh
[4.003s] -- Up-to-date: /home/ws/install/imu_hardware_interface/share/imu_hardware_interface/local_setup.dsv
[4.004s] -- Installing: /home/ws/install/imu_hardware_interface/share/imu_hardware_interface/package.dsv
[4.004s] -- Up-to-date: /home/ws/install/imu_hardware_interface/share/ament_index/resource_index/packages/imu_hardware_interface
[4.004s] -- Up-to-date: /home/ws/install/imu_hardware_interface/share/ament_index/resource_index/hardware_interface__pluginlib__plugin/imu_hardware_interface
[4.004s] -- Up-to-date: /home/ws/install/imu_hardware_interface/share/imu_hardware_interface/cmake/ament_cmake_export_include_directories-extras.cmake
[4.004s] -- Up-to-date: /home/ws/install/imu_hardware_interface/share/imu_hardware_interface/cmake/ament_cmake_export_libraries-extras.cmake
[4.016s] -- Up-to-date: /home/ws/install/imu_hardware_interface/share/imu_hardware_interface/cmake/ament_cmake_export_dependencies-extras.cmake
[4.017s] -- Up-to-date: /home/ws/install/imu_hardware_interface/share/imu_hardware_interface/cmake/imu_hardware_interfaceConfig.cmake
[4.017s] -- Up-to-date: /home/ws/install/imu_hardware_interface/share/imu_hardware_interface/cmake/imu_hardware_interfaceConfig-version.cmake
[4.017s] -- Up-to-date: /home/ws/install/imu_hardware_interface/share/imu_hardware_interface/package.xml
[4.037s] Invoked command in '/home/ws/build/imu_hardware_interface' returned '0': CMAKE_PREFIX_PATH=${CMAKE_PREFIX_PATH}:/home/ws/install/py_pubsub:/opt/ros/jazzy DEBUGINFOD_URLS=https://debuginfod.ubuntu.com /usr/bin/cmake --install /home/ws/build/imu_hardware_interface
