[2.272s] Invoking command in '/home/ws/src/py_pubsub': DEBUGINFOD_URLS=https://debuginfod.ubuntu.com PYTHONPATH=/home/ws/build/py_pubsub/prefix_override:/usr/lib/python3/dist-packages/colcon_core/task/python/colcon_distutils_commands:/home/ws/install/py_pubsub/lib/python3.12/site-packages:${PYTHONPATH} /usr/bin/python3 -W ignore:setup.py install is deprecated -W ignore:easy_install command is deprecated setup.py egg_info --egg-base ../../build/py_pubsub build --build-base /home/ws/build/py_pubsub/build install --record /home/ws/build/py_pubsub/install.log --single-version-externally-managed install_data
[2.806s] running egg_info
[2.842s] writing ../../build/py_pubsub/py_pubsub.egg-info/PKG-INFO
[2.843s] writing dependency_links to ../../build/py_pubsub/py_pubsub.egg-info/dependency_links.txt
[2.843s] writing entry points to ../../build/py_pubsub/py_pubsub.egg-info/entry_points.txt
[2.844s] writing requirements to ../../build/py_pubsub/py_pubsub.egg-info/requires.txt
[2.844s] writing top-level names to ../../build/py_pubsub/py_pubsub.egg-info/top_level.txt
[2.921s] reading manifest file '../../build/py_pubsub/py_pubsub.egg-info/SOURCES.txt'
[2.921s] adding license file 'LICENSE'
[2.922s] writing manifest file '../../build/py_pubsub/py_pubsub.egg-info/SOURCES.txt'
[2.926s] running build
[2.926s] running build_py
[2.926s] running install
[2.939s] running install_lib
[2.977s] running install_data
[2.977s] running install_egg_info
[3.017s] removing '/home/ws/install/py_pubsub/lib/python3.12/site-packages/py_pubsub-0.0.0-py3.12.egg-info' (and everything under it)
[3.018s] Copying ../../build/py_pubsub/py_pubsub.egg-info to /home/ws/install/py_pubsub/lib/python3.12/site-packages/py_pubsub-0.0.0-py3.12.egg-info
[3.020s] running install_scripts
[3.287s] Installing talker script to /home/ws/install/py_pubsub/lib/py_pubsub
[3.288s] writing list of installed files to '/home/ws/build/py_pubsub/install.log'
[3.367s] Invoked command in '/home/ws/src/py_pubsub' returned '0': DEBUGINFOD_URLS=https://debuginfod.ubuntu.com PYTHONPATH=/home/ws/build/py_pubsub/prefix_override:/usr/lib/python3/dist-packages/colcon_core/task/python/colcon_distutils_commands:/home/ws/install/py_pubsub/lib/python3.12/site-packages:${PYTHONPATH} /usr/bin/python3 -W ignore:setup.py install is deprecated -W ignore:easy_install command is deprecated setup.py egg_info --egg-base ../../build/py_pubsub build --build-base /home/ws/build/py_pubsub/build install --record /home/ws/build/py_pubsub/install.log --single-version-externally-managed install_data
