[0.213s] DEBUG:colcon:Command line arguments: ['/usr/bin/colcon', 'build', '--packages-select', 'zenoh_cpp_vendor', 'rmw_zenoh_cpp']
[0.213s] DEBUG:colcon:Parsed command line arguments: Namespace(log_base=None, log_level=None, verb_name='build', build_base='build', install_base='install', merge_install=False, symlink_install=False, test_result_base=None, continue_on_error=False, executor='parallel', parallel_workers=8, event_handlers=None, ignore_user_meta=False, metas=['./colcon.meta'], base_paths=['.'], packages_ignore=None, packages_ignore_regex=None, paths=None, packages_up_to=None, packages_up_to_regex=None, packages_above=None, packages_above_and_dependencies=None, packages_above_depth=None, packages_select_by_dep=None, packages_skip_by_dep=None, packages_skip_up_to=None, packages_select_build_failed=False, packages_skip_build_finished=False, packages_select_test_failures=False, packages_skip_test_passed=False, packages_select=['zenoh_cpp_vendor', 'rmw_zenoh_cpp'], packages_skip=None, packages_select_regex=None, packages_skip_regex=None, packages_start=None, packages_end=None, cmake_args=None, cmake_target=None, cmake_target_skip_unavailable=False, cmake_clean_cache=False, cmake_clean_first=False, cmake_force_configure=False, ament_cmake_args=None, catkin_cmake_args=None, catkin_skip_building_tests=False, mixin_files=None, mixin=None, verb_parser=<colcon_mixin.mixin.mixin_argument.MixinArgumentDecorator object at 0xffffbb321250>, verb_extension=<colcon_core.verb.build.BuildVerb object at 0xffffbb320fb0>, main=<bound method BuildVerb.main of <colcon_core.verb.build.BuildVerb object at 0xffffbb320fb0>>, mixin_verb=('build',))
[0.289s] Level 1:colcon.colcon_core.package_discovery:discover_packages(colcon_meta) check parameters
[0.289s] Level 1:colcon.colcon_core.package_discovery:discover_packages(recursive) check parameters
[0.289s] Level 1:colcon.colcon_core.package_discovery:discover_packages(ignore) check parameters
[0.289s] Level 1:colcon.colcon_core.package_discovery:discover_packages(path) check parameters
[0.289s] Level 1:colcon.colcon_core.package_discovery:discover_packages(colcon_meta) discover
[0.289s] Level 1:colcon.colcon_core.package_discovery:discover_packages(recursive) discover
[0.290s] INFO:colcon.colcon_core.package_discovery:Crawling recursively for packages in '/home/ws'
[0.290s] Level 1:colcon.colcon_core.package_identification:_identify(.) by extensions ['ignore', 'ignore_ament_install']
[0.290s] Level 1:colcon.colcon_core.package_identification:_identify(.) by extension 'ignore'
[0.290s] Level 1:colcon.colcon_core.package_identification:_identify(.) by extension 'ignore_ament_install'
[0.290s] Level 1:colcon.colcon_core.package_identification:_identify(.) by extensions ['colcon_pkg']
[0.291s] Level 1:colcon.colcon_core.package_identification:_identify(.) by extension 'colcon_pkg'
[0.291s] Level 1:colcon.colcon_core.package_identification:_identify(.) by extensions ['colcon_meta']
[0.291s] Level 1:colcon.colcon_core.package_identification:_identify(.) by extension 'colcon_meta'
[0.291s] Level 1:colcon.colcon_core.package_identification:_identify(.) by extensions ['ros']
[0.291s] Level 1:colcon.colcon_core.package_identification:_identify(.) by extension 'ros'
[0.343s] Level 1:colcon.colcon_core.package_identification:_identify(.) by extensions ['cmake', 'python']
[0.343s] Level 1:colcon.colcon_core.package_identification:_identify(.) by extension 'cmake'
[0.344s] Level 1:colcon.colcon_core.package_identification:_identify(.) by extension 'python'
[0.344s] Level 1:colcon.colcon_core.package_identification:_identify(.) by extensions ['python_setup_py']
[0.344s] Level 1:colcon.colcon_core.package_identification:_identify(.) by extension 'python_setup_py'
[0.344s] Level 1:colcon.colcon_core.package_identification:_identify(build) by extensions ['ignore', 'ignore_ament_install']
[0.344s] Level 1:colcon.colcon_core.package_identification:_identify(build) by extension 'ignore'
[0.344s] Level 1:colcon.colcon_core.package_identification:_identify(build) ignored
[0.345s] Level 1:colcon.colcon_core.package_identification:_identify(install) by extensions ['ignore', 'ignore_ament_install']
[0.345s] Level 1:colcon.colcon_core.package_identification:_identify(install) by extension 'ignore'
[0.345s] Level 1:colcon.colcon_core.package_identification:_identify(install) ignored
[0.345s] Level 1:colcon.colcon_core.package_identification:_identify(log) by extensions ['ignore', 'ignore_ament_install']
[0.345s] Level 1:colcon.colcon_core.package_identification:_identify(log) by extension 'ignore'
[0.345s] Level 1:colcon.colcon_core.package_identification:_identify(log) ignored
[0.346s] Level 1:colcon.colcon_core.package_identification:_identify(src) by extensions ['ignore', 'ignore_ament_install']
[0.346s] Level 1:colcon.colcon_core.package_identification:_identify(src) by extension 'ignore'
[0.346s] Level 1:colcon.colcon_core.package_identification:_identify(src) by extension 'ignore_ament_install'
[0.346s] Level 1:colcon.colcon_core.package_identification:_identify(src) by extensions ['colcon_pkg']
[0.346s] Level 1:colcon.colcon_core.package_identification:_identify(src) by extension 'colcon_pkg'
[0.346s] Level 1:colcon.colcon_core.package_identification:_identify(src) by extensions ['colcon_meta']
[0.346s] Level 1:colcon.colcon_core.package_identification:_identify(src) by extension 'colcon_meta'
[0.346s] Level 1:colcon.colcon_core.package_identification:_identify(src) by extensions ['ros']
[0.346s] Level 1:colcon.colcon_core.package_identification:_identify(src) by extension 'ros'
[0.347s] Level 1:colcon.colcon_core.package_identification:_identify(src) by extensions ['cmake', 'python']
[0.347s] Level 1:colcon.colcon_core.package_identification:_identify(src) by extension 'cmake'
[0.347s] Level 1:colcon.colcon_core.package_identification:_identify(src) by extension 'python'
[0.347s] Level 1:colcon.colcon_core.package_identification:_identify(src) by extensions ['python_setup_py']
[0.347s] Level 1:colcon.colcon_core.package_identification:_identify(src) by extension 'python_setup_py'
[0.347s] Level 1:colcon.colcon_core.package_identification:_identify(src/bno08x_ros2_driver) by extensions ['ignore', 'ignore_ament_install']
[0.347s] Level 1:colcon.colcon_core.package_identification:_identify(src/bno08x_ros2_driver) by extension 'ignore'
[0.347s] Level 1:colcon.colcon_core.package_identification:_identify(src/bno08x_ros2_driver) by extension 'ignore_ament_install'
[0.348s] Level 1:colcon.colcon_core.package_identification:_identify(src/bno08x_ros2_driver) by extensions ['colcon_pkg']
[0.348s] Level 1:colcon.colcon_core.package_identification:_identify(src/bno08x_ros2_driver) by extension 'colcon_pkg'
[0.348s] Level 1:colcon.colcon_core.package_identification:_identify(src/bno08x_ros2_driver) by extensions ['colcon_meta']
[0.348s] Level 1:colcon.colcon_core.package_identification:_identify(src/bno08x_ros2_driver) by extension 'colcon_meta'
[0.348s] Level 1:colcon.colcon_core.package_identification:_identify(src/bno08x_ros2_driver) by extensions ['ros']
[0.348s] Level 1:colcon.colcon_core.package_identification:_identify(src/bno08x_ros2_driver) by extension 'ros'
[0.353s] DEBUG:colcon.colcon_core.package_identification:Package 'src/bno08x_ros2_driver' with type 'ros.ament_cmake' and name 'bno08x_driver'
[0.353s] Level 1:colcon.colcon_core.package_identification:_identify(src/imu_hardware_interface) by extensions ['ignore', 'ignore_ament_install']
[0.353s] Level 1:colcon.colcon_core.package_identification:_identify(src/imu_hardware_interface) by extension 'ignore'
[0.354s] Level 1:colcon.colcon_core.package_identification:_identify(src/imu_hardware_interface) by extension 'ignore_ament_install'
[0.354s] Level 1:colcon.colcon_core.package_identification:_identify(src/imu_hardware_interface) by extensions ['colcon_pkg']
[0.354s] Level 1:colcon.colcon_core.package_identification:_identify(src/imu_hardware_interface) by extension 'colcon_pkg'
[0.354s] Level 1:colcon.colcon_core.package_identification:_identify(src/imu_hardware_interface) by extensions ['colcon_meta']
[0.354s] Level 1:colcon.colcon_core.package_identification:_identify(src/imu_hardware_interface) by extension 'colcon_meta'
[0.354s] Level 1:colcon.colcon_core.package_identification:_identify(src/imu_hardware_interface) by extensions ['ros']
[0.354s] Level 1:colcon.colcon_core.package_identification:_identify(src/imu_hardware_interface) by extension 'ros'
[0.355s] DEBUG:colcon.colcon_core.package_identification:Package 'src/imu_hardware_interface' with type 'ros.ament_cmake' and name 'imu_hardware_interface'
[0.355s] Level 1:colcon.colcon_core.package_identification:_identify(src/py_pubsub) by extensions ['ignore', 'ignore_ament_install']
[0.356s] Level 1:colcon.colcon_core.package_identification:_identify(src/py_pubsub) by extension 'ignore'
[0.356s] Level 1:colcon.colcon_core.package_identification:_identify(src/py_pubsub) by extension 'ignore_ament_install'
[0.356s] Level 1:colcon.colcon_core.package_identification:_identify(src/py_pubsub) by extensions ['colcon_pkg']
[0.356s] Level 1:colcon.colcon_core.package_identification:_identify(src/py_pubsub) by extension 'colcon_pkg'
[0.356s] Level 1:colcon.colcon_core.package_identification:_identify(src/py_pubsub) by extensions ['colcon_meta']
[0.356s] Level 1:colcon.colcon_core.package_identification:_identify(src/py_pubsub) by extension 'colcon_meta'
[0.356s] Level 1:colcon.colcon_core.package_identification:_identify(src/py_pubsub) by extensions ['ros']
[0.356s] Level 1:colcon.colcon_core.package_identification:_identify(src/py_pubsub) by extension 'ros'
[0.357s] DEBUG:colcon.colcon_core.package_identification:Package 'src/py_pubsub' with type 'ros.ament_python' and name 'py_pubsub'
[0.357s] Level 1:colcon.colcon_core.package_identification:_identify(src/quadruped_bringup) by extensions ['ignore', 'ignore_ament_install']
[0.357s] Level 1:colcon.colcon_core.package_identification:_identify(src/quadruped_bringup) by extension 'ignore'
[0.358s] Level 1:colcon.colcon_core.package_identification:_identify(src/quadruped_bringup) by extension 'ignore_ament_install'
[0.358s] Level 1:colcon.colcon_core.package_identification:_identify(src/quadruped_bringup) by extensions ['colcon_pkg']
[0.358s] Level 1:colcon.colcon_core.package_identification:_identify(src/quadruped_bringup) by extension 'colcon_pkg'
[0.358s] Level 1:colcon.colcon_core.package_identification:_identify(src/quadruped_bringup) by extensions ['colcon_meta']
[0.358s] Level 1:colcon.colcon_core.package_identification:_identify(src/quadruped_bringup) by extension 'colcon_meta'
[0.358s] Level 1:colcon.colcon_core.package_identification:_identify(src/quadruped_bringup) by extensions ['ros']
[0.358s] Level 1:colcon.colcon_core.package_identification:_identify(src/quadruped_bringup) by extension 'ros'
[0.359s] DEBUG:colcon.colcon_core.package_identification:Package 'src/quadruped_bringup' with type 'ros.ament_cmake' and name 'quadruped_bringup'
[0.359s] Level 1:colcon.colcon_core.package_identification:_identify(src/quadruped_hardware) by extensions ['ignore', 'ignore_ament_install']
[0.359s] Level 1:colcon.colcon_core.package_identification:_identify(src/quadruped_hardware) by extension 'ignore'
[0.359s] Level 1:colcon.colcon_core.package_identification:_identify(src/quadruped_hardware) by extension 'ignore_ament_install'
[0.359s] Level 1:colcon.colcon_core.package_identification:_identify(src/quadruped_hardware) by extensions ['colcon_pkg']
[0.360s] Level 1:colcon.colcon_core.package_identification:_identify(src/quadruped_hardware) by extension 'colcon_pkg'
[0.360s] Level 1:colcon.colcon_core.package_identification:_identify(src/quadruped_hardware) by extensions ['colcon_meta']
[0.360s] Level 1:colcon.colcon_core.package_identification:_identify(src/quadruped_hardware) by extension 'colcon_meta'
[0.360s] Level 1:colcon.colcon_core.package_identification:_identify(src/quadruped_hardware) by extensions ['ros']
[0.360s] Level 1:colcon.colcon_core.package_identification:_identify(src/quadruped_hardware) by extension 'ros'
[0.361s] DEBUG:colcon.colcon_core.package_identification:Package 'src/quadruped_hardware' with type 'ros.ament_cmake' and name 'quadruped_hardware'
[0.361s] Level 1:colcon.colcon_core.package_identification:_identify(src/quadruped_mpc) by extensions ['ignore', 'ignore_ament_install']
[0.361s] Level 1:colcon.colcon_core.package_identification:_identify(src/quadruped_mpc) by extension 'ignore'
[0.361s] Level 1:colcon.colcon_core.package_identification:_identify(src/quadruped_mpc) by extension 'ignore_ament_install'
[0.361s] Level 1:colcon.colcon_core.package_identification:_identify(src/quadruped_mpc) by extensions ['colcon_pkg']
[0.361s] Level 1:colcon.colcon_core.package_identification:_identify(src/quadruped_mpc) by extension 'colcon_pkg'
[0.361s] Level 1:colcon.colcon_core.package_identification:_identify(src/quadruped_mpc) by extensions ['colcon_meta']
[0.361s] Level 1:colcon.colcon_core.package_identification:_identify(src/quadruped_mpc) by extension 'colcon_meta'
[0.362s] Level 1:colcon.colcon_core.package_identification:_identify(src/quadruped_mpc) by extensions ['ros']
[0.362s] Level 1:colcon.colcon_core.package_identification:_identify(src/quadruped_mpc) by extension 'ros'
[0.363s] DEBUG:colcon.colcon_core.package_identification:Package 'src/quadruped_mpc' with type 'ros.ament_cmake' and name 'quadruped_mpc'
[0.363s] Level 1:colcon.colcon_core.package_identification:_identify(src/quadruped_msgs) by extensions ['ignore', 'ignore_ament_install']
[0.363s] Level 1:colcon.colcon_core.package_identification:_identify(src/quadruped_msgs) by extension 'ignore'
[0.363s] Level 1:colcon.colcon_core.package_identification:_identify(src/quadruped_msgs) by extension 'ignore_ament_install'
[0.364s] Level 1:colcon.colcon_core.package_identification:_identify(src/quadruped_msgs) by extensions ['colcon_pkg']
[0.364s] Level 1:colcon.colcon_core.package_identification:_identify(src/quadruped_msgs) by extension 'colcon_pkg'
[0.364s] Level 1:colcon.colcon_core.package_identification:_identify(src/quadruped_msgs) by extensions ['colcon_meta']
[0.364s] Level 1:colcon.colcon_core.package_identification:_identify(src/quadruped_msgs) by extension 'colcon_meta'
[0.364s] Level 1:colcon.colcon_core.package_identification:_identify(src/quadruped_msgs) by extensions ['ros']
[0.364s] Level 1:colcon.colcon_core.package_identification:_identify(src/quadruped_msgs) by extension 'ros'
[0.365s] DEBUG:colcon.colcon_core.package_identification:Package 'src/quadruped_msgs' with type 'ros.ament_cmake' and name 'quadruped_msgs'
[0.365s] Level 1:colcon.colcon_core.package_identification:_identify(src/quadruped_sim) by extensions ['ignore', 'ignore_ament_install']
[0.365s] Level 1:colcon.colcon_core.package_identification:_identify(src/quadruped_sim) by extension 'ignore'
[0.365s] Level 1:colcon.colcon_core.package_identification:_identify(src/quadruped_sim) by extension 'ignore_ament_install'
[0.366s] Level 1:colcon.colcon_core.package_identification:_identify(src/quadruped_sim) by extensions ['colcon_pkg']
[0.366s] Level 1:colcon.colcon_core.package_identification:_identify(src/quadruped_sim) by extension 'colcon_pkg'
[0.366s] Level 1:colcon.colcon_core.package_identification:_identify(src/quadruped_sim) by extensions ['colcon_meta']
[0.366s] Level 1:colcon.colcon_core.package_identification:_identify(src/quadruped_sim) by extension 'colcon_meta'
[0.366s] Level 1:colcon.colcon_core.package_identification:_identify(src/quadruped_sim) by extensions ['ros']
[0.366s] Level 1:colcon.colcon_core.package_identification:_identify(src/quadruped_sim) by extension 'ros'
[0.367s] DEBUG:colcon.colcon_core.package_identification:Package 'src/quadruped_sim' with type 'ros.ament_cmake' and name 'quadruped_sim'
[0.367s] Level 1:colcon.colcon_core.package_identification:_identify(src/quadruped_urdf) by extensions ['ignore', 'ignore_ament_install']
[0.367s] Level 1:colcon.colcon_core.package_identification:_identify(src/quadruped_urdf) by extension 'ignore'
[0.367s] Level 1:colcon.colcon_core.package_identification:_identify(src/quadruped_urdf) by extension 'ignore_ament_install'
[0.367s] Level 1:colcon.colcon_core.package_identification:_identify(src/quadruped_urdf) by extensions ['colcon_pkg']
[0.367s] Level 1:colcon.colcon_core.package_identification:_identify(src/quadruped_urdf) by extension 'colcon_pkg'
[0.368s] Level 1:colcon.colcon_core.package_identification:_identify(src/quadruped_urdf) by extensions ['colcon_meta']
[0.368s] Level 1:colcon.colcon_core.package_identification:_identify(src/quadruped_urdf) by extension 'colcon_meta'
[0.368s] Level 1:colcon.colcon_core.package_identification:_identify(src/quadruped_urdf) by extensions ['ros']
[0.368s] Level 1:colcon.colcon_core.package_identification:_identify(src/quadruped_urdf) by extension 'ros'
[0.368s] DEBUG:colcon.colcon_core.package_identification:Package 'src/quadruped_urdf' with type 'ros.ament_cmake' and name 'quadruped_urdf'
[0.369s] Level 1:colcon.colcon_core.package_identification:_identify(src/quadruped_utils) by extensions ['ignore', 'ignore_ament_install']
[0.369s] Level 1:colcon.colcon_core.package_identification:_identify(src/quadruped_utils) by extension 'ignore'
[0.369s] Level 1:colcon.colcon_core.package_identification:_identify(src/quadruped_utils) by extension 'ignore_ament_install'
[0.369s] Level 1:colcon.colcon_core.package_identification:_identify(src/quadruped_utils) by extensions ['colcon_pkg']
[0.369s] Level 1:colcon.colcon_core.package_identification:_identify(src/quadruped_utils) by extension 'colcon_pkg'
[0.369s] Level 1:colcon.colcon_core.package_identification:_identify(src/quadruped_utils) by extensions ['colcon_meta']
[0.369s] Level 1:colcon.colcon_core.package_identification:_identify(src/quadruped_utils) by extension 'colcon_meta'
[0.369s] Level 1:colcon.colcon_core.package_identification:_identify(src/quadruped_utils) by extensions ['ros']
[0.369s] Level 1:colcon.colcon_core.package_identification:_identify(src/quadruped_utils) by extension 'ros'
[0.371s] DEBUG:colcon.colcon_core.package_identification:Package 'src/quadruped_utils' with type 'ros.ament_cmake' and name 'quadruped_utils'
[0.371s] Level 1:colcon.colcon_core.package_identification:_identify(src/rmw_zenoh) by extensions ['ignore', 'ignore_ament_install']
[0.371s] Level 1:colcon.colcon_core.package_identification:_identify(src/rmw_zenoh) by extension 'ignore'
[0.371s] Level 1:colcon.colcon_core.package_identification:_identify(src/rmw_zenoh) by extension 'ignore_ament_install'
[0.371s] Level 1:colcon.colcon_core.package_identification:_identify(src/rmw_zenoh) by extensions ['colcon_pkg']
[0.371s] Level 1:colcon.colcon_core.package_identification:_identify(src/rmw_zenoh) by extension 'colcon_pkg'
[0.371s] Level 1:colcon.colcon_core.package_identification:_identify(src/rmw_zenoh) by extensions ['colcon_meta']
[0.372s] Level 1:colcon.colcon_core.package_identification:_identify(src/rmw_zenoh) by extension 'colcon_meta'
[0.372s] Level 1:colcon.colcon_core.package_identification:_identify(src/rmw_zenoh) by extensions ['ros']
[0.372s] Level 1:colcon.colcon_core.package_identification:_identify(src/rmw_zenoh) by extension 'ros'
[0.372s] Level 1:colcon.colcon_core.package_identification:_identify(src/rmw_zenoh) by extensions ['cmake', 'python']
[0.372s] Level 1:colcon.colcon_core.package_identification:_identify(src/rmw_zenoh) by extension 'cmake'
[0.372s] Level 1:colcon.colcon_core.package_identification:_identify(src/rmw_zenoh) by extension 'python'
[0.372s] Level 1:colcon.colcon_core.package_identification:_identify(src/rmw_zenoh) by extensions ['python_setup_py']
[0.372s] Level 1:colcon.colcon_core.package_identification:_identify(src/rmw_zenoh) by extension 'python_setup_py'
[0.372s] Level 1:colcon.colcon_core.package_identification:_identify(src/rmw_zenoh/docs) by extensions ['ignore', 'ignore_ament_install']
[0.372s] Level 1:colcon.colcon_core.package_identification:_identify(src/rmw_zenoh/docs) by extension 'ignore'
[0.373s] Level 1:colcon.colcon_core.package_identification:_identify(src/rmw_zenoh/docs) by extension 'ignore_ament_install'
[0.373s] Level 1:colcon.colcon_core.package_identification:_identify(src/rmw_zenoh/docs) by extensions ['colcon_pkg']
[0.373s] Level 1:colcon.colcon_core.package_identification:_identify(src/rmw_zenoh/docs) by extension 'colcon_pkg'
[0.373s] Level 1:colcon.colcon_core.package_identification:_identify(src/rmw_zenoh/docs) by extensions ['colcon_meta']
[0.373s] Level 1:colcon.colcon_core.package_identification:_identify(src/rmw_zenoh/docs) by extension 'colcon_meta'
[0.373s] Level 1:colcon.colcon_core.package_identification:_identify(src/rmw_zenoh/docs) by extensions ['ros']
[0.373s] Level 1:colcon.colcon_core.package_identification:_identify(src/rmw_zenoh/docs) by extension 'ros'
[0.373s] Level 1:colcon.colcon_core.package_identification:_identify(src/rmw_zenoh/docs) by extensions ['cmake', 'python']
[0.373s] Level 1:colcon.colcon_core.package_identification:_identify(src/rmw_zenoh/docs) by extension 'cmake'
[0.373s] Level 1:colcon.colcon_core.package_identification:_identify(src/rmw_zenoh/docs) by extension 'python'
[0.374s] Level 1:colcon.colcon_core.package_identification:_identify(src/rmw_zenoh/docs) by extensions ['python_setup_py']
[0.374s] Level 1:colcon.colcon_core.package_identification:_identify(src/rmw_zenoh/docs) by extension 'python_setup_py'
[0.374s] Level 1:colcon.colcon_core.package_identification:_identify(src/rmw_zenoh/rmw_zenoh_cpp) by extensions ['ignore', 'ignore_ament_install']
[0.374s] Level 1:colcon.colcon_core.package_identification:_identify(src/rmw_zenoh/rmw_zenoh_cpp) by extension 'ignore'
[0.374s] Level 1:colcon.colcon_core.package_identification:_identify(src/rmw_zenoh/rmw_zenoh_cpp) by extension 'ignore_ament_install'
[0.374s] Level 1:colcon.colcon_core.package_identification:_identify(src/rmw_zenoh/rmw_zenoh_cpp) by extensions ['colcon_pkg']
[0.374s] Level 1:colcon.colcon_core.package_identification:_identify(src/rmw_zenoh/rmw_zenoh_cpp) by extension 'colcon_pkg'
[0.374s] Level 1:colcon.colcon_core.package_identification:_identify(src/rmw_zenoh/rmw_zenoh_cpp) by extensions ['colcon_meta']
[0.374s] Level 1:colcon.colcon_core.package_identification:_identify(src/rmw_zenoh/rmw_zenoh_cpp) by extension 'colcon_meta'
[0.374s] Level 1:colcon.colcon_core.package_identification:_identify(src/rmw_zenoh/rmw_zenoh_cpp) by extensions ['ros']
[0.375s] Level 1:colcon.colcon_core.package_identification:_identify(src/rmw_zenoh/rmw_zenoh_cpp) by extension 'ros'
[0.376s] DEBUG:colcon.colcon_core.package_identification:Package 'src/rmw_zenoh/rmw_zenoh_cpp' with type 'ros.ament_cmake' and name 'rmw_zenoh_cpp'
[0.376s] Level 1:colcon.colcon_core.package_identification:_identify(src/rmw_zenoh/zenoh_cpp_vendor) by extensions ['ignore', 'ignore_ament_install']
[0.376s] Level 1:colcon.colcon_core.package_identification:_identify(src/rmw_zenoh/zenoh_cpp_vendor) by extension 'ignore'
[0.377s] Level 1:colcon.colcon_core.package_identification:_identify(src/rmw_zenoh/zenoh_cpp_vendor) by extension 'ignore_ament_install'
[0.377s] Level 1:colcon.colcon_core.package_identification:_identify(src/rmw_zenoh/zenoh_cpp_vendor) by extensions ['colcon_pkg']
[0.377s] Level 1:colcon.colcon_core.package_identification:_identify(src/rmw_zenoh/zenoh_cpp_vendor) by extension 'colcon_pkg'
[0.377s] Level 1:colcon.colcon_core.package_identification:_identify(src/rmw_zenoh/zenoh_cpp_vendor) by extensions ['colcon_meta']
[0.377s] Level 1:colcon.colcon_core.package_identification:_identify(src/rmw_zenoh/zenoh_cpp_vendor) by extension 'colcon_meta'
[0.377s] Level 1:colcon.colcon_core.package_identification:_identify(src/rmw_zenoh/zenoh_cpp_vendor) by extensions ['ros']
[0.377s] Level 1:colcon.colcon_core.package_identification:_identify(src/rmw_zenoh/zenoh_cpp_vendor) by extension 'ros'
[0.378s] DEBUG:colcon.colcon_core.package_identification:Package 'src/rmw_zenoh/zenoh_cpp_vendor' with type 'ros.ament_cmake' and name 'zenoh_cpp_vendor'
[0.378s] Level 1:colcon.colcon_core.package_discovery:discover_packages(recursive) using defaults
[0.378s] Level 1:colcon.colcon_core.package_discovery:discover_packages(ignore) discover
[0.378s] Level 1:colcon.colcon_core.package_discovery:discover_packages(ignore) using defaults
[0.378s] Level 1:colcon.colcon_core.package_discovery:discover_packages(path) discover
[0.378s] Level 1:colcon.colcon_core.package_discovery:discover_packages(path) using defaults
[0.415s] INFO:colcon.colcon_core.package_selection:Skipping not selected package 'bno08x_driver' in 'src/bno08x_ros2_driver'
[0.415s] INFO:colcon.colcon_core.package_selection:Skipping not selected package 'imu_hardware_interface' in 'src/imu_hardware_interface'
[0.416s] INFO:colcon.colcon_core.package_selection:Skipping not selected package 'py_pubsub' in 'src/py_pubsub'
[0.416s] INFO:colcon.colcon_core.package_selection:Skipping not selected package 'quadruped_bringup' in 'src/quadruped_bringup'
[0.416s] INFO:colcon.colcon_core.package_selection:Skipping not selected package 'quadruped_hardware' in 'src/quadruped_hardware'
[0.416s] INFO:colcon.colcon_core.package_selection:Skipping not selected package 'quadruped_msgs' in 'src/quadruped_msgs'
[0.416s] INFO:colcon.colcon_core.package_selection:Skipping not selected package 'quadruped_sim' in 'src/quadruped_sim'
[0.416s] INFO:colcon.colcon_core.package_selection:Skipping not selected package 'quadruped_urdf' in 'src/quadruped_urdf'
[0.416s] INFO:colcon.colcon_core.package_selection:Skipping not selected package 'quadruped_utils' in 'src/quadruped_utils'
[0.416s] INFO:colcon.colcon_core.package_selection:Skipping not selected package 'quadruped_mpc' in 'src/quadruped_mpc'
[0.417s] Level 5:colcon.colcon_core.verb:set package 'zenoh_cpp_vendor' build argument 'cmake_args' from command line to 'None'
[0.417s] Level 5:colcon.colcon_core.verb:set package 'zenoh_cpp_vendor' build argument 'cmake_target' from command line to 'None'
[0.417s] Level 5:colcon.colcon_core.verb:set package 'zenoh_cpp_vendor' build argument 'cmake_target_skip_unavailable' from command line to 'False'
[0.417s] Level 5:colcon.colcon_core.verb:set package 'zenoh_cpp_vendor' build argument 'cmake_clean_cache' from command line to 'False'
[0.417s] Level 5:colcon.colcon_core.verb:set package 'zenoh_cpp_vendor' build argument 'cmake_clean_first' from command line to 'False'
[0.417s] Level 5:colcon.colcon_core.verb:set package 'zenoh_cpp_vendor' build argument 'cmake_force_configure' from command line to 'False'
[0.417s] Level 5:colcon.colcon_core.verb:set package 'zenoh_cpp_vendor' build argument 'ament_cmake_args' from command line to 'None'
[0.417s] Level 5:colcon.colcon_core.verb:set package 'zenoh_cpp_vendor' build argument 'catkin_cmake_args' from command line to 'None'
[0.417s] Level 5:colcon.colcon_core.verb:set package 'zenoh_cpp_vendor' build argument 'catkin_skip_building_tests' from command line to 'False'
[0.417s] DEBUG:colcon.colcon_core.verb:Building package 'zenoh_cpp_vendor' with the following arguments: {'ament_cmake_args': None, 'build_base': '/home/ws/build/zenoh_cpp_vendor', 'catkin_cmake_args': None, 'catkin_skip_building_tests': False, 'cmake_args': None, 'cmake_clean_cache': False, 'cmake_clean_first': False, 'cmake_force_configure': False, 'cmake_target': None, 'cmake_target_skip_unavailable': False, 'install_base': '/home/ws/install/zenoh_cpp_vendor', 'merge_install': False, 'path': '/home/ws/src/rmw_zenoh/zenoh_cpp_vendor', 'symlink_install': False, 'test_result_base': None}
[0.418s] Level 5:colcon.colcon_core.verb:set package 'rmw_zenoh_cpp' build argument 'cmake_args' from command line to 'None'
[0.418s] Level 5:colcon.colcon_core.verb:set package 'rmw_zenoh_cpp' build argument 'cmake_target' from command line to 'None'
[0.418s] Level 5:colcon.colcon_core.verb:set package 'rmw_zenoh_cpp' build argument 'cmake_target_skip_unavailable' from command line to 'False'
[0.418s] Level 5:colcon.colcon_core.verb:set package 'rmw_zenoh_cpp' build argument 'cmake_clean_cache' from command line to 'False'
[0.418s] Level 5:colcon.colcon_core.verb:set package 'rmw_zenoh_cpp' build argument 'cmake_clean_first' from command line to 'False'
[0.418s] Level 5:colcon.colcon_core.verb:set package 'rmw_zenoh_cpp' build argument 'cmake_force_configure' from command line to 'False'
[0.418s] Level 5:colcon.colcon_core.verb:set package 'rmw_zenoh_cpp' build argument 'ament_cmake_args' from command line to 'None'
[0.418s] Level 5:colcon.colcon_core.verb:set package 'rmw_zenoh_cpp' build argument 'catkin_cmake_args' from command line to 'None'
[0.418s] Level 5:colcon.colcon_core.verb:set package 'rmw_zenoh_cpp' build argument 'catkin_skip_building_tests' from command line to 'False'
[0.418s] DEBUG:colcon.colcon_core.verb:Building package 'rmw_zenoh_cpp' with the following arguments: {'ament_cmake_args': None, 'build_base': '/home/ws/build/rmw_zenoh_cpp', 'catkin_cmake_args': None, 'catkin_skip_building_tests': False, 'cmake_args': None, 'cmake_clean_cache': False, 'cmake_clean_first': False, 'cmake_force_configure': False, 'cmake_target': None, 'cmake_target_skip_unavailable': False, 'install_base': '/home/ws/install/rmw_zenoh_cpp', 'merge_install': False, 'path': '/home/ws/src/rmw_zenoh/rmw_zenoh_cpp', 'symlink_install': False, 'test_result_base': None}
[0.418s] INFO:colcon.colcon_core.executor:Executing jobs using 'parallel' executor
[0.420s] DEBUG:colcon.colcon_parallel_executor.executor.parallel:run_until_complete
[0.421s] INFO:colcon.colcon_ros.task.ament_cmake.build:Building ROS package in '/home/ws/src/rmw_zenoh/zenoh_cpp_vendor' with build type 'ament_cmake'
[0.421s] INFO:colcon.colcon_cmake.task.cmake.build:Building CMake package in '/home/ws/src/rmw_zenoh/zenoh_cpp_vendor'
[0.425s] INFO:colcon.colcon_core.plugin_system:Skipping extension 'colcon_core.shell.bat': Not used on non-Windows systems
[0.426s] INFO:colcon.colcon_core.shell:Skip shell extension 'powershell' for command environment: Not usable outside of PowerShell
[0.426s] DEBUG:colcon.colcon_core.shell:Skip shell extension 'dsv' for command environment
[0.428s] WARNING:colcon.colcon_ros.prefix_path.ament:The path '/home/ws/install/rmw_zenoh_cpp' in the environment variable AMENT_PREFIX_PATH doesn't exist
[0.428s] WARNING:colcon.colcon_ros.prefix_path.ament:The path '/home/ws/install/quadruped_utils' in the environment variable AMENT_PREFIX_PATH doesn't exist
[0.428s] WARNING:colcon.colcon_ros.prefix_path.ament:The path '/home/ws/install/quadruped_urdf' in the environment variable AMENT_PREFIX_PATH doesn't exist
[0.429s] WARNING:colcon.colcon_ros.prefix_path.ament:The path '/home/ws/install/quadruped_mpc' in the environment variable AMENT_PREFIX_PATH doesn't exist
[0.429s] WARNING:colcon.colcon_ros.prefix_path.ament:The path '/home/ws/install/quadruped_msgs' in the environment variable AMENT_PREFIX_PATH doesn't exist
[0.429s] WARNING:colcon.colcon_ros.prefix_path.ament:The path '/home/ws/install/quadruped_hardware' in the environment variable AMENT_PREFIX_PATH doesn't exist
[0.429s] WARNING:colcon.colcon_ros.prefix_path.ament:The path '/home/ws/install/imu_hardware_interface' in the environment variable AMENT_PREFIX_PATH doesn't exist
[0.429s] WARNING:colcon.colcon_ros.prefix_path.ament:The path '/home/ws/install/cpp_pubsub' in the environment variable AMENT_PREFIX_PATH doesn't exist
[0.430s] WARNING:colcon.colcon_ros.prefix_path.catkin:The path '/home/ws/install/rmw_zenoh_cpp' in the environment variable CMAKE_PREFIX_PATH doesn't exist
[0.430s] WARNING:colcon.colcon_ros.prefix_path.catkin:The path '/home/ws/install/quadruped_utils' in the environment variable CMAKE_PREFIX_PATH doesn't exist
[0.430s] WARNING:colcon.colcon_ros.prefix_path.catkin:The path '/home/ws/install/quadruped_urdf' in the environment variable CMAKE_PREFIX_PATH doesn't exist
[0.430s] WARNING:colcon.colcon_ros.prefix_path.catkin:The path '/home/ws/install/quadruped_mpc' in the environment variable CMAKE_PREFIX_PATH doesn't exist
[0.430s] WARNING:colcon.colcon_ros.prefix_path.catkin:The path '/home/ws/install/quadruped_msgs' in the environment variable CMAKE_PREFIX_PATH doesn't exist
[0.430s] WARNING:colcon.colcon_ros.prefix_path.catkin:The path '/home/ws/install/quadruped_hardware' in the environment variable CMAKE_PREFIX_PATH doesn't exist
[0.430s] WARNING:colcon.colcon_ros.prefix_path.catkin:The path '/home/ws/install/imu_hardware_interface' in the environment variable CMAKE_PREFIX_PATH doesn't exist
[0.430s] WARNING:colcon.colcon_ros.prefix_path.catkin:The path '/home/ws/install/cpp_pubsub' in the environment variable CMAKE_PREFIX_PATH doesn't exist
[0.445s] DEBUG:colcon.colcon_core.event_handler.log_command:Invoking command in '/home/ws/build/zenoh_cpp_vendor': CMAKE_PREFIX_PATH=${CMAKE_PREFIX_PATH}:/home/ws/install/py_pubsub:/opt/ros/jazzy DEBUGINFOD_URLS=https://debuginfod.ubuntu.com /usr/bin/cmake /home/ws/src/rmw_zenoh/zenoh_cpp_vendor -DCMAKE_INSTALL_PREFIX=/home/ws/install/zenoh_cpp_vendor
[1.289s] DEBUG:colcon.colcon_core.event_handler.log_command:Invoked command in '/home/ws/build/zenoh_cpp_vendor' returned '0': CMAKE_PREFIX_PATH=${CMAKE_PREFIX_PATH}:/home/ws/install/py_pubsub:/opt/ros/jazzy DEBUGINFOD_URLS=https://debuginfod.ubuntu.com /usr/bin/cmake /home/ws/src/rmw_zenoh/zenoh_cpp_vendor -DCMAKE_INSTALL_PREFIX=/home/ws/install/zenoh_cpp_vendor
[1.291s] DEBUG:colcon.colcon_core.event_handler.log_command:Invoking command in '/home/ws/build/zenoh_cpp_vendor': CMAKE_PREFIX_PATH=${CMAKE_PREFIX_PATH}:/home/ws/install/py_pubsub:/opt/ros/jazzy DEBUGINFOD_URLS=https://debuginfod.ubuntu.com /usr/bin/cmake --build /home/ws/build/zenoh_cpp_vendor -- -j8 -l8
[931.042s] DEBUG:colcon.colcon_core.event_handler.log_command:Invoked command in '/home/ws/build/zenoh_cpp_vendor' returned '0': CMAKE_PREFIX_PATH=${CMAKE_PREFIX_PATH}:/home/ws/install/py_pubsub:/opt/ros/jazzy DEBUGINFOD_URLS=https://debuginfod.ubuntu.com /usr/bin/cmake --build /home/ws/build/zenoh_cpp_vendor -- -j8 -l8
[931.066s] DEBUG:colcon.colcon_core.event_handler.log_command:Invoking command in '/home/ws/build/zenoh_cpp_vendor': CMAKE_PREFIX_PATH=${CMAKE_PREFIX_PATH}:/home/ws/install/py_pubsub:/opt/ros/jazzy DEBUGINFOD_URLS=https://debuginfod.ubuntu.com /usr/bin/cmake --install /home/ws/build/zenoh_cpp_vendor
[931.217s] Level 1:colcon.colcon_core.environment:create_environment_scripts_only(zenoh_cpp_vendor)
[931.221s] DEBUG:colcon.colcon_core.event_handler.log_command:Invoked command in '/home/ws/build/zenoh_cpp_vendor' returned '0': CMAKE_PREFIX_PATH=${CMAKE_PREFIX_PATH}:/home/ws/install/py_pubsub:/opt/ros/jazzy DEBUGINFOD_URLS=https://debuginfod.ubuntu.com /usr/bin/cmake --install /home/ws/build/zenoh_cpp_vendor
[931.224s] Level 1:colcon.colcon_core.environment:checking '/home/ws/install/zenoh_cpp_vendor' for CMake module files
[931.225s] Level 1:colcon.colcon_core.environment:checking '/home/ws/install/zenoh_cpp_vendor' for CMake config files
[931.226s] Level 1:colcon.colcon_core.shell:create_environment_hook('zenoh_cpp_vendor', 'cmake_prefix_path')
[931.226s] INFO:colcon.colcon_core.shell:Creating environment hook '/home/ws/install/zenoh_cpp_vendor/share/zenoh_cpp_vendor/hook/cmake_prefix_path.ps1'
[931.227s] INFO:colcon.colcon_core.shell:Creating environment descriptor '/home/ws/install/zenoh_cpp_vendor/share/zenoh_cpp_vendor/hook/cmake_prefix_path.dsv'
[931.228s] INFO:colcon.colcon_core.shell:Creating environment hook '/home/ws/install/zenoh_cpp_vendor/share/zenoh_cpp_vendor/hook/cmake_prefix_path.sh'
[931.230s] Level 1:colcon.colcon_core.environment:checking '/home/ws/install/zenoh_cpp_vendor/bin'
[931.230s] Level 1:colcon.colcon_core.environment:checking '/home/ws/install/zenoh_cpp_vendor/lib/pkgconfig/zenoh_cpp_vendor.pc'
[931.233s] Level 1:colcon.colcon_core.environment:checking '/home/ws/install/zenoh_cpp_vendor/lib/python3.12/site-packages'
[931.234s] Level 1:colcon.colcon_core.environment:checking '/home/ws/install/zenoh_cpp_vendor/bin'
[931.234s] INFO:colcon.colcon_core.shell:Creating package script '/home/ws/install/zenoh_cpp_vendor/share/zenoh_cpp_vendor/package.ps1'
[931.236s] INFO:colcon.colcon_core.shell:Creating package descriptor '/home/ws/install/zenoh_cpp_vendor/share/zenoh_cpp_vendor/package.dsv'
[931.237s] INFO:colcon.colcon_core.shell:Creating package script '/home/ws/install/zenoh_cpp_vendor/share/zenoh_cpp_vendor/package.sh'
[931.238s] INFO:colcon.colcon_core.shell:Creating package script '/home/ws/install/zenoh_cpp_vendor/share/zenoh_cpp_vendor/package.bash'
[931.240s] INFO:colcon.colcon_core.shell:Creating package script '/home/ws/install/zenoh_cpp_vendor/share/zenoh_cpp_vendor/package.zsh'
[931.241s] Level 1:colcon.colcon_core.environment:create_file_with_runtime_dependencies(/home/ws/install/zenoh_cpp_vendor/share/colcon-core/packages/zenoh_cpp_vendor)
[931.242s] Level 1:colcon.colcon_core.environment:create_environment_scripts_only(zenoh_cpp_vendor)
[931.243s] Level 1:colcon.colcon_core.environment:checking '/home/ws/install/zenoh_cpp_vendor' for CMake module files
[931.244s] Level 1:colcon.colcon_core.environment:checking '/home/ws/install/zenoh_cpp_vendor' for CMake config files
[931.244s] Level 1:colcon.colcon_core.shell:create_environment_hook('zenoh_cpp_vendor', 'cmake_prefix_path')
[931.245s] INFO:colcon.colcon_core.shell:Creating environment hook '/home/ws/install/zenoh_cpp_vendor/share/zenoh_cpp_vendor/hook/cmake_prefix_path.ps1'
[931.246s] INFO:colcon.colcon_core.shell:Creating environment descriptor '/home/ws/install/zenoh_cpp_vendor/share/zenoh_cpp_vendor/hook/cmake_prefix_path.dsv'
[931.247s] INFO:colcon.colcon_core.shell:Creating environment hook '/home/ws/install/zenoh_cpp_vendor/share/zenoh_cpp_vendor/hook/cmake_prefix_path.sh'
[931.248s] Level 1:colcon.colcon_core.environment:checking '/home/ws/install/zenoh_cpp_vendor/bin'
[931.249s] Level 1:colcon.colcon_core.environment:checking '/home/ws/install/zenoh_cpp_vendor/lib/pkgconfig/zenoh_cpp_vendor.pc'
[931.249s] Level 1:colcon.colcon_core.environment:checking '/home/ws/install/zenoh_cpp_vendor/lib/python3.12/site-packages'
[931.250s] Level 1:colcon.colcon_core.environment:checking '/home/ws/install/zenoh_cpp_vendor/bin'
[931.251s] INFO:colcon.colcon_core.shell:Creating package script '/home/ws/install/zenoh_cpp_vendor/share/zenoh_cpp_vendor/package.ps1'
[931.252s] INFO:colcon.colcon_core.shell:Creating package descriptor '/home/ws/install/zenoh_cpp_vendor/share/zenoh_cpp_vendor/package.dsv'
[931.253s] INFO:colcon.colcon_core.shell:Creating package script '/home/ws/install/zenoh_cpp_vendor/share/zenoh_cpp_vendor/package.sh'
[931.255s] INFO:colcon.colcon_core.shell:Creating package script '/home/ws/install/zenoh_cpp_vendor/share/zenoh_cpp_vendor/package.bash'
[931.256s] INFO:colcon.colcon_core.shell:Creating package script '/home/ws/install/zenoh_cpp_vendor/share/zenoh_cpp_vendor/package.zsh'
[931.257s] Level 1:colcon.colcon_core.environment:create_file_with_runtime_dependencies(/home/ws/install/zenoh_cpp_vendor/share/colcon-core/packages/zenoh_cpp_vendor)
[931.258s] INFO:colcon.colcon_ros.task.ament_cmake.build:Building ROS package in '/home/ws/src/rmw_zenoh/rmw_zenoh_cpp' with build type 'ament_cmake'
[931.261s] INFO:colcon.colcon_cmake.task.cmake.build:Building CMake package in '/home/ws/src/rmw_zenoh/rmw_zenoh_cpp'
[931.262s] INFO:colcon.colcon_core.shell:Skip shell extension 'powershell' for command environment: Not usable outside of PowerShell
[931.262s] DEBUG:colcon.colcon_core.shell:Skip shell extension 'dsv' for command environment
[931.298s] DEBUG:colcon.colcon_core.event_handler.log_command:Invoking command in '/home/ws/build/rmw_zenoh_cpp': CMAKE_PREFIX_PATH=/home/ws/install/zenoh_cpp_vendor:/home/ws/install/rmw_zenoh_cpp:/home/ws/install/quadruped_utils:/home/ws/install/quadruped_urdf:/home/ws/install/quadruped_sim:/home/ws/install/quadruped_mpc:/home/ws/install/quadruped_msgs:/home/ws/install/quadruped_hardware:/home/ws/install/quadruped_bringup:/home/ws/install/imu_hardware_interface:/home/ws/install/cpp_pubsub:/home/ws/install/bno08x_driver:/opt/ros/jazzy/opt/gz_sim_vendor:/opt/ros/jazzy/opt/gz_sensors_vendor:/opt/ros/jazzy/opt/gz_physics_vendor:/opt/ros/jazzy/opt/sdformat_vendor:/opt/ros/jazzy/opt/gz_gui_vendor:/opt/ros/jazzy/opt/gz_transport_vendor:/opt/ros/jazzy/opt/gz_rendering_vendor:/opt/ros/jazzy/opt/gz_plugin_vendor:/opt/ros/jazzy/opt/gz_fuel_tools_vendor:/opt/ros/jazzy/opt/gz_msgs_vendor:/opt/ros/jazzy/opt/gz_common_vendor:/opt/ros/jazzy/opt/gz_math_vendor:/opt/ros/jazzy/opt/gz_utils_vendor:/opt/ros/jazzy/opt/gz_tools_vendor:/opt/ros/jazzy/opt/gz_ogre_next_vendor:/opt/ros/jazzy/opt/gz_dartsim_vendor:/opt/ros/jazzy/opt/gz_cmake_vendor:/home/ws/install/py_pubsub:/opt/ros/jazzy DEBUGINFOD_URLS=https://debuginfod.ubuntu.com /usr/bin/cmake /home/ws/src/rmw_zenoh/rmw_zenoh_cpp -DCMAKE_INSTALL_PREFIX=/home/ws/install/rmw_zenoh_cpp
[933.239s] DEBUG:colcon.colcon_core.event_handler.log_command:Invoked command in '/home/ws/build/rmw_zenoh_cpp' returned '0': CMAKE_PREFIX_PATH=/home/ws/install/zenoh_cpp_vendor:/home/ws/install/rmw_zenoh_cpp:/home/ws/install/quadruped_utils:/home/ws/install/quadruped_urdf:/home/ws/install/quadruped_sim:/home/ws/install/quadruped_mpc:/home/ws/install/quadruped_msgs:/home/ws/install/quadruped_hardware:/home/ws/install/quadruped_bringup:/home/ws/install/imu_hardware_interface:/home/ws/install/cpp_pubsub:/home/ws/install/bno08x_driver:/opt/ros/jazzy/opt/gz_sim_vendor:/opt/ros/jazzy/opt/gz_sensors_vendor:/opt/ros/jazzy/opt/gz_physics_vendor:/opt/ros/jazzy/opt/sdformat_vendor:/opt/ros/jazzy/opt/gz_gui_vendor:/opt/ros/jazzy/opt/gz_transport_vendor:/opt/ros/jazzy/opt/gz_rendering_vendor:/opt/ros/jazzy/opt/gz_plugin_vendor:/opt/ros/jazzy/opt/gz_fuel_tools_vendor:/opt/ros/jazzy/opt/gz_msgs_vendor:/opt/ros/jazzy/opt/gz_common_vendor:/opt/ros/jazzy/opt/gz_math_vendor:/opt/ros/jazzy/opt/gz_utils_vendor:/opt/ros/jazzy/opt/gz_tools_vendor:/opt/ros/jazzy/opt/gz_ogre_next_vendor:/opt/ros/jazzy/opt/gz_dartsim_vendor:/opt/ros/jazzy/opt/gz_cmake_vendor:/home/ws/install/py_pubsub:/opt/ros/jazzy DEBUGINFOD_URLS=https://debuginfod.ubuntu.com /usr/bin/cmake /home/ws/src/rmw_zenoh/rmw_zenoh_cpp -DCMAKE_INSTALL_PREFIX=/home/ws/install/rmw_zenoh_cpp
[933.240s] DEBUG:colcon.colcon_core.event_handler.log_command:Invoking command in '/home/ws/build/rmw_zenoh_cpp': CMAKE_PREFIX_PATH=/home/ws/install/zenoh_cpp_vendor:/home/ws/install/rmw_zenoh_cpp:/home/ws/install/quadruped_utils:/home/ws/install/quadruped_urdf:/home/ws/install/quadruped_sim:/home/ws/install/quadruped_mpc:/home/ws/install/quadruped_msgs:/home/ws/install/quadruped_hardware:/home/ws/install/quadruped_bringup:/home/ws/install/imu_hardware_interface:/home/ws/install/cpp_pubsub:/home/ws/install/bno08x_driver:/opt/ros/jazzy/opt/gz_sim_vendor:/opt/ros/jazzy/opt/gz_sensors_vendor:/opt/ros/jazzy/opt/gz_physics_vendor:/opt/ros/jazzy/opt/sdformat_vendor:/opt/ros/jazzy/opt/gz_gui_vendor:/opt/ros/jazzy/opt/gz_transport_vendor:/opt/ros/jazzy/opt/gz_rendering_vendor:/opt/ros/jazzy/opt/gz_plugin_vendor:/opt/ros/jazzy/opt/gz_fuel_tools_vendor:/opt/ros/jazzy/opt/gz_msgs_vendor:/opt/ros/jazzy/opt/gz_common_vendor:/opt/ros/jazzy/opt/gz_math_vendor:/opt/ros/jazzy/opt/gz_utils_vendor:/opt/ros/jazzy/opt/gz_tools_vendor:/opt/ros/jazzy/opt/gz_ogre_next_vendor:/opt/ros/jazzy/opt/gz_dartsim_vendor:/opt/ros/jazzy/opt/gz_cmake_vendor:/home/ws/install/py_pubsub:/opt/ros/jazzy DEBUGINFOD_URLS=https://debuginfod.ubuntu.com /usr/bin/cmake --build /home/ws/build/rmw_zenoh_cpp -- -j8 -l8
[983.018s] DEBUG:colcon.colcon_core.event_handler.log_command:Invoked command in '/home/ws/build/rmw_zenoh_cpp' returned '0': CMAKE_PREFIX_PATH=/home/ws/install/zenoh_cpp_vendor:/home/ws/install/rmw_zenoh_cpp:/home/ws/install/quadruped_utils:/home/ws/install/quadruped_urdf:/home/ws/install/quadruped_sim:/home/ws/install/quadruped_mpc:/home/ws/install/quadruped_msgs:/home/ws/install/quadruped_hardware:/home/ws/install/quadruped_bringup:/home/ws/install/imu_hardware_interface:/home/ws/install/cpp_pubsub:/home/ws/install/bno08x_driver:/opt/ros/jazzy/opt/gz_sim_vendor:/opt/ros/jazzy/opt/gz_sensors_vendor:/opt/ros/jazzy/opt/gz_physics_vendor:/opt/ros/jazzy/opt/sdformat_vendor:/opt/ros/jazzy/opt/gz_gui_vendor:/opt/ros/jazzy/opt/gz_transport_vendor:/opt/ros/jazzy/opt/gz_rendering_vendor:/opt/ros/jazzy/opt/gz_plugin_vendor:/opt/ros/jazzy/opt/gz_fuel_tools_vendor:/opt/ros/jazzy/opt/gz_msgs_vendor:/opt/ros/jazzy/opt/gz_common_vendor:/opt/ros/jazzy/opt/gz_math_vendor:/opt/ros/jazzy/opt/gz_utils_vendor:/opt/ros/jazzy/opt/gz_tools_vendor:/opt/ros/jazzy/opt/gz_ogre_next_vendor:/opt/ros/jazzy/opt/gz_dartsim_vendor:/opt/ros/jazzy/opt/gz_cmake_vendor:/home/ws/install/py_pubsub:/opt/ros/jazzy DEBUGINFOD_URLS=https://debuginfod.ubuntu.com /usr/bin/cmake --build /home/ws/build/rmw_zenoh_cpp -- -j8 -l8
[983.021s] DEBUG:colcon.colcon_core.event_handler.log_command:Invoking command in '/home/ws/build/rmw_zenoh_cpp': CMAKE_PREFIX_PATH=/home/ws/install/zenoh_cpp_vendor:/home/ws/install/rmw_zenoh_cpp:/home/ws/install/quadruped_utils:/home/ws/install/quadruped_urdf:/home/ws/install/quadruped_sim:/home/ws/install/quadruped_mpc:/home/ws/install/quadruped_msgs:/home/ws/install/quadruped_hardware:/home/ws/install/quadruped_bringup:/home/ws/install/imu_hardware_interface:/home/ws/install/cpp_pubsub:/home/ws/install/bno08x_driver:/opt/ros/jazzy/opt/gz_sim_vendor:/opt/ros/jazzy/opt/gz_sensors_vendor:/opt/ros/jazzy/opt/gz_physics_vendor:/opt/ros/jazzy/opt/sdformat_vendor:/opt/ros/jazzy/opt/gz_gui_vendor:/opt/ros/jazzy/opt/gz_transport_vendor:/opt/ros/jazzy/opt/gz_rendering_vendor:/opt/ros/jazzy/opt/gz_plugin_vendor:/opt/ros/jazzy/opt/gz_fuel_tools_vendor:/opt/ros/jazzy/opt/gz_msgs_vendor:/opt/ros/jazzy/opt/gz_common_vendor:/opt/ros/jazzy/opt/gz_math_vendor:/opt/ros/jazzy/opt/gz_utils_vendor:/opt/ros/jazzy/opt/gz_tools_vendor:/opt/ros/jazzy/opt/gz_ogre_next_vendor:/opt/ros/jazzy/opt/gz_dartsim_vendor:/opt/ros/jazzy/opt/gz_cmake_vendor:/home/ws/install/py_pubsub:/opt/ros/jazzy DEBUGINFOD_URLS=https://debuginfod.ubuntu.com /usr/bin/cmake --install /home/ws/build/rmw_zenoh_cpp
[983.065s] Level 1:colcon.colcon_core.environment:create_environment_scripts_only(rmw_zenoh_cpp)
[983.065s] Level 1:colcon.colcon_core.environment:checking '/home/ws/install/rmw_zenoh_cpp' for CMake module files
[983.066s] Level 1:colcon.colcon_core.environment:checking '/home/ws/install/rmw_zenoh_cpp' for CMake config files
[983.067s] Level 1:colcon.colcon_core.shell:create_environment_hook('rmw_zenoh_cpp', 'cmake_prefix_path')
[983.067s] INFO:colcon.colcon_core.shell:Creating environment hook '/home/ws/install/rmw_zenoh_cpp/share/rmw_zenoh_cpp/hook/cmake_prefix_path.ps1'
[983.068s] INFO:colcon.colcon_core.shell:Creating environment descriptor '/home/ws/install/rmw_zenoh_cpp/share/rmw_zenoh_cpp/hook/cmake_prefix_path.dsv'
[983.069s] INFO:colcon.colcon_core.shell:Creating environment hook '/home/ws/install/rmw_zenoh_cpp/share/rmw_zenoh_cpp/hook/cmake_prefix_path.sh'
[983.070s] DEBUG:colcon.colcon_core.event_handler.log_command:Invoked command in '/home/ws/build/rmw_zenoh_cpp' returned '0': CMAKE_PREFIX_PATH=/home/ws/install/zenoh_cpp_vendor:/home/ws/install/rmw_zenoh_cpp:/home/ws/install/quadruped_utils:/home/ws/install/quadruped_urdf:/home/ws/install/quadruped_sim:/home/ws/install/quadruped_mpc:/home/ws/install/quadruped_msgs:/home/ws/install/quadruped_hardware:/home/ws/install/quadruped_bringup:/home/ws/install/imu_hardware_interface:/home/ws/install/cpp_pubsub:/home/ws/install/bno08x_driver:/opt/ros/jazzy/opt/gz_sim_vendor:/opt/ros/jazzy/opt/gz_sensors_vendor:/opt/ros/jazzy/opt/gz_physics_vendor:/opt/ros/jazzy/opt/sdformat_vendor:/opt/ros/jazzy/opt/gz_gui_vendor:/opt/ros/jazzy/opt/gz_transport_vendor:/opt/ros/jazzy/opt/gz_rendering_vendor:/opt/ros/jazzy/opt/gz_plugin_vendor:/opt/ros/jazzy/opt/gz_fuel_tools_vendor:/opt/ros/jazzy/opt/gz_msgs_vendor:/opt/ros/jazzy/opt/gz_common_vendor:/opt/ros/jazzy/opt/gz_math_vendor:/opt/ros/jazzy/opt/gz_utils_vendor:/opt/ros/jazzy/opt/gz_tools_vendor:/opt/ros/jazzy/opt/gz_ogre_next_vendor:/opt/ros/jazzy/opt/gz_dartsim_vendor:/opt/ros/jazzy/opt/gz_cmake_vendor:/home/ws/install/py_pubsub:/opt/ros/jazzy DEBUGINFOD_URLS=https://debuginfod.ubuntu.com /usr/bin/cmake --install /home/ws/build/rmw_zenoh_cpp
[983.071s] Level 1:colcon.colcon_core.environment:checking '/home/ws/install/rmw_zenoh_cpp/lib'
[983.071s] Level 1:colcon.colcon_core.shell:create_environment_hook('rmw_zenoh_cpp', 'ld_library_path_lib')
[983.072s] INFO:colcon.colcon_core.shell:Creating environment hook '/home/ws/install/rmw_zenoh_cpp/share/rmw_zenoh_cpp/hook/ld_library_path_lib.ps1'
[983.073s] INFO:colcon.colcon_core.shell:Creating environment descriptor '/home/ws/install/rmw_zenoh_cpp/share/rmw_zenoh_cpp/hook/ld_library_path_lib.dsv'
[983.073s] INFO:colcon.colcon_core.shell:Creating environment hook '/home/ws/install/rmw_zenoh_cpp/share/rmw_zenoh_cpp/hook/ld_library_path_lib.sh'
[983.074s] Level 1:colcon.colcon_core.environment:checking '/home/ws/install/rmw_zenoh_cpp/bin'
[983.074s] Level 1:colcon.colcon_core.environment:checking '/home/ws/install/rmw_zenoh_cpp/lib/pkgconfig/rmw_zenoh_cpp.pc'
[983.074s] Level 1:colcon.colcon_core.environment:checking '/home/ws/install/rmw_zenoh_cpp/lib/python3.12/site-packages'
[983.075s] Level 1:colcon.colcon_core.environment:checking '/home/ws/install/rmw_zenoh_cpp/bin'
[983.075s] INFO:colcon.colcon_core.shell:Creating package script '/home/ws/install/rmw_zenoh_cpp/share/rmw_zenoh_cpp/package.ps1'
[983.076s] INFO:colcon.colcon_core.shell:Creating package descriptor '/home/ws/install/rmw_zenoh_cpp/share/rmw_zenoh_cpp/package.dsv'
[983.077s] INFO:colcon.colcon_core.shell:Creating package script '/home/ws/install/rmw_zenoh_cpp/share/rmw_zenoh_cpp/package.sh'
[983.078s] INFO:colcon.colcon_core.shell:Creating package script '/home/ws/install/rmw_zenoh_cpp/share/rmw_zenoh_cpp/package.bash'
[983.078s] INFO:colcon.colcon_core.shell:Creating package script '/home/ws/install/rmw_zenoh_cpp/share/rmw_zenoh_cpp/package.zsh'
[983.079s] Level 1:colcon.colcon_core.environment:create_file_with_runtime_dependencies(/home/ws/install/rmw_zenoh_cpp/share/colcon-core/packages/rmw_zenoh_cpp)
[983.080s] Level 1:colcon.colcon_core.environment:create_environment_scripts_only(rmw_zenoh_cpp)
[983.081s] Level 1:colcon.colcon_core.environment:checking '/home/ws/install/rmw_zenoh_cpp' for CMake module files
[983.082s] Level 1:colcon.colcon_core.environment:checking '/home/ws/install/rmw_zenoh_cpp' for CMake config files
[983.082s] Level 1:colcon.colcon_core.shell:create_environment_hook('rmw_zenoh_cpp', 'cmake_prefix_path')
[983.083s] INFO:colcon.colcon_core.shell:Creating environment hook '/home/ws/install/rmw_zenoh_cpp/share/rmw_zenoh_cpp/hook/cmake_prefix_path.ps1'
[983.086s] INFO:colcon.colcon_core.shell:Creating environment descriptor '/home/ws/install/rmw_zenoh_cpp/share/rmw_zenoh_cpp/hook/cmake_prefix_path.dsv'
[983.087s] INFO:colcon.colcon_core.shell:Creating environment hook '/home/ws/install/rmw_zenoh_cpp/share/rmw_zenoh_cpp/hook/cmake_prefix_path.sh'
[983.088s] Level 1:colcon.colcon_core.environment:checking '/home/ws/install/rmw_zenoh_cpp/lib'
[983.088s] Level 1:colcon.colcon_core.shell:create_environment_hook('rmw_zenoh_cpp', 'ld_library_path_lib')
[983.089s] INFO:colcon.colcon_core.shell:Creating environment hook '/home/ws/install/rmw_zenoh_cpp/share/rmw_zenoh_cpp/hook/ld_library_path_lib.ps1'
[983.090s] INFO:colcon.colcon_core.shell:Creating environment descriptor '/home/ws/install/rmw_zenoh_cpp/share/rmw_zenoh_cpp/hook/ld_library_path_lib.dsv'
[983.090s] INFO:colcon.colcon_core.shell:Creating environment hook '/home/ws/install/rmw_zenoh_cpp/share/rmw_zenoh_cpp/hook/ld_library_path_lib.sh'
[983.091s] Level 1:colcon.colcon_core.environment:checking '/home/ws/install/rmw_zenoh_cpp/bin'
[983.091s] Level 1:colcon.colcon_core.environment:checking '/home/ws/install/rmw_zenoh_cpp/lib/pkgconfig/rmw_zenoh_cpp.pc'
[983.092s] Level 1:colcon.colcon_core.environment:checking '/home/ws/install/rmw_zenoh_cpp/lib/python3.12/site-packages'
[983.092s] Level 1:colcon.colcon_core.environment:checking '/home/ws/install/rmw_zenoh_cpp/bin'
[983.093s] INFO:colcon.colcon_core.shell:Creating package script '/home/ws/install/rmw_zenoh_cpp/share/rmw_zenoh_cpp/package.ps1'
[983.094s] INFO:colcon.colcon_core.shell:Creating package descriptor '/home/ws/install/rmw_zenoh_cpp/share/rmw_zenoh_cpp/package.dsv'
[983.095s] INFO:colcon.colcon_core.shell:Creating package script '/home/ws/install/rmw_zenoh_cpp/share/rmw_zenoh_cpp/package.sh'
[983.096s] INFO:colcon.colcon_core.shell:Creating package script '/home/ws/install/rmw_zenoh_cpp/share/rmw_zenoh_cpp/package.bash'
[983.096s] INFO:colcon.colcon_core.shell:Creating package script '/home/ws/install/rmw_zenoh_cpp/share/rmw_zenoh_cpp/package.zsh'
[983.097s] Level 1:colcon.colcon_core.environment:create_file_with_runtime_dependencies(/home/ws/install/rmw_zenoh_cpp/share/colcon-core/packages/rmw_zenoh_cpp)
[983.098s] DEBUG:colcon.colcon_parallel_executor.executor.parallel:closing loop
[983.098s] DEBUG:colcon.colcon_parallel_executor.executor.parallel:loop closed
[983.099s] DEBUG:colcon.colcon_parallel_executor.executor.parallel:run_until_complete finished with '0'
[983.099s] DEBUG:colcon.colcon_core.event_reactor:joining thread
[983.113s] INFO:colcon.colcon_core.plugin_system:Skipping extension 'colcon_notification.desktop_notification.notify_send': Could not find 'notify-send'
[983.113s] INFO:colcon.colcon_core.plugin_system:Skipping extension 'colcon_notification.desktop_notification.terminal_notifier': Not used on non-Darwin systems
[983.113s] INFO:colcon.colcon_core.plugin_system:Skipping extension 'colcon_notification.desktop_notification.win32': Not used on non-Windows systems
[983.113s] INFO:colcon.colcon_notification.desktop_notification:Sending desktop notification using 'notify2'
[983.121s] DEBUG:colcon.colcon_notification.desktop_notification.notify2:Failed to initialize notify2: org.freedesktop.DBus.Error.Spawn.ExecFailed: /usr/bin/dbus-launch terminated abnormally without any error message
[983.121s] DEBUG:colcon.colcon_core.event_reactor:joined thread
[983.122s] INFO:colcon.colcon_core.shell:Creating prefix script '/home/ws/install/local_setup.ps1'
[983.124s] INFO:colcon.colcon_core.shell:Creating prefix util module '/home/ws/install/_local_setup_util_ps1.py'
[983.126s] INFO:colcon.colcon_core.shell:Creating prefix chain script '/home/ws/install/setup.ps1'
[983.129s] INFO:colcon.colcon_core.shell:Creating prefix script '/home/ws/install/local_setup.sh'
[983.131s] INFO:colcon.colcon_core.shell:Creating prefix util module '/home/ws/install/_local_setup_util_sh.py'
[983.132s] INFO:colcon.colcon_core.shell:Creating prefix chain script '/home/ws/install/setup.sh'
[983.136s] INFO:colcon.colcon_core.shell:Creating prefix script '/home/ws/install/local_setup.bash'
[983.139s] INFO:colcon.colcon_core.shell:Creating prefix chain script '/home/ws/install/setup.bash'
[983.142s] INFO:colcon.colcon_core.shell:Creating prefix script '/home/ws/install/local_setup.zsh'
[983.143s] INFO:colcon.colcon_core.shell:Creating prefix chain script '/home/ws/install/setup.zsh'
