[0.724s] Invoking command in '/home/ws/build/quadruped_hardware': CMAKE_PREFIX_PATH=${CMAKE_PREFIX_PATH}:/home/ws/install/py_pubsub:/opt/ros/jazzy DEBUGINFOD_URLS=https://debuginfod.ubuntu.com /usr/bin/cmake /home/ws/src/quadruped_hardware -DCMAKE_BUILD_TYPE=Release -DCMAKE_INSTALL_PREFIX=/home/ws/install/quadruped_hardware
[1.361s] -- Found ament_cmake: 2.5.3 (/opt/ros/jazzy/share/ament_cmake/cmake)
[1.690s] -- Found rclcpp: 28.1.6 (/opt/ros/jazzy/share/rclcpp/cmake)
[1.768s] -- Found rosidl_generator_c: 4.6.5 (/opt/ros/jazzy/share/rosidl_generator_c/cmake)
[1.796s] -- Found rosidl_generator_cpp: 4.6.5 (/opt/ros/jazzy/share/rosidl_generator_cpp/cmake)
[1.841s] -- Using all available rosidl_typesupport_c: rosidl_typesupport_fastrtps_c;rosidl_typesupport_introspection_c
[1.878s] -- Using all available rosidl_typesupport_cpp: rosidl_typesupport_fastrtps_cpp;rosidl_typesupport_introspection_cpp
[2.124s] -- Found rmw_implementation_cmake: 7.3.1 (/opt/ros/jazzy/share/rmw_implementation_cmake/cmake)
[2.125s] -- Found rmw_zenoh_cpp: 0.2.2 (/home/ws/install/rmw_zenoh_cpp/share/rmw_zenoh_cpp/cmake)
[2.127s] -- Using RMW implementation 'rmw_zenoh_cpp' as default
[2.331s] -- Found rclcpp_lifecycle: 28.1.6 (/opt/ros/jazzy/share/rclcpp_lifecycle/cmake)
[2.435s] -- Found hardware_interface: 4.28.1 (/opt/ros/jazzy/share/hardware_interface/cmake)
[2.886s] -- Found TinyXML2 via Config file: /usr/local/lib/cmake/tinyxml2
[3.091s] -- Found controller_interface: 4.28.1 (/opt/ros/jazzy/share/controller_interface/cmake)
[3.338s] -- Configuring done (2.6s)
[3.388s] -- Generating done (0.0s)
[3.400s] -- Build files have been written to: /home/ws/build/quadruped_hardware
[3.456s] Invoked command in '/home/ws/build/quadruped_hardware' returned '0': CMAKE_PREFIX_PATH=${CMAKE_PREFIX_PATH}:/home/ws/install/py_pubsub:/opt/ros/jazzy DEBUGINFOD_URLS=https://debuginfod.ubuntu.com /usr/bin/cmake /home/ws/src/quadruped_hardware -DCMAKE_BUILD_TYPE=Release -DCMAKE_INSTALL_PREFIX=/home/ws/install/quadruped_hardware
[3.456s] Invoking command in '/home/ws/build/quadruped_hardware': CMAKE_PREFIX_PATH=${CMAKE_PREFIX_PATH}:/home/ws/install/py_pubsub:/opt/ros/jazzy DEBUGINFOD_URLS=https://debuginfod.ubuntu.com /usr/bin/cmake --build /home/ws/build/quadruped_hardware -- -j8 -l8
[3.689s] [100%] Built target quadruped_hardware
[3.770s] Invoked command in '/home/ws/build/quadruped_hardware' returned '0': CMAKE_PREFIX_PATH=${CMAKE_PREFIX_PATH}:/home/ws/install/py_pubsub:/opt/ros/jazzy DEBUGINFOD_URLS=https://debuginfod.ubuntu.com /usr/bin/cmake --build /home/ws/build/quadruped_hardware -- -j8 -l8
[3.772s] Invoking command in '/home/ws/build/quadruped_hardware': CMAKE_PREFIX_PATH=${CMAKE_PREFIX_PATH}:/home/ws/install/py_pubsub:/opt/ros/jazzy DEBUGINFOD_URLS=https://debuginfod.ubuntu.com /usr/bin/cmake --install /home/ws/build/quadruped_hardware
[3.802s] -- Install configuration: "Release"
[3.803s] -- Up-to-date: /home/ws/install/quadruped_hardware/share/quadruped_hardware/ros2CANMotor_Description.xml
[3.803s] -- Up-to-date: /home/ws/install/quadruped_hardware/share/quadruped_hardware/launch
[3.803s] -- Up-to-date: /home/ws/install/quadruped_hardware/share/quadruped_hardware/launch/controller_manager.launch.py
[3.803s] -- Up-to-date: /home/ws/install/quadruped_hardware/share/quadruped_hardware/config
[3.803s] -- Up-to-date: /home/ws/install/quadruped_hardware/share/quadruped_hardware/config/quadruped_hardware.yaml
[3.803s] -- Up-to-date: /home/ws/install/quadruped_hardware/share/quadruped_hardware/config/ros2_control_config.yaml
[3.805s] -- Up-to-date: /home/ws/install/quadruped_hardware/lib/libquadruped_hardware.so
[3.812s] -- Up-to-date: /home/ws/install/quadruped_hardware/include
[3.835s] -- Up-to-date: /home/ws/install/quadruped_hardware/include/quadruped_hardware
[3.839s] -- Up-to-date: /home/ws/install/quadruped_hardware/include/quadruped_hardware/ROS2_CAN_Motor.hpp
[3.840s] -- Up-to-date: /home/ws/install/quadruped_hardware/include/quadruped_hardware/ROS2_CAN_Interface.hpp
[3.840s] -- Up-to-date: /home/ws/install/quadruped_hardware/include/quadruped_hardware/hex_utils.hpp
[3.840s] -- Up-to-date: /home/ws/install/quadruped_hardware/include/quadruped_hardware/MotorDriver.hpp
[3.840s] -- Up-to-date: /home/ws/install/quadruped_hardware/include/quadruped_hardware/CANInterface.hpp
[3.840s] -- Up-to-date: /home/ws/install/quadruped_hardware/include/quadruped_hardware/watchdog.hpp
[3.841s] -- Up-to-date: /home/ws/install/quadruped_hardware/share/quadruped_hardware/environment/library_path.sh
[3.841s] -- Up-to-date: /home/ws/install/quadruped_hardware/share/quadruped_hardware/environment/library_path.dsv
[3.841s] -- Up-to-date: /home/ws/install/quadruped_hardware/share/ament_index/resource_index/package_run_dependencies/quadruped_hardware
[3.841s] -- Up-to-date: /home/ws/install/quadruped_hardware/share/ament_index/resource_index/parent_prefix_path/quadruped_hardware
[3.841s] -- Up-to-date: /home/ws/install/quadruped_hardware/share/quadruped_hardware/environment/ament_prefix_path.sh
[3.841s] -- Up-to-date: /home/ws/install/quadruped_hardware/share/quadruped_hardware/environment/ament_prefix_path.dsv
[3.841s] -- Up-to-date: /home/ws/install/quadruped_hardware/share/quadruped_hardware/environment/path.sh
[3.842s] -- Up-to-date: /home/ws/install/quadruped_hardware/share/quadruped_hardware/environment/path.dsv
[3.842s] -- Up-to-date: /home/ws/install/quadruped_hardware/share/quadruped_hardware/local_setup.bash
[3.842s] -- Up-to-date: /home/ws/install/quadruped_hardware/share/quadruped_hardware/local_setup.sh
[3.842s] -- Up-to-date: /home/ws/install/quadruped_hardware/share/quadruped_hardware/local_setup.zsh
[3.842s] -- Up-to-date: /home/ws/install/quadruped_hardware/share/quadruped_hardware/local_setup.dsv
[3.842s] -- Installing: /home/ws/install/quadruped_hardware/share/quadruped_hardware/package.dsv
[3.842s] -- Up-to-date: /home/ws/install/quadruped_hardware/share/ament_index/resource_index/packages/quadruped_hardware
[3.843s] -- Up-to-date: /home/ws/install/quadruped_hardware/share/ament_index/resource_index/hardware_interface__pluginlib__plugin/quadruped_hardware
[3.843s] -- Up-to-date: /home/ws/install/quadruped_hardware/share/quadruped_hardware/cmake/ament_cmake_export_dependencies-extras.cmake
[3.843s] -- Up-to-date: /home/ws/install/quadruped_hardware/share/quadruped_hardware/cmake/ament_cmake_export_include_directories-extras.cmake
[3.843s] -- Up-to-date: /home/ws/install/quadruped_hardware/share/quadruped_hardware/cmake/ament_cmake_export_libraries-extras.cmake
[3.843s] -- Up-to-date: /home/ws/install/quadruped_hardware/share/quadruped_hardware/cmake/quadruped_hardwareConfig.cmake
[3.843s] -- Up-to-date: /home/ws/install/quadruped_hardware/share/quadruped_hardware/cmake/quadruped_hardwareConfig-version.cmake
[3.843s] -- Up-to-date: /home/ws/install/quadruped_hardware/share/quadruped_hardware/package.xml
[3.877s] Invoked command in '/home/ws/build/quadruped_hardware' returned '0': CMAKE_PREFIX_PATH=${CMAKE_PREFIX_PATH}:/home/ws/install/py_pubsub:/opt/ros/jazzy DEBUGINFOD_URLS=https://debuginfod.ubuntu.com /usr/bin/cmake --install /home/ws/build/quadruped_hardware
