[0.689s] Invoking command in '/home/ws/build/quadruped_msgs': CMAKE_PREFIX_PATH=${CMAKE_PREFIX_PATH}:/opt/ros/jazzy DEBUGINFOD_URLS=https://debuginfod.ubuntu.com /usr/bin/cmake --build /home/ws/build/quadruped_msgs -- -j8 -l8
[0.859s] [  1%] Built target quadruped_msgs__rosidl_generator_type_description
[0.908s] [  3%] Built target quadruped_msgs__cpp
[0.926s] [  3%] Built target ament_cmake_python_copy_quadruped_msgs
[0.948s] [ 25%] Built target quadruped_msgs__rosidl_generator_c
[1.023s] [ 34%] Built target quadruped_msgs__rosidl_typesupport_introspection_c
[1.035s] [ 43%] Built target quadruped_msgs__rosidl_typesupport_cpp
[1.051s] [ 53%] Built target quadruped_msgs__rosidl_typesupport_c
[1.069s] [ 62%] Built target quadruped_msgs__rosidl_typesupport_introspection_cpp
[1.076s] [ 71%] Built target quadruped_msgs__rosidl_typesupport_fastrtps_c
[1.090s] [ 81%] Built target quadruped_msgs__rosidl_typesupport_fastrtps_cpp
[1.196s] [ 81%] Built target quadruped_msgs
[1.368s] [ 82%] Built target quadruped_msgs__py
[1.493s] [ 90%] Built target quadruped_msgs__rosidl_generator_py
[1.582s] running egg_info
[1.593s] [ 96%] Built target quadruped_msgs_s__rosidl_typesupport_introspection_c
[1.594s] [ 96%] Built target quadruped_msgs_s__rosidl_typesupport_fastrtps_c
[1.609s] writing quadruped_msgs.egg-info/PKG-INFO
[1.626s] writing dependency_links to quadruped_msgs.egg-info/dependency_links.txt
[1.627s] writing top-level names to quadruped_msgs.egg-info/top_level.txt
[1.651s] [100%] Built target quadruped_msgs_s__rosidl_typesupport_c
[1.751s] reading manifest file 'quadruped_msgs.egg-info/SOURCES.txt'
[1.752s] writing manifest file 'quadruped_msgs.egg-info/SOURCES.txt'
[1.824s] [100%] Built target ament_cmake_python_build_quadruped_msgs_egg
[1.855s] Invoked command in '/home/ws/build/quadruped_msgs' returned '0': CMAKE_PREFIX_PATH=${CMAKE_PREFIX_PATH}:/opt/ros/jazzy DEBUGINFOD_URLS=https://debuginfod.ubuntu.com /usr/bin/cmake --build /home/ws/build/quadruped_msgs -- -j8 -l8
[1.856s] Invoking command in '/home/ws/build/quadruped_msgs': CMAKE_PREFIX_PATH=${CMAKE_PREFIX_PATH}:/opt/ros/jazzy DEBUGINFOD_URLS=https://debuginfod.ubuntu.com /usr/bin/cmake --install /home/ws/build/quadruped_msgs
[1.878s] -- Install configuration: "Release"
[1.878s] -- Up-to-date: /home/ws/install/quadruped_msgs/share/ament_index/resource_index/rosidl_interfaces/quadruped_msgs
[1.879s] -- Up-to-date: /home/ws/install/quadruped_msgs/share/quadruped_msgs/msg/QuadrupedState.json
[1.879s] -- Up-to-date: /home/ws/install/quadruped_msgs/share/quadruped_msgs/msg/GaitPattern.json
[1.879s] -- Up-to-date: /home/ws/install/quadruped_msgs/share/quadruped_msgs/msg/FootStates.json
[1.879s] -- Up-to-date: /home/ws/install/quadruped_msgs/share/quadruped_msgs/msg/FootForces.json
[1.879s] -- Up-to-date: /home/ws/install/quadruped_msgs/include/quadruped_msgs/quadruped_msgs
[1.880s] -- Up-to-date: /home/ws/install/quadruped_msgs/include/quadruped_msgs/quadruped_msgs/msg
[1.880s] -- Up-to-date: /home/ws/install/quadruped_msgs/include/quadruped_msgs/quadruped_msgs/msg/foot_forces.h
[1.880s] -- Up-to-date: /home/ws/install/quadruped_msgs/include/quadruped_msgs/quadruped_msgs/msg/detail
[1.880s] -- Installing: /home/ws/install/quadruped_msgs/include/quadruped_msgs/quadruped_msgs/msg/detail/foot_states__type_support.c
[1.880s] -- Up-to-date: /home/ws/install/quadruped_msgs/include/quadruped_msgs/quadruped_msgs/msg/detail/foot_forces__description.c
[1.880s] -- Up-to-date: /home/ws/install/quadruped_msgs/include/quadruped_msgs/quadruped_msgs/msg/detail/quadruped_state__functions.c
[1.880s] -- Up-to-date: /home/ws/install/quadruped_msgs/include/quadruped_msgs/quadruped_msgs/msg/detail/gait_pattern__struct.h
[1.881s] -- Up-to-date: /home/ws/install/quadruped_msgs/include/quadruped_msgs/quadruped_msgs/msg/detail/quadruped_state__type_support.h
[1.881s] -- Up-to-date: /home/ws/install/quadruped_msgs/include/quadruped_msgs/quadruped_msgs/msg/detail/gait_pattern__functions.c
[1.881s] -- Up-to-date: /home/ws/install/quadruped_msgs/include/quadruped_msgs/quadruped_msgs/msg/detail/foot_states__struct.h
[1.881s] -- Up-to-date: /home/ws/install/quadruped_msgs/include/quadruped_msgs/quadruped_msgs/msg/detail/foot_forces__functions.c
[1.881s] -- Up-to-date: /home/ws/install/quadruped_msgs/include/quadruped_msgs/quadruped_msgs/msg/detail/foot_forces__functions.h
[1.881s] -- Up-to-date: /home/ws/install/quadruped_msgs/include/quadruped_msgs/quadruped_msgs/msg/detail/foot_states__type_support.h
[1.881s] -- Up-to-date: /home/ws/install/quadruped_msgs/include/quadruped_msgs/quadruped_msgs/msg/detail/foot_forces__struct.h
[1.882s] -- Up-to-date: /home/ws/install/quadruped_msgs/include/quadruped_msgs/quadruped_msgs/msg/detail/quadruped_state__description.c
[1.882s] -- Up-to-date: /home/ws/install/quadruped_msgs/include/quadruped_msgs/quadruped_msgs/msg/detail/foot_forces__type_support.h
[1.882s] -- Up-to-date: /home/ws/install/quadruped_msgs/include/quadruped_msgs/quadruped_msgs/msg/detail/foot_states__description.c
[1.882s] -- Installing: /home/ws/install/quadruped_msgs/include/quadruped_msgs/quadruped_msgs/msg/detail/quadruped_state__type_support.c
[1.882s] -- Up-to-date: /home/ws/install/quadruped_msgs/include/quadruped_msgs/quadruped_msgs/msg/detail/gait_pattern__type_support.h
[1.882s] -- Up-to-date: /home/ws/install/quadruped_msgs/include/quadruped_msgs/quadruped_msgs/msg/detail/foot_states__functions.c
[1.883s] -- Up-to-date: /home/ws/install/quadruped_msgs/include/quadruped_msgs/quadruped_msgs/msg/detail/gait_pattern__functions.h
[1.883s] -- Installing: /home/ws/install/quadruped_msgs/include/quadruped_msgs/quadruped_msgs/msg/detail/gait_pattern__type_support.c
[1.883s] -- Up-to-date: /home/ws/install/quadruped_msgs/include/quadruped_msgs/quadruped_msgs/msg/detail/foot_states__functions.h
[1.883s] -- Installing: /home/ws/install/quadruped_msgs/include/quadruped_msgs/quadruped_msgs/msg/detail/foot_forces__type_support.c
[1.884s] -- Up-to-date: /home/ws/install/quadruped_msgs/include/quadruped_msgs/quadruped_msgs/msg/detail/quadruped_state__functions.h
[1.884s] -- Up-to-date: /home/ws/install/quadruped_msgs/include/quadruped_msgs/quadruped_msgs/msg/detail/gait_pattern__description.c
[1.884s] -- Up-to-date: /home/ws/install/quadruped_msgs/include/quadruped_msgs/quadruped_msgs/msg/detail/quadruped_state__struct.h
[1.884s] -- Up-to-date: /home/ws/install/quadruped_msgs/include/quadruped_msgs/quadruped_msgs/msg/foot_states.h
[1.884s] -- Up-to-date: /home/ws/install/quadruped_msgs/include/quadruped_msgs/quadruped_msgs/msg/quadruped_state.h
[1.885s] -- Up-to-date: /home/ws/install/quadruped_msgs/include/quadruped_msgs/quadruped_msgs/msg/rosidl_generator_c__visibility_control.h
[1.885s] -- Up-to-date: /home/ws/install/quadruped_msgs/include/quadruped_msgs/quadruped_msgs/msg/gait_pattern.h
[1.885s] -- Up-to-date: /home/ws/install/quadruped_msgs/share/quadruped_msgs/environment/library_path.sh
[1.885s] -- Up-to-date: /home/ws/install/quadruped_msgs/share/quadruped_msgs/environment/library_path.dsv
[1.885s] -- Up-to-date: /home/ws/install/quadruped_msgs/lib/libquadruped_msgs__rosidl_generator_c.so
[1.886s] -- Up-to-date: /home/ws/install/quadruped_msgs/include/quadruped_msgs/quadruped_msgs
[1.886s] -- Up-to-date: /home/ws/install/quadruped_msgs/include/quadruped_msgs/quadruped_msgs/msg
[1.886s] -- Up-to-date: /home/ws/install/quadruped_msgs/include/quadruped_msgs/quadruped_msgs/msg/detail
[1.886s] -- Up-to-date: /home/ws/install/quadruped_msgs/include/quadruped_msgs/quadruped_msgs/msg/detail/foot_forces__rosidl_typesupport_fastrtps_c.h
[1.887s] -- Up-to-date: /home/ws/install/quadruped_msgs/include/quadruped_msgs/quadruped_msgs/msg/detail/quadruped_state__rosidl_typesupport_fastrtps_c.h
[1.887s] -- Up-to-date: /home/ws/install/quadruped_msgs/include/quadruped_msgs/quadruped_msgs/msg/detail/foot_states__rosidl_typesupport_fastrtps_c.h
[1.887s] -- Up-to-date: /home/ws/install/quadruped_msgs/include/quadruped_msgs/quadruped_msgs/msg/detail/gait_pattern__rosidl_typesupport_fastrtps_c.h
[1.887s] -- Up-to-date: /home/ws/install/quadruped_msgs/include/quadruped_msgs/quadruped_msgs/msg/rosidl_typesupport_fastrtps_c__visibility_control.h
[1.887s] -- Up-to-date: /home/ws/install/quadruped_msgs/lib/libquadruped_msgs__rosidl_typesupport_fastrtps_c.so
[1.887s] -- Up-to-date: /home/ws/install/quadruped_msgs/include/quadruped_msgs/quadruped_msgs
[1.888s] -- Up-to-date: /home/ws/install/quadruped_msgs/include/quadruped_msgs/quadruped_msgs/msg
[1.888s] -- Up-to-date: /home/ws/install/quadruped_msgs/include/quadruped_msgs/quadruped_msgs/msg/foot_states.hpp
[1.888s] -- Up-to-date: /home/ws/install/quadruped_msgs/include/quadruped_msgs/quadruped_msgs/msg/gait_pattern.hpp
[1.888s] -- Up-to-date: /home/ws/install/quadruped_msgs/include/quadruped_msgs/quadruped_msgs/msg/rosidl_generator_cpp__visibility_control.hpp
[1.888s] -- Up-to-date: /home/ws/install/quadruped_msgs/include/quadruped_msgs/quadruped_msgs/msg/detail
[1.889s] -- Up-to-date: /home/ws/install/quadruped_msgs/include/quadruped_msgs/quadruped_msgs/msg/detail/quadruped_state__builder.hpp
[1.889s] -- Up-to-date: /home/ws/install/quadruped_msgs/include/quadruped_msgs/quadruped_msgs/msg/detail/foot_states__struct.hpp
[1.889s] -- Up-to-date: /home/ws/install/quadruped_msgs/include/quadruped_msgs/quadruped_msgs/msg/detail/foot_forces__builder.hpp
[1.890s] -- Up-to-date: /home/ws/install/quadruped_msgs/include/quadruped_msgs/quadruped_msgs/msg/detail/foot_forces__struct.hpp
[1.890s] -- Up-to-date: /home/ws/install/quadruped_msgs/include/quadruped_msgs/quadruped_msgs/msg/detail/gait_pattern__builder.hpp
[1.890s] -- Up-to-date: /home/ws/install/quadruped_msgs/include/quadruped_msgs/quadruped_msgs/msg/detail/gait_pattern__traits.hpp
[1.890s] -- Up-to-date: /home/ws/install/quadruped_msgs/include/quadruped_msgs/quadruped_msgs/msg/detail/gait_pattern__struct.hpp
[1.890s] -- Up-to-date: /home/ws/install/quadruped_msgs/include/quadruped_msgs/quadruped_msgs/msg/detail/quadruped_state__traits.hpp
[1.890s] -- Up-to-date: /home/ws/install/quadruped_msgs/include/quadruped_msgs/quadruped_msgs/msg/detail/foot_states__type_support.hpp
[1.890s] -- Up-to-date: /home/ws/install/quadruped_msgs/include/quadruped_msgs/quadruped_msgs/msg/detail/foot_states__traits.hpp
[1.891s] -- Up-to-date: /home/ws/install/quadruped_msgs/include/quadruped_msgs/quadruped_msgs/msg/detail/quadruped_state__struct.hpp
[1.891s] -- Up-to-date: /home/ws/install/quadruped_msgs/include/quadruped_msgs/quadruped_msgs/msg/detail/gait_pattern__type_support.hpp
[1.891s] -- Up-to-date: /home/ws/install/quadruped_msgs/include/quadruped_msgs/quadruped_msgs/msg/detail/foot_states__builder.hpp
[1.891s] -- Up-to-date: /home/ws/install/quadruped_msgs/include/quadruped_msgs/quadruped_msgs/msg/detail/foot_forces__traits.hpp
[1.891s] -- Up-to-date: /home/ws/install/quadruped_msgs/include/quadruped_msgs/quadruped_msgs/msg/detail/foot_forces__type_support.hpp
[1.891s] -- Up-to-date: /home/ws/install/quadruped_msgs/include/quadruped_msgs/quadruped_msgs/msg/detail/quadruped_state__type_support.hpp
[1.891s] -- Up-to-date: /home/ws/install/quadruped_msgs/include/quadruped_msgs/quadruped_msgs/msg/quadruped_state.hpp
[1.892s] -- Up-to-date: /home/ws/install/quadruped_msgs/include/quadruped_msgs/quadruped_msgs/msg/foot_forces.hpp
[1.892s] -- Up-to-date: /home/ws/install/quadruped_msgs/include/quadruped_msgs/quadruped_msgs
[1.892s] -- Up-to-date: /home/ws/install/quadruped_msgs/include/quadruped_msgs/quadruped_msgs/msg
[1.892s] -- Up-to-date: /home/ws/install/quadruped_msgs/include/quadruped_msgs/quadruped_msgs/msg/detail
[1.892s] -- Up-to-date: /home/ws/install/quadruped_msgs/include/quadruped_msgs/quadruped_msgs/msg/detail/dds_fastrtps
[1.892s] -- Up-to-date: /home/ws/install/quadruped_msgs/include/quadruped_msgs/quadruped_msgs/msg/detail/foot_forces__rosidl_typesupport_fastrtps_cpp.hpp
[1.892s] -- Up-to-date: /home/ws/install/quadruped_msgs/include/quadruped_msgs/quadruped_msgs/msg/detail/quadruped_state__rosidl_typesupport_fastrtps_cpp.hpp
[1.893s] -- Up-to-date: /home/ws/install/quadruped_msgs/include/quadruped_msgs/quadruped_msgs/msg/detail/foot_states__rosidl_typesupport_fastrtps_cpp.hpp
[1.893s] -- Up-to-date: /home/ws/install/quadruped_msgs/include/quadruped_msgs/quadruped_msgs/msg/detail/gait_pattern__rosidl_typesupport_fastrtps_cpp.hpp
[1.893s] -- Up-to-date: /home/ws/install/quadruped_msgs/include/quadruped_msgs/quadruped_msgs/msg/rosidl_typesupport_fastrtps_cpp__visibility_control.h
[1.893s] -- Up-to-date: /home/ws/install/quadruped_msgs/lib/libquadruped_msgs__rosidl_typesupport_fastrtps_cpp.so
[1.893s] -- Up-to-date: /home/ws/install/quadruped_msgs/include/quadruped_msgs/quadruped_msgs
[1.893s] -- Up-to-date: /home/ws/install/quadruped_msgs/include/quadruped_msgs/quadruped_msgs/msg
[1.893s] -- Up-to-date: /home/ws/install/quadruped_msgs/include/quadruped_msgs/quadruped_msgs/msg/detail
[1.898s] -- Installing: /home/ws/install/quadruped_msgs/include/quadruped_msgs/quadruped_msgs/msg/detail/foot_states__type_support.c
[1.898s] -- Up-to-date: /home/ws/install/quadruped_msgs/include/quadruped_msgs/quadruped_msgs/msg/detail/quadruped_state__rosidl_typesupport_introspection_c.h
[1.898s] -- Up-to-date: /home/ws/install/quadruped_msgs/include/quadruped_msgs/quadruped_msgs/msg/detail/foot_states__rosidl_typesupport_introspection_c.h
[1.898s] -- Up-to-date: /home/ws/install/quadruped_msgs/include/quadruped_msgs/quadruped_msgs/msg/detail/foot_forces__rosidl_typesupport_introspection_c.h
[1.899s] -- Installing: /home/ws/install/quadruped_msgs/include/quadruped_msgs/quadruped_msgs/msg/detail/quadruped_state__type_support.c
[1.899s] -- Installing: /home/ws/install/quadruped_msgs/include/quadruped_msgs/quadruped_msgs/msg/detail/gait_pattern__type_support.c
[1.899s] -- Up-to-date: /home/ws/install/quadruped_msgs/include/quadruped_msgs/quadruped_msgs/msg/detail/gait_pattern__rosidl_typesupport_introspection_c.h
[1.899s] -- Installing: /home/ws/install/quadruped_msgs/include/quadruped_msgs/quadruped_msgs/msg/detail/foot_forces__type_support.c
[1.899s] -- Up-to-date: /home/ws/install/quadruped_msgs/include/quadruped_msgs/quadruped_msgs/msg/rosidl_typesupport_introspection_c__visibility_control.h
[1.899s] -- Up-to-date: /home/ws/install/quadruped_msgs/lib/libquadruped_msgs__rosidl_typesupport_introspection_c.so
[1.900s] -- Up-to-date: /home/ws/install/quadruped_msgs/lib/libquadruped_msgs__rosidl_typesupport_c.so
[1.900s] -- Up-to-date: /home/ws/install/quadruped_msgs/include/quadruped_msgs/quadruped_msgs
[1.900s] -- Up-to-date: /home/ws/install/quadruped_msgs/include/quadruped_msgs/quadruped_msgs/msg
[1.900s] -- Up-to-date: /home/ws/install/quadruped_msgs/include/quadruped_msgs/quadruped_msgs/msg/detail
[1.900s] -- Up-to-date: /home/ws/install/quadruped_msgs/include/quadruped_msgs/quadruped_msgs/msg/detail/foot_states__type_support.cpp
[1.900s] -- Up-to-date: /home/ws/install/quadruped_msgs/include/quadruped_msgs/quadruped_msgs/msg/detail/foot_forces__type_support.cpp
[1.900s] -- Up-to-date: /home/ws/install/quadruped_msgs/include/quadruped_msgs/quadruped_msgs/msg/detail/foot_states__rosidl_typesupport_introspection_cpp.hpp
[1.901s] -- Up-to-date: /home/ws/install/quadruped_msgs/include/quadruped_msgs/quadruped_msgs/msg/detail/quadruped_state__rosidl_typesupport_introspection_cpp.hpp
[1.901s] -- Up-to-date: /home/ws/install/quadruped_msgs/include/quadruped_msgs/quadruped_msgs/msg/detail/foot_forces__rosidl_typesupport_introspection_cpp.hpp
[1.901s] -- Up-to-date: /home/ws/install/quadruped_msgs/include/quadruped_msgs/quadruped_msgs/msg/detail/gait_pattern__rosidl_typesupport_introspection_cpp.hpp
[1.901s] -- Up-to-date: /home/ws/install/quadruped_msgs/include/quadruped_msgs/quadruped_msgs/msg/detail/quadruped_state__type_support.cpp
[1.901s] -- Up-to-date: /home/ws/install/quadruped_msgs/include/quadruped_msgs/quadruped_msgs/msg/detail/gait_pattern__type_support.cpp
[1.901s] -- Up-to-date: /home/ws/install/quadruped_msgs/lib/libquadruped_msgs__rosidl_typesupport_introspection_cpp.so
[1.901s] -- Up-to-date: /home/ws/install/quadruped_msgs/lib/libquadruped_msgs__rosidl_typesupport_cpp.so
[1.902s] -- Up-to-date: /home/ws/install/quadruped_msgs/share/quadruped_msgs/environment/pythonpath.sh
[1.906s] -- Up-to-date: /home/ws/install/quadruped_msgs/share/quadruped_msgs/environment/pythonpath.dsv
[1.906s] -- Up-to-date: /home/ws/install/quadruped_msgs/lib/python3.12/site-packages/quadruped_msgs-0.0.0-py3.12.egg-info
[1.906s] -- Installing: /home/ws/install/quadruped_msgs/lib/python3.12/site-packages/quadruped_msgs-0.0.0-py3.12.egg-info/dependency_links.txt
[1.906s] -- Installing: /home/ws/install/quadruped_msgs/lib/python3.12/site-packages/quadruped_msgs-0.0.0-py3.12.egg-info/top_level.txt
[1.907s] -- Installing: /home/ws/install/quadruped_msgs/lib/python3.12/site-packages/quadruped_msgs-0.0.0-py3.12.egg-info/PKG-INFO
[1.907s] -- Installing: /home/ws/install/quadruped_msgs/lib/python3.12/site-packages/quadruped_msgs-0.0.0-py3.12.egg-info/SOURCES.txt
[1.907s] -- Up-to-date: /home/ws/install/quadruped_msgs/lib/python3.12/site-packages/quadruped_msgs
[1.907s] -- Up-to-date: /home/ws/install/quadruped_msgs/lib/python3.12/site-packages/quadruped_msgs/quadruped_msgs_s__rosidl_typesupport_c.so
[1.907s] -- Up-to-date: /home/ws/install/quadruped_msgs/lib/python3.12/site-packages/quadruped_msgs/_quadruped_msgs_s.ep.rosidl_typesupport_c.c
[1.907s] -- Up-to-date: /home/ws/install/quadruped_msgs/lib/python3.12/site-packages/quadruped_msgs/__init__.py
[1.908s] -- Up-to-date: /home/ws/install/quadruped_msgs/lib/python3.12/site-packages/quadruped_msgs/_quadruped_msgs_s.ep.rosidl_typesupport_introspection_c.c
[1.908s] -- Up-to-date: /home/ws/install/quadruped_msgs/lib/python3.12/site-packages/quadruped_msgs/quadruped_msgs_s__rosidl_typesupport_introspection_c.so
[1.908s] -- Up-to-date: /home/ws/install/quadruped_msgs/lib/python3.12/site-packages/quadruped_msgs/quadruped_msgs_s__rosidl_typesupport_fastrtps_c.so
[1.908s] -- Up-to-date: /home/ws/install/quadruped_msgs/lib/python3.12/site-packages/quadruped_msgs/_quadruped_msgs_s.ep.rosidl_typesupport_fastrtps_c.c
[1.908s] -- Up-to-date: /home/ws/install/quadruped_msgs/lib/python3.12/site-packages/quadruped_msgs/msg
[1.908s] -- Up-to-date: /home/ws/install/quadruped_msgs/lib/python3.12/site-packages/quadruped_msgs/msg/__init__.py
[1.908s] -- Up-to-date: /home/ws/install/quadruped_msgs/lib/python3.12/site-packages/quadruped_msgs/msg/_foot_forces.py
[1.909s] -- Up-to-date: /home/ws/install/quadruped_msgs/lib/python3.12/site-packages/quadruped_msgs/msg/_foot_states_s.c
[1.909s] -- Up-to-date: /home/ws/install/quadruped_msgs/lib/python3.12/site-packages/quadruped_msgs/msg/_quadruped_state.py
[1.909s] -- Up-to-date: /home/ws/install/quadruped_msgs/lib/python3.12/site-packages/quadruped_msgs/msg/_foot_states.py
[1.909s] -- Up-to-date: /home/ws/install/quadruped_msgs/lib/python3.12/site-packages/quadruped_msgs/msg/_foot_forces_s.c
[1.909s] -- Up-to-date: /home/ws/install/quadruped_msgs/lib/python3.12/site-packages/quadruped_msgs/msg/_gait_pattern.py
[1.909s] -- Up-to-date: /home/ws/install/quadruped_msgs/lib/python3.12/site-packages/quadruped_msgs/msg/_quadruped_state_s.c
[1.909s] -- Up-to-date: /home/ws/install/quadruped_msgs/lib/python3.12/site-packages/quadruped_msgs/msg/_gait_pattern_s.c
[2.013s] Listing '/home/ws/install/quadruped_msgs/lib/python3.12/site-packages/quadruped_msgs'...
[2.013s] Listing '/home/ws/install/quadruped_msgs/lib/python3.12/site-packages/quadruped_msgs/msg'...
[2.030s] -- Up-to-date: /home/ws/install/quadruped_msgs/lib/python3.12/site-packages/quadruped_msgs/quadruped_msgs_s__rosidl_typesupport_fastrtps_c.so
[2.031s] -- Up-to-date: /home/ws/install/quadruped_msgs/lib/python3.12/site-packages/quadruped_msgs/quadruped_msgs_s__rosidl_typesupport_introspection_c.so
[2.032s] -- Up-to-date: /home/ws/install/quadruped_msgs/lib/python3.12/site-packages/quadruped_msgs/quadruped_msgs_s__rosidl_typesupport_c.so
[2.033s] -- Up-to-date: /home/ws/install/quadruped_msgs/lib/libquadruped_msgs__rosidl_generator_py.so
[2.034s] -- Up-to-date: /home/ws/install/quadruped_msgs/share/quadruped_msgs/msg/QuadrupedState.idl
[2.035s] -- Up-to-date: /home/ws/install/quadruped_msgs/share/quadruped_msgs/msg/GaitPattern.idl
[2.035s] -- Up-to-date: /home/ws/install/quadruped_msgs/share/quadruped_msgs/msg/FootStates.idl
[2.036s] -- Up-to-date: /home/ws/install/quadruped_msgs/share/quadruped_msgs/msg/FootForces.idl
[2.036s] -- Up-to-date: /home/ws/install/quadruped_msgs/share/quadruped_msgs/msg/QuadrupedState.msg
[2.037s] -- Up-to-date: /home/ws/install/quadruped_msgs/share/quadruped_msgs/msg/GaitPattern.msg
[2.037s] -- Up-to-date: /home/ws/install/quadruped_msgs/share/quadruped_msgs/msg/FootStates.msg
[2.038s] -- Up-to-date: /home/ws/install/quadruped_msgs/share/quadruped_msgs/msg/FootForces.msg
[2.038s] -- Up-to-date: /home/ws/install/quadruped_msgs/share/ament_index/resource_index/package_run_dependencies/quadruped_msgs
[2.039s] -- Up-to-date: /home/ws/install/quadruped_msgs/share/ament_index/resource_index/parent_prefix_path/quadruped_msgs
[2.040s] -- Up-to-date: /home/ws/install/quadruped_msgs/share/quadruped_msgs/environment/ament_prefix_path.sh
[2.041s] -- Up-to-date: /home/ws/install/quadruped_msgs/share/quadruped_msgs/environment/ament_prefix_path.dsv
[2.042s] -- Up-to-date: /home/ws/install/quadruped_msgs/share/quadruped_msgs/environment/path.sh
[2.043s] -- Up-to-date: /home/ws/install/quadruped_msgs/share/quadruped_msgs/environment/path.dsv
[2.043s] -- Up-to-date: /home/ws/install/quadruped_msgs/share/quadruped_msgs/local_setup.bash
[2.044s] -- Up-to-date: /home/ws/install/quadruped_msgs/share/quadruped_msgs/local_setup.sh
[2.047s] -- Up-to-date: /home/ws/install/quadruped_msgs/share/quadruped_msgs/local_setup.zsh
[2.047s] -- Up-to-date: /home/ws/install/quadruped_msgs/share/quadruped_msgs/local_setup.dsv
[2.047s] -- Installing: /home/ws/install/quadruped_msgs/share/quadruped_msgs/package.dsv
[2.049s] -- Up-to-date: /home/ws/install/quadruped_msgs/share/ament_index/resource_index/packages/quadruped_msgs
[2.051s] -- Up-to-date: /home/ws/install/quadruped_msgs/share/quadruped_msgs/cmake/export_quadruped_msgs__rosidl_generator_cExport.cmake
[2.053s] -- Up-to-date: /home/ws/install/quadruped_msgs/share/quadruped_msgs/cmake/export_quadruped_msgs__rosidl_generator_cExport-release.cmake
[2.053s] -- Up-to-date: /home/ws/install/quadruped_msgs/share/quadruped_msgs/cmake/export_quadruped_msgs__rosidl_typesupport_fastrtps_cExport.cmake
[2.053s] -- Up-to-date: /home/ws/install/quadruped_msgs/share/quadruped_msgs/cmake/export_quadruped_msgs__rosidl_typesupport_fastrtps_cExport-release.cmake
[2.055s] -- Up-to-date: /home/ws/install/quadruped_msgs/share/quadruped_msgs/cmake/export_quadruped_msgs__rosidl_generator_cppExport.cmake
[2.058s] -- Up-to-date: /home/ws/install/quadruped_msgs/share/quadruped_msgs/cmake/export_quadruped_msgs__rosidl_typesupport_fastrtps_cppExport.cmake
[2.061s] -- Up-to-date: /home/ws/install/quadruped_msgs/share/quadruped_msgs/cmake/export_quadruped_msgs__rosidl_typesupport_fastrtps_cppExport-release.cmake
[2.061s] -- Up-to-date: /home/ws/install/quadruped_msgs/share/quadruped_msgs/cmake/quadruped_msgs__rosidl_typesupport_introspection_cExport.cmake
[2.061s] -- Up-to-date: /home/ws/install/quadruped_msgs/share/quadruped_msgs/cmake/quadruped_msgs__rosidl_typesupport_introspection_cExport-release.cmake
[2.061s] -- Up-to-date: /home/ws/install/quadruped_msgs/share/quadruped_msgs/cmake/quadruped_msgs__rosidl_typesupport_cExport.cmake
[2.064s] -- Up-to-date: /home/ws/install/quadruped_msgs/share/quadruped_msgs/cmake/quadruped_msgs__rosidl_typesupport_cExport-release.cmake
[2.064s] -- Up-to-date: /home/ws/install/quadruped_msgs/share/quadruped_msgs/cmake/quadruped_msgs__rosidl_typesupport_introspection_cppExport.cmake
[2.064s] -- Up-to-date: /home/ws/install/quadruped_msgs/share/quadruped_msgs/cmake/quadruped_msgs__rosidl_typesupport_introspection_cppExport-release.cmake
[2.064s] -- Up-to-date: /home/ws/install/quadruped_msgs/share/quadruped_msgs/cmake/quadruped_msgs__rosidl_typesupport_cppExport.cmake
[2.072s] -- Up-to-date: /home/ws/install/quadruped_msgs/share/quadruped_msgs/cmake/quadruped_msgs__rosidl_typesupport_cppExport-release.cmake
[2.072s] -- Up-to-date: /home/ws/install/quadruped_msgs/share/quadruped_msgs/cmake/export_quadruped_msgs__rosidl_generator_pyExport.cmake
[2.072s] -- Up-to-date: /home/ws/install/quadruped_msgs/share/quadruped_msgs/cmake/export_quadruped_msgs__rosidl_generator_pyExport-release.cmake
[2.075s] -- Up-to-date: /home/ws/install/quadruped_msgs/share/quadruped_msgs/cmake/rosidl_cmake-extras.cmake
[2.075s] -- Up-to-date: /home/ws/install/quadruped_msgs/share/quadruped_msgs/cmake/ament_cmake_export_dependencies-extras.cmake
[2.075s] -- Up-to-date: /home/ws/install/quadruped_msgs/share/quadruped_msgs/cmake/ament_cmake_export_include_directories-extras.cmake
[2.076s] -- Up-to-date: /home/ws/install/quadruped_msgs/share/quadruped_msgs/cmake/ament_cmake_export_libraries-extras.cmake
[2.076s] -- Up-to-date: /home/ws/install/quadruped_msgs/share/quadruped_msgs/cmake/ament_cmake_export_targets-extras.cmake
[2.076s] -- Up-to-date: /home/ws/install/quadruped_msgs/share/quadruped_msgs/cmake/rosidl_cmake_export_typesupport_targets-extras.cmake
[2.092s] -- Up-to-date: /home/ws/install/quadruped_msgs/share/quadruped_msgs/cmake/rosidl_cmake_export_typesupport_libraries-extras.cmake
[2.103s] -- Up-to-date: /home/ws/install/quadruped_msgs/share/quadruped_msgs/cmake/quadruped_msgsConfig.cmake
[2.103s] -- Up-to-date: /home/ws/install/quadruped_msgs/share/quadruped_msgs/cmake/quadruped_msgsConfig-version.cmake
[2.103s] -- Up-to-date: /home/ws/install/quadruped_msgs/share/quadruped_msgs/package.xml
[2.104s] Invoked command in '/home/ws/build/quadruped_msgs' returned '0': CMAKE_PREFIX_PATH=${CMAKE_PREFIX_PATH}:/opt/ros/jazzy DEBUGINFOD_URLS=https://debuginfod.ubuntu.com /usr/bin/cmake --install /home/ws/build/quadruped_msgs
