-- Found ament_cmake: 2.5.3 (/opt/ros/jazzy/share/ament_cmake/cmake)
-- Found Python3: /usr/bin/python3 (found version "3.12.3") found components: Interpreter 
-- Found std_msgs: 5.3.5 (/opt/ros/jazzy/share/std_msgs/cmake)
-- Found rosidl_generator_c: 4.6.5 (/opt/ros/jazzy/share/rosidl_generator_c/cmake)
-- Found rosidl_generator_cpp: 4.6.5 (/opt/ros/jazzy/share/rosidl_generator_cpp/cmake)
-- Using all available rosidl_typesupport_c: rosidl_typesupport_fastrtps_c;rosidl_typesupport_introspection_c
-- Using all available rosidl_typesupport_cpp: rosidl_typesupport_fastrtps_cpp;rosidl_typesupport_introspection_cpp
-- Found geometry_msgs: 5.3.5 (/opt/ros/jazzy/share/geometry_msgs/cmake)
-- Found rosidl_default_generators: 1.6.0 (/opt/ros/jazzy/share/rosidl_default_generators/cmake)
-- Found rosidl_adapter: 4.6.5 (/opt/ros/jazzy/share/rosidl_adapter/cmake)
-- Found ament_cmake_ros: 0.12.0 (/opt/ros/jazzy/share/ament_cmake_ros/cmake)
-- Using all available rosidl_typesupport_c: rosidl_typesupport_fastrtps_c;rosidl_typesupport_introspection_c
-- Using all available rosidl_typesupport_cpp: rosidl_typesupport_fastrtps_cpp;rosidl_typesupport_introspection_cpp
-- Found python_cmake_module: 0.11.1 (/opt/ros/jazzy/share/python_cmake_module/cmake)
-- Found Python3: /usr/bin/python3 (found version "3.12.3") found components: Interpreter Development NumPy Development.Module Development.Embed 
-- Found ament_lint_auto: 0.17.1 (/opt/ros/jazzy/share/ament_lint_auto/cmake)
-- Added test 'lint_cmake' to check CMake code style
-- Added test 'xmllint' to check XML markup files
-- Configuring done (3.8s)
-- Generating done (0.1s)
-- Build files have been written to: /home/ws/build/quadruped_msgs
[  1%] [34m[1mGenerating type hashes for ROS interfaces[0m
[  1%] Built target ament_cmake_python_copy_quadruped_msgs
running egg_info
writing quadruped_msgs.egg-info/PKG-INFO
writing dependency_links to quadruped_msgs.egg-info/dependency_links.txt
writing top-level names to quadruped_msgs.egg-info/top_level.txt
reading manifest file 'quadruped_msgs.egg-info/SOURCES.txt'
writing manifest file 'quadruped_msgs.egg-info/SOURCES.txt'
[  1%] Built target ament_cmake_python_build_quadruped_msgs_egg
[  1%] Built target quadruped_msgs__rosidl_generator_type_description
[  3%] [34m[1mGenerating C code for ROS interfaces[0m
[  4%] [34m[1mGenerating C++ code for ROS interfaces[0m
[  4%] Built target quadruped_msgs__cpp
[  6%] [32mBuilding C object CMakeFiles/quadruped_msgs__rosidl_generator_c.dir/rosidl_generator_c/quadruped_msgs/msg/detail/quadruped_state__description.c.o[0m
[  7%] [32mBuilding C object CMakeFiles/quadruped_msgs__rosidl_generator_c.dir/rosidl_generator_c/quadruped_msgs/msg/detail/quadruped_state__functions.c.o[0m
[  9%] [32mBuilding C object CMakeFiles/quadruped_msgs__rosidl_generator_c.dir/rosidl_generator_c/quadruped_msgs/msg/detail/gait_pattern__type_support.c.o[0m
[ 10%] [32mBuilding C object CMakeFiles/quadruped_msgs__rosidl_generator_c.dir/rosidl_generator_c/quadruped_msgs/msg/detail/gait_pattern__description.c.o[0m
[ 12%] [32mBuilding C object CMakeFiles/quadruped_msgs__rosidl_generator_c.dir/rosidl_generator_c/quadruped_msgs/msg/detail/quadruped_state__type_support.c.o[0m
[ 14%] [32mBuilding C object CMakeFiles/quadruped_msgs__rosidl_generator_c.dir/rosidl_generator_c/quadruped_msgs/msg/detail/gait_pattern__functions.c.o[0m
[ 15%] [32mBuilding C object CMakeFiles/quadruped_msgs__rosidl_generator_c.dir/rosidl_generator_c/quadruped_msgs/msg/detail/foot_states__description.c.o[0m
[ 17%] [32mBuilding C object CMakeFiles/quadruped_msgs__rosidl_generator_c.dir/rosidl_generator_c/quadruped_msgs/msg/detail/foot_states__functions.c.o[0m
[ 18%] [32mBuilding C object CMakeFiles/quadruped_msgs__rosidl_generator_c.dir/rosidl_generator_c/quadruped_msgs/msg/detail/foot_forces__description.c.o[0m
[ 20%] [32mBuilding C object CMakeFiles/quadruped_msgs__rosidl_generator_c.dir/rosidl_generator_c/quadruped_msgs/msg/detail/foot_states__type_support.c.o[0m
[ 21%] [32mBuilding C object CMakeFiles/quadruped_msgs__rosidl_generator_c.dir/rosidl_generator_c/quadruped_msgs/msg/detail/foot_forces__type_support.c.o[0m
[ 23%] [32mBuilding C object CMakeFiles/quadruped_msgs__rosidl_generator_c.dir/rosidl_generator_c/quadruped_msgs/msg/detail/foot_forces__functions.c.o[0m
[ 25%] [32m[1mLinking C shared library libquadruped_msgs__rosidl_generator_c.so[0m
[ 25%] Built target quadruped_msgs__rosidl_generator_c
[ 26%] [34m[1mGenerating C++ type support dispatch for ROS interfaces[0m
[ 28%] [34m[1mGenerating C type support for eProsima Fast-RTPS[0m
[ 29%] [34m[1mGenerating C++ type support for eProsima Fast-RTPS[0m
[ 31%] [34m[1mGenerating C type support dispatch for ROS interfaces[0m
[ 32%] [34m[1mGenerating C++ introspection for ROS interfaces[0m
[ 34%] [34m[1mGenerating C introspection for ROS interfaces[0m
[ 35%] [32mBuilding CXX object CMakeFiles/quadruped_msgs__rosidl_typesupport_c.dir/rosidl_typesupport_c/quadruped_msgs/msg/quadruped_state__type_support.cpp.o[0m
[ 37%] [32mBuilding CXX object CMakeFiles/quadruped_msgs__rosidl_typesupport_c.dir/rosidl_typesupport_c/quadruped_msgs/msg/foot_states__type_support.cpp.o[0m
[ 39%] [32mBuilding CXX object CMakeFiles/quadruped_msgs__rosidl_typesupport_c.dir/rosidl_typesupport_c/quadruped_msgs/msg/gait_pattern__type_support.cpp.o[0m
[ 40%] [32mBuilding CXX object CMakeFiles/quadruped_msgs__rosidl_typesupport_introspection_cpp.dir/rosidl_typesupport_introspection_cpp/quadruped_msgs/msg/detail/quadruped_state__type_support.cpp.o[0m
[ 42%] [32mBuilding CXX object CMakeFiles/quadruped_msgs__rosidl_typesupport_cpp.dir/rosidl_typesupport_cpp/quadruped_msgs/msg/quadruped_state__type_support.cpp.o[0m
[ 43%] [32mBuilding CXX object CMakeFiles/quadruped_msgs__rosidl_typesupport_c.dir/rosidl_typesupport_c/quadruped_msgs/msg/foot_forces__type_support.cpp.o[0m
[ 45%] [32mBuilding CXX object CMakeFiles/quadruped_msgs__rosidl_typesupport_introspection_cpp.dir/rosidl_typesupport_introspection_cpp/quadruped_msgs/msg/detail/gait_pattern__type_support.cpp.o[0m
[ 46%] [32mBuilding CXX object CMakeFiles/quadruped_msgs__rosidl_typesupport_introspection_cpp.dir/rosidl_typesupport_introspection_cpp/quadruped_msgs/msg/detail/foot_states__type_support.cpp.o[0m
[ 48%] [32m[1mLinking CXX shared library libquadruped_msgs__rosidl_typesupport_c.so[0m
[ 50%] [32mBuilding C object CMakeFiles/quadruped_msgs__rosidl_typesupport_introspection_c.dir/rosidl_typesupport_introspection_c/quadruped_msgs/msg/detail/quadruped_state__type_support.c.o[0m
[ 50%] Built target quadruped_msgs__rosidl_typesupport_c
[ 51%] [32mBuilding C object CMakeFiles/quadruped_msgs__rosidl_typesupport_introspection_c.dir/rosidl_typesupport_introspection_c/quadruped_msgs/msg/detail/gait_pattern__type_support.c.o[0m
[ 53%] [32mBuilding CXX object CMakeFiles/quadruped_msgs__rosidl_typesupport_fastrtps_cpp.dir/rosidl_typesupport_fastrtps_cpp/quadruped_msgs/msg/detail/dds_fastrtps/quadruped_state__type_support.cpp.o[0m
[ 54%] [32mBuilding CXX object CMakeFiles/quadruped_msgs__rosidl_typesupport_fastrtps_c.dir/rosidl_typesupport_fastrtps_c/quadruped_msgs/msg/detail/quadruped_state__type_support_c.cpp.o[0m
[ 56%] [32mBuilding C object CMakeFiles/quadruped_msgs__rosidl_typesupport_introspection_c.dir/rosidl_typesupport_introspection_c/quadruped_msgs/msg/detail/foot_states__type_support.c.o[0m
[ 57%] [32mBuilding CXX object CMakeFiles/quadruped_msgs__rosidl_typesupport_introspection_cpp.dir/rosidl_typesupport_introspection_cpp/quadruped_msgs/msg/detail/foot_forces__type_support.cpp.o[0m
[ 59%] [32mBuilding CXX object CMakeFiles/quadruped_msgs__rosidl_typesupport_cpp.dir/rosidl_typesupport_cpp/quadruped_msgs/msg/gait_pattern__type_support.cpp.o[0m
[ 60%] [32mBuilding C object CMakeFiles/quadruped_msgs__rosidl_typesupport_introspection_c.dir/rosidl_typesupport_introspection_c/quadruped_msgs/msg/detail/foot_forces__type_support.c.o[0m
[ 62%] [32mBuilding CXX object CMakeFiles/quadruped_msgs__rosidl_typesupport_fastrtps_c.dir/rosidl_typesupport_fastrtps_c/quadruped_msgs/msg/detail/gait_pattern__type_support_c.cpp.o[0m
[ 64%] [32m[1mLinking C shared library libquadruped_msgs__rosidl_typesupport_introspection_c.so[0m
[ 64%] Built target quadruped_msgs__rosidl_typesupport_introspection_c
[ 65%] [32mBuilding CXX object CMakeFiles/quadruped_msgs__rosidl_typesupport_cpp.dir/rosidl_typesupport_cpp/quadruped_msgs/msg/foot_states__type_support.cpp.o[0m
[ 67%] [32mBuilding CXX object CMakeFiles/quadruped_msgs__rosidl_typesupport_cpp.dir/rosidl_typesupport_cpp/quadruped_msgs/msg/foot_forces__type_support.cpp.o[0m
[ 68%] [32mBuilding CXX object CMakeFiles/quadruped_msgs__rosidl_typesupport_fastrtps_c.dir/rosidl_typesupport_fastrtps_c/quadruped_msgs/msg/detail/foot_states__type_support_c.cpp.o[0m
[ 70%] [32m[1mLinking CXX shared library libquadruped_msgs__rosidl_typesupport_introspection_cpp.so[0m
[ 70%] Built target quadruped_msgs__rosidl_typesupport_introspection_cpp
[ 71%] [32mBuilding CXX object CMakeFiles/quadruped_msgs__rosidl_typesupport_fastrtps_cpp.dir/rosidl_typesupport_fastrtps_cpp/quadruped_msgs/msg/detail/dds_fastrtps/gait_pattern__type_support.cpp.o[0m
[ 73%] [32mBuilding CXX object CMakeFiles/quadruped_msgs__rosidl_typesupport_fastrtps_c.dir/rosidl_typesupport_fastrtps_c/quadruped_msgs/msg/detail/foot_forces__type_support_c.cpp.o[0m
[ 75%] [32mBuilding CXX object CMakeFiles/quadruped_msgs__rosidl_typesupport_fastrtps_cpp.dir/rosidl_typesupport_fastrtps_cpp/quadruped_msgs/msg/detail/dds_fastrtps/foot_states__type_support.cpp.o[0m
[ 76%] [32mBuilding CXX object CMakeFiles/quadruped_msgs__rosidl_typesupport_fastrtps_cpp.dir/rosidl_typesupport_fastrtps_cpp/quadruped_msgs/msg/detail/dds_fastrtps/foot_forces__type_support.cpp.o[0m
[ 78%] [32m[1mLinking CXX shared library libquadruped_msgs__rosidl_typesupport_cpp.so[0m
[ 78%] Built target quadruped_msgs__rosidl_typesupport_cpp
[ 79%] [32m[1mLinking CXX shared library libquadruped_msgs__rosidl_typesupport_fastrtps_c.so[0m
[ 79%] Built target quadruped_msgs__rosidl_typesupport_fastrtps_c
[ 81%] [32m[1mLinking CXX shared library libquadruped_msgs__rosidl_typesupport_fastrtps_cpp.so[0m
[ 81%] Built target quadruped_msgs__rosidl_typesupport_fastrtps_cpp
[ 81%] Built target quadruped_msgs
[ 82%] [34m[1mGenerating Python code for ROS interfaces[0m
[ 82%] Built target quadruped_msgs__py
[ 84%] [32mBuilding C object CMakeFiles/quadruped_msgs__rosidl_generator_py.dir/rosidl_generator_py/quadruped_msgs/msg/_quadruped_state_s.c.o[0m
[ 85%] [32mBuilding C object CMakeFiles/quadruped_msgs__rosidl_generator_py.dir/rosidl_generator_py/quadruped_msgs/msg/_foot_forces_s.c.o[0m
[ 87%] [32mBuilding C object CMakeFiles/quadruped_msgs__rosidl_generator_py.dir/rosidl_generator_py/quadruped_msgs/msg/_foot_states_s.c.o[0m
[ 89%] [32mBuilding C object CMakeFiles/quadruped_msgs__rosidl_generator_py.dir/rosidl_generator_py/quadruped_msgs/msg/_gait_pattern_s.c.o[0m
[ 90%] [32m[1mLinking C shared library libquadruped_msgs__rosidl_generator_py.so[0m
[ 90%] Built target quadruped_msgs__rosidl_generator_py
[ 92%] [32mBuilding C object CMakeFiles/quadruped_msgs_s__rosidl_typesupport_fastrtps_c.dir/rosidl_generator_py/quadruped_msgs/_quadruped_msgs_s.ep.rosidl_typesupport_fastrtps_c.c.o[0m
[ 93%] [32m[1mLinking C shared module rosidl_generator_py/quadruped_msgs/quadruped_msgs_s__rosidl_typesupport_fastrtps_c.so[0m
[ 93%] Built target quadruped_msgs_s__rosidl_typesupport_fastrtps_c
[ 95%] [32mBuilding C object CMakeFiles/quadruped_msgs_s__rosidl_typesupport_c.dir/rosidl_generator_py/quadruped_msgs/_quadruped_msgs_s.ep.rosidl_typesupport_c.c.o[0m
[ 96%] [32m[1mLinking C shared module rosidl_generator_py/quadruped_msgs/quadruped_msgs_s__rosidl_typesupport_c.so[0m
[ 96%] Built target quadruped_msgs_s__rosidl_typesupport_c
[ 98%] [32mBuilding C object CMakeFiles/quadruped_msgs_s__rosidl_typesupport_introspection_c.dir/rosidl_generator_py/quadruped_msgs/_quadruped_msgs_s.ep.rosidl_typesupport_introspection_c.c.o[0m
[100%] [32m[1mLinking C shared module rosidl_generator_py/quadruped_msgs/quadruped_msgs_s__rosidl_typesupport_introspection_c.so[0m
[100%] Built target quadruped_msgs_s__rosidl_typesupport_introspection_c
-- Install configuration: "Release"
-- Up-to-date: /home/ws/install/quadruped_msgs/share/ament_index/resource_index/rosidl_interfaces/quadruped_msgs
-- Installing: /home/ws/install/quadruped_msgs/share/quadruped_msgs/msg/QuadrupedState.json
-- Installing: /home/ws/install/quadruped_msgs/share/quadruped_msgs/msg/GaitPattern.json
-- Installing: /home/ws/install/quadruped_msgs/share/quadruped_msgs/msg/FootStates.json
-- Installing: /home/ws/install/quadruped_msgs/share/quadruped_msgs/msg/FootForces.json
-- Up-to-date: /home/ws/install/quadruped_msgs/include/quadruped_msgs/quadruped_msgs
-- Up-to-date: /home/ws/install/quadruped_msgs/include/quadruped_msgs/quadruped_msgs/msg
-- Installing: /home/ws/install/quadruped_msgs/include/quadruped_msgs/quadruped_msgs/msg/foot_forces.h
-- Up-to-date: /home/ws/install/quadruped_msgs/include/quadruped_msgs/quadruped_msgs/msg/detail
-- Installing: /home/ws/install/quadruped_msgs/include/quadruped_msgs/quadruped_msgs/msg/detail/foot_states__type_support.c
-- Installing: /home/ws/install/quadruped_msgs/include/quadruped_msgs/quadruped_msgs/msg/detail/foot_forces__description.c
-- Installing: /home/ws/install/quadruped_msgs/include/quadruped_msgs/quadruped_msgs/msg/detail/quadruped_state__functions.c
-- Installing: /home/ws/install/quadruped_msgs/include/quadruped_msgs/quadruped_msgs/msg/detail/gait_pattern__struct.h
-- Installing: /home/ws/install/quadruped_msgs/include/quadruped_msgs/quadruped_msgs/msg/detail/quadruped_state__type_support.h
-- Installing: /home/ws/install/quadruped_msgs/include/quadruped_msgs/quadruped_msgs/msg/detail/gait_pattern__functions.c
-- Installing: /home/ws/install/quadruped_msgs/include/quadruped_msgs/quadruped_msgs/msg/detail/foot_states__struct.h
-- Installing: /home/ws/install/quadruped_msgs/include/quadruped_msgs/quadruped_msgs/msg/detail/foot_forces__functions.c
-- Installing: /home/ws/install/quadruped_msgs/include/quadruped_msgs/quadruped_msgs/msg/detail/foot_forces__functions.h
-- Installing: /home/ws/install/quadruped_msgs/include/quadruped_msgs/quadruped_msgs/msg/detail/foot_states__type_support.h
-- Installing: /home/ws/install/quadruped_msgs/include/quadruped_msgs/quadruped_msgs/msg/detail/foot_forces__struct.h
-- Installing: /home/ws/install/quadruped_msgs/include/quadruped_msgs/quadruped_msgs/msg/detail/quadruped_state__description.c
-- Installing: /home/ws/install/quadruped_msgs/include/quadruped_msgs/quadruped_msgs/msg/detail/foot_forces__type_support.h
-- Installing: /home/ws/install/quadruped_msgs/include/quadruped_msgs/quadruped_msgs/msg/detail/foot_states__description.c
-- Installing: /home/ws/install/quadruped_msgs/include/quadruped_msgs/quadruped_msgs/msg/detail/quadruped_state__type_support.c
-- Installing: /home/ws/install/quadruped_msgs/include/quadruped_msgs/quadruped_msgs/msg/detail/gait_pattern__type_support.h
-- Installing: /home/ws/install/quadruped_msgs/include/quadruped_msgs/quadruped_msgs/msg/detail/foot_states__functions.c
-- Installing: /home/ws/install/quadruped_msgs/include/quadruped_msgs/quadruped_msgs/msg/detail/gait_pattern__functions.h
-- Installing: /home/ws/install/quadruped_msgs/include/quadruped_msgs/quadruped_msgs/msg/detail/gait_pattern__type_support.c
-- Installing: /home/ws/install/quadruped_msgs/include/quadruped_msgs/quadruped_msgs/msg/detail/foot_states__functions.h
-- Installing: /home/ws/install/quadruped_msgs/include/quadruped_msgs/quadruped_msgs/msg/detail/foot_forces__type_support.c
-- Installing: /home/ws/install/quadruped_msgs/include/quadruped_msgs/quadruped_msgs/msg/detail/quadruped_state__functions.h
-- Installing: /home/ws/install/quadruped_msgs/include/quadruped_msgs/quadruped_msgs/msg/detail/gait_pattern__description.c
-- Installing: /home/ws/install/quadruped_msgs/include/quadruped_msgs/quadruped_msgs/msg/detail/quadruped_state__struct.h
-- Installing: /home/ws/install/quadruped_msgs/include/quadruped_msgs/quadruped_msgs/msg/foot_states.h
-- Installing: /home/ws/install/quadruped_msgs/include/quadruped_msgs/quadruped_msgs/msg/quadruped_state.h
-- Up-to-date: /home/ws/install/quadruped_msgs/include/quadruped_msgs/quadruped_msgs/msg/rosidl_generator_c__visibility_control.h
-- Installing: /home/ws/install/quadruped_msgs/include/quadruped_msgs/quadruped_msgs/msg/gait_pattern.h
-- Up-to-date: /home/ws/install/quadruped_msgs/share/quadruped_msgs/environment/library_path.sh
-- Up-to-date: /home/ws/install/quadruped_msgs/share/quadruped_msgs/environment/library_path.dsv
-- Installing: /home/ws/install/quadruped_msgs/lib/libquadruped_msgs__rosidl_generator_c.so
-- Set non-toolchain portion of runtime path of "/home/ws/install/quadruped_msgs/lib/libquadruped_msgs__rosidl_generator_c.so" to ""
-- Up-to-date: /home/ws/install/quadruped_msgs/include/quadruped_msgs/quadruped_msgs
-- Up-to-date: /home/ws/install/quadruped_msgs/include/quadruped_msgs/quadruped_msgs/msg
-- Up-to-date: /home/ws/install/quadruped_msgs/include/quadruped_msgs/quadruped_msgs/msg/detail
-- Installing: /home/ws/install/quadruped_msgs/include/quadruped_msgs/quadruped_msgs/msg/detail/foot_forces__rosidl_typesupport_fastrtps_c.h
-- Installing: /home/ws/install/quadruped_msgs/include/quadruped_msgs/quadruped_msgs/msg/detail/quadruped_state__rosidl_typesupport_fastrtps_c.h
-- Installing: /home/ws/install/quadruped_msgs/include/quadruped_msgs/quadruped_msgs/msg/detail/foot_states__rosidl_typesupport_fastrtps_c.h
-- Installing: /home/ws/install/quadruped_msgs/include/quadruped_msgs/quadruped_msgs/msg/detail/gait_pattern__rosidl_typesupport_fastrtps_c.h
-- Up-to-date: /home/ws/install/quadruped_msgs/include/quadruped_msgs/quadruped_msgs/msg/rosidl_typesupport_fastrtps_c__visibility_control.h
-- Installing: /home/ws/install/quadruped_msgs/lib/libquadruped_msgs__rosidl_typesupport_fastrtps_c.so
-- Set non-toolchain portion of runtime path of "/home/ws/install/quadruped_msgs/lib/libquadruped_msgs__rosidl_typesupport_fastrtps_c.so" to ""
-- Up-to-date: /home/ws/install/quadruped_msgs/include/quadruped_msgs/quadruped_msgs
-- Up-to-date: /home/ws/install/quadruped_msgs/include/quadruped_msgs/quadruped_msgs/msg
-- Installing: /home/ws/install/quadruped_msgs/include/quadruped_msgs/quadruped_msgs/msg/foot_states.hpp
-- Installing: /home/ws/install/quadruped_msgs/include/quadruped_msgs/quadruped_msgs/msg/gait_pattern.hpp
-- Installing: /home/ws/install/quadruped_msgs/include/quadruped_msgs/quadruped_msgs/msg/rosidl_generator_cpp__visibility_control.hpp
-- Up-to-date: /home/ws/install/quadruped_msgs/include/quadruped_msgs/quadruped_msgs/msg/detail
-- Installing: /home/ws/install/quadruped_msgs/include/quadruped_msgs/quadruped_msgs/msg/detail/quadruped_state__builder.hpp
-- Installing: /home/ws/install/quadruped_msgs/include/quadruped_msgs/quadruped_msgs/msg/detail/foot_states__struct.hpp
-- Installing: /home/ws/install/quadruped_msgs/include/quadruped_msgs/quadruped_msgs/msg/detail/foot_forces__builder.hpp
-- Installing: /home/ws/install/quadruped_msgs/include/quadruped_msgs/quadruped_msgs/msg/detail/foot_forces__struct.hpp
-- Installing: /home/ws/install/quadruped_msgs/include/quadruped_msgs/quadruped_msgs/msg/detail/gait_pattern__builder.hpp
-- Installing: /home/ws/install/quadruped_msgs/include/quadruped_msgs/quadruped_msgs/msg/detail/gait_pattern__traits.hpp
-- Installing: /home/ws/install/quadruped_msgs/include/quadruped_msgs/quadruped_msgs/msg/detail/gait_pattern__struct.hpp
-- Installing: /home/ws/install/quadruped_msgs/include/quadruped_msgs/quadruped_msgs/msg/detail/quadruped_state__traits.hpp
-- Installing: /home/ws/install/quadruped_msgs/include/quadruped_msgs/quadruped_msgs/msg/detail/foot_states__type_support.hpp
-- Installing: /home/ws/install/quadruped_msgs/include/quadruped_msgs/quadruped_msgs/msg/detail/foot_states__traits.hpp
-- Installing: /home/ws/install/quadruped_msgs/include/quadruped_msgs/quadruped_msgs/msg/detail/quadruped_state__struct.hpp
-- Installing: /home/ws/install/quadruped_msgs/include/quadruped_msgs/quadruped_msgs/msg/detail/gait_pattern__type_support.hpp
-- Installing: /home/ws/install/quadruped_msgs/include/quadruped_msgs/quadruped_msgs/msg/detail/foot_states__builder.hpp
-- Installing: /home/ws/install/quadruped_msgs/include/quadruped_msgs/quadruped_msgs/msg/detail/foot_forces__traits.hpp
-- Installing: /home/ws/install/quadruped_msgs/include/quadruped_msgs/quadruped_msgs/msg/detail/foot_forces__type_support.hpp
-- Installing: /home/ws/install/quadruped_msgs/include/quadruped_msgs/quadruped_msgs/msg/detail/quadruped_state__type_support.hpp
-- Installing: /home/ws/install/quadruped_msgs/include/quadruped_msgs/quadruped_msgs/msg/quadruped_state.hpp
-- Installing: /home/ws/install/quadruped_msgs/include/quadruped_msgs/quadruped_msgs/msg/foot_forces.hpp
-- Up-to-date: /home/ws/install/quadruped_msgs/include/quadruped_msgs/quadruped_msgs
-- Up-to-date: /home/ws/install/quadruped_msgs/include/quadruped_msgs/quadruped_msgs/msg
-- Up-to-date: /home/ws/install/quadruped_msgs/include/quadruped_msgs/quadruped_msgs/msg/detail
-- Up-to-date: /home/ws/install/quadruped_msgs/include/quadruped_msgs/quadruped_msgs/msg/detail/dds_fastrtps
-- Installing: /home/ws/install/quadruped_msgs/include/quadruped_msgs/quadruped_msgs/msg/detail/foot_forces__rosidl_typesupport_fastrtps_cpp.hpp
-- Installing: /home/ws/install/quadruped_msgs/include/quadruped_msgs/quadruped_msgs/msg/detail/quadruped_state__rosidl_typesupport_fastrtps_cpp.hpp
-- Installing: /home/ws/install/quadruped_msgs/include/quadruped_msgs/quadruped_msgs/msg/detail/foot_states__rosidl_typesupport_fastrtps_cpp.hpp
-- Installing: /home/ws/install/quadruped_msgs/include/quadruped_msgs/quadruped_msgs/msg/detail/gait_pattern__rosidl_typesupport_fastrtps_cpp.hpp
-- Up-to-date: /home/ws/install/quadruped_msgs/include/quadruped_msgs/quadruped_msgs/msg/rosidl_typesupport_fastrtps_cpp__visibility_control.h
-- Installing: /home/ws/install/quadruped_msgs/lib/libquadruped_msgs__rosidl_typesupport_fastrtps_cpp.so
-- Set non-toolchain portion of runtime path of "/home/ws/install/quadruped_msgs/lib/libquadruped_msgs__rosidl_typesupport_fastrtps_cpp.so" to ""
-- Up-to-date: /home/ws/install/quadruped_msgs/include/quadruped_msgs/quadruped_msgs
-- Up-to-date: /home/ws/install/quadruped_msgs/include/quadruped_msgs/quadruped_msgs/msg
-- Up-to-date: /home/ws/install/quadruped_msgs/include/quadruped_msgs/quadruped_msgs/msg/detail
-- Installing: /home/ws/install/quadruped_msgs/include/quadruped_msgs/quadruped_msgs/msg/detail/foot_states__type_support.c
-- Installing: /home/ws/install/quadruped_msgs/include/quadruped_msgs/quadruped_msgs/msg/detail/quadruped_state__rosidl_typesupport_introspection_c.h
-- Installing: /home/ws/install/quadruped_msgs/include/quadruped_msgs/quadruped_msgs/msg/detail/foot_states__rosidl_typesupport_introspection_c.h
-- Installing: /home/ws/install/quadruped_msgs/include/quadruped_msgs/quadruped_msgs/msg/detail/foot_forces__rosidl_typesupport_introspection_c.h
-- Installing: /home/ws/install/quadruped_msgs/include/quadruped_msgs/quadruped_msgs/msg/detail/quadruped_state__type_support.c
-- Installing: /home/ws/install/quadruped_msgs/include/quadruped_msgs/quadruped_msgs/msg/detail/gait_pattern__type_support.c
-- Installing: /home/ws/install/quadruped_msgs/include/quadruped_msgs/quadruped_msgs/msg/detail/gait_pattern__rosidl_typesupport_introspection_c.h
-- Installing: /home/ws/install/quadruped_msgs/include/quadruped_msgs/quadruped_msgs/msg/detail/foot_forces__type_support.c
-- Up-to-date: /home/ws/install/quadruped_msgs/include/quadruped_msgs/quadruped_msgs/msg/rosidl_typesupport_introspection_c__visibility_control.h
-- Installing: /home/ws/install/quadruped_msgs/lib/libquadruped_msgs__rosidl_typesupport_introspection_c.so
-- Set non-toolchain portion of runtime path of "/home/ws/install/quadruped_msgs/lib/libquadruped_msgs__rosidl_typesupport_introspection_c.so" to ""
-- Installing: /home/ws/install/quadruped_msgs/lib/libquadruped_msgs__rosidl_typesupport_c.so
-- Set non-toolchain portion of runtime path of "/home/ws/install/quadruped_msgs/lib/libquadruped_msgs__rosidl_typesupport_c.so" to ""
-- Up-to-date: /home/ws/install/quadruped_msgs/include/quadruped_msgs/quadruped_msgs
-- Up-to-date: /home/ws/install/quadruped_msgs/include/quadruped_msgs/quadruped_msgs/msg
-- Up-to-date: /home/ws/install/quadruped_msgs/include/quadruped_msgs/quadruped_msgs/msg/detail
-- Installing: /home/ws/install/quadruped_msgs/include/quadruped_msgs/quadruped_msgs/msg/detail/foot_states__type_support.cpp
-- Installing: /home/ws/install/quadruped_msgs/include/quadruped_msgs/quadruped_msgs/msg/detail/foot_forces__type_support.cpp
-- Installing: /home/ws/install/quadruped_msgs/include/quadruped_msgs/quadruped_msgs/msg/detail/foot_states__rosidl_typesupport_introspection_cpp.hpp
-- Installing: /home/ws/install/quadruped_msgs/include/quadruped_msgs/quadruped_msgs/msg/detail/quadruped_state__rosidl_typesupport_introspection_cpp.hpp
-- Installing: /home/ws/install/quadruped_msgs/include/quadruped_msgs/quadruped_msgs/msg/detail/foot_forces__rosidl_typesupport_introspection_cpp.hpp
-- Installing: /home/ws/install/quadruped_msgs/include/quadruped_msgs/quadruped_msgs/msg/detail/gait_pattern__rosidl_typesupport_introspection_cpp.hpp
-- Installing: /home/ws/install/quadruped_msgs/include/quadruped_msgs/quadruped_msgs/msg/detail/quadruped_state__type_support.cpp
-- Installing: /home/ws/install/quadruped_msgs/include/quadruped_msgs/quadruped_msgs/msg/detail/gait_pattern__type_support.cpp
-- Installing: /home/ws/install/quadruped_msgs/lib/libquadruped_msgs__rosidl_typesupport_introspection_cpp.so
-- Set non-toolchain portion of runtime path of "/home/ws/install/quadruped_msgs/lib/libquadruped_msgs__rosidl_typesupport_introspection_cpp.so" to ""
-- Installing: /home/ws/install/quadruped_msgs/lib/libquadruped_msgs__rosidl_typesupport_cpp.so
-- Set non-toolchain portion of runtime path of "/home/ws/install/quadruped_msgs/lib/libquadruped_msgs__rosidl_typesupport_cpp.so" to ""
-- Up-to-date: /home/ws/install/quadruped_msgs/share/quadruped_msgs/environment/pythonpath.sh
-- Up-to-date: /home/ws/install/quadruped_msgs/share/quadruped_msgs/environment/pythonpath.dsv
-- Up-to-date: /home/ws/install/quadruped_msgs/lib/python3.12/site-packages/quadruped_msgs-0.0.0-py3.12.egg-info
-- Installing: /home/ws/install/quadruped_msgs/lib/python3.12/site-packages/quadruped_msgs-0.0.0-py3.12.egg-info/dependency_links.txt
-- Installing: /home/ws/install/quadruped_msgs/lib/python3.12/site-packages/quadruped_msgs-0.0.0-py3.12.egg-info/top_level.txt
-- Installing: /home/ws/install/quadruped_msgs/lib/python3.12/site-packages/quadruped_msgs-0.0.0-py3.12.egg-info/PKG-INFO
-- Installing: /home/ws/install/quadruped_msgs/lib/python3.12/site-packages/quadruped_msgs-0.0.0-py3.12.egg-info/SOURCES.txt
-- Up-to-date: /home/ws/install/quadruped_msgs/lib/python3.12/site-packages/quadruped_msgs
-- Installing: /home/ws/install/quadruped_msgs/lib/python3.12/site-packages/quadruped_msgs/quadruped_msgs_s__rosidl_typesupport_c.so
-- Installing: /home/ws/install/quadruped_msgs/lib/python3.12/site-packages/quadruped_msgs/_quadruped_msgs_s.ep.rosidl_typesupport_c.c
-- Installing: /home/ws/install/quadruped_msgs/lib/python3.12/site-packages/quadruped_msgs/__init__.py
-- Installing: /home/ws/install/quadruped_msgs/lib/python3.12/site-packages/quadruped_msgs/_quadruped_msgs_s.ep.rosidl_typesupport_introspection_c.c
-- Installing: /home/ws/install/quadruped_msgs/lib/python3.12/site-packages/quadruped_msgs/quadruped_msgs_s__rosidl_typesupport_introspection_c.so
-- Installing: /home/ws/install/quadruped_msgs/lib/python3.12/site-packages/quadruped_msgs/quadruped_msgs_s__rosidl_typesupport_fastrtps_c.so
-- Installing: /home/ws/install/quadruped_msgs/lib/python3.12/site-packages/quadruped_msgs/_quadruped_msgs_s.ep.rosidl_typesupport_fastrtps_c.c
-- Up-to-date: /home/ws/install/quadruped_msgs/lib/python3.12/site-packages/quadruped_msgs/msg
-- Installing: /home/ws/install/quadruped_msgs/lib/python3.12/site-packages/quadruped_msgs/msg/__init__.py
-- Installing: /home/ws/install/quadruped_msgs/lib/python3.12/site-packages/quadruped_msgs/msg/_foot_forces.py
-- Installing: /home/ws/install/quadruped_msgs/lib/python3.12/site-packages/quadruped_msgs/msg/_foot_states_s.c
-- Installing: /home/ws/install/quadruped_msgs/lib/python3.12/site-packages/quadruped_msgs/msg/_quadruped_state.py
-- Installing: /home/ws/install/quadruped_msgs/lib/python3.12/site-packages/quadruped_msgs/msg/_foot_states.py
-- Installing: /home/ws/install/quadruped_msgs/lib/python3.12/site-packages/quadruped_msgs/msg/_foot_forces_s.c
-- Installing: /home/ws/install/quadruped_msgs/lib/python3.12/site-packages/quadruped_msgs/msg/_gait_pattern.py
-- Installing: /home/ws/install/quadruped_msgs/lib/python3.12/site-packages/quadruped_msgs/msg/_quadruped_state_s.c
-- Installing: /home/ws/install/quadruped_msgs/lib/python3.12/site-packages/quadruped_msgs/msg/_gait_pattern_s.c
Listing '/home/ws/install/quadruped_msgs/lib/python3.12/site-packages/quadruped_msgs'...
Compiling '/home/ws/install/quadruped_msgs/lib/python3.12/site-packages/quadruped_msgs/__init__.py'...
Listing '/home/ws/install/quadruped_msgs/lib/python3.12/site-packages/quadruped_msgs/msg'...
Compiling '/home/ws/install/quadruped_msgs/lib/python3.12/site-packages/quadruped_msgs/msg/__init__.py'...
Compiling '/home/ws/install/quadruped_msgs/lib/python3.12/site-packages/quadruped_msgs/msg/_foot_forces.py'...
Compiling '/home/ws/install/quadruped_msgs/lib/python3.12/site-packages/quadruped_msgs/msg/_foot_states.py'...
Compiling '/home/ws/install/quadruped_msgs/lib/python3.12/site-packages/quadruped_msgs/msg/_gait_pattern.py'...
Compiling '/home/ws/install/quadruped_msgs/lib/python3.12/site-packages/quadruped_msgs/msg/_quadruped_state.py'...
-- Installing: /home/ws/install/quadruped_msgs/lib/python3.12/site-packages/quadruped_msgs/quadruped_msgs_s__rosidl_typesupport_fastrtps_c.so
-- Set non-toolchain portion of runtime path of "/home/ws/install/quadruped_msgs/lib/python3.12/site-packages/quadruped_msgs/quadruped_msgs_s__rosidl_typesupport_fastrtps_c.so" to ""
-- Installing: /home/ws/install/quadruped_msgs/lib/python3.12/site-packages/quadruped_msgs/quadruped_msgs_s__rosidl_typesupport_introspection_c.so
-- Set non-toolchain portion of runtime path of "/home/ws/install/quadruped_msgs/lib/python3.12/site-packages/quadruped_msgs/quadruped_msgs_s__rosidl_typesupport_introspection_c.so" to ""
-- Installing: /home/ws/install/quadruped_msgs/lib/python3.12/site-packages/quadruped_msgs/quadruped_msgs_s__rosidl_typesupport_c.so
-- Set non-toolchain portion of runtime path of "/home/ws/install/quadruped_msgs/lib/python3.12/site-packages/quadruped_msgs/quadruped_msgs_s__rosidl_typesupport_c.so" to ""
-- Installing: /home/ws/install/quadruped_msgs/lib/libquadruped_msgs__rosidl_generator_py.so
-- Set non-toolchain portion of runtime path of "/home/ws/install/quadruped_msgs/lib/libquadruped_msgs__rosidl_generator_py.so" to ""
-- Up-to-date: /home/ws/install/quadruped_msgs/share/quadruped_msgs/msg/QuadrupedState.idl
-- Installing: /home/ws/install/quadruped_msgs/share/quadruped_msgs/msg/GaitPattern.idl
-- Up-to-date: /home/ws/install/quadruped_msgs/share/quadruped_msgs/msg/FootStates.idl
-- Installing: /home/ws/install/quadruped_msgs/share/quadruped_msgs/msg/FootForces.idl
-- Up-to-date: /home/ws/install/quadruped_msgs/share/quadruped_msgs/msg/QuadrupedState.msg
-- Installing: /home/ws/install/quadruped_msgs/share/quadruped_msgs/msg/GaitPattern.msg
-- Up-to-date: /home/ws/install/quadruped_msgs/share/quadruped_msgs/msg/FootStates.msg
-- Installing: /home/ws/install/quadruped_msgs/share/quadruped_msgs/msg/FootForces.msg
-- Up-to-date: /home/ws/install/quadruped_msgs/share/ament_index/resource_index/package_run_dependencies/quadruped_msgs
-- Installing: /home/ws/install/quadruped_msgs/share/ament_index/resource_index/parent_prefix_path/quadruped_msgs
-- Up-to-date: /home/ws/install/quadruped_msgs/share/quadruped_msgs/environment/ament_prefix_path.sh
-- Up-to-date: /home/ws/install/quadruped_msgs/share/quadruped_msgs/environment/ament_prefix_path.dsv
-- Up-to-date: /home/ws/install/quadruped_msgs/share/quadruped_msgs/environment/path.sh
-- Up-to-date: /home/ws/install/quadruped_msgs/share/quadruped_msgs/environment/path.dsv
-- Up-to-date: /home/ws/install/quadruped_msgs/share/quadruped_msgs/local_setup.bash
-- Up-to-date: /home/ws/install/quadruped_msgs/share/quadruped_msgs/local_setup.sh
-- Up-to-date: /home/ws/install/quadruped_msgs/share/quadruped_msgs/local_setup.zsh
-- Up-to-date: /home/ws/install/quadruped_msgs/share/quadruped_msgs/local_setup.dsv
-- Installing: /home/ws/install/quadruped_msgs/share/quadruped_msgs/package.dsv
-- Up-to-date: /home/ws/install/quadruped_msgs/share/ament_index/resource_index/packages/quadruped_msgs
-- Up-to-date: /home/ws/install/quadruped_msgs/share/quadruped_msgs/cmake/export_quadruped_msgs__rosidl_generator_cExport.cmake
-- Up-to-date: /home/ws/install/quadruped_msgs/share/quadruped_msgs/cmake/export_quadruped_msgs__rosidl_generator_cExport-release.cmake
-- Up-to-date: /home/ws/install/quadruped_msgs/share/quadruped_msgs/cmake/export_quadruped_msgs__rosidl_typesupport_fastrtps_cExport.cmake
-- Up-to-date: /home/ws/install/quadruped_msgs/share/quadruped_msgs/cmake/export_quadruped_msgs__rosidl_typesupport_fastrtps_cExport-release.cmake
-- Up-to-date: /home/ws/install/quadruped_msgs/share/quadruped_msgs/cmake/export_quadruped_msgs__rosidl_generator_cppExport.cmake
-- Up-to-date: /home/ws/install/quadruped_msgs/share/quadruped_msgs/cmake/export_quadruped_msgs__rosidl_typesupport_fastrtps_cppExport.cmake
-- Up-to-date: /home/ws/install/quadruped_msgs/share/quadruped_msgs/cmake/export_quadruped_msgs__rosidl_typesupport_fastrtps_cppExport-release.cmake
-- Up-to-date: /home/ws/install/quadruped_msgs/share/quadruped_msgs/cmake/quadruped_msgs__rosidl_typesupport_introspection_cExport.cmake
-- Up-to-date: /home/ws/install/quadruped_msgs/share/quadruped_msgs/cmake/quadruped_msgs__rosidl_typesupport_introspection_cExport-release.cmake
-- Up-to-date: /home/ws/install/quadruped_msgs/share/quadruped_msgs/cmake/quadruped_msgs__rosidl_typesupport_cExport.cmake
-- Up-to-date: /home/ws/install/quadruped_msgs/share/quadruped_msgs/cmake/quadruped_msgs__rosidl_typesupport_cExport-release.cmake
-- Up-to-date: /home/ws/install/quadruped_msgs/share/quadruped_msgs/cmake/quadruped_msgs__rosidl_typesupport_introspection_cppExport.cmake
-- Up-to-date: /home/ws/install/quadruped_msgs/share/quadruped_msgs/cmake/quadruped_msgs__rosidl_typesupport_introspection_cppExport-release.cmake
-- Up-to-date: /home/ws/install/quadruped_msgs/share/quadruped_msgs/cmake/quadruped_msgs__rosidl_typesupport_cppExport.cmake
-- Up-to-date: /home/ws/install/quadruped_msgs/share/quadruped_msgs/cmake/quadruped_msgs__rosidl_typesupport_cppExport-release.cmake
-- Up-to-date: /home/ws/install/quadruped_msgs/share/quadruped_msgs/cmake/export_quadruped_msgs__rosidl_generator_pyExport.cmake
-- Up-to-date: /home/ws/install/quadruped_msgs/share/quadruped_msgs/cmake/export_quadruped_msgs__rosidl_generator_pyExport-release.cmake
-- Up-to-date: /home/ws/install/quadruped_msgs/share/quadruped_msgs/cmake/rosidl_cmake-extras.cmake
-- Up-to-date: /home/ws/install/quadruped_msgs/share/quadruped_msgs/cmake/ament_cmake_export_dependencies-extras.cmake
-- Up-to-date: /home/ws/install/quadruped_msgs/share/quadruped_msgs/cmake/ament_cmake_export_include_directories-extras.cmake
-- Up-to-date: /home/ws/install/quadruped_msgs/share/quadruped_msgs/cmake/ament_cmake_export_libraries-extras.cmake
-- Up-to-date: /home/ws/install/quadruped_msgs/share/quadruped_msgs/cmake/ament_cmake_export_targets-extras.cmake
-- Up-to-date: /home/ws/install/quadruped_msgs/share/quadruped_msgs/cmake/rosidl_cmake_export_typesupport_targets-extras.cmake
-- Up-to-date: /home/ws/install/quadruped_msgs/share/quadruped_msgs/cmake/rosidl_cmake_export_typesupport_libraries-extras.cmake
-- Up-to-date: /home/ws/install/quadruped_msgs/share/quadruped_msgs/cmake/quadruped_msgsConfig.cmake
-- Up-to-date: /home/ws/install/quadruped_msgs/share/quadruped_msgs/cmake/quadruped_msgsConfig-version.cmake
-- Up-to-date: /home/ws/install/quadruped_msgs/share/quadruped_msgs/package.xml
