[0.093s] Invoking command in '/home/ws/build/quadruped_msgs': CMAKE_PREFIX_PATH=${CMAKE_PREFIX_PATH}:/home/ws/install/py_pubsub:/opt/ros/jazzy DEBUGINFOD_URLS=https://debuginfod.ubuntu.com /usr/bin/cmake /home/ws/src/quadruped_msgs -DCMAKE_BUILD_TYPE=Release -DCMAKE_INSTALL_PREFIX=/home/ws/install/quadruped_msgs
[0.678s] -- Found ament_cmake: 2.5.3 (/opt/ros/jazzy/share/ament_cmake/cmake)
[0.678s] -- Found Python3: /usr/bin/python3 (found version "3.12.3") found components: Interpreter 
[0.679s] -- Found std_msgs: 5.3.5 (/opt/ros/jazzy/share/std_msgs/cmake)
[0.679s] -- Found rosidl_generator_c: 4.6.5 (/opt/ros/jazzy/share/rosidl_generator_c/cmake)
[0.679s] -- Found rosidl_generator_cpp: 4.6.5 (/opt/ros/jazzy/share/rosidl_generator_cpp/cmake)
[0.679s] -- Using all available rosidl_typesupport_c: rosidl_typesupport_fastrtps_c;rosidl_typesupport_introspection_c
[0.679s] -- Using all available rosidl_typesupport_cpp: rosidl_typesupport_fastrtps_cpp;rosidl_typesupport_introspection_cpp
[0.679s] -- Found geometry_msgs: 5.3.5 (/opt/ros/jazzy/share/geometry_msgs/cmake)
[0.679s] -- Found rosidl_default_generators: 1.6.0 (/opt/ros/jazzy/share/rosidl_default_generators/cmake)
[0.680s] -- Found rosidl_adapter: 4.6.5 (/opt/ros/jazzy/share/rosidl_adapter/cmake)
[1.692s] -- Found ament_cmake_ros: 0.12.0 (/opt/ros/jazzy/share/ament_cmake_ros/cmake)
[2.629s] -- Using all available rosidl_typesupport_c: rosidl_typesupport_fastrtps_c;rosidl_typesupport_introspection_c
[3.066s] -- Using all available rosidl_typesupport_cpp: rosidl_typesupport_fastrtps_cpp;rosidl_typesupport_introspection_cpp
[3.068s] -- Found python_cmake_module: 0.11.1 (/opt/ros/jazzy/share/python_cmake_module/cmake)
[3.790s] -- Found Python3: /usr/bin/python3 (found version "3.12.3") found components: Interpreter Development NumPy Development.Module Development.Embed 
[3.910s] -- Found ament_lint_auto: 0.17.1 (/opt/ros/jazzy/share/ament_lint_auto/cmake)
[3.931s] -- Added test 'lint_cmake' to check CMake code style
[3.932s] -- Added test 'xmllint' to check XML markup files
[3.933s] -- Configuring done (3.8s)
[4.054s] -- Generating done (0.1s)
[4.085s] -- Build files have been written to: /home/ws/build/quadruped_msgs
[4.126s] Invoked command in '/home/ws/build/quadruped_msgs' returned '0': CMAKE_PREFIX_PATH=${CMAKE_PREFIX_PATH}:/home/ws/install/py_pubsub:/opt/ros/jazzy DEBUGINFOD_URLS=https://debuginfod.ubuntu.com /usr/bin/cmake /home/ws/src/quadruped_msgs -DCMAKE_BUILD_TYPE=Release -DCMAKE_INSTALL_PREFIX=/home/ws/install/quadruped_msgs
[4.127s] Invoking command in '/home/ws/build/quadruped_msgs': CMAKE_PREFIX_PATH=${CMAKE_PREFIX_PATH}:/home/ws/install/py_pubsub:/opt/ros/jazzy DEBUGINFOD_URLS=https://debuginfod.ubuntu.com /usr/bin/cmake --build /home/ws/build/quadruped_msgs -- -j8 -l8
[4.292s] [  1%] [34m[1mGenerating type hashes for ROS interfaces[0m
[4.310s] [  1%] Built target ament_cmake_python_copy_quadruped_msgs
[4.832s] running egg_info
[4.861s] writing quadruped_msgs.egg-info/PKG-INFO
[4.862s] writing dependency_links to quadruped_msgs.egg-info/dependency_links.txt
[4.863s] writing top-level names to quadruped_msgs.egg-info/top_level.txt
[4.978s] reading manifest file 'quadruped_msgs.egg-info/SOURCES.txt'
[4.978s] writing manifest file 'quadruped_msgs.egg-info/SOURCES.txt'
[5.062s] [  1%] Built target ament_cmake_python_build_quadruped_msgs_egg
[5.707s] [  1%] Built target quadruped_msgs__rosidl_generator_type_description
[5.731s] [  3%] [34m[1mGenerating C code for ROS interfaces[0m
[5.768s] [  4%] [34m[1mGenerating C++ code for ROS interfaces[0m
[7.628s] [  4%] Built target quadruped_msgs__cpp
[7.743s] [  6%] [32mBuilding C object CMakeFiles/quadruped_msgs__rosidl_generator_c.dir/rosidl_generator_c/quadruped_msgs/msg/detail/quadruped_state__description.c.o[0m
[7.763s] [  7%] [32mBuilding C object CMakeFiles/quadruped_msgs__rosidl_generator_c.dir/rosidl_generator_c/quadruped_msgs/msg/detail/quadruped_state__functions.c.o[0m
[7.763s] [  9%] [32mBuilding C object CMakeFiles/quadruped_msgs__rosidl_generator_c.dir/rosidl_generator_c/quadruped_msgs/msg/detail/gait_pattern__type_support.c.o[0m
[7.764s] [ 10%] [32mBuilding C object CMakeFiles/quadruped_msgs__rosidl_generator_c.dir/rosidl_generator_c/quadruped_msgs/msg/detail/gait_pattern__description.c.o[0m
[7.764s] [ 12%] [32mBuilding C object CMakeFiles/quadruped_msgs__rosidl_generator_c.dir/rosidl_generator_c/quadruped_msgs/msg/detail/quadruped_state__type_support.c.o[0m
[7.775s] [ 14%] [32mBuilding C object CMakeFiles/quadruped_msgs__rosidl_generator_c.dir/rosidl_generator_c/quadruped_msgs/msg/detail/gait_pattern__functions.c.o[0m
[7.787s] [ 15%] [32mBuilding C object CMakeFiles/quadruped_msgs__rosidl_generator_c.dir/rosidl_generator_c/quadruped_msgs/msg/detail/foot_states__description.c.o[0m
[7.787s] [ 17%] [32mBuilding C object CMakeFiles/quadruped_msgs__rosidl_generator_c.dir/rosidl_generator_c/quadruped_msgs/msg/detail/foot_states__functions.c.o[0m
[7.900s] [ 18%] [32mBuilding C object CMakeFiles/quadruped_msgs__rosidl_generator_c.dir/rosidl_generator_c/quadruped_msgs/msg/detail/foot_forces__description.c.o[0m
[7.909s] [ 20%] [32mBuilding C object CMakeFiles/quadruped_msgs__rosidl_generator_c.dir/rosidl_generator_c/quadruped_msgs/msg/detail/foot_states__type_support.c.o[0m
[7.920s] [ 21%] [32mBuilding C object CMakeFiles/quadruped_msgs__rosidl_generator_c.dir/rosidl_generator_c/quadruped_msgs/msg/detail/foot_forces__type_support.c.o[0m
[7.923s] [ 23%] [32mBuilding C object CMakeFiles/quadruped_msgs__rosidl_generator_c.dir/rosidl_generator_c/quadruped_msgs/msg/detail/foot_forces__functions.c.o[0m
[8.199s] [ 25%] [32m[1mLinking C shared library libquadruped_msgs__rosidl_generator_c.so[0m
[8.333s] [ 25%] Built target quadruped_msgs__rosidl_generator_c
[8.369s] [ 26%] [34m[1mGenerating C++ type support dispatch for ROS interfaces[0m
[8.372s] [ 28%] [34m[1mGenerating C type support for eProsima Fast-RTPS[0m
[8.383s] [ 29%] [34m[1mGenerating C++ type support for eProsima Fast-RTPS[0m
[8.389s] [ 31%] [34m[1mGenerating C type support dispatch for ROS interfaces[0m
[8.419s] [ 32%] [34m[1mGenerating C++ introspection for ROS interfaces[0m
[8.432s] [ 34%] [34m[1mGenerating C introspection for ROS interfaces[0m
[10.138s] [ 35%] [32mBuilding CXX object CMakeFiles/quadruped_msgs__rosidl_typesupport_c.dir/rosidl_typesupport_c/quadruped_msgs/msg/quadruped_state__type_support.cpp.o[0m
[10.156s] [ 37%] [32mBuilding CXX object CMakeFiles/quadruped_msgs__rosidl_typesupport_c.dir/rosidl_typesupport_c/quadruped_msgs/msg/foot_states__type_support.cpp.o[0m
[10.183s] [ 39%] [32mBuilding CXX object CMakeFiles/quadruped_msgs__rosidl_typesupport_c.dir/rosidl_typesupport_c/quadruped_msgs/msg/gait_pattern__type_support.cpp.o[0m
[10.190s] [ 40%] [32mBuilding CXX object CMakeFiles/quadruped_msgs__rosidl_typesupport_introspection_cpp.dir/rosidl_typesupport_introspection_cpp/quadruped_msgs/msg/detail/quadruped_state__type_support.cpp.o[0m
[10.216s] [ 42%] [32mBuilding CXX object CMakeFiles/quadruped_msgs__rosidl_typesupport_cpp.dir/rosidl_typesupport_cpp/quadruped_msgs/msg/quadruped_state__type_support.cpp.o[0m
[10.347s] [ 43%] [32mBuilding CXX object CMakeFiles/quadruped_msgs__rosidl_typesupport_c.dir/rosidl_typesupport_c/quadruped_msgs/msg/foot_forces__type_support.cpp.o[0m
[10.438s] [ 45%] [32mBuilding CXX object CMakeFiles/quadruped_msgs__rosidl_typesupport_introspection_cpp.dir/rosidl_typesupport_introspection_cpp/quadruped_msgs/msg/detail/gait_pattern__type_support.cpp.o[0m
[10.542s] [ 46%] [32mBuilding CXX object CMakeFiles/quadruped_msgs__rosidl_typesupport_introspection_cpp.dir/rosidl_typesupport_introspection_cpp/quadruped_msgs/msg/detail/foot_states__type_support.cpp.o[0m
[10.555s] [ 48%] [32m[1mLinking CXX shared library libquadruped_msgs__rosidl_typesupport_c.so[0m
[10.654s] [ 50%] [32mBuilding C object CMakeFiles/quadruped_msgs__rosidl_typesupport_introspection_c.dir/rosidl_typesupport_introspection_c/quadruped_msgs/msg/detail/quadruped_state__type_support.c.o[0m
[10.777s] [ 50%] Built target quadruped_msgs__rosidl_typesupport_c
[10.845s] [ 51%] [32mBuilding C object CMakeFiles/quadruped_msgs__rosidl_typesupport_introspection_c.dir/rosidl_typesupport_introspection_c/quadruped_msgs/msg/detail/gait_pattern__type_support.c.o[0m
[11.062s] [ 53%] [32mBuilding CXX object CMakeFiles/quadruped_msgs__rosidl_typesupport_fastrtps_cpp.dir/rosidl_typesupport_fastrtps_cpp/quadruped_msgs/msg/detail/dds_fastrtps/quadruped_state__type_support.cpp.o[0m
[11.079s] [ 54%] [32mBuilding CXX object CMakeFiles/quadruped_msgs__rosidl_typesupport_fastrtps_c.dir/rosidl_typesupport_fastrtps_c/quadruped_msgs/msg/detail/quadruped_state__type_support_c.cpp.o[0m
[11.147s] [ 56%] [32mBuilding C object CMakeFiles/quadruped_msgs__rosidl_typesupport_introspection_c.dir/rosidl_typesupport_introspection_c/quadruped_msgs/msg/detail/foot_states__type_support.c.o[0m
[11.261s] [ 57%] [32mBuilding CXX object CMakeFiles/quadruped_msgs__rosidl_typesupport_introspection_cpp.dir/rosidl_typesupport_introspection_cpp/quadruped_msgs/msg/detail/foot_forces__type_support.cpp.o[0m
[11.430s] [ 59%] [32mBuilding CXX object CMakeFiles/quadruped_msgs__rosidl_typesupport_cpp.dir/rosidl_typesupport_cpp/quadruped_msgs/msg/gait_pattern__type_support.cpp.o[0m
[11.442s] [ 60%] [32mBuilding C object CMakeFiles/quadruped_msgs__rosidl_typesupport_introspection_c.dir/rosidl_typesupport_introspection_c/quadruped_msgs/msg/detail/foot_forces__type_support.c.o[0m
[11.649s] [ 62%] [32mBuilding CXX object CMakeFiles/quadruped_msgs__rosidl_typesupport_fastrtps_c.dir/rosidl_typesupport_fastrtps_c/quadruped_msgs/msg/detail/gait_pattern__type_support_c.cpp.o[0m
[11.667s] [ 64%] [32m[1mLinking C shared library libquadruped_msgs__rosidl_typesupport_introspection_c.so[0m
[11.827s] [ 64%] Built target quadruped_msgs__rosidl_typesupport_introspection_c
[11.894s] [ 65%] [32mBuilding CXX object CMakeFiles/quadruped_msgs__rosidl_typesupport_cpp.dir/rosidl_typesupport_cpp/quadruped_msgs/msg/foot_states__type_support.cpp.o[0m
[12.011s] [ 67%] [32mBuilding CXX object CMakeFiles/quadruped_msgs__rosidl_typesupport_cpp.dir/rosidl_typesupport_cpp/quadruped_msgs/msg/foot_forces__type_support.cpp.o[0m
[12.194s] [ 68%] [32mBuilding CXX object CMakeFiles/quadruped_msgs__rosidl_typesupport_fastrtps_c.dir/rosidl_typesupport_fastrtps_c/quadruped_msgs/msg/detail/foot_states__type_support_c.cpp.o[0m
[12.587s] [ 70%] [32m[1mLinking CXX shared library libquadruped_msgs__rosidl_typesupport_introspection_cpp.so[0m
[12.795s] [ 70%] Built target quadruped_msgs__rosidl_typesupport_introspection_cpp
[12.819s] [ 71%] [32mBuilding CXX object CMakeFiles/quadruped_msgs__rosidl_typesupport_fastrtps_cpp.dir/rosidl_typesupport_fastrtps_cpp/quadruped_msgs/msg/detail/dds_fastrtps/gait_pattern__type_support.cpp.o[0m
[12.839s] [ 73%] [32mBuilding CXX object CMakeFiles/quadruped_msgs__rosidl_typesupport_fastrtps_c.dir/rosidl_typesupport_fastrtps_c/quadruped_msgs/msg/detail/foot_forces__type_support_c.cpp.o[0m
[12.990s] [ 75%] [32mBuilding CXX object CMakeFiles/quadruped_msgs__rosidl_typesupport_fastrtps_cpp.dir/rosidl_typesupport_fastrtps_cpp/quadruped_msgs/msg/detail/dds_fastrtps/foot_states__type_support.cpp.o[0m
[13.125s] [ 76%] [32mBuilding CXX object CMakeFiles/quadruped_msgs__rosidl_typesupport_fastrtps_cpp.dir/rosidl_typesupport_fastrtps_cpp/quadruped_msgs/msg/detail/dds_fastrtps/foot_forces__type_support.cpp.o[0m
[13.164s] [ 78%] [32m[1mLinking CXX shared library libquadruped_msgs__rosidl_typesupport_cpp.so[0m
[13.349s] [ 78%] Built target quadruped_msgs__rosidl_typesupport_cpp
[14.091s] [ 79%] [32m[1mLinking CXX shared library libquadruped_msgs__rosidl_typesupport_fastrtps_c.so[0m
[14.208s] [ 79%] Built target quadruped_msgs__rosidl_typesupport_fastrtps_c
[14.773s] [ 81%] [32m[1mLinking CXX shared library libquadruped_msgs__rosidl_typesupport_fastrtps_cpp.so[0m
[14.943s] [ 81%] Built target quadruped_msgs__rosidl_typesupport_fastrtps_cpp
[14.995s] [ 81%] Built target quadruped_msgs
[15.046s] [ 82%] [34m[1mGenerating Python code for ROS interfaces[0m
[18.029s] [ 82%] Built target quadruped_msgs__py
[18.096s] [ 84%] [32mBuilding C object CMakeFiles/quadruped_msgs__rosidl_generator_py.dir/rosidl_generator_py/quadruped_msgs/msg/_quadruped_state_s.c.o[0m
[19.219s] [ 85%] [32mBuilding C object CMakeFiles/quadruped_msgs__rosidl_generator_py.dir/rosidl_generator_py/quadruped_msgs/msg/_foot_forces_s.c.o[0m
[19.557s] [ 87%] [32mBuilding C object CMakeFiles/quadruped_msgs__rosidl_generator_py.dir/rosidl_generator_py/quadruped_msgs/msg/_foot_states_s.c.o[0m
[19.876s] [ 89%] [32mBuilding C object CMakeFiles/quadruped_msgs__rosidl_generator_py.dir/rosidl_generator_py/quadruped_msgs/msg/_gait_pattern_s.c.o[0m
[20.445s] [ 90%] [32m[1mLinking C shared library libquadruped_msgs__rosidl_generator_py.so[0m
[20.551s] [ 90%] Built target quadruped_msgs__rosidl_generator_py
[20.611s] [ 92%] [32mBuilding C object CMakeFiles/quadruped_msgs_s__rosidl_typesupport_fastrtps_c.dir/rosidl_generator_py/quadruped_msgs/_quadruped_msgs_s.ep.rosidl_typesupport_fastrtps_c.c.o[0m
[20.988s] [ 93%] [32m[1mLinking C shared module rosidl_generator_py/quadruped_msgs/quadruped_msgs_s__rosidl_typesupport_fastrtps_c.so[0m
[21.073s] [ 93%] Built target quadruped_msgs_s__rosidl_typesupport_fastrtps_c
[21.136s] [ 95%] [32mBuilding C object CMakeFiles/quadruped_msgs_s__rosidl_typesupport_c.dir/rosidl_generator_py/quadruped_msgs/_quadruped_msgs_s.ep.rosidl_typesupport_c.c.o[0m
[21.492s] [ 96%] [32m[1mLinking C shared module rosidl_generator_py/quadruped_msgs/quadruped_msgs_s__rosidl_typesupport_c.so[0m
[21.573s] [ 96%] Built target quadruped_msgs_s__rosidl_typesupport_c
[21.632s] [ 98%] [32mBuilding C object CMakeFiles/quadruped_msgs_s__rosidl_typesupport_introspection_c.dir/rosidl_generator_py/quadruped_msgs/_quadruped_msgs_s.ep.rosidl_typesupport_introspection_c.c.o[0m
[21.995s] [100%] [32m[1mLinking C shared module rosidl_generator_py/quadruped_msgs/quadruped_msgs_s__rosidl_typesupport_introspection_c.so[0m
[22.078s] [100%] Built target quadruped_msgs_s__rosidl_typesupport_introspection_c
[22.110s] Invoked command in '/home/ws/build/quadruped_msgs' returned '0': CMAKE_PREFIX_PATH=${CMAKE_PREFIX_PATH}:/home/ws/install/py_pubsub:/opt/ros/jazzy DEBUGINFOD_URLS=https://debuginfod.ubuntu.com /usr/bin/cmake --build /home/ws/build/quadruped_msgs -- -j8 -l8
[22.111s] Invoking command in '/home/ws/build/quadruped_msgs': CMAKE_PREFIX_PATH=${CMAKE_PREFIX_PATH}:/home/ws/install/py_pubsub:/opt/ros/jazzy DEBUGINFOD_URLS=https://debuginfod.ubuntu.com /usr/bin/cmake --install /home/ws/build/quadruped_msgs
[22.133s] -- Install configuration: "Release"
[22.134s] -- Up-to-date: /home/ws/install/quadruped_msgs/share/ament_index/resource_index/rosidl_interfaces/quadruped_msgs
[22.134s] -- Installing: /home/ws/install/quadruped_msgs/share/quadruped_msgs/msg/QuadrupedState.json
[22.137s] -- Installing: /home/ws/install/quadruped_msgs/share/quadruped_msgs/msg/GaitPattern.json
[22.137s] -- Installing: /home/ws/install/quadruped_msgs/share/quadruped_msgs/msg/FootStates.json
[22.138s] -- Installing: /home/ws/install/quadruped_msgs/share/quadruped_msgs/msg/FootForces.json
[22.138s] -- Up-to-date: /home/ws/install/quadruped_msgs/include/quadruped_msgs/quadruped_msgs
[22.138s] -- Up-to-date: /home/ws/install/quadruped_msgs/include/quadruped_msgs/quadruped_msgs/msg
[22.138s] -- Installing: /home/ws/install/quadruped_msgs/include/quadruped_msgs/quadruped_msgs/msg/foot_forces.h
[22.138s] -- Up-to-date: /home/ws/install/quadruped_msgs/include/quadruped_msgs/quadruped_msgs/msg/detail
[22.138s] -- Installing: /home/ws/install/quadruped_msgs/include/quadruped_msgs/quadruped_msgs/msg/detail/foot_states__type_support.c
[22.139s] -- Installing: /home/ws/install/quadruped_msgs/include/quadruped_msgs/quadruped_msgs/msg/detail/foot_forces__description.c
[22.139s] -- Installing: /home/ws/install/quadruped_msgs/include/quadruped_msgs/quadruped_msgs/msg/detail/quadruped_state__functions.c
[22.139s] -- Installing: /home/ws/install/quadruped_msgs/include/quadruped_msgs/quadruped_msgs/msg/detail/gait_pattern__struct.h
[22.139s] -- Installing: /home/ws/install/quadruped_msgs/include/quadruped_msgs/quadruped_msgs/msg/detail/quadruped_state__type_support.h
[22.139s] -- Installing: /home/ws/install/quadruped_msgs/include/quadruped_msgs/quadruped_msgs/msg/detail/gait_pattern__functions.c
[22.139s] -- Installing: /home/ws/install/quadruped_msgs/include/quadruped_msgs/quadruped_msgs/msg/detail/foot_states__struct.h
[22.140s] -- Installing: /home/ws/install/quadruped_msgs/include/quadruped_msgs/quadruped_msgs/msg/detail/foot_forces__functions.c
[22.140s] -- Installing: /home/ws/install/quadruped_msgs/include/quadruped_msgs/quadruped_msgs/msg/detail/foot_forces__functions.h
[22.140s] -- Installing: /home/ws/install/quadruped_msgs/include/quadruped_msgs/quadruped_msgs/msg/detail/foot_states__type_support.h
[22.140s] -- Installing: /home/ws/install/quadruped_msgs/include/quadruped_msgs/quadruped_msgs/msg/detail/foot_forces__struct.h
[22.140s] -- Installing: /home/ws/install/quadruped_msgs/include/quadruped_msgs/quadruped_msgs/msg/detail/quadruped_state__description.c
[22.140s] -- Installing: /home/ws/install/quadruped_msgs/include/quadruped_msgs/quadruped_msgs/msg/detail/foot_forces__type_support.h
[22.141s] -- Installing: /home/ws/install/quadruped_msgs/include/quadruped_msgs/quadruped_msgs/msg/detail/foot_states__description.c
[22.142s] -- Installing: /home/ws/install/quadruped_msgs/include/quadruped_msgs/quadruped_msgs/msg/detail/quadruped_state__type_support.c
[22.142s] -- Installing: /home/ws/install/quadruped_msgs/include/quadruped_msgs/quadruped_msgs/msg/detail/gait_pattern__type_support.h
[22.142s] -- Installing: /home/ws/install/quadruped_msgs/include/quadruped_msgs/quadruped_msgs/msg/detail/foot_states__functions.c
[22.142s] -- Installing: /home/ws/install/quadruped_msgs/include/quadruped_msgs/quadruped_msgs/msg/detail/gait_pattern__functions.h
[22.142s] -- Installing: /home/ws/install/quadruped_msgs/include/quadruped_msgs/quadruped_msgs/msg/detail/gait_pattern__type_support.c
[22.142s] -- Installing: /home/ws/install/quadruped_msgs/include/quadruped_msgs/quadruped_msgs/msg/detail/foot_states__functions.h
[22.142s] -- Installing: /home/ws/install/quadruped_msgs/include/quadruped_msgs/quadruped_msgs/msg/detail/foot_forces__type_support.c
[22.143s] -- Installing: /home/ws/install/quadruped_msgs/include/quadruped_msgs/quadruped_msgs/msg/detail/quadruped_state__functions.h
[22.143s] -- Installing: /home/ws/install/quadruped_msgs/include/quadruped_msgs/quadruped_msgs/msg/detail/gait_pattern__description.c
[22.143s] -- Installing: /home/ws/install/quadruped_msgs/include/quadruped_msgs/quadruped_msgs/msg/detail/quadruped_state__struct.h
[22.143s] -- Installing: /home/ws/install/quadruped_msgs/include/quadruped_msgs/quadruped_msgs/msg/foot_states.h
[22.143s] -- Installing: /home/ws/install/quadruped_msgs/include/quadruped_msgs/quadruped_msgs/msg/quadruped_state.h
[22.143s] -- Up-to-date: /home/ws/install/quadruped_msgs/include/quadruped_msgs/quadruped_msgs/msg/rosidl_generator_c__visibility_control.h
[22.144s] -- Installing: /home/ws/install/quadruped_msgs/include/quadruped_msgs/quadruped_msgs/msg/gait_pattern.h
[22.144s] -- Up-to-date: /home/ws/install/quadruped_msgs/share/quadruped_msgs/environment/library_path.sh
[22.144s] -- Up-to-date: /home/ws/install/quadruped_msgs/share/quadruped_msgs/environment/library_path.dsv
[22.144s] -- Installing: /home/ws/install/quadruped_msgs/lib/libquadruped_msgs__rosidl_generator_c.so
[22.154s] -- Set non-toolchain portion of runtime path of "/home/ws/install/quadruped_msgs/lib/libquadruped_msgs__rosidl_generator_c.so" to ""
[22.155s] -- Up-to-date: /home/ws/install/quadruped_msgs/include/quadruped_msgs/quadruped_msgs
[22.155s] -- Up-to-date: /home/ws/install/quadruped_msgs/include/quadruped_msgs/quadruped_msgs/msg
[22.155s] -- Up-to-date: /home/ws/install/quadruped_msgs/include/quadruped_msgs/quadruped_msgs/msg/detail
[22.155s] -- Installing: /home/ws/install/quadruped_msgs/include/quadruped_msgs/quadruped_msgs/msg/detail/foot_forces__rosidl_typesupport_fastrtps_c.h
[22.155s] -- Installing: /home/ws/install/quadruped_msgs/include/quadruped_msgs/quadruped_msgs/msg/detail/quadruped_state__rosidl_typesupport_fastrtps_c.h
[22.155s] -- Installing: /home/ws/install/quadruped_msgs/include/quadruped_msgs/quadruped_msgs/msg/detail/foot_states__rosidl_typesupport_fastrtps_c.h
[22.156s] -- Installing: /home/ws/install/quadruped_msgs/include/quadruped_msgs/quadruped_msgs/msg/detail/gait_pattern__rosidl_typesupport_fastrtps_c.h
[22.156s] -- Up-to-date: /home/ws/install/quadruped_msgs/include/quadruped_msgs/quadruped_msgs/msg/rosidl_typesupport_fastrtps_c__visibility_control.h
[22.156s] -- Installing: /home/ws/install/quadruped_msgs/lib/libquadruped_msgs__rosidl_typesupport_fastrtps_c.so
[22.156s] -- Set non-toolchain portion of runtime path of "/home/ws/install/quadruped_msgs/lib/libquadruped_msgs__rosidl_typesupport_fastrtps_c.so" to ""
[22.156s] -- Up-to-date: /home/ws/install/quadruped_msgs/include/quadruped_msgs/quadruped_msgs
[22.156s] -- Up-to-date: /home/ws/install/quadruped_msgs/include/quadruped_msgs/quadruped_msgs/msg
[22.156s] -- Installing: /home/ws/install/quadruped_msgs/include/quadruped_msgs/quadruped_msgs/msg/foot_states.hpp
[22.157s] -- Installing: /home/ws/install/quadruped_msgs/include/quadruped_msgs/quadruped_msgs/msg/gait_pattern.hpp
[22.157s] -- Installing: /home/ws/install/quadruped_msgs/include/quadruped_msgs/quadruped_msgs/msg/rosidl_generator_cpp__visibility_control.hpp
[22.157s] -- Up-to-date: /home/ws/install/quadruped_msgs/include/quadruped_msgs/quadruped_msgs/msg/detail
[22.157s] -- Installing: /home/ws/install/quadruped_msgs/include/quadruped_msgs/quadruped_msgs/msg/detail/quadruped_state__builder.hpp
[22.157s] -- Installing: /home/ws/install/quadruped_msgs/include/quadruped_msgs/quadruped_msgs/msg/detail/foot_states__struct.hpp
[22.157s] -- Installing: /home/ws/install/quadruped_msgs/include/quadruped_msgs/quadruped_msgs/msg/detail/foot_forces__builder.hpp
[22.157s] -- Installing: /home/ws/install/quadruped_msgs/include/quadruped_msgs/quadruped_msgs/msg/detail/foot_forces__struct.hpp
[22.158s] -- Installing: /home/ws/install/quadruped_msgs/include/quadruped_msgs/quadruped_msgs/msg/detail/gait_pattern__builder.hpp
[22.158s] -- Installing: /home/ws/install/quadruped_msgs/include/quadruped_msgs/quadruped_msgs/msg/detail/gait_pattern__traits.hpp
[22.158s] -- Installing: /home/ws/install/quadruped_msgs/include/quadruped_msgs/quadruped_msgs/msg/detail/gait_pattern__struct.hpp
[22.158s] -- Installing: /home/ws/install/quadruped_msgs/include/quadruped_msgs/quadruped_msgs/msg/detail/quadruped_state__traits.hpp
[22.162s] -- Installing: /home/ws/install/quadruped_msgs/include/quadruped_msgs/quadruped_msgs/msg/detail/foot_states__type_support.hpp
[22.165s] -- Installing: /home/ws/install/quadruped_msgs/include/quadruped_msgs/quadruped_msgs/msg/detail/foot_states__traits.hpp
[22.165s] -- Installing: /home/ws/install/quadruped_msgs/include/quadruped_msgs/quadruped_msgs/msg/detail/quadruped_state__struct.hpp
[22.165s] -- Installing: /home/ws/install/quadruped_msgs/include/quadruped_msgs/quadruped_msgs/msg/detail/gait_pattern__type_support.hpp
[22.165s] -- Installing: /home/ws/install/quadruped_msgs/include/quadruped_msgs/quadruped_msgs/msg/detail/foot_states__builder.hpp
[22.165s] -- Installing: /home/ws/install/quadruped_msgs/include/quadruped_msgs/quadruped_msgs/msg/detail/foot_forces__traits.hpp
[22.166s] -- Installing: /home/ws/install/quadruped_msgs/include/quadruped_msgs/quadruped_msgs/msg/detail/foot_forces__type_support.hpp
[22.166s] -- Installing: /home/ws/install/quadruped_msgs/include/quadruped_msgs/quadruped_msgs/msg/detail/quadruped_state__type_support.hpp
[22.166s] -- Installing: /home/ws/install/quadruped_msgs/include/quadruped_msgs/quadruped_msgs/msg/quadruped_state.hpp
[22.166s] -- Installing: /home/ws/install/quadruped_msgs/include/quadruped_msgs/quadruped_msgs/msg/foot_forces.hpp
[22.166s] -- Up-to-date: /home/ws/install/quadruped_msgs/include/quadruped_msgs/quadruped_msgs
[22.167s] -- Up-to-date: /home/ws/install/quadruped_msgs/include/quadruped_msgs/quadruped_msgs/msg
[22.167s] -- Up-to-date: /home/ws/install/quadruped_msgs/include/quadruped_msgs/quadruped_msgs/msg/detail
[22.167s] -- Up-to-date: /home/ws/install/quadruped_msgs/include/quadruped_msgs/quadruped_msgs/msg/detail/dds_fastrtps
[22.167s] -- Installing: /home/ws/install/quadruped_msgs/include/quadruped_msgs/quadruped_msgs/msg/detail/foot_forces__rosidl_typesupport_fastrtps_cpp.hpp
[22.167s] -- Installing: /home/ws/install/quadruped_msgs/include/quadruped_msgs/quadruped_msgs/msg/detail/quadruped_state__rosidl_typesupport_fastrtps_cpp.hpp
[22.168s] -- Installing: /home/ws/install/quadruped_msgs/include/quadruped_msgs/quadruped_msgs/msg/detail/foot_states__rosidl_typesupport_fastrtps_cpp.hpp
[22.168s] -- Installing: /home/ws/install/quadruped_msgs/include/quadruped_msgs/quadruped_msgs/msg/detail/gait_pattern__rosidl_typesupport_fastrtps_cpp.hpp
[22.168s] -- Up-to-date: /home/ws/install/quadruped_msgs/include/quadruped_msgs/quadruped_msgs/msg/rosidl_typesupport_fastrtps_cpp__visibility_control.h
[22.168s] -- Installing: /home/ws/install/quadruped_msgs/lib/libquadruped_msgs__rosidl_typesupport_fastrtps_cpp.so
[22.168s] -- Set non-toolchain portion of runtime path of "/home/ws/install/quadruped_msgs/lib/libquadruped_msgs__rosidl_typesupport_fastrtps_cpp.so" to ""
[22.168s] -- Up-to-date: /home/ws/install/quadruped_msgs/include/quadruped_msgs/quadruped_msgs
[22.168s] -- Up-to-date: /home/ws/install/quadruped_msgs/include/quadruped_msgs/quadruped_msgs/msg
[22.169s] -- Up-to-date: /home/ws/install/quadruped_msgs/include/quadruped_msgs/quadruped_msgs/msg/detail
[22.169s] -- Installing: /home/ws/install/quadruped_msgs/include/quadruped_msgs/quadruped_msgs/msg/detail/foot_states__type_support.c
[22.169s] -- Installing: /home/ws/install/quadruped_msgs/include/quadruped_msgs/quadruped_msgs/msg/detail/quadruped_state__rosidl_typesupport_introspection_c.h
[22.169s] -- Installing: /home/ws/install/quadruped_msgs/include/quadruped_msgs/quadruped_msgs/msg/detail/foot_states__rosidl_typesupport_introspection_c.h
[22.169s] -- Installing: /home/ws/install/quadruped_msgs/include/quadruped_msgs/quadruped_msgs/msg/detail/foot_forces__rosidl_typesupport_introspection_c.h
[22.169s] -- Installing: /home/ws/install/quadruped_msgs/include/quadruped_msgs/quadruped_msgs/msg/detail/quadruped_state__type_support.c
[22.169s] -- Installing: /home/ws/install/quadruped_msgs/include/quadruped_msgs/quadruped_msgs/msg/detail/gait_pattern__type_support.c
[22.170s] -- Installing: /home/ws/install/quadruped_msgs/include/quadruped_msgs/quadruped_msgs/msg/detail/gait_pattern__rosidl_typesupport_introspection_c.h
[22.170s] -- Installing: /home/ws/install/quadruped_msgs/include/quadruped_msgs/quadruped_msgs/msg/detail/foot_forces__type_support.c
[22.170s] -- Up-to-date: /home/ws/install/quadruped_msgs/include/quadruped_msgs/quadruped_msgs/msg/rosidl_typesupport_introspection_c__visibility_control.h
[22.170s] -- Installing: /home/ws/install/quadruped_msgs/lib/libquadruped_msgs__rosidl_typesupport_introspection_c.so
[22.170s] -- Set non-toolchain portion of runtime path of "/home/ws/install/quadruped_msgs/lib/libquadruped_msgs__rosidl_typesupport_introspection_c.so" to ""
[22.170s] -- Installing: /home/ws/install/quadruped_msgs/lib/libquadruped_msgs__rosidl_typesupport_c.so
[22.171s] -- Set non-toolchain portion of runtime path of "/home/ws/install/quadruped_msgs/lib/libquadruped_msgs__rosidl_typesupport_c.so" to ""
[22.171s] -- Up-to-date: /home/ws/install/quadruped_msgs/include/quadruped_msgs/quadruped_msgs
[22.171s] -- Up-to-date: /home/ws/install/quadruped_msgs/include/quadruped_msgs/quadruped_msgs/msg
[22.171s] -- Up-to-date: /home/ws/install/quadruped_msgs/include/quadruped_msgs/quadruped_msgs/msg/detail
[22.171s] -- Installing: /home/ws/install/quadruped_msgs/include/quadruped_msgs/quadruped_msgs/msg/detail/foot_states__type_support.cpp
[22.172s] -- Installing: /home/ws/install/quadruped_msgs/include/quadruped_msgs/quadruped_msgs/msg/detail/foot_forces__type_support.cpp
[22.172s] -- Installing: /home/ws/install/quadruped_msgs/include/quadruped_msgs/quadruped_msgs/msg/detail/foot_states__rosidl_typesupport_introspection_cpp.hpp
[22.172s] -- Installing: /home/ws/install/quadruped_msgs/include/quadruped_msgs/quadruped_msgs/msg/detail/quadruped_state__rosidl_typesupport_introspection_cpp.hpp
[22.172s] -- Installing: /home/ws/install/quadruped_msgs/include/quadruped_msgs/quadruped_msgs/msg/detail/foot_forces__rosidl_typesupport_introspection_cpp.hpp
[22.172s] -- Installing: /home/ws/install/quadruped_msgs/include/quadruped_msgs/quadruped_msgs/msg/detail/gait_pattern__rosidl_typesupport_introspection_cpp.hpp
[22.172s] -- Installing: /home/ws/install/quadruped_msgs/include/quadruped_msgs/quadruped_msgs/msg/detail/quadruped_state__type_support.cpp
[22.172s] -- Installing: /home/ws/install/quadruped_msgs/include/quadruped_msgs/quadruped_msgs/msg/detail/gait_pattern__type_support.cpp
[22.173s] -- Installing: /home/ws/install/quadruped_msgs/lib/libquadruped_msgs__rosidl_typesupport_introspection_cpp.so
[22.173s] -- Set non-toolchain portion of runtime path of "/home/ws/install/quadruped_msgs/lib/libquadruped_msgs__rosidl_typesupport_introspection_cpp.so" to ""
[22.173s] -- Installing: /home/ws/install/quadruped_msgs/lib/libquadruped_msgs__rosidl_typesupport_cpp.so
[22.173s] -- Set non-toolchain portion of runtime path of "/home/ws/install/quadruped_msgs/lib/libquadruped_msgs__rosidl_typesupport_cpp.so" to ""
[22.173s] -- Up-to-date: /home/ws/install/quadruped_msgs/share/quadruped_msgs/environment/pythonpath.sh
[22.173s] -- Up-to-date: /home/ws/install/quadruped_msgs/share/quadruped_msgs/environment/pythonpath.dsv
[22.173s] -- Up-to-date: /home/ws/install/quadruped_msgs/lib/python3.12/site-packages/quadruped_msgs-0.0.0-py3.12.egg-info
[22.174s] -- Installing: /home/ws/install/quadruped_msgs/lib/python3.12/site-packages/quadruped_msgs-0.0.0-py3.12.egg-info/dependency_links.txt
[22.174s] -- Installing: /home/ws/install/quadruped_msgs/lib/python3.12/site-packages/quadruped_msgs-0.0.0-py3.12.egg-info/top_level.txt
[22.174s] -- Installing: /home/ws/install/quadruped_msgs/lib/python3.12/site-packages/quadruped_msgs-0.0.0-py3.12.egg-info/PKG-INFO
[22.174s] -- Installing: /home/ws/install/quadruped_msgs/lib/python3.12/site-packages/quadruped_msgs-0.0.0-py3.12.egg-info/SOURCES.txt
[22.174s] -- Up-to-date: /home/ws/install/quadruped_msgs/lib/python3.12/site-packages/quadruped_msgs
[22.174s] -- Installing: /home/ws/install/quadruped_msgs/lib/python3.12/site-packages/quadruped_msgs/quadruped_msgs_s__rosidl_typesupport_c.so
[22.174s] -- Installing: /home/ws/install/quadruped_msgs/lib/python3.12/site-packages/quadruped_msgs/_quadruped_msgs_s.ep.rosidl_typesupport_c.c
[22.175s] -- Installing: /home/ws/install/quadruped_msgs/lib/python3.12/site-packages/quadruped_msgs/__init__.py
[22.175s] -- Installing: /home/ws/install/quadruped_msgs/lib/python3.12/site-packages/quadruped_msgs/_quadruped_msgs_s.ep.rosidl_typesupport_introspection_c.c
[22.175s] -- Installing: /home/ws/install/quadruped_msgs/lib/python3.12/site-packages/quadruped_msgs/quadruped_msgs_s__rosidl_typesupport_introspection_c.so
[22.175s] -- Installing: /home/ws/install/quadruped_msgs/lib/python3.12/site-packages/quadruped_msgs/quadruped_msgs_s__rosidl_typesupport_fastrtps_c.so
[22.175s] -- Installing: /home/ws/install/quadruped_msgs/lib/python3.12/site-packages/quadruped_msgs/_quadruped_msgs_s.ep.rosidl_typesupport_fastrtps_c.c
[22.175s] -- Up-to-date: /home/ws/install/quadruped_msgs/lib/python3.12/site-packages/quadruped_msgs/msg
[22.175s] -- Installing: /home/ws/install/quadruped_msgs/lib/python3.12/site-packages/quadruped_msgs/msg/__init__.py
[22.176s] -- Installing: /home/ws/install/quadruped_msgs/lib/python3.12/site-packages/quadruped_msgs/msg/_foot_forces.py
[22.176s] -- Installing: /home/ws/install/quadruped_msgs/lib/python3.12/site-packages/quadruped_msgs/msg/_foot_states_s.c
[22.176s] -- Installing: /home/ws/install/quadruped_msgs/lib/python3.12/site-packages/quadruped_msgs/msg/_quadruped_state.py
[22.176s] -- Installing: /home/ws/install/quadruped_msgs/lib/python3.12/site-packages/quadruped_msgs/msg/_foot_states.py
[22.176s] -- Installing: /home/ws/install/quadruped_msgs/lib/python3.12/site-packages/quadruped_msgs/msg/_foot_forces_s.c
[22.176s] -- Installing: /home/ws/install/quadruped_msgs/lib/python3.12/site-packages/quadruped_msgs/msg/_gait_pattern.py
[22.176s] -- Installing: /home/ws/install/quadruped_msgs/lib/python3.12/site-packages/quadruped_msgs/msg/_quadruped_state_s.c
[22.177s] -- Installing: /home/ws/install/quadruped_msgs/lib/python3.12/site-packages/quadruped_msgs/msg/_gait_pattern_s.c
[22.289s] Listing '/home/ws/install/quadruped_msgs/lib/python3.12/site-packages/quadruped_msgs'...
[22.290s] Compiling '/home/ws/install/quadruped_msgs/lib/python3.12/site-packages/quadruped_msgs/__init__.py'...
[22.290s] Listing '/home/ws/install/quadruped_msgs/lib/python3.12/site-packages/quadruped_msgs/msg'...
[22.290s] Compiling '/home/ws/install/quadruped_msgs/lib/python3.12/site-packages/quadruped_msgs/msg/__init__.py'...
[22.290s] Compiling '/home/ws/install/quadruped_msgs/lib/python3.12/site-packages/quadruped_msgs/msg/_foot_forces.py'...
[22.290s] Compiling '/home/ws/install/quadruped_msgs/lib/python3.12/site-packages/quadruped_msgs/msg/_foot_states.py'...
[22.291s] Compiling '/home/ws/install/quadruped_msgs/lib/python3.12/site-packages/quadruped_msgs/msg/_gait_pattern.py'...
[22.291s] Compiling '/home/ws/install/quadruped_msgs/lib/python3.12/site-packages/quadruped_msgs/msg/_quadruped_state.py'...
[22.295s] -- Installing: /home/ws/install/quadruped_msgs/lib/python3.12/site-packages/quadruped_msgs/quadruped_msgs_s__rosidl_typesupport_fastrtps_c.so
[22.295s] -- Set non-toolchain portion of runtime path of "/home/ws/install/quadruped_msgs/lib/python3.12/site-packages/quadruped_msgs/quadruped_msgs_s__rosidl_typesupport_fastrtps_c.so" to ""
[22.296s] -- Installing: /home/ws/install/quadruped_msgs/lib/python3.12/site-packages/quadruped_msgs/quadruped_msgs_s__rosidl_typesupport_introspection_c.so
[22.297s] -- Set non-toolchain portion of runtime path of "/home/ws/install/quadruped_msgs/lib/python3.12/site-packages/quadruped_msgs/quadruped_msgs_s__rosidl_typesupport_introspection_c.so" to ""
[22.297s] -- Installing: /home/ws/install/quadruped_msgs/lib/python3.12/site-packages/quadruped_msgs/quadruped_msgs_s__rosidl_typesupport_c.so
[22.298s] -- Set non-toolchain portion of runtime path of "/home/ws/install/quadruped_msgs/lib/python3.12/site-packages/quadruped_msgs/quadruped_msgs_s__rosidl_typesupport_c.so" to ""
[22.298s] -- Installing: /home/ws/install/quadruped_msgs/lib/libquadruped_msgs__rosidl_generator_py.so
[22.299s] -- Set non-toolchain portion of runtime path of "/home/ws/install/quadruped_msgs/lib/libquadruped_msgs__rosidl_generator_py.so" to ""
[22.299s] -- Up-to-date: /home/ws/install/quadruped_msgs/share/quadruped_msgs/msg/QuadrupedState.idl
[22.299s] -- Installing: /home/ws/install/quadruped_msgs/share/quadruped_msgs/msg/GaitPattern.idl
[22.299s] -- Up-to-date: /home/ws/install/quadruped_msgs/share/quadruped_msgs/msg/FootStates.idl
[22.300s] -- Installing: /home/ws/install/quadruped_msgs/share/quadruped_msgs/msg/FootForces.idl
[22.300s] -- Up-to-date: /home/ws/install/quadruped_msgs/share/quadruped_msgs/msg/QuadrupedState.msg
[22.300s] -- Installing: /home/ws/install/quadruped_msgs/share/quadruped_msgs/msg/GaitPattern.msg
[22.300s] -- Up-to-date: /home/ws/install/quadruped_msgs/share/quadruped_msgs/msg/FootStates.msg
[22.300s] -- Installing: /home/ws/install/quadruped_msgs/share/quadruped_msgs/msg/FootForces.msg
[22.301s] -- Up-to-date: /home/ws/install/quadruped_msgs/share/ament_index/resource_index/package_run_dependencies/quadruped_msgs
[22.301s] -- Installing: /home/ws/install/quadruped_msgs/share/ament_index/resource_index/parent_prefix_path/quadruped_msgs
[22.301s] -- Up-to-date: /home/ws/install/quadruped_msgs/share/quadruped_msgs/environment/ament_prefix_path.sh
[22.302s] -- Up-to-date: /home/ws/install/quadruped_msgs/share/quadruped_msgs/environment/ament_prefix_path.dsv
[22.302s] -- Up-to-date: /home/ws/install/quadruped_msgs/share/quadruped_msgs/environment/path.sh
[22.302s] -- Up-to-date: /home/ws/install/quadruped_msgs/share/quadruped_msgs/environment/path.dsv
[22.302s] -- Up-to-date: /home/ws/install/quadruped_msgs/share/quadruped_msgs/local_setup.bash
[22.303s] -- Up-to-date: /home/ws/install/quadruped_msgs/share/quadruped_msgs/local_setup.sh
[22.303s] -- Up-to-date: /home/ws/install/quadruped_msgs/share/quadruped_msgs/local_setup.zsh
[22.303s] -- Up-to-date: /home/ws/install/quadruped_msgs/share/quadruped_msgs/local_setup.dsv
[22.304s] -- Installing: /home/ws/install/quadruped_msgs/share/quadruped_msgs/package.dsv
[22.304s] -- Up-to-date: /home/ws/install/quadruped_msgs/share/ament_index/resource_index/packages/quadruped_msgs
[22.304s] -- Up-to-date: /home/ws/install/quadruped_msgs/share/quadruped_msgs/cmake/export_quadruped_msgs__rosidl_generator_cExport.cmake
[22.304s] -- Up-to-date: /home/ws/install/quadruped_msgs/share/quadruped_msgs/cmake/export_quadruped_msgs__rosidl_generator_cExport-release.cmake
[22.305s] -- Up-to-date: /home/ws/install/quadruped_msgs/share/quadruped_msgs/cmake/export_quadruped_msgs__rosidl_typesupport_fastrtps_cExport.cmake
[22.305s] -- Up-to-date: /home/ws/install/quadruped_msgs/share/quadruped_msgs/cmake/export_quadruped_msgs__rosidl_typesupport_fastrtps_cExport-release.cmake
[22.305s] -- Up-to-date: /home/ws/install/quadruped_msgs/share/quadruped_msgs/cmake/export_quadruped_msgs__rosidl_generator_cppExport.cmake
[22.305s] -- Up-to-date: /home/ws/install/quadruped_msgs/share/quadruped_msgs/cmake/export_quadruped_msgs__rosidl_typesupport_fastrtps_cppExport.cmake
[22.306s] -- Up-to-date: /home/ws/install/quadruped_msgs/share/quadruped_msgs/cmake/export_quadruped_msgs__rosidl_typesupport_fastrtps_cppExport-release.cmake
[22.306s] -- Up-to-date: /home/ws/install/quadruped_msgs/share/quadruped_msgs/cmake/quadruped_msgs__rosidl_typesupport_introspection_cExport.cmake
[22.306s] -- Up-to-date: /home/ws/install/quadruped_msgs/share/quadruped_msgs/cmake/quadruped_msgs__rosidl_typesupport_introspection_cExport-release.cmake
[22.306s] -- Up-to-date: /home/ws/install/quadruped_msgs/share/quadruped_msgs/cmake/quadruped_msgs__rosidl_typesupport_cExport.cmake
[22.306s] -- Up-to-date: /home/ws/install/quadruped_msgs/share/quadruped_msgs/cmake/quadruped_msgs__rosidl_typesupport_cExport-release.cmake
[22.306s] -- Up-to-date: /home/ws/install/quadruped_msgs/share/quadruped_msgs/cmake/quadruped_msgs__rosidl_typesupport_introspection_cppExport.cmake
[22.307s] -- Up-to-date: /home/ws/install/quadruped_msgs/share/quadruped_msgs/cmake/quadruped_msgs__rosidl_typesupport_introspection_cppExport-release.cmake
[22.307s] -- Up-to-date: /home/ws/install/quadruped_msgs/share/quadruped_msgs/cmake/quadruped_msgs__rosidl_typesupport_cppExport.cmake
[22.307s] -- Up-to-date: /home/ws/install/quadruped_msgs/share/quadruped_msgs/cmake/quadruped_msgs__rosidl_typesupport_cppExport-release.cmake
[22.307s] -- Up-to-date: /home/ws/install/quadruped_msgs/share/quadruped_msgs/cmake/export_quadruped_msgs__rosidl_generator_pyExport.cmake
[22.307s] -- Up-to-date: /home/ws/install/quadruped_msgs/share/quadruped_msgs/cmake/export_quadruped_msgs__rosidl_generator_pyExport-release.cmake
[22.307s] -- Up-to-date: /home/ws/install/quadruped_msgs/share/quadruped_msgs/cmake/rosidl_cmake-extras.cmake
[22.307s] -- Up-to-date: /home/ws/install/quadruped_msgs/share/quadruped_msgs/cmake/ament_cmake_export_dependencies-extras.cmake
[22.308s] -- Up-to-date: /home/ws/install/quadruped_msgs/share/quadruped_msgs/cmake/ament_cmake_export_include_directories-extras.cmake
[22.308s] -- Up-to-date: /home/ws/install/quadruped_msgs/share/quadruped_msgs/cmake/ament_cmake_export_libraries-extras.cmake
[22.308s] -- Up-to-date: /home/ws/install/quadruped_msgs/share/quadruped_msgs/cmake/ament_cmake_export_targets-extras.cmake
[22.308s] -- Up-to-date: /home/ws/install/quadruped_msgs/share/quadruped_msgs/cmake/rosidl_cmake_export_typesupport_targets-extras.cmake
[22.308s] -- Up-to-date: /home/ws/install/quadruped_msgs/share/quadruped_msgs/cmake/rosidl_cmake_export_typesupport_libraries-extras.cmake
[22.308s] -- Up-to-date: /home/ws/install/quadruped_msgs/share/quadruped_msgs/cmake/quadruped_msgsConfig.cmake
[22.308s] -- Up-to-date: /home/ws/install/quadruped_msgs/share/quadruped_msgs/cmake/quadruped_msgsConfig-version.cmake
[22.308s] -- Up-to-date: /home/ws/install/quadruped_msgs/share/quadruped_msgs/package.xml
[22.330s] Invoked command in '/home/ws/build/quadruped_msgs' returned '0': CMAKE_PREFIX_PATH=${CMAKE_PREFIX_PATH}:/home/ws/install/py_pubsub:/opt/ros/jazzy DEBUGINFOD_URLS=https://debuginfod.ubuntu.com /usr/bin/cmake --install /home/ws/build/quadruped_msgs
