[0.246s] DEBUG:colcon:Command line arguments: ['/usr/bin/colcon', 'build', '--packages-select', 'zenoh_cpp_vendor', 'rmw_zenoh_cpp']
[0.247s] DEBUG:colcon:Parsed command line arguments: Namespace(log_base=None, log_level=None, verb_name='build', build_base='build', install_base='install', merge_install=False, symlink_install=False, test_result_base=None, continue_on_error=False, executor='parallel', parallel_workers=8, event_handlers=None, ignore_user_meta=False, metas=['./colcon.meta'], base_paths=['.'], packages_ignore=None, packages_ignore_regex=None, paths=None, packages_up_to=None, packages_up_to_regex=None, packages_above=None, packages_above_and_dependencies=None, packages_above_depth=None, packages_select_by_dep=None, packages_skip_by_dep=None, packages_skip_up_to=None, packages_select_build_failed=False, packages_skip_build_finished=False, packages_select_test_failures=False, packages_skip_test_passed=False, packages_select=['zenoh_cpp_vendor', 'rmw_zenoh_cpp'], packages_skip=None, packages_select_regex=None, packages_skip_regex=None, packages_start=None, packages_end=None, cmake_args=None, cmake_target=None, cmake_target_skip_unavailable=False, cmake_clean_cache=False, cmake_clean_first=False, cmake_force_configure=False, ament_cmake_args=None, catkin_cmake_args=None, catkin_skip_building_tests=False, mixin_files=None, mixin=None, verb_parser=<colcon_mixin.mixin.mixin_argument.MixinArgumentDecorator object at 0xffff9969ce90>, verb_extension=<colcon_core.verb.build.BuildVerb object at 0xffff9969c770>, main=<bound method BuildVerb.main of <colcon_core.verb.build.BuildVerb object at 0xffff9969c770>>, mixin_verb=('build',))
[0.323s] Level 1:colcon.colcon_core.package_discovery:discover_packages(colcon_meta) check parameters
[0.323s] Level 1:colcon.colcon_core.package_discovery:discover_packages(recursive) check parameters
[0.323s] Level 1:colcon.colcon_core.package_discovery:discover_packages(ignore) check parameters
[0.323s] Level 1:colcon.colcon_core.package_discovery:discover_packages(path) check parameters
[0.324s] Level 1:colcon.colcon_core.package_discovery:discover_packages(colcon_meta) discover
[0.324s] Level 1:colcon.colcon_core.package_discovery:discover_packages(recursive) discover
[0.324s] INFO:colcon.colcon_core.package_discovery:Crawling recursively for packages in '/home/ws'
[0.324s] Level 1:colcon.colcon_core.package_identification:_identify(.) by extensions ['ignore', 'ignore_ament_install']
[0.324s] Level 1:colcon.colcon_core.package_identification:_identify(.) by extension 'ignore'
[0.324s] Level 1:colcon.colcon_core.package_identification:_identify(.) by extension 'ignore_ament_install'
[0.325s] Level 1:colcon.colcon_core.package_identification:_identify(.) by extensions ['colcon_pkg']
[0.325s] Level 1:colcon.colcon_core.package_identification:_identify(.) by extension 'colcon_pkg'
[0.325s] Level 1:colcon.colcon_core.package_identification:_identify(.) by extensions ['colcon_meta']
[0.325s] Level 1:colcon.colcon_core.package_identification:_identify(.) by extension 'colcon_meta'
[0.325s] Level 1:colcon.colcon_core.package_identification:_identify(.) by extensions ['ros']
[0.325s] Level 1:colcon.colcon_core.package_identification:_identify(.) by extension 'ros'
[0.372s] Level 1:colcon.colcon_core.package_identification:_identify(.) by extensions ['cmake', 'python']
[0.372s] Level 1:colcon.colcon_core.package_identification:_identify(.) by extension 'cmake'
[0.372s] Level 1:colcon.colcon_core.package_identification:_identify(.) by extension 'python'
[0.372s] Level 1:colcon.colcon_core.package_identification:_identify(.) by extensions ['python_setup_py']
[0.372s] Level 1:colcon.colcon_core.package_identification:_identify(.) by extension 'python_setup_py'
[0.373s] Level 1:colcon.colcon_core.package_identification:_identify(bags) by extensions ['ignore', 'ignore_ament_install']
[0.373s] Level 1:colcon.colcon_core.package_identification:_identify(bags) by extension 'ignore'
[0.373s] Level 1:colcon.colcon_core.package_identification:_identify(bags) by extension 'ignore_ament_install'
[0.373s] Level 1:colcon.colcon_core.package_identification:_identify(bags) by extensions ['colcon_pkg']
[0.373s] Level 1:colcon.colcon_core.package_identification:_identify(bags) by extension 'colcon_pkg'
[0.374s] Level 1:colcon.colcon_core.package_identification:_identify(bags) by extensions ['colcon_meta']
[0.374s] Level 1:colcon.colcon_core.package_identification:_identify(bags) by extension 'colcon_meta'
[0.374s] Level 1:colcon.colcon_core.package_identification:_identify(bags) by extensions ['ros']
[0.374s] Level 1:colcon.colcon_core.package_identification:_identify(bags) by extension 'ros'
[0.374s] Level 1:colcon.colcon_core.package_identification:_identify(bags) by extensions ['cmake', 'python']
[0.374s] Level 1:colcon.colcon_core.package_identification:_identify(bags) by extension 'cmake'
[0.374s] Level 1:colcon.colcon_core.package_identification:_identify(bags) by extension 'python'
[0.374s] Level 1:colcon.colcon_core.package_identification:_identify(bags) by extensions ['python_setup_py']
[0.374s] Level 1:colcon.colcon_core.package_identification:_identify(bags) by extension 'python_setup_py'
[0.374s] Level 1:colcon.colcon_core.package_identification:_identify(bags/basic_imu_test) by extensions ['ignore', 'ignore_ament_install']
[0.375s] Level 1:colcon.colcon_core.package_identification:_identify(bags/basic_imu_test) by extension 'ignore'
[0.375s] Level 1:colcon.colcon_core.package_identification:_identify(bags/basic_imu_test) by extension 'ignore_ament_install'
[0.375s] Level 1:colcon.colcon_core.package_identification:_identify(bags/basic_imu_test) by extensions ['colcon_pkg']
[0.375s] Level 1:colcon.colcon_core.package_identification:_identify(bags/basic_imu_test) by extension 'colcon_pkg'
[0.375s] Level 1:colcon.colcon_core.package_identification:_identify(bags/basic_imu_test) by extensions ['colcon_meta']
[0.375s] Level 1:colcon.colcon_core.package_identification:_identify(bags/basic_imu_test) by extension 'colcon_meta'
[0.375s] Level 1:colcon.colcon_core.package_identification:_identify(bags/basic_imu_test) by extensions ['ros']
[0.375s] Level 1:colcon.colcon_core.package_identification:_identify(bags/basic_imu_test) by extension 'ros'
[0.376s] Level 1:colcon.colcon_core.package_identification:_identify(bags/basic_imu_test) by extensions ['cmake', 'python']
[0.376s] Level 1:colcon.colcon_core.package_identification:_identify(bags/basic_imu_test) by extension 'cmake'
[0.376s] Level 1:colcon.colcon_core.package_identification:_identify(bags/basic_imu_test) by extension 'python'
[0.376s] Level 1:colcon.colcon_core.package_identification:_identify(bags/basic_imu_test) by extensions ['python_setup_py']
[0.376s] Level 1:colcon.colcon_core.package_identification:_identify(bags/basic_imu_test) by extension 'python_setup_py'
[0.376s] Level 1:colcon.colcon_core.package_identification:_identify(bags/clean_imu) by extensions ['ignore', 'ignore_ament_install']
[0.376s] Level 1:colcon.colcon_core.package_identification:_identify(bags/clean_imu) by extension 'ignore'
[0.376s] Level 1:colcon.colcon_core.package_identification:_identify(bags/clean_imu) by extension 'ignore_ament_install'
[0.376s] Level 1:colcon.colcon_core.package_identification:_identify(bags/clean_imu) by extensions ['colcon_pkg']
[0.376s] Level 1:colcon.colcon_core.package_identification:_identify(bags/clean_imu) by extension 'colcon_pkg'
[0.377s] Level 1:colcon.colcon_core.package_identification:_identify(bags/clean_imu) by extensions ['colcon_meta']
[0.377s] Level 1:colcon.colcon_core.package_identification:_identify(bags/clean_imu) by extension 'colcon_meta'
[0.377s] Level 1:colcon.colcon_core.package_identification:_identify(bags/clean_imu) by extensions ['ros']
[0.377s] Level 1:colcon.colcon_core.package_identification:_identify(bags/clean_imu) by extension 'ros'
[0.377s] Level 1:colcon.colcon_core.package_identification:_identify(bags/clean_imu) by extensions ['cmake', 'python']
[0.377s] Level 1:colcon.colcon_core.package_identification:_identify(bags/clean_imu) by extension 'cmake'
[0.377s] Level 1:colcon.colcon_core.package_identification:_identify(bags/clean_imu) by extension 'python'
[0.377s] Level 1:colcon.colcon_core.package_identification:_identify(bags/clean_imu) by extensions ['python_setup_py']
[0.377s] Level 1:colcon.colcon_core.package_identification:_identify(bags/clean_imu) by extension 'python_setup_py'
[0.377s] Level 1:colcon.colcon_core.package_identification:_identify(bags/impulse_standing) by extensions ['ignore', 'ignore_ament_install']
[0.378s] Level 1:colcon.colcon_core.package_identification:_identify(bags/impulse_standing) by extension 'ignore'
[0.378s] Level 1:colcon.colcon_core.package_identification:_identify(bags/impulse_standing) by extension 'ignore_ament_install'
[0.378s] Level 1:colcon.colcon_core.package_identification:_identify(bags/impulse_standing) by extensions ['colcon_pkg']
[0.378s] Level 1:colcon.colcon_core.package_identification:_identify(bags/impulse_standing) by extension 'colcon_pkg'
[0.378s] Level 1:colcon.colcon_core.package_identification:_identify(bags/impulse_standing) by extensions ['colcon_meta']
[0.378s] Level 1:colcon.colcon_core.package_identification:_identify(bags/impulse_standing) by extension 'colcon_meta'
[0.378s] Level 1:colcon.colcon_core.package_identification:_identify(bags/impulse_standing) by extensions ['ros']
[0.378s] Level 1:colcon.colcon_core.package_identification:_identify(bags/impulse_standing) by extension 'ros'
[0.378s] Level 1:colcon.colcon_core.package_identification:_identify(bags/impulse_standing) by extensions ['cmake', 'python']
[0.378s] Level 1:colcon.colcon_core.package_identification:_identify(bags/impulse_standing) by extension 'cmake'
[0.379s] Level 1:colcon.colcon_core.package_identification:_identify(bags/impulse_standing) by extension 'python'
[0.379s] Level 1:colcon.colcon_core.package_identification:_identify(bags/impulse_standing) by extensions ['python_setup_py']
[0.379s] Level 1:colcon.colcon_core.package_identification:_identify(bags/impulse_standing) by extension 'python_setup_py'
[0.379s] Level 1:colcon.colcon_core.package_identification:_identify(bags/impulse_standing2) by extensions ['ignore', 'ignore_ament_install']
[0.379s] Level 1:colcon.colcon_core.package_identification:_identify(bags/impulse_standing2) by extension 'ignore'
[0.379s] Level 1:colcon.colcon_core.package_identification:_identify(bags/impulse_standing2) by extension 'ignore_ament_install'
[0.379s] Level 1:colcon.colcon_core.package_identification:_identify(bags/impulse_standing2) by extensions ['colcon_pkg']
[0.379s] Level 1:colcon.colcon_core.package_identification:_identify(bags/impulse_standing2) by extension 'colcon_pkg'
[0.379s] Level 1:colcon.colcon_core.package_identification:_identify(bags/impulse_standing2) by extensions ['colcon_meta']
[0.380s] Level 1:colcon.colcon_core.package_identification:_identify(bags/impulse_standing2) by extension 'colcon_meta'
[0.380s] Level 1:colcon.colcon_core.package_identification:_identify(bags/impulse_standing2) by extensions ['ros']
[0.380s] Level 1:colcon.colcon_core.package_identification:_identify(bags/impulse_standing2) by extension 'ros'
[0.380s] Level 1:colcon.colcon_core.package_identification:_identify(bags/impulse_standing2) by extensions ['cmake', 'python']
[0.380s] Level 1:colcon.colcon_core.package_identification:_identify(bags/impulse_standing2) by extension 'cmake'
[0.380s] Level 1:colcon.colcon_core.package_identification:_identify(bags/impulse_standing2) by extension 'python'
[0.380s] Level 1:colcon.colcon_core.package_identification:_identify(bags/impulse_standing2) by extensions ['python_setup_py']
[0.380s] Level 1:colcon.colcon_core.package_identification:_identify(bags/impulse_standing2) by extension 'python_setup_py'
[0.380s] Level 1:colcon.colcon_core.package_identification:_identify(bags/motor_imu) by extensions ['ignore', 'ignore_ament_install']
[0.380s] Level 1:colcon.colcon_core.package_identification:_identify(bags/motor_imu) by extension 'ignore'
[0.381s] Level 1:colcon.colcon_core.package_identification:_identify(bags/motor_imu) by extension 'ignore_ament_install'
[0.381s] Level 1:colcon.colcon_core.package_identification:_identify(bags/motor_imu) by extensions ['colcon_pkg']
[0.381s] Level 1:colcon.colcon_core.package_identification:_identify(bags/motor_imu) by extension 'colcon_pkg'
[0.381s] Level 1:colcon.colcon_core.package_identification:_identify(bags/motor_imu) by extensions ['colcon_meta']
[0.381s] Level 1:colcon.colcon_core.package_identification:_identify(bags/motor_imu) by extension 'colcon_meta'
[0.381s] Level 1:colcon.colcon_core.package_identification:_identify(bags/motor_imu) by extensions ['ros']
[0.381s] Level 1:colcon.colcon_core.package_identification:_identify(bags/motor_imu) by extension 'ros'
[0.381s] Level 1:colcon.colcon_core.package_identification:_identify(bags/motor_imu) by extensions ['cmake', 'python']
[0.381s] Level 1:colcon.colcon_core.package_identification:_identify(bags/motor_imu) by extension 'cmake'
[0.381s] Level 1:colcon.colcon_core.package_identification:_identify(bags/motor_imu) by extension 'python'
[0.382s] Level 1:colcon.colcon_core.package_identification:_identify(bags/motor_imu) by extensions ['python_setup_py']
[0.382s] Level 1:colcon.colcon_core.package_identification:_identify(bags/motor_imu) by extension 'python_setup_py'
[0.382s] Level 1:colcon.colcon_core.package_identification:_identify(bags/rosbag2_2025_06_04-19_30_09) by extensions ['ignore', 'ignore_ament_install']
[0.382s] Level 1:colcon.colcon_core.package_identification:_identify(bags/rosbag2_2025_06_04-19_30_09) by extension 'ignore'
[0.382s] Level 1:colcon.colcon_core.package_identification:_identify(bags/rosbag2_2025_06_04-19_30_09) by extension 'ignore_ament_install'
[0.382s] Level 1:colcon.colcon_core.package_identification:_identify(bags/rosbag2_2025_06_04-19_30_09) by extensions ['colcon_pkg']
[0.382s] Level 1:colcon.colcon_core.package_identification:_identify(bags/rosbag2_2025_06_04-19_30_09) by extension 'colcon_pkg'
[0.382s] Level 1:colcon.colcon_core.package_identification:_identify(bags/rosbag2_2025_06_04-19_30_09) by extensions ['colcon_meta']
[0.382s] Level 1:colcon.colcon_core.package_identification:_identify(bags/rosbag2_2025_06_04-19_30_09) by extension 'colcon_meta'
[0.382s] Level 1:colcon.colcon_core.package_identification:_identify(bags/rosbag2_2025_06_04-19_30_09) by extensions ['ros']
[0.383s] Level 1:colcon.colcon_core.package_identification:_identify(bags/rosbag2_2025_06_04-19_30_09) by extension 'ros'
[0.383s] Level 1:colcon.colcon_core.package_identification:_identify(bags/rosbag2_2025_06_04-19_30_09) by extensions ['cmake', 'python']
[0.383s] Level 1:colcon.colcon_core.package_identification:_identify(bags/rosbag2_2025_06_04-19_30_09) by extension 'cmake'
[0.383s] Level 1:colcon.colcon_core.package_identification:_identify(bags/rosbag2_2025_06_04-19_30_09) by extension 'python'
[0.383s] Level 1:colcon.colcon_core.package_identification:_identify(bags/rosbag2_2025_06_04-19_30_09) by extensions ['python_setup_py']
[0.383s] Level 1:colcon.colcon_core.package_identification:_identify(bags/rosbag2_2025_06_04-19_30_09) by extension 'python_setup_py'
[0.383s] Level 1:colcon.colcon_core.package_identification:_identify(bags/static_imu_test) by extensions ['ignore', 'ignore_ament_install']
[0.383s] Level 1:colcon.colcon_core.package_identification:_identify(bags/static_imu_test) by extension 'ignore'
[0.383s] Level 1:colcon.colcon_core.package_identification:_identify(bags/static_imu_test) by extension 'ignore_ament_install'
[0.384s] Level 1:colcon.colcon_core.package_identification:_identify(bags/static_imu_test) by extensions ['colcon_pkg']
[0.384s] Level 1:colcon.colcon_core.package_identification:_identify(bags/static_imu_test) by extension 'colcon_pkg'
[0.384s] Level 1:colcon.colcon_core.package_identification:_identify(bags/static_imu_test) by extensions ['colcon_meta']
[0.384s] Level 1:colcon.colcon_core.package_identification:_identify(bags/static_imu_test) by extension 'colcon_meta'
[0.384s] Level 1:colcon.colcon_core.package_identification:_identify(bags/static_imu_test) by extensions ['ros']
[0.384s] Level 1:colcon.colcon_core.package_identification:_identify(bags/static_imu_test) by extension 'ros'
[0.384s] Level 1:colcon.colcon_core.package_identification:_identify(bags/static_imu_test) by extensions ['cmake', 'python']
[0.384s] Level 1:colcon.colcon_core.package_identification:_identify(bags/static_imu_test) by extension 'cmake'
[0.384s] Level 1:colcon.colcon_core.package_identification:_identify(bags/static_imu_test) by extension 'python'
[0.384s] Level 1:colcon.colcon_core.package_identification:_identify(bags/static_imu_test) by extensions ['python_setup_py']
[0.384s] Level 1:colcon.colcon_core.package_identification:_identify(bags/static_imu_test) by extension 'python_setup_py'
[0.385s] Level 1:colcon.colcon_core.package_identification:_identify(build) by extensions ['ignore', 'ignore_ament_install']
[0.385s] Level 1:colcon.colcon_core.package_identification:_identify(build) by extension 'ignore'
[0.385s] Level 1:colcon.colcon_core.package_identification:_identify(build) ignored
[0.385s] Level 1:colcon.colcon_core.package_identification:_identify(install) by extensions ['ignore', 'ignore_ament_install']
[0.385s] Level 1:colcon.colcon_core.package_identification:_identify(install) by extension 'ignore'
[0.385s] Level 1:colcon.colcon_core.package_identification:_identify(install) ignored
[0.386s] Level 1:colcon.colcon_core.package_identification:_identify(log) by extensions ['ignore', 'ignore_ament_install']
[0.386s] Level 1:colcon.colcon_core.package_identification:_identify(log) by extension 'ignore'
[0.386s] Level 1:colcon.colcon_core.package_identification:_identify(log) ignored
[0.386s] Level 1:colcon.colcon_core.package_identification:_identify(src) by extensions ['ignore', 'ignore_ament_install']
[0.386s] Level 1:colcon.colcon_core.package_identification:_identify(src) by extension 'ignore'
[0.386s] Level 1:colcon.colcon_core.package_identification:_identify(src) by extension 'ignore_ament_install'
[0.386s] Level 1:colcon.colcon_core.package_identification:_identify(src) by extensions ['colcon_pkg']
[0.386s] Level 1:colcon.colcon_core.package_identification:_identify(src) by extension 'colcon_pkg'
[0.387s] Level 1:colcon.colcon_core.package_identification:_identify(src) by extensions ['colcon_meta']
[0.387s] Level 1:colcon.colcon_core.package_identification:_identify(src) by extension 'colcon_meta'
[0.387s] Level 1:colcon.colcon_core.package_identification:_identify(src) by extensions ['ros']
[0.387s] Level 1:colcon.colcon_core.package_identification:_identify(src) by extension 'ros'
[0.387s] Level 1:colcon.colcon_core.package_identification:_identify(src) by extensions ['cmake', 'python']
[0.387s] Level 1:colcon.colcon_core.package_identification:_identify(src) by extension 'cmake'
[0.387s] Level 1:colcon.colcon_core.package_identification:_identify(src) by extension 'python'
[0.387s] Level 1:colcon.colcon_core.package_identification:_identify(src) by extensions ['python_setup_py']
[0.387s] Level 1:colcon.colcon_core.package_identification:_identify(src) by extension 'python_setup_py'
[0.387s] Level 1:colcon.colcon_core.package_identification:_identify(src/bno08x_ros2_driver) by extensions ['ignore', 'ignore_ament_install']
[0.388s] Level 1:colcon.colcon_core.package_identification:_identify(src/bno08x_ros2_driver) by extension 'ignore'
[0.388s] Level 1:colcon.colcon_core.package_identification:_identify(src/bno08x_ros2_driver) by extension 'ignore_ament_install'
[0.388s] Level 1:colcon.colcon_core.package_identification:_identify(src/bno08x_ros2_driver) by extensions ['colcon_pkg']
[0.388s] Level 1:colcon.colcon_core.package_identification:_identify(src/bno08x_ros2_driver) by extension 'colcon_pkg'
[0.388s] Level 1:colcon.colcon_core.package_identification:_identify(src/bno08x_ros2_driver) by extensions ['colcon_meta']
[0.388s] Level 1:colcon.colcon_core.package_identification:_identify(src/bno08x_ros2_driver) by extension 'colcon_meta'
[0.388s] Level 1:colcon.colcon_core.package_identification:_identify(src/bno08x_ros2_driver) by extensions ['ros']
[0.388s] Level 1:colcon.colcon_core.package_identification:_identify(src/bno08x_ros2_driver) by extension 'ros'
[0.394s] DEBUG:colcon.colcon_core.package_identification:Package 'src/bno08x_ros2_driver' with type 'ros.ament_cmake' and name 'bno08x_driver'
[0.395s] Level 1:colcon.colcon_core.package_identification:_identify(src/imu_hardware_interface) by extensions ['ignore', 'ignore_ament_install']
[0.395s] Level 1:colcon.colcon_core.package_identification:_identify(src/imu_hardware_interface) by extension 'ignore'
[0.395s] Level 1:colcon.colcon_core.package_identification:_identify(src/imu_hardware_interface) by extension 'ignore_ament_install'
[0.395s] Level 1:colcon.colcon_core.package_identification:_identify(src/imu_hardware_interface) by extensions ['colcon_pkg']
[0.395s] Level 1:colcon.colcon_core.package_identification:_identify(src/imu_hardware_interface) by extension 'colcon_pkg'
[0.395s] Level 1:colcon.colcon_core.package_identification:_identify(src/imu_hardware_interface) by extensions ['colcon_meta']
[0.395s] Level 1:colcon.colcon_core.package_identification:_identify(src/imu_hardware_interface) by extension 'colcon_meta'
[0.396s] Level 1:colcon.colcon_core.package_identification:_identify(src/imu_hardware_interface) by extensions ['ros']
[0.396s] Level 1:colcon.colcon_core.package_identification:_identify(src/imu_hardware_interface) by extension 'ros'
[0.397s] DEBUG:colcon.colcon_core.package_identification:Package 'src/imu_hardware_interface' with type 'ros.ament_cmake' and name 'imu_hardware_interface'
[0.397s] Level 1:colcon.colcon_core.package_identification:_identify(src/jetson_interface) by extensions ['ignore', 'ignore_ament_install']
[0.397s] Level 1:colcon.colcon_core.package_identification:_identify(src/jetson_interface) by extension 'ignore'
[0.397s] Level 1:colcon.colcon_core.package_identification:_identify(src/jetson_interface) by extension 'ignore_ament_install'
[0.397s] Level 1:colcon.colcon_core.package_identification:_identify(src/jetson_interface) by extensions ['colcon_pkg']
[0.398s] Level 1:colcon.colcon_core.package_identification:_identify(src/jetson_interface) by extension 'colcon_pkg'
[0.398s] Level 1:colcon.colcon_core.package_identification:_identify(src/jetson_interface) by extensions ['colcon_meta']
[0.398s] Level 1:colcon.colcon_core.package_identification:_identify(src/jetson_interface) by extension 'colcon_meta'
[0.398s] Level 1:colcon.colcon_core.package_identification:_identify(src/jetson_interface) by extensions ['ros']
[0.398s] Level 1:colcon.colcon_core.package_identification:_identify(src/jetson_interface) by extension 'ros'
[0.399s] DEBUG:colcon.colcon_core.package_identification:Package 'src/jetson_interface' with type 'ros.ament_cmake' and name 'jetson_interface'
[0.399s] Level 1:colcon.colcon_core.package_identification:_identify(src/py_pubsub) by extensions ['ignore', 'ignore_ament_install']
[0.399s] Level 1:colcon.colcon_core.package_identification:_identify(src/py_pubsub) by extension 'ignore'
[0.399s] Level 1:colcon.colcon_core.package_identification:_identify(src/py_pubsub) by extension 'ignore_ament_install'
[0.399s] Level 1:colcon.colcon_core.package_identification:_identify(src/py_pubsub) by extensions ['colcon_pkg']
[0.399s] Level 1:colcon.colcon_core.package_identification:_identify(src/py_pubsub) by extension 'colcon_pkg'
[0.399s] Level 1:colcon.colcon_core.package_identification:_identify(src/py_pubsub) by extensions ['colcon_meta']
[0.399s] Level 1:colcon.colcon_core.package_identification:_identify(src/py_pubsub) by extension 'colcon_meta'
[0.399s] Level 1:colcon.colcon_core.package_identification:_identify(src/py_pubsub) by extensions ['ros']
[0.400s] Level 1:colcon.colcon_core.package_identification:_identify(src/py_pubsub) by extension 'ros'
[0.400s] DEBUG:colcon.colcon_core.package_identification:Package 'src/py_pubsub' with type 'ros.ament_python' and name 'py_pubsub'
[0.401s] Level 1:colcon.colcon_core.package_identification:_identify(src/quadruped_bringup) by extensions ['ignore', 'ignore_ament_install']
[0.401s] Level 1:colcon.colcon_core.package_identification:_identify(src/quadruped_bringup) by extension 'ignore'
[0.401s] Level 1:colcon.colcon_core.package_identification:_identify(src/quadruped_bringup) by extension 'ignore_ament_install'
[0.401s] Level 1:colcon.colcon_core.package_identification:_identify(src/quadruped_bringup) by extensions ['colcon_pkg']
[0.401s] Level 1:colcon.colcon_core.package_identification:_identify(src/quadruped_bringup) by extension 'colcon_pkg'
[0.401s] Level 1:colcon.colcon_core.package_identification:_identify(src/quadruped_bringup) by extensions ['colcon_meta']
[0.401s] Level 1:colcon.colcon_core.package_identification:_identify(src/quadruped_bringup) by extension 'colcon_meta'
[0.401s] Level 1:colcon.colcon_core.package_identification:_identify(src/quadruped_bringup) by extensions ['ros']
[0.401s] Level 1:colcon.colcon_core.package_identification:_identify(src/quadruped_bringup) by extension 'ros'
[0.402s] DEBUG:colcon.colcon_core.package_identification:Package 'src/quadruped_bringup' with type 'ros.ament_cmake' and name 'quadruped_bringup'
[0.402s] Level 1:colcon.colcon_core.package_identification:_identify(src/quadruped_hardware) by extensions ['ignore', 'ignore_ament_install']
[0.402s] Level 1:colcon.colcon_core.package_identification:_identify(src/quadruped_hardware) by extension 'ignore'
[0.403s] Level 1:colcon.colcon_core.package_identification:_identify(src/quadruped_hardware) by extension 'ignore_ament_install'
[0.403s] Level 1:colcon.colcon_core.package_identification:_identify(src/quadruped_hardware) by extensions ['colcon_pkg']
[0.403s] Level 1:colcon.colcon_core.package_identification:_identify(src/quadruped_hardware) by extension 'colcon_pkg'
[0.403s] Level 1:colcon.colcon_core.package_identification:_identify(src/quadruped_hardware) by extensions ['colcon_meta']
[0.403s] Level 1:colcon.colcon_core.package_identification:_identify(src/quadruped_hardware) by extension 'colcon_meta'
[0.403s] Level 1:colcon.colcon_core.package_identification:_identify(src/quadruped_hardware) by extensions ['ros']
[0.403s] Level 1:colcon.colcon_core.package_identification:_identify(src/quadruped_hardware) by extension 'ros'
[0.404s] DEBUG:colcon.colcon_core.package_identification:Package 'src/quadruped_hardware' with type 'ros.ament_cmake' and name 'quadruped_hardware'
[0.404s] Level 1:colcon.colcon_core.package_identification:_identify(src/quadruped_mpc) by extensions ['ignore', 'ignore_ament_install']
[0.404s] Level 1:colcon.colcon_core.package_identification:_identify(src/quadruped_mpc) by extension 'ignore'
[0.404s] Level 1:colcon.colcon_core.package_identification:_identify(src/quadruped_mpc) by extension 'ignore_ament_install'
[0.404s] Level 1:colcon.colcon_core.package_identification:_identify(src/quadruped_mpc) by extensions ['colcon_pkg']
[0.405s] Level 1:colcon.colcon_core.package_identification:_identify(src/quadruped_mpc) by extension 'colcon_pkg'
[0.405s] Level 1:colcon.colcon_core.package_identification:_identify(src/quadruped_mpc) by extensions ['colcon_meta']
[0.405s] Level 1:colcon.colcon_core.package_identification:_identify(src/quadruped_mpc) by extension 'colcon_meta'
[0.405s] Level 1:colcon.colcon_core.package_identification:_identify(src/quadruped_mpc) by extensions ['ros']
[0.405s] Level 1:colcon.colcon_core.package_identification:_identify(src/quadruped_mpc) by extension 'ros'
[0.406s] DEBUG:colcon.colcon_core.package_identification:Package 'src/quadruped_mpc' with type 'ros.ament_cmake' and name 'quadruped_mpc'
[0.406s] Level 1:colcon.colcon_core.package_identification:_identify(src/quadruped_msgs) by extensions ['ignore', 'ignore_ament_install']
[0.407s] Level 1:colcon.colcon_core.package_identification:_identify(src/quadruped_msgs) by extension 'ignore'
[0.407s] Level 1:colcon.colcon_core.package_identification:_identify(src/quadruped_msgs) by extension 'ignore_ament_install'
[0.407s] Level 1:colcon.colcon_core.package_identification:_identify(src/quadruped_msgs) by extensions ['colcon_pkg']
[0.407s] Level 1:colcon.colcon_core.package_identification:_identify(src/quadruped_msgs) by extension 'colcon_pkg'
[0.407s] Level 1:colcon.colcon_core.package_identification:_identify(src/quadruped_msgs) by extensions ['colcon_meta']
[0.407s] Level 1:colcon.colcon_core.package_identification:_identify(src/quadruped_msgs) by extension 'colcon_meta'
[0.407s] Level 1:colcon.colcon_core.package_identification:_identify(src/quadruped_msgs) by extensions ['ros']
[0.407s] Level 1:colcon.colcon_core.package_identification:_identify(src/quadruped_msgs) by extension 'ros'
[0.408s] DEBUG:colcon.colcon_core.package_identification:Package 'src/quadruped_msgs' with type 'ros.ament_cmake' and name 'quadruped_msgs'
[0.408s] Level 1:colcon.colcon_core.package_identification:_identify(src/quadruped_sim) by extensions ['ignore', 'ignore_ament_install']
[0.408s] Level 1:colcon.colcon_core.package_identification:_identify(src/quadruped_sim) by extension 'ignore'
[0.409s] Level 1:colcon.colcon_core.package_identification:_identify(src/quadruped_sim) by extension 'ignore_ament_install'
[0.409s] Level 1:colcon.colcon_core.package_identification:_identify(src/quadruped_sim) by extensions ['colcon_pkg']
[0.409s] Level 1:colcon.colcon_core.package_identification:_identify(src/quadruped_sim) by extension 'colcon_pkg'
[0.409s] Level 1:colcon.colcon_core.package_identification:_identify(src/quadruped_sim) by extensions ['colcon_meta']
[0.409s] Level 1:colcon.colcon_core.package_identification:_identify(src/quadruped_sim) by extension 'colcon_meta'
[0.409s] Level 1:colcon.colcon_core.package_identification:_identify(src/quadruped_sim) by extensions ['ros']
[0.409s] Level 1:colcon.colcon_core.package_identification:_identify(src/quadruped_sim) by extension 'ros'
[0.410s] DEBUG:colcon.colcon_core.package_identification:Package 'src/quadruped_sim' with type 'ros.ament_cmake' and name 'quadruped_sim'
[0.410s] Level 1:colcon.colcon_core.package_identification:_identify(src/quadruped_urdf) by extensions ['ignore', 'ignore_ament_install']
[0.410s] Level 1:colcon.colcon_core.package_identification:_identify(src/quadruped_urdf) by extension 'ignore'
[0.410s] Level 1:colcon.colcon_core.package_identification:_identify(src/quadruped_urdf) by extension 'ignore_ament_install'
[0.410s] Level 1:colcon.colcon_core.package_identification:_identify(src/quadruped_urdf) by extensions ['colcon_pkg']
[0.410s] Level 1:colcon.colcon_core.package_identification:_identify(src/quadruped_urdf) by extension 'colcon_pkg'
[0.411s] Level 1:colcon.colcon_core.package_identification:_identify(src/quadruped_urdf) by extensions ['colcon_meta']
[0.411s] Level 1:colcon.colcon_core.package_identification:_identify(src/quadruped_urdf) by extension 'colcon_meta'
[0.411s] Level 1:colcon.colcon_core.package_identification:_identify(src/quadruped_urdf) by extensions ['ros']
[0.411s] Level 1:colcon.colcon_core.package_identification:_identify(src/quadruped_urdf) by extension 'ros'
[0.412s] DEBUG:colcon.colcon_core.package_identification:Package 'src/quadruped_urdf' with type 'ros.ament_cmake' and name 'quadruped_urdf'
[0.412s] Level 1:colcon.colcon_core.package_identification:_identify(src/quadruped_utils) by extensions ['ignore', 'ignore_ament_install']
[0.412s] Level 1:colcon.colcon_core.package_identification:_identify(src/quadruped_utils) by extension 'ignore'
[0.412s] Level 1:colcon.colcon_core.package_identification:_identify(src/quadruped_utils) by extension 'ignore_ament_install'
[0.412s] Level 1:colcon.colcon_core.package_identification:_identify(src/quadruped_utils) by extensions ['colcon_pkg']
[0.412s] Level 1:colcon.colcon_core.package_identification:_identify(src/quadruped_utils) by extension 'colcon_pkg'
[0.412s] Level 1:colcon.colcon_core.package_identification:_identify(src/quadruped_utils) by extensions ['colcon_meta']
[0.413s] Level 1:colcon.colcon_core.package_identification:_identify(src/quadruped_utils) by extension 'colcon_meta'
[0.413s] Level 1:colcon.colcon_core.package_identification:_identify(src/quadruped_utils) by extensions ['ros']
[0.413s] Level 1:colcon.colcon_core.package_identification:_identify(src/quadruped_utils) by extension 'ros'
[0.414s] DEBUG:colcon.colcon_core.package_identification:Package 'src/quadruped_utils' with type 'ros.ament_cmake' and name 'quadruped_utils'
[0.414s] Level 1:colcon.colcon_core.package_identification:_identify(src/rmw_zenoh) by extensions ['ignore', 'ignore_ament_install']
[0.414s] Level 1:colcon.colcon_core.package_identification:_identify(src/rmw_zenoh) by extension 'ignore'
[0.414s] Level 1:colcon.colcon_core.package_identification:_identify(src/rmw_zenoh) by extension 'ignore_ament_install'
[0.414s] Level 1:colcon.colcon_core.package_identification:_identify(src/rmw_zenoh) by extensions ['colcon_pkg']
[0.414s] Level 1:colcon.colcon_core.package_identification:_identify(src/rmw_zenoh) by extension 'colcon_pkg'
[0.414s] Level 1:colcon.colcon_core.package_identification:_identify(src/rmw_zenoh) by extensions ['colcon_meta']
[0.415s] Level 1:colcon.colcon_core.package_identification:_identify(src/rmw_zenoh) by extension 'colcon_meta'
[0.415s] Level 1:colcon.colcon_core.package_identification:_identify(src/rmw_zenoh) by extensions ['ros']
[0.415s] Level 1:colcon.colcon_core.package_identification:_identify(src/rmw_zenoh) by extension 'ros'
[0.415s] Level 1:colcon.colcon_core.package_identification:_identify(src/rmw_zenoh) by extensions ['cmake', 'python']
[0.415s] Level 1:colcon.colcon_core.package_identification:_identify(src/rmw_zenoh) by extension 'cmake'
[0.415s] Level 1:colcon.colcon_core.package_identification:_identify(src/rmw_zenoh) by extension 'python'
[0.415s] Level 1:colcon.colcon_core.package_identification:_identify(src/rmw_zenoh) by extensions ['python_setup_py']
[0.415s] Level 1:colcon.colcon_core.package_identification:_identify(src/rmw_zenoh) by extension 'python_setup_py'
[0.415s] Level 1:colcon.colcon_core.package_identification:_identify(src/rmw_zenoh/docs) by extensions ['ignore', 'ignore_ament_install']
[0.416s] Level 1:colcon.colcon_core.package_identification:_identify(src/rmw_zenoh/docs) by extension 'ignore'
[0.416s] Level 1:colcon.colcon_core.package_identification:_identify(src/rmw_zenoh/docs) by extension 'ignore_ament_install'
[0.416s] Level 1:colcon.colcon_core.package_identification:_identify(src/rmw_zenoh/docs) by extensions ['colcon_pkg']
[0.416s] Level 1:colcon.colcon_core.package_identification:_identify(src/rmw_zenoh/docs) by extension 'colcon_pkg'
[0.416s] Level 1:colcon.colcon_core.package_identification:_identify(src/rmw_zenoh/docs) by extensions ['colcon_meta']
[0.416s] Level 1:colcon.colcon_core.package_identification:_identify(src/rmw_zenoh/docs) by extension 'colcon_meta'
[0.416s] Level 1:colcon.colcon_core.package_identification:_identify(src/rmw_zenoh/docs) by extensions ['ros']
[0.416s] Level 1:colcon.colcon_core.package_identification:_identify(src/rmw_zenoh/docs) by extension 'ros'
[0.416s] Level 1:colcon.colcon_core.package_identification:_identify(src/rmw_zenoh/docs) by extensions ['cmake', 'python']
[0.416s] Level 1:colcon.colcon_core.package_identification:_identify(src/rmw_zenoh/docs) by extension 'cmake'
[0.417s] Level 1:colcon.colcon_core.package_identification:_identify(src/rmw_zenoh/docs) by extension 'python'
[0.417s] Level 1:colcon.colcon_core.package_identification:_identify(src/rmw_zenoh/docs) by extensions ['python_setup_py']
[0.417s] Level 1:colcon.colcon_core.package_identification:_identify(src/rmw_zenoh/docs) by extension 'python_setup_py'
[0.417s] Level 1:colcon.colcon_core.package_identification:_identify(src/rmw_zenoh/rmw_zenoh_cpp) by extensions ['ignore', 'ignore_ament_install']
[0.417s] Level 1:colcon.colcon_core.package_identification:_identify(src/rmw_zenoh/rmw_zenoh_cpp) by extension 'ignore'
[0.417s] Level 1:colcon.colcon_core.package_identification:_identify(src/rmw_zenoh/rmw_zenoh_cpp) by extension 'ignore_ament_install'
[0.417s] Level 1:colcon.colcon_core.package_identification:_identify(src/rmw_zenoh/rmw_zenoh_cpp) by extensions ['colcon_pkg']
[0.417s] Level 1:colcon.colcon_core.package_identification:_identify(src/rmw_zenoh/rmw_zenoh_cpp) by extension 'colcon_pkg'
[0.417s] Level 1:colcon.colcon_core.package_identification:_identify(src/rmw_zenoh/rmw_zenoh_cpp) by extensions ['colcon_meta']
[0.417s] Level 1:colcon.colcon_core.package_identification:_identify(src/rmw_zenoh/rmw_zenoh_cpp) by extension 'colcon_meta'
[0.418s] Level 1:colcon.colcon_core.package_identification:_identify(src/rmw_zenoh/rmw_zenoh_cpp) by extensions ['ros']
[0.418s] Level 1:colcon.colcon_core.package_identification:_identify(src/rmw_zenoh/rmw_zenoh_cpp) by extension 'ros'
[0.419s] DEBUG:colcon.colcon_core.package_identification:Package 'src/rmw_zenoh/rmw_zenoh_cpp' with type 'ros.ament_cmake' and name 'rmw_zenoh_cpp'
[0.419s] Level 1:colcon.colcon_core.package_identification:_identify(src/rmw_zenoh/zenoh_cpp_vendor) by extensions ['ignore', 'ignore_ament_install']
[0.419s] Level 1:colcon.colcon_core.package_identification:_identify(src/rmw_zenoh/zenoh_cpp_vendor) by extension 'ignore'
[0.420s] Level 1:colcon.colcon_core.package_identification:_identify(src/rmw_zenoh/zenoh_cpp_vendor) by extension 'ignore_ament_install'
[0.420s] Level 1:colcon.colcon_core.package_identification:_identify(src/rmw_zenoh/zenoh_cpp_vendor) by extensions ['colcon_pkg']
[0.420s] Level 1:colcon.colcon_core.package_identification:_identify(src/rmw_zenoh/zenoh_cpp_vendor) by extension 'colcon_pkg'
[0.420s] Level 1:colcon.colcon_core.package_identification:_identify(src/rmw_zenoh/zenoh_cpp_vendor) by extensions ['colcon_meta']
[0.420s] Level 1:colcon.colcon_core.package_identification:_identify(src/rmw_zenoh/zenoh_cpp_vendor) by extension 'colcon_meta'
[0.420s] Level 1:colcon.colcon_core.package_identification:_identify(src/rmw_zenoh/zenoh_cpp_vendor) by extensions ['ros']
[0.420s] Level 1:colcon.colcon_core.package_identification:_identify(src/rmw_zenoh/zenoh_cpp_vendor) by extension 'ros'
[0.421s] DEBUG:colcon.colcon_core.package_identification:Package 'src/rmw_zenoh/zenoh_cpp_vendor' with type 'ros.ament_cmake' and name 'zenoh_cpp_vendor'
[0.421s] Level 1:colcon.colcon_core.package_discovery:discover_packages(recursive) using defaults
[0.421s] Level 1:colcon.colcon_core.package_discovery:discover_packages(ignore) discover
[0.421s] Level 1:colcon.colcon_core.package_discovery:discover_packages(ignore) using defaults
[0.421s] Level 1:colcon.colcon_core.package_discovery:discover_packages(path) discover
[0.421s] Level 1:colcon.colcon_core.package_discovery:discover_packages(path) using defaults
[0.458s] INFO:colcon.colcon_core.package_selection:Skipping not selected package 'bno08x_driver' in 'src/bno08x_ros2_driver'
[0.459s] INFO:colcon.colcon_core.package_selection:Skipping not selected package 'imu_hardware_interface' in 'src/imu_hardware_interface'
[0.459s] INFO:colcon.colcon_core.package_selection:Skipping not selected package 'jetson_interface' in 'src/jetson_interface'
[0.459s] INFO:colcon.colcon_core.package_selection:Skipping not selected package 'py_pubsub' in 'src/py_pubsub'
[0.459s] INFO:colcon.colcon_core.package_selection:Skipping not selected package 'quadruped_bringup' in 'src/quadruped_bringup'
[0.459s] INFO:colcon.colcon_core.package_selection:Skipping not selected package 'quadruped_hardware' in 'src/quadruped_hardware'
[0.459s] INFO:colcon.colcon_core.package_selection:Skipping not selected package 'quadruped_msgs' in 'src/quadruped_msgs'
[0.459s] INFO:colcon.colcon_core.package_selection:Skipping not selected package 'quadruped_sim' in 'src/quadruped_sim'
[0.459s] INFO:colcon.colcon_core.package_selection:Skipping not selected package 'quadruped_urdf' in 'src/quadruped_urdf'
[0.459s] INFO:colcon.colcon_core.package_selection:Skipping not selected package 'quadruped_utils' in 'src/quadruped_utils'
[0.459s] INFO:colcon.colcon_core.package_selection:Skipping not selected package 'quadruped_mpc' in 'src/quadruped_mpc'
[0.460s] Level 5:colcon.colcon_core.verb:set package 'zenoh_cpp_vendor' build argument 'cmake_args' from command line to 'None'
[0.460s] Level 5:colcon.colcon_core.verb:set package 'zenoh_cpp_vendor' build argument 'cmake_target' from command line to 'None'
[0.460s] Level 5:colcon.colcon_core.verb:set package 'zenoh_cpp_vendor' build argument 'cmake_target_skip_unavailable' from command line to 'False'
[0.460s] Level 5:colcon.colcon_core.verb:set package 'zenoh_cpp_vendor' build argument 'cmake_clean_cache' from command line to 'False'
[0.460s] Level 5:colcon.colcon_core.verb:set package 'zenoh_cpp_vendor' build argument 'cmake_clean_first' from command line to 'False'
[0.460s] Level 5:colcon.colcon_core.verb:set package 'zenoh_cpp_vendor' build argument 'cmake_force_configure' from command line to 'False'
[0.460s] Level 5:colcon.colcon_core.verb:set package 'zenoh_cpp_vendor' build argument 'ament_cmake_args' from command line to 'None'
[0.460s] Level 5:colcon.colcon_core.verb:set package 'zenoh_cpp_vendor' build argument 'catkin_cmake_args' from command line to 'None'
[0.460s] Level 5:colcon.colcon_core.verb:set package 'zenoh_cpp_vendor' build argument 'catkin_skip_building_tests' from command line to 'False'
[0.460s] DEBUG:colcon.colcon_core.verb:Building package 'zenoh_cpp_vendor' with the following arguments: {'ament_cmake_args': None, 'build_base': '/home/ws/build/zenoh_cpp_vendor', 'catkin_cmake_args': None, 'catkin_skip_building_tests': False, 'cmake_args': None, 'cmake_clean_cache': False, 'cmake_clean_first': False, 'cmake_force_configure': False, 'cmake_target': None, 'cmake_target_skip_unavailable': False, 'install_base': '/home/ws/install/zenoh_cpp_vendor', 'merge_install': False, 'path': '/home/ws/src/rmw_zenoh/zenoh_cpp_vendor', 'symlink_install': False, 'test_result_base': None}
[0.461s] Level 5:colcon.colcon_core.verb:set package 'rmw_zenoh_cpp' build argument 'cmake_args' from command line to 'None'
[0.461s] Level 5:colcon.colcon_core.verb:set package 'rmw_zenoh_cpp' build argument 'cmake_target' from command line to 'None'
[0.461s] Level 5:colcon.colcon_core.verb:set package 'rmw_zenoh_cpp' build argument 'cmake_target_skip_unavailable' from command line to 'False'
[0.461s] Level 5:colcon.colcon_core.verb:set package 'rmw_zenoh_cpp' build argument 'cmake_clean_cache' from command line to 'False'
[0.461s] Level 5:colcon.colcon_core.verb:set package 'rmw_zenoh_cpp' build argument 'cmake_clean_first' from command line to 'False'
[0.461s] Level 5:colcon.colcon_core.verb:set package 'rmw_zenoh_cpp' build argument 'cmake_force_configure' from command line to 'False'
[0.461s] Level 5:colcon.colcon_core.verb:set package 'rmw_zenoh_cpp' build argument 'ament_cmake_args' from command line to 'None'
[0.461s] Level 5:colcon.colcon_core.verb:set package 'rmw_zenoh_cpp' build argument 'catkin_cmake_args' from command line to 'None'
[0.461s] Level 5:colcon.colcon_core.verb:set package 'rmw_zenoh_cpp' build argument 'catkin_skip_building_tests' from command line to 'False'
[0.461s] DEBUG:colcon.colcon_core.verb:Building package 'rmw_zenoh_cpp' with the following arguments: {'ament_cmake_args': None, 'build_base': '/home/ws/build/rmw_zenoh_cpp', 'catkin_cmake_args': None, 'catkin_skip_building_tests': False, 'cmake_args': None, 'cmake_clean_cache': False, 'cmake_clean_first': False, 'cmake_force_configure': False, 'cmake_target': None, 'cmake_target_skip_unavailable': False, 'install_base': '/home/ws/install/rmw_zenoh_cpp', 'merge_install': False, 'path': '/home/ws/src/rmw_zenoh/rmw_zenoh_cpp', 'symlink_install': False, 'test_result_base': None}
[0.462s] INFO:colcon.colcon_core.executor:Executing jobs using 'parallel' executor
[0.464s] DEBUG:colcon.colcon_parallel_executor.executor.parallel:run_until_complete
[0.464s] INFO:colcon.colcon_ros.task.ament_cmake.build:Building ROS package in '/home/ws/src/rmw_zenoh/zenoh_cpp_vendor' with build type 'ament_cmake'
[0.464s] INFO:colcon.colcon_cmake.task.cmake.build:Building CMake package in '/home/ws/src/rmw_zenoh/zenoh_cpp_vendor'
[0.470s] INFO:colcon.colcon_core.plugin_system:Skipping extension 'colcon_core.shell.bat': Not used on non-Windows systems
[0.470s] INFO:colcon.colcon_core.shell:Skip shell extension 'powershell' for command environment: Not usable outside of PowerShell
[0.470s] DEBUG:colcon.colcon_core.shell:Skip shell extension 'dsv' for command environment
[0.491s] DEBUG:colcon.colcon_core.event_handler.log_command:Invoking command in '/home/ws/build/zenoh_cpp_vendor': CMAKE_PREFIX_PATH=${CMAKE_PREFIX_PATH}:/opt/ros/jazzy DEBUGINFOD_URLS=https://debuginfod.ubuntu.com /usr/bin/cmake --build /home/ws/build/zenoh_cpp_vendor -- -j8 -l8
[0.695s] DEBUG:colcon.colcon_core.event_handler.log_command:Invoked command in '/home/ws/build/zenoh_cpp_vendor' returned '0': CMAKE_PREFIX_PATH=${CMAKE_PREFIX_PATH}:/opt/ros/jazzy DEBUGINFOD_URLS=https://debuginfod.ubuntu.com /usr/bin/cmake --build /home/ws/build/zenoh_cpp_vendor -- -j8 -l8
[0.716s] DEBUG:colcon.colcon_core.event_handler.log_command:Invoking command in '/home/ws/build/zenoh_cpp_vendor': CMAKE_PREFIX_PATH=${CMAKE_PREFIX_PATH}:/opt/ros/jazzy DEBUGINFOD_URLS=https://debuginfod.ubuntu.com /usr/bin/cmake --install /home/ws/build/zenoh_cpp_vendor
[0.744s] Level 1:colcon.colcon_core.environment:create_environment_scripts_only(zenoh_cpp_vendor)
[0.756s] Level 1:colcon.colcon_core.environment:checking '/home/ws/install/zenoh_cpp_vendor' for CMake module files
[0.760s] Level 1:colcon.colcon_core.environment:checking '/home/ws/install/zenoh_cpp_vendor' for CMake config files
[0.761s] Level 1:colcon.colcon_core.shell:create_environment_hook('zenoh_cpp_vendor', 'cmake_prefix_path')
[0.762s] INFO:colcon.colcon_core.shell:Creating environment hook '/home/ws/install/zenoh_cpp_vendor/share/zenoh_cpp_vendor/hook/cmake_prefix_path.ps1'
[0.764s] INFO:colcon.colcon_core.shell:Creating environment descriptor '/home/ws/install/zenoh_cpp_vendor/share/zenoh_cpp_vendor/hook/cmake_prefix_path.dsv'
[0.766s] INFO:colcon.colcon_core.shell:Creating environment hook '/home/ws/install/zenoh_cpp_vendor/share/zenoh_cpp_vendor/hook/cmake_prefix_path.sh'
[0.769s] Level 1:colcon.colcon_core.environment:checking '/home/ws/install/zenoh_cpp_vendor/bin'
[0.769s] Level 1:colcon.colcon_core.environment:checking '/home/ws/install/zenoh_cpp_vendor/lib/pkgconfig/zenoh_cpp_vendor.pc'
[0.775s] Level 1:colcon.colcon_core.environment:checking '/home/ws/install/zenoh_cpp_vendor/lib/python3.12/site-packages'
[0.776s] Level 1:colcon.colcon_core.environment:checking '/home/ws/install/zenoh_cpp_vendor/bin'
[0.776s] INFO:colcon.colcon_core.shell:Creating package script '/home/ws/install/zenoh_cpp_vendor/share/zenoh_cpp_vendor/package.ps1'
[0.778s] DEBUG:colcon.colcon_core.event_handler.log_command:Invoked command in '/home/ws/build/zenoh_cpp_vendor' returned '0': CMAKE_PREFIX_PATH=${CMAKE_PREFIX_PATH}:/opt/ros/jazzy DEBUGINFOD_URLS=https://debuginfod.ubuntu.com /usr/bin/cmake --install /home/ws/build/zenoh_cpp_vendor
[0.780s] INFO:colcon.colcon_core.shell:Creating package descriptor '/home/ws/install/zenoh_cpp_vendor/share/zenoh_cpp_vendor/package.dsv'
[0.781s] INFO:colcon.colcon_core.shell:Creating package script '/home/ws/install/zenoh_cpp_vendor/share/zenoh_cpp_vendor/package.sh'
[0.783s] INFO:colcon.colcon_core.shell:Creating package script '/home/ws/install/zenoh_cpp_vendor/share/zenoh_cpp_vendor/package.bash'
[0.784s] INFO:colcon.colcon_core.shell:Creating package script '/home/ws/install/zenoh_cpp_vendor/share/zenoh_cpp_vendor/package.zsh'
[0.786s] Level 1:colcon.colcon_core.environment:create_file_with_runtime_dependencies(/home/ws/install/zenoh_cpp_vendor/share/colcon-core/packages/zenoh_cpp_vendor)
[0.787s] Level 1:colcon.colcon_core.environment:create_environment_scripts_only(zenoh_cpp_vendor)
[0.787s] Level 1:colcon.colcon_core.environment:checking '/home/ws/install/zenoh_cpp_vendor' for CMake module files
[0.788s] Level 1:colcon.colcon_core.environment:checking '/home/ws/install/zenoh_cpp_vendor' for CMake config files
[0.788s] Level 1:colcon.colcon_core.shell:create_environment_hook('zenoh_cpp_vendor', 'cmake_prefix_path')
[0.789s] INFO:colcon.colcon_core.shell:Creating environment hook '/home/ws/install/zenoh_cpp_vendor/share/zenoh_cpp_vendor/hook/cmake_prefix_path.ps1'
[0.789s] INFO:colcon.colcon_core.shell:Creating environment descriptor '/home/ws/install/zenoh_cpp_vendor/share/zenoh_cpp_vendor/hook/cmake_prefix_path.dsv'
[0.790s] INFO:colcon.colcon_core.shell:Creating environment hook '/home/ws/install/zenoh_cpp_vendor/share/zenoh_cpp_vendor/hook/cmake_prefix_path.sh'
[0.791s] Level 1:colcon.colcon_core.environment:checking '/home/ws/install/zenoh_cpp_vendor/bin'
[0.791s] Level 1:colcon.colcon_core.environment:checking '/home/ws/install/zenoh_cpp_vendor/lib/pkgconfig/zenoh_cpp_vendor.pc'
[0.793s] Level 1:colcon.colcon_core.environment:checking '/home/ws/install/zenoh_cpp_vendor/lib/python3.12/site-packages'
[0.794s] Level 1:colcon.colcon_core.environment:checking '/home/ws/install/zenoh_cpp_vendor/bin'
[0.795s] INFO:colcon.colcon_core.shell:Creating package script '/home/ws/install/zenoh_cpp_vendor/share/zenoh_cpp_vendor/package.ps1'
[0.796s] INFO:colcon.colcon_core.shell:Creating package descriptor '/home/ws/install/zenoh_cpp_vendor/share/zenoh_cpp_vendor/package.dsv'
[0.798s] INFO:colcon.colcon_core.shell:Creating package script '/home/ws/install/zenoh_cpp_vendor/share/zenoh_cpp_vendor/package.sh'
[0.802s] INFO:colcon.colcon_core.shell:Creating package script '/home/ws/install/zenoh_cpp_vendor/share/zenoh_cpp_vendor/package.bash'
[0.802s] INFO:colcon.colcon_core.shell:Creating package script '/home/ws/install/zenoh_cpp_vendor/share/zenoh_cpp_vendor/package.zsh'
[0.804s] Level 1:colcon.colcon_core.environment:create_file_with_runtime_dependencies(/home/ws/install/zenoh_cpp_vendor/share/colcon-core/packages/zenoh_cpp_vendor)
[0.804s] INFO:colcon.colcon_ros.task.ament_cmake.build:Building ROS package in '/home/ws/src/rmw_zenoh/rmw_zenoh_cpp' with build type 'ament_cmake'
[0.804s] INFO:colcon.colcon_cmake.task.cmake.build:Building CMake package in '/home/ws/src/rmw_zenoh/rmw_zenoh_cpp'
[0.805s] INFO:colcon.colcon_core.shell:Skip shell extension 'powershell' for command environment: Not usable outside of PowerShell
[0.805s] DEBUG:colcon.colcon_core.shell:Skip shell extension 'dsv' for command environment
[0.826s] DEBUG:colcon.colcon_core.event_handler.log_command:Invoking command in '/home/ws/build/rmw_zenoh_cpp': AMENT_PREFIX_PATH=/home/ws/install/zenoh_cpp_vendor:${AMENT_PREFIX_PATH} CMAKE_PREFIX_PATH=/home/ws/install/zenoh_cpp_vendor:/opt/ros/jazzy/opt/gz_sim_vendor:/opt/ros/jazzy/opt/gz_sensors_vendor:/opt/ros/jazzy/opt/gz_physics_vendor:/opt/ros/jazzy/opt/sdformat_vendor:/opt/ros/jazzy/opt/gz_gui_vendor:/opt/ros/jazzy/opt/gz_transport_vendor:/opt/ros/jazzy/opt/gz_rendering_vendor:/opt/ros/jazzy/opt/gz_plugin_vendor:/opt/ros/jazzy/opt/gz_fuel_tools_vendor:/opt/ros/jazzy/opt/gz_msgs_vendor:/opt/ros/jazzy/opt/gz_common_vendor:/opt/ros/jazzy/opt/gz_math_vendor:/opt/ros/jazzy/opt/gz_utils_vendor:/opt/ros/jazzy/opt/gz_tools_vendor:/opt/ros/jazzy/opt/gz_ogre_next_vendor:/opt/ros/jazzy/opt/gz_dartsim_vendor:/opt/ros/jazzy/opt/gz_cmake_vendor:/opt/ros/jazzy DEBUGINFOD_URLS=https://debuginfod.ubuntu.com LD_LIBRARY_PATH=/home/ws/install/zenoh_cpp_vendor/opt/zenoh_cpp_vendor/lib:${LD_LIBRARY_PATH} /usr/bin/cmake --build /home/ws/build/rmw_zenoh_cpp -- -j8 -l8
[1.002s] DEBUG:colcon.colcon_core.event_handler.log_command:Invoked command in '/home/ws/build/rmw_zenoh_cpp' returned '0': AMENT_PREFIX_PATH=/home/ws/install/zenoh_cpp_vendor:${AMENT_PREFIX_PATH} CMAKE_PREFIX_PATH=/home/ws/install/zenoh_cpp_vendor:/opt/ros/jazzy/opt/gz_sim_vendor:/opt/ros/jazzy/opt/gz_sensors_vendor:/opt/ros/jazzy/opt/gz_physics_vendor:/opt/ros/jazzy/opt/sdformat_vendor:/opt/ros/jazzy/opt/gz_gui_vendor:/opt/ros/jazzy/opt/gz_transport_vendor:/opt/ros/jazzy/opt/gz_rendering_vendor:/opt/ros/jazzy/opt/gz_plugin_vendor:/opt/ros/jazzy/opt/gz_fuel_tools_vendor:/opt/ros/jazzy/opt/gz_msgs_vendor:/opt/ros/jazzy/opt/gz_common_vendor:/opt/ros/jazzy/opt/gz_math_vendor:/opt/ros/jazzy/opt/gz_utils_vendor:/opt/ros/jazzy/opt/gz_tools_vendor:/opt/ros/jazzy/opt/gz_ogre_next_vendor:/opt/ros/jazzy/opt/gz_dartsim_vendor:/opt/ros/jazzy/opt/gz_cmake_vendor:/opt/ros/jazzy DEBUGINFOD_URLS=https://debuginfod.ubuntu.com LD_LIBRARY_PATH=/home/ws/install/zenoh_cpp_vendor/opt/zenoh_cpp_vendor/lib:${LD_LIBRARY_PATH} /usr/bin/cmake --build /home/ws/build/rmw_zenoh_cpp -- -j8 -l8
[1.004s] DEBUG:colcon.colcon_core.event_handler.log_command:Invoking command in '/home/ws/build/rmw_zenoh_cpp': AMENT_PREFIX_PATH=/home/ws/install/zenoh_cpp_vendor:${AMENT_PREFIX_PATH} CMAKE_PREFIX_PATH=/home/ws/install/zenoh_cpp_vendor:/opt/ros/jazzy/opt/gz_sim_vendor:/opt/ros/jazzy/opt/gz_sensors_vendor:/opt/ros/jazzy/opt/gz_physics_vendor:/opt/ros/jazzy/opt/sdformat_vendor:/opt/ros/jazzy/opt/gz_gui_vendor:/opt/ros/jazzy/opt/gz_transport_vendor:/opt/ros/jazzy/opt/gz_rendering_vendor:/opt/ros/jazzy/opt/gz_plugin_vendor:/opt/ros/jazzy/opt/gz_fuel_tools_vendor:/opt/ros/jazzy/opt/gz_msgs_vendor:/opt/ros/jazzy/opt/gz_common_vendor:/opt/ros/jazzy/opt/gz_math_vendor:/opt/ros/jazzy/opt/gz_utils_vendor:/opt/ros/jazzy/opt/gz_tools_vendor:/opt/ros/jazzy/opt/gz_ogre_next_vendor:/opt/ros/jazzy/opt/gz_dartsim_vendor:/opt/ros/jazzy/opt/gz_cmake_vendor:/opt/ros/jazzy DEBUGINFOD_URLS=https://debuginfod.ubuntu.com LD_LIBRARY_PATH=/home/ws/install/zenoh_cpp_vendor/opt/zenoh_cpp_vendor/lib:${LD_LIBRARY_PATH} /usr/bin/cmake --install /home/ws/build/rmw_zenoh_cpp
[1.031s] Level 1:colcon.colcon_core.environment:create_environment_scripts_only(rmw_zenoh_cpp)
[1.032s] Level 1:colcon.colcon_core.environment:checking '/home/ws/install/rmw_zenoh_cpp' for CMake module files
[1.032s] DEBUG:colcon.colcon_core.event_handler.log_command:Invoked command in '/home/ws/build/rmw_zenoh_cpp' returned '0': AMENT_PREFIX_PATH=/home/ws/install/zenoh_cpp_vendor:${AMENT_PREFIX_PATH} CMAKE_PREFIX_PATH=/home/ws/install/zenoh_cpp_vendor:/opt/ros/jazzy/opt/gz_sim_vendor:/opt/ros/jazzy/opt/gz_sensors_vendor:/opt/ros/jazzy/opt/gz_physics_vendor:/opt/ros/jazzy/opt/sdformat_vendor:/opt/ros/jazzy/opt/gz_gui_vendor:/opt/ros/jazzy/opt/gz_transport_vendor:/opt/ros/jazzy/opt/gz_rendering_vendor:/opt/ros/jazzy/opt/gz_plugin_vendor:/opt/ros/jazzy/opt/gz_fuel_tools_vendor:/opt/ros/jazzy/opt/gz_msgs_vendor:/opt/ros/jazzy/opt/gz_common_vendor:/opt/ros/jazzy/opt/gz_math_vendor:/opt/ros/jazzy/opt/gz_utils_vendor:/opt/ros/jazzy/opt/gz_tools_vendor:/opt/ros/jazzy/opt/gz_ogre_next_vendor:/opt/ros/jazzy/opt/gz_dartsim_vendor:/opt/ros/jazzy/opt/gz_cmake_vendor:/opt/ros/jazzy DEBUGINFOD_URLS=https://debuginfod.ubuntu.com LD_LIBRARY_PATH=/home/ws/install/zenoh_cpp_vendor/opt/zenoh_cpp_vendor/lib:${LD_LIBRARY_PATH} /usr/bin/cmake --install /home/ws/build/rmw_zenoh_cpp
[1.034s] Level 1:colcon.colcon_core.environment:checking '/home/ws/install/rmw_zenoh_cpp' for CMake config files
[1.034s] Level 1:colcon.colcon_core.shell:create_environment_hook('rmw_zenoh_cpp', 'cmake_prefix_path')
[1.034s] INFO:colcon.colcon_core.shell:Creating environment hook '/home/ws/install/rmw_zenoh_cpp/share/rmw_zenoh_cpp/hook/cmake_prefix_path.ps1'
[1.036s] INFO:colcon.colcon_core.shell:Creating environment descriptor '/home/ws/install/rmw_zenoh_cpp/share/rmw_zenoh_cpp/hook/cmake_prefix_path.dsv'
[1.037s] INFO:colcon.colcon_core.shell:Creating environment hook '/home/ws/install/rmw_zenoh_cpp/share/rmw_zenoh_cpp/hook/cmake_prefix_path.sh'
[1.038s] Level 1:colcon.colcon_core.environment:checking '/home/ws/install/rmw_zenoh_cpp/lib'
[1.038s] Level 1:colcon.colcon_core.shell:create_environment_hook('rmw_zenoh_cpp', 'ld_library_path_lib')
[1.039s] INFO:colcon.colcon_core.shell:Creating environment hook '/home/ws/install/rmw_zenoh_cpp/share/rmw_zenoh_cpp/hook/ld_library_path_lib.ps1'
[1.041s] INFO:colcon.colcon_core.shell:Creating environment descriptor '/home/ws/install/rmw_zenoh_cpp/share/rmw_zenoh_cpp/hook/ld_library_path_lib.dsv'
[1.041s] INFO:colcon.colcon_core.shell:Creating environment hook '/home/ws/install/rmw_zenoh_cpp/share/rmw_zenoh_cpp/hook/ld_library_path_lib.sh'
[1.042s] Level 1:colcon.colcon_core.environment:checking '/home/ws/install/rmw_zenoh_cpp/bin'
[1.042s] Level 1:colcon.colcon_core.environment:checking '/home/ws/install/rmw_zenoh_cpp/lib/pkgconfig/rmw_zenoh_cpp.pc'
[1.043s] Level 1:colcon.colcon_core.environment:checking '/home/ws/install/rmw_zenoh_cpp/lib/python3.12/site-packages'
[1.043s] Level 1:colcon.colcon_core.environment:checking '/home/ws/install/rmw_zenoh_cpp/bin'
[1.043s] INFO:colcon.colcon_core.shell:Creating package script '/home/ws/install/rmw_zenoh_cpp/share/rmw_zenoh_cpp/package.ps1'
[1.045s] INFO:colcon.colcon_core.shell:Creating package descriptor '/home/ws/install/rmw_zenoh_cpp/share/rmw_zenoh_cpp/package.dsv'
[1.046s] INFO:colcon.colcon_core.shell:Creating package script '/home/ws/install/rmw_zenoh_cpp/share/rmw_zenoh_cpp/package.sh'
[1.046s] INFO:colcon.colcon_core.shell:Creating package script '/home/ws/install/rmw_zenoh_cpp/share/rmw_zenoh_cpp/package.bash'
[1.047s] INFO:colcon.colcon_core.shell:Creating package script '/home/ws/install/rmw_zenoh_cpp/share/rmw_zenoh_cpp/package.zsh'
[1.048s] Level 1:colcon.colcon_core.environment:create_file_with_runtime_dependencies(/home/ws/install/rmw_zenoh_cpp/share/colcon-core/packages/rmw_zenoh_cpp)
[1.049s] Level 1:colcon.colcon_core.environment:create_environment_scripts_only(rmw_zenoh_cpp)
[1.049s] Level 1:colcon.colcon_core.environment:checking '/home/ws/install/rmw_zenoh_cpp' for CMake module files
[1.050s] Level 1:colcon.colcon_core.environment:checking '/home/ws/install/rmw_zenoh_cpp' for CMake config files
[1.051s] Level 1:colcon.colcon_core.shell:create_environment_hook('rmw_zenoh_cpp', 'cmake_prefix_path')
[1.051s] INFO:colcon.colcon_core.shell:Creating environment hook '/home/ws/install/rmw_zenoh_cpp/share/rmw_zenoh_cpp/hook/cmake_prefix_path.ps1'
[1.052s] INFO:colcon.colcon_core.shell:Creating environment descriptor '/home/ws/install/rmw_zenoh_cpp/share/rmw_zenoh_cpp/hook/cmake_prefix_path.dsv'
[1.054s] INFO:colcon.colcon_core.shell:Creating environment hook '/home/ws/install/rmw_zenoh_cpp/share/rmw_zenoh_cpp/hook/cmake_prefix_path.sh'
[1.056s] Level 1:colcon.colcon_core.environment:checking '/home/ws/install/rmw_zenoh_cpp/lib'
[1.056s] Level 1:colcon.colcon_core.shell:create_environment_hook('rmw_zenoh_cpp', 'ld_library_path_lib')
[1.056s] INFO:colcon.colcon_core.shell:Creating environment hook '/home/ws/install/rmw_zenoh_cpp/share/rmw_zenoh_cpp/hook/ld_library_path_lib.ps1'
[1.057s] INFO:colcon.colcon_core.shell:Creating environment descriptor '/home/ws/install/rmw_zenoh_cpp/share/rmw_zenoh_cpp/hook/ld_library_path_lib.dsv'
[1.058s] INFO:colcon.colcon_core.shell:Creating environment hook '/home/ws/install/rmw_zenoh_cpp/share/rmw_zenoh_cpp/hook/ld_library_path_lib.sh'
[1.059s] Level 1:colcon.colcon_core.environment:checking '/home/ws/install/rmw_zenoh_cpp/bin'
[1.059s] Level 1:colcon.colcon_core.environment:checking '/home/ws/install/rmw_zenoh_cpp/lib/pkgconfig/rmw_zenoh_cpp.pc'
[1.060s] Level 1:colcon.colcon_core.environment:checking '/home/ws/install/rmw_zenoh_cpp/lib/python3.12/site-packages'
[1.060s] Level 1:colcon.colcon_core.environment:checking '/home/ws/install/rmw_zenoh_cpp/bin'
[1.060s] INFO:colcon.colcon_core.shell:Creating package script '/home/ws/install/rmw_zenoh_cpp/share/rmw_zenoh_cpp/package.ps1'
[1.062s] INFO:colcon.colcon_core.shell:Creating package descriptor '/home/ws/install/rmw_zenoh_cpp/share/rmw_zenoh_cpp/package.dsv'
[1.063s] INFO:colcon.colcon_core.shell:Creating package script '/home/ws/install/rmw_zenoh_cpp/share/rmw_zenoh_cpp/package.sh'
[1.064s] INFO:colcon.colcon_core.shell:Creating package script '/home/ws/install/rmw_zenoh_cpp/share/rmw_zenoh_cpp/package.bash'
[1.064s] INFO:colcon.colcon_core.shell:Creating package script '/home/ws/install/rmw_zenoh_cpp/share/rmw_zenoh_cpp/package.zsh'
[1.065s] Level 1:colcon.colcon_core.environment:create_file_with_runtime_dependencies(/home/ws/install/rmw_zenoh_cpp/share/colcon-core/packages/rmw_zenoh_cpp)
[1.066s] DEBUG:colcon.colcon_parallel_executor.executor.parallel:closing loop
[1.066s] DEBUG:colcon.colcon_parallel_executor.executor.parallel:loop closed
[1.067s] DEBUG:colcon.colcon_parallel_executor.executor.parallel:run_until_complete finished with '0'
[1.067s] DEBUG:colcon.colcon_core.event_reactor:joining thread
[1.085s] INFO:colcon.colcon_core.plugin_system:Skipping extension 'colcon_notification.desktop_notification.notify_send': Could not find 'notify-send'
[1.085s] INFO:colcon.colcon_core.plugin_system:Skipping extension 'colcon_notification.desktop_notification.terminal_notifier': Not used on non-Darwin systems
[1.085s] INFO:colcon.colcon_core.plugin_system:Skipping extension 'colcon_notification.desktop_notification.win32': Not used on non-Windows systems
[1.085s] INFO:colcon.colcon_notification.desktop_notification:Sending desktop notification using 'notify2'
[1.093s] DEBUG:colcon.colcon_notification.desktop_notification.notify2:Failed to initialize notify2: org.freedesktop.DBus.Error.Spawn.ExecFailed: /usr/bin/dbus-launch terminated abnormally without any error message
[1.093s] DEBUG:colcon.colcon_core.event_reactor:joined thread
[1.094s] INFO:colcon.colcon_core.shell:Creating prefix script '/home/ws/install/local_setup.ps1'
[1.096s] INFO:colcon.colcon_core.shell:Creating prefix util module '/home/ws/install/_local_setup_util_ps1.py'
[1.098s] INFO:colcon.colcon_core.shell:Creating prefix chain script '/home/ws/install/setup.ps1'
[1.101s] INFO:colcon.colcon_core.shell:Creating prefix script '/home/ws/install/local_setup.sh'
[1.102s] INFO:colcon.colcon_core.shell:Creating prefix util module '/home/ws/install/_local_setup_util_sh.py'
[1.103s] INFO:colcon.colcon_core.shell:Creating prefix chain script '/home/ws/install/setup.sh'
[1.105s] INFO:colcon.colcon_core.shell:Creating prefix script '/home/ws/install/local_setup.bash'
[1.106s] INFO:colcon.colcon_core.shell:Creating prefix chain script '/home/ws/install/setup.bash'
[1.108s] INFO:colcon.colcon_core.shell:Creating prefix script '/home/ws/install/local_setup.zsh'
[1.109s] INFO:colcon.colcon_core.shell:Creating prefix chain script '/home/ws/install/setup.zsh'
