[0.072s] Invoking command in '/home/ws/build/quadruped_utils': CMAKE_PREFIX_PATH=${CMAKE_PREFIX_PATH}:/home/ws/install/py_pubsub:/opt/ros/jazzy DEBUGINFOD_URLS=https://debuginfod.ubuntu.com /usr/bin/cmake --build /home/ws/build/quadruped_utils -- -j8 -l8
[0.355s] [100%] Built target quadruped_utils_controllers
[0.398s] Invoked command in '/home/ws/build/quadruped_utils' returned '0': CMAKE_PREFIX_PATH=${CMAKE_PREFIX_PATH}:/home/ws/install/py_pubsub:/opt/ros/jazzy DEBUGINFOD_URLS=https://debuginfod.ubuntu.com /usr/bin/cmake --build /home/ws/build/quadruped_utils -- -j8 -l8
[0.399s] Invoking command in '/home/ws/build/quadruped_utils': CMAKE_PREFIX_PATH=${CMAKE_PREFIX_PATH}:/home/ws/install/py_pubsub:/opt/ros/jazzy DEBUGINFOD_URLS=https://debuginfod.ubuntu.com /usr/bin/cmake --install /home/ws/build/quadruped_utils
[0.442s] -- Install configuration: "Debug"
[0.445s] -- Up-to-date: /home/ws/install/quadruped_utils/lib/libquadruped_utils_controllers.so
[0.447s] -- Up-to-date: /home/ws/install/quadruped_utils/share/quadruped_utils/launch
[0.449s] -- Up-to-date: /home/ws/install/quadruped_utils/share/quadruped_utils/launch/ZeroJoint.launch.py
[0.449s] -- Up-to-date: /home/ws/install/quadruped_utils/share/quadruped_utils/launch/StaticJoint.launch.py
[0.450s] -- Installing: /home/ws/install/quadruped_utils/share/quadruped_utils/launch/testcontroller.launch.py
[0.463s] -- Up-to-date: /home/ws/install/quadruped_utils/share/quadruped_utils/config
[0.464s] -- Up-to-date: /home/ws/install/quadruped_utils/share/quadruped_utils/config/controller.yaml
[0.465s] -- Up-to-date: /home/ws/install/quadruped_utils/include
[0.466s] -- Up-to-date: /home/ws/install/quadruped_utils/include/quadruped_utils
[0.467s] -- Up-to-date: /home/ws/install/quadruped_utils/include/quadruped_utils/EstopController.hpp
[0.469s] -- Up-to-date: /home/ws/install/quadruped_utils/include/quadruped_utils/ZeroJointsController.hpp
[0.470s] -- Up-to-date: /home/ws/install/quadruped_utils/include/quadruped_utils/StaticJointsController.hpp
[0.471s] -- Up-to-date: /home/ws/install/quadruped_utils/share/quadruped_utils/ZeroJointsController.xml
[0.472s] -- Up-to-date: /home/ws/install/quadruped_utils/share/quadruped_utils/StaticJointsController.xml
[0.473s] -- Up-to-date: /home/ws/install/quadruped_utils/share/quadruped_utils/environment/library_path.sh
[0.474s] -- Up-to-date: /home/ws/install/quadruped_utils/share/quadruped_utils/environment/library_path.dsv
[0.475s] -- Up-to-date: /home/ws/install/quadruped_utils/share/ament_index/resource_index/package_run_dependencies/quadruped_utils
[0.476s] -- Up-to-date: /home/ws/install/quadruped_utils/share/ament_index/resource_index/parent_prefix_path/quadruped_utils
[0.478s] -- Up-to-date: /home/ws/install/quadruped_utils/share/quadruped_utils/environment/ament_prefix_path.sh
[0.480s] -- Up-to-date: /home/ws/install/quadruped_utils/share/quadruped_utils/environment/ament_prefix_path.dsv
[0.480s] -- Up-to-date: /home/ws/install/quadruped_utils/share/quadruped_utils/environment/path.sh
[0.481s] -- Up-to-date: /home/ws/install/quadruped_utils/share/quadruped_utils/environment/path.dsv
[0.482s] -- Up-to-date: /home/ws/install/quadruped_utils/share/quadruped_utils/local_setup.bash
[0.483s] -- Up-to-date: /home/ws/install/quadruped_utils/share/quadruped_utils/local_setup.sh
[0.485s] -- Up-to-date: /home/ws/install/quadruped_utils/share/quadruped_utils/local_setup.zsh
[0.486s] -- Up-to-date: /home/ws/install/quadruped_utils/share/quadruped_utils/local_setup.dsv
[0.487s] -- Installing: /home/ws/install/quadruped_utils/share/quadruped_utils/package.dsv
[0.489s] -- Up-to-date: /home/ws/install/quadruped_utils/share/ament_index/resource_index/packages/quadruped_utils
[0.490s] -- Up-to-date: /home/ws/install/quadruped_utils/share/ament_index/resource_index/controller_interface__pluginlib__plugin/quadruped_utils
[0.491s] -- Up-to-date: /home/ws/install/quadruped_utils/share/quadruped_utils/cmake/ament_cmake_export_dependencies-extras.cmake
[0.492s] -- Up-to-date: /home/ws/install/quadruped_utils/share/quadruped_utils/cmake/ament_cmake_export_include_directories-extras.cmake
[0.493s] -- Up-to-date: /home/ws/install/quadruped_utils/share/quadruped_utils/cmake/ament_cmake_export_libraries-extras.cmake
[0.494s] -- Up-to-date: /home/ws/install/quadruped_utils/share/quadruped_utils/cmake/quadruped_utilsConfig.cmake
[0.494s] -- Up-to-date: /home/ws/install/quadruped_utils/share/quadruped_utils/cmake/quadruped_utilsConfig-version.cmake
[0.494s] -- Up-to-date: /home/ws/install/quadruped_utils/share/quadruped_utils/package.xml
[0.513s] Invoked command in '/home/ws/build/quadruped_utils' returned '0': CMAKE_PREFIX_PATH=${CMAKE_PREFIX_PATH}:/home/ws/install/py_pubsub:/opt/ros/jazzy DEBUGINFOD_URLS=https://debuginfod.ubuntu.com /usr/bin/cmake --install /home/ws/build/quadruped_utils
