-- Found ament_cmake: 2.5.3 (/opt/ros/jazzy/share/ament_cmake/cmake)
-- Found rclcpp: 28.1.6 (/opt/ros/jazzy/share/rclcpp/cmake)
-- Found rosidl_generator_c: 4.6.5 (/opt/ros/jazzy/share/rosidl_generator_c/cmake)
-- Found rosidl_generator_cpp: 4.6.5 (/opt/ros/jazzy/share/rosidl_generator_cpp/cmake)
-- Using all available rosidl_typesupport_c: rosidl_typesupport_fastrtps_c;rosidl_typesupport_introspection_c
-- Using all available rosidl_typesupport_cpp: rosidl_typesupport_fastrtps_cpp;rosidl_typesupport_introspection_cpp
-- Found rmw_implementation_cmake: 7.3.1 (/opt/ros/jazzy/share/rmw_implementation_cmake/cmake)
-- Configuring incomplete, errors occurred!
[31mCMake Error at /opt/ros/jazzy/share/rmw_implementation_cmake/cmake/get_default_rmw_implementation.cmake:60 (message):
  Could not find ROS middleware implementation 'rmw_zenoh_cpp'.  Choose one
  of the following: rmw_fastrtps_cpp
Call Stack (most recent call first):
  /opt/ros/jazzy/share/rmw_implementation/cmake/rmw_implementation-extras.cmake:19 (get_default_rmw_implementation)
  /opt/ros/jazzy/share/rmw_implementation/cmake/rmw_implementationConfig.cmake:41 (include)
  /opt/ros/jazzy/share/rcl/cmake/ament_cmake_export_dependencies-extras.cmake:21 (find_package)
  /opt/ros/jazzy/share/rcl/cmake/rclConfig.cmake:41 (include)
  /opt/ros/jazzy/share/libstatistics_collector/cmake/ament_cmake_export_dependencies-extras.cmake:21 (find_package)
  /opt/ros/jazzy/share/libstatistics_collector/cmake/libstatistics_collectorConfig.cmake:41 (include)
  /opt/ros/jazzy/share/rclcpp/cmake/ament_cmake_export_dependencies-extras.cmake:21 (find_package)
  /opt/ros/jazzy/share/rclcpp/cmake/rclcppConfig.cmake:41 (include)
  CMakeLists.txt:20 (find_package)

[0m
