[0.680s] Invoking command in '/home/ws/build/quadruped_hardware': CMAKE_PREFIX_PATH=${CMAKE_PREFIX_PATH}:/home/ws/install/py_pubsub:/opt/ros/jazzy DEBUGINFOD_URLS=https://debuginfod.ubuntu.com /usr/bin/cmake /home/ws/src/quadruped_hardware -DCMAKE_INSTALL_PREFIX=/home/ws/install/quadruped_hardware
[1.095s] -- Found ament_cmake: 2.5.3 (/opt/ros/jazzy/share/ament_cmake/cmake)
[1.454s] -- Found rclcpp: 28.1.6 (/opt/ros/jazzy/share/rclcpp/cmake)
[1.517s] -- Found rosidl_generator_c: 4.6.5 (/opt/ros/jazzy/share/rosidl_generator_c/cmake)
[1.539s] -- Found rosidl_generator_cpp: 4.6.5 (/opt/ros/jazzy/share/rosidl_generator_cpp/cmake)
[1.571s] -- Using all available rosidl_typesupport_c: rosidl_typesupport_fastrtps_c;rosidl_typesupport_introspection_c
[1.603s] -- Using all available rosidl_typesupport_cpp: rosidl_typesupport_fastrtps_cpp;rosidl_typesupport_introspection_cpp
[1.730s] -- Found rmw_implementation_cmake: 7.3.1 (/opt/ros/jazzy/share/rmw_implementation_cmake/cmake)
[1.735s] -- Found rmw_zenoh_cpp: 0.2.2 (/home/ws/install/rmw_zenoh_cpp/share/rmw_zenoh_cpp/cmake)
[1.737s] -- Using RMW implementation 'rmw_zenoh_cpp' as default
[1.868s] -- Found rclcpp_lifecycle: 28.1.6 (/opt/ros/jazzy/share/rclcpp_lifecycle/cmake)
[1.925s] -- Found hardware_interface: 4.28.1 (/opt/ros/jazzy/share/hardware_interface/cmake)
[2.285s] -- Found TinyXML2 via Config file: /usr/local/lib/cmake/tinyxml2
[2.416s] -- Found controller_interface: 4.28.1 (/opt/ros/jazzy/share/controller_interface/cmake)
[2.681s] -- Configuring done (2.0s)
[2.803s] -- Generating done (0.1s)
[2.815s] -- Build files have been written to: /home/ws/build/quadruped_hardware
[2.842s] Invoked command in '/home/ws/build/quadruped_hardware' returned '0': CMAKE_PREFIX_PATH=${CMAKE_PREFIX_PATH}:/home/ws/install/py_pubsub:/opt/ros/jazzy DEBUGINFOD_URLS=https://debuginfod.ubuntu.com /usr/bin/cmake /home/ws/src/quadruped_hardware -DCMAKE_INSTALL_PREFIX=/home/ws/install/quadruped_hardware
[2.843s] Invoking command in '/home/ws/build/quadruped_hardware': CMAKE_PREFIX_PATH=${CMAKE_PREFIX_PATH}:/home/ws/install/py_pubsub:/opt/ros/jazzy DEBUGINFOD_URLS=https://debuginfod.ubuntu.com /usr/bin/cmake --build /home/ws/build/quadruped_hardware -- -j8 -l8
[3.336s] [100%] Built target quadruped_hardware
[3.394s] Invoked command in '/home/ws/build/quadruped_hardware' returned '0': CMAKE_PREFIX_PATH=${CMAKE_PREFIX_PATH}:/home/ws/install/py_pubsub:/opt/ros/jazzy DEBUGINFOD_URLS=https://debuginfod.ubuntu.com /usr/bin/cmake --build /home/ws/build/quadruped_hardware -- -j8 -l8
[3.394s] Invoking command in '/home/ws/build/quadruped_hardware': CMAKE_PREFIX_PATH=${CMAKE_PREFIX_PATH}:/home/ws/install/py_pubsub:/opt/ros/jazzy DEBUGINFOD_URLS=https://debuginfod.ubuntu.com /usr/bin/cmake --install /home/ws/build/quadruped_hardware
[3.492s] -- Install configuration: "Release"
[3.492s] -- Up-to-date: /home/ws/install/quadruped_hardware/share/quadruped_hardware/ros2CANMotor_Description.xml
[3.492s] -- Up-to-date: /home/ws/install/quadruped_hardware/share/quadruped_hardware/launch
[3.493s] -- Up-to-date: /home/ws/install/quadruped_hardware/share/quadruped_hardware/launch/controller_manager.launch.py
[3.493s] -- Up-to-date: /home/ws/install/quadruped_hardware/share/quadruped_hardware/config
[3.493s] -- Up-to-date: /home/ws/install/quadruped_hardware/share/quadruped_hardware/config/quadruped_hardware.yaml
[3.493s] -- Up-to-date: /home/ws/install/quadruped_hardware/share/quadruped_hardware/config/ros2_control_config.yaml
[3.493s] -- Up-to-date: /home/ws/install/quadruped_hardware/lib/libquadruped_hardware.so
[3.494s] -- Up-to-date: /home/ws/install/quadruped_hardware/include
[3.494s] -- Up-to-date: /home/ws/install/quadruped_hardware/include/quadruped_hardware
[3.494s] -- Up-to-date: /home/ws/install/quadruped_hardware/include/quadruped_hardware/ROS2_CAN_Motor.hpp
[3.495s] -- Up-to-date: /home/ws/install/quadruped_hardware/include/quadruped_hardware/ROS2_CAN_Interface.hpp
[3.495s] -- Up-to-date: /home/ws/install/quadruped_hardware/include/quadruped_hardware/hex_utils.hpp
[3.495s] -- Up-to-date: /home/ws/install/quadruped_hardware/include/quadruped_hardware/MotorDriver.hpp
[3.495s] -- Up-to-date: /home/ws/install/quadruped_hardware/include/quadruped_hardware/CANInterface.hpp
[3.495s] -- Up-to-date: /home/ws/install/quadruped_hardware/include/quadruped_hardware/watchdog.hpp
[3.495s] -- Up-to-date: /home/ws/install/quadruped_hardware/share/quadruped_hardware/environment/library_path.sh
[3.495s] -- Up-to-date: /home/ws/install/quadruped_hardware/share/quadruped_hardware/environment/library_path.dsv
[3.496s] -- Up-to-date: /home/ws/install/quadruped_hardware/share/ament_index/resource_index/package_run_dependencies/quadruped_hardware
[3.496s] -- Up-to-date: /home/ws/install/quadruped_hardware/share/ament_index/resource_index/parent_prefix_path/quadruped_hardware
[3.496s] -- Up-to-date: /home/ws/install/quadruped_hardware/share/quadruped_hardware/environment/ament_prefix_path.sh
[3.496s] -- Up-to-date: /home/ws/install/quadruped_hardware/share/quadruped_hardware/environment/ament_prefix_path.dsv
[3.496s] -- Up-to-date: /home/ws/install/quadruped_hardware/share/quadruped_hardware/environment/path.sh
[3.496s] -- Up-to-date: /home/ws/install/quadruped_hardware/share/quadruped_hardware/environment/path.dsv
[3.496s] -- Up-to-date: /home/ws/install/quadruped_hardware/share/quadruped_hardware/local_setup.bash
[3.497s] -- Up-to-date: /home/ws/install/quadruped_hardware/share/quadruped_hardware/local_setup.sh
[3.497s] -- Up-to-date: /home/ws/install/quadruped_hardware/share/quadruped_hardware/local_setup.zsh
[3.497s] -- Up-to-date: /home/ws/install/quadruped_hardware/share/quadruped_hardware/local_setup.dsv
[3.497s] -- Installing: /home/ws/install/quadruped_hardware/share/quadruped_hardware/package.dsv
[3.497s] -- Up-to-date: /home/ws/install/quadruped_hardware/share/ament_index/resource_index/packages/quadruped_hardware
[3.497s] -- Up-to-date: /home/ws/install/quadruped_hardware/share/ament_index/resource_index/hardware_interface__pluginlib__plugin/quadruped_hardware
[3.497s] -- Up-to-date: /home/ws/install/quadruped_hardware/share/quadruped_hardware/cmake/ament_cmake_export_dependencies-extras.cmake
[3.498s] -- Up-to-date: /home/ws/install/quadruped_hardware/share/quadruped_hardware/cmake/ament_cmake_export_include_directories-extras.cmake
[3.498s] -- Up-to-date: /home/ws/install/quadruped_hardware/share/quadruped_hardware/cmake/ament_cmake_export_libraries-extras.cmake
[3.498s] -- Up-to-date: /home/ws/install/quadruped_hardware/share/quadruped_hardware/cmake/quadruped_hardwareConfig.cmake
[3.498s] -- Up-to-date: /home/ws/install/quadruped_hardware/share/quadruped_hardware/cmake/quadruped_hardwareConfig-version.cmake
[3.498s] -- Up-to-date: /home/ws/install/quadruped_hardware/share/quadruped_hardware/package.xml
[3.498s] Invoked command in '/home/ws/build/quadruped_hardware' returned '0': CMAKE_PREFIX_PATH=${CMAKE_PREFIX_PATH}:/home/ws/install/py_pubsub:/opt/ros/jazzy DEBUGINFOD_URLS=https://debuginfod.ubuntu.com /usr/bin/cmake --install /home/ws/build/quadruped_hardware
