-- The C compiler identification is GNU 13.3.0
-- The CXX compiler identification is GNU 13.3.0
-- Detecting C compiler ABI info
-- Detecting C compiler ABI info - done
-- Check for working C compiler: /usr/bin/cc - skipped
-- Detecting C compile features
-- Detecting C compile features - done
-- Detecting CXX compiler ABI info
-- Detecting CXX compiler ABI info - done
-- Check for working CXX compiler: /usr/bin/c++ - skipped
-- Detecting CXX compile features
-- Detecting CXX compile features - done
-- Found ament_cmake: 2.5.3 (/opt/ros/jazzy/share/ament_cmake/cmake)
-- Found Python3: /usr/bin/python3 (found version "3.12.3") found components: Interpreter 
-- Found rclcpp: 28.1.6 (/opt/ros/jazzy/share/rclcpp/cmake)
-- Found rosidl_generator_c: 4.6.5 (/opt/ros/jazzy/share/rosidl_generator_c/cmake)
-- Found rosidl_generator_cpp: 4.6.5 (/opt/ros/jazzy/share/rosidl_generator_cpp/cmake)
-- Using all available rosidl_typesupport_c: rosidl_typesupport_fastrtps_c;rosidl_typesupport_introspection_c
-- Using all available rosidl_typesupport_cpp: rosidl_typesupport_fastrtps_cpp;rosidl_typesupport_introspection_cpp
-- Found rmw_implementation_cmake: 7.3.1 (/opt/ros/jazzy/share/rmw_implementation_cmake/cmake)
-- Found rmw_zenoh_cpp: 0.2.2 (/home/ws/install/rmw_zenoh_cpp/share/rmw_zenoh_cpp/cmake)
-- Using RMW implementation 'rmw_zenoh_cpp' as default
-- Found controller_interface: 4.28.1 (/opt/ros/jazzy/share/controller_interface/cmake)
-- Found TinyXML2 via Config file: /usr/local/lib/cmake/tinyxml2
-- pinocchio_default FOUND. pinocchio_default at /opt/ros/jazzy/lib/aarch64-linux-gnu/libpinocchio_default.so
-- pinocchio_parsers FOUND. pinocchio_parsers at /opt/ros/jazzy/lib/aarch64-linux-gnu/libpinocchio_parsers.so
-- boost_filesystem FOUND. boost_filesystem at /lib/aarch64-linux-gnu/libboost_filesystem.so
-- boost_serialization FOUND. boost_serialization at /lib/aarch64-linux-gnu/libboost_serialization.so
-- boost_system FOUND. boost_system at /lib/aarch64-linux-gnu/libboost_system.so
-- Found Boost: /usr/include (found version "1.83.0") found components: filesystem serialization system 
-- eigenpy FOUND. eigenpy at /opt/ros/jazzy/lib/aarch64-linux-gnu/libeigenpy.so
-- Checking for NumPy
--   NUMPY_INCLUDE_DIRS=/usr/lib/python3/dist-packages/numpy/core/include
--   NUMPY_VERSION=1.26.4
-- Found Python3: /usr/bin/python3 (found version "3.12.3") found components: Interpreter Development.Module NumPy 
-- PythonLibraryDirs: 
-- PythonLibVersionString: 3.12.3
-- Python site lib: lib/python3.12/site-packages
-- Python include dirs: /usr/include/python3.12
-- Checking for NumPy
--   NUMPY_INCLUDE_DIRS=/usr/lib/python3/dist-packages/numpy/core/include
--   NUMPY_VERSION=1.26.4
-- NumPy include dir: /usr/lib/python3/dist-packages/numpy/core/include
-- Found Boost: /usr/include (found version "1.83.0") found components: python312 
-- Default C++ standard: 201703
-- Minimal C++ standard upgraded to 11
-- C++ standard sufficient: Minimal required 11, currently defined: 17
-- hpp-fcl FOUND. hpp-fcl at /opt/ros/jazzy/lib/aarch64-linux-gnu/libhpp-fcl.so
-- Found Boost: /usr/include (found version "1.83.0") found components: chrono serialization filesystem 
-- Minimal C++ standard upgraded to 14
-- C++ standard sufficient: Minimal required 14, currently defined: 17
-- C++ standard sufficient: Minimal required 14, currently defined: 17
-- Found tf2_ros: 0.36.10 (/opt/ros/jazzy/share/tf2_ros/cmake)
-- Found nav_msgs: 5.3.5 (/opt/ros/jazzy/share/nav_msgs/cmake)
-- Found quadruped_msgs: 0.0.0 (/home/ws/install/quadruped_msgs/share/quadruped_msgs/cmake)
-- Running ACADOS code generation to /home/ws/src/quadruped_mpc/include/quadruped_mpc/acados_generated
-- Configuring done (17.5s)
-- Generating done (0.1s)
-- Build files have been written to: /home/ws/build/quadruped_mpc
[  9%] [32mBuilding C object CMakeFiles/acados_generated_code.dir/include/quadruped_mpc/acados_generated/acados_sim_solver_quadruped_ode.c.o[0m
[ 18%] [32mBuilding C object CMakeFiles/acados_generated_code.dir/include/quadruped_mpc/acados_generated/quadruped_ode_model/quadruped_ode_expl_vde_forw.c.o[0m
[ 27%] [32mBuilding C object CMakeFiles/acados_generated_code.dir/include/quadruped_mpc/acados_generated/quadruped_ode_model/quadruped_ode_expl_vde_adj.c.o[0m
[ 36%] [32mBuilding C object CMakeFiles/acados_generated_code.dir/include/quadruped_mpc/acados_generated/quadruped_ode_model/quadruped_ode_expl_ode_fun.c.o[0m
[ 45%] [32mBuilding C object CMakeFiles/acados_generated_code.dir/include/quadruped_mpc/acados_generated/acados_solver_quadruped_ode.c.o[0m
[ 54%] [32m[1mLinking C shared library libacados_generated_code.so[0m
[ 54%] Built target acados_generated_code
[ 63%] [32mBuilding CXX object CMakeFiles/quadruped_mpc_controllers.dir/src/controller_interfaces/balance_controller.cpp.o[0m
[ 72%] [32mBuilding CXX object CMakeFiles/quadruped_mpc_controllers.dir/src/controller_interfaces/foot_controller.cpp.o[0m
[ 81%] [32mBuilding CXX object CMakeFiles/quadruped_mpc_controllers.dir/src/controller_interfaces/gait_pattern_generator.cpp.o[0m
[ 90%] [32mBuilding CXX object CMakeFiles/quadruped_mpc_controllers.dir/src/controller_interfaces/state_estimator.cpp.o[0m
[100%] [32m[1mLinking CXX shared library libquadruped_mpc_controllers.so[0m
[100%] Built target quadruped_mpc_controllers
-- Install configuration: "Release"
-- Installing: /home/ws/install/quadruped_mpc/share/quadruped_mpc/environment/library_path.sh
-- Installing: /home/ws/install/quadruped_mpc/share/quadruped_mpc/environment/library_path.dsv
-- Installing: /home/ws/install/quadruped_mpc/lib/libquadruped_mpc_controllers.so
-- Set non-toolchain portion of runtime path of "/home/ws/install/quadruped_mpc/lib/libquadruped_mpc_controllers.so" to ""
-- Installing: /home/ws/install/quadruped_mpc/lib/libacados_generated_code.so
-- Set non-toolchain portion of runtime path of "/home/ws/install/quadruped_mpc/lib/libacados_generated_code.so" to ""
-- Installing: /home/ws/install/quadruped_mpc/include/quadruped_mpc/acados_generated
-- Installing: /home/ws/install/quadruped_mpc/include/quadruped_mpc/acados_generated/acados_sim_solver_quadruped_ode.h
-- Installing: /home/ws/install/quadruped_mpc/include/quadruped_mpc/acados_generated/quadruped_ode_model
-- Installing: /home/ws/install/quadruped_mpc/include/quadruped_mpc/acados_generated/quadruped_ode_model/quadruped_ode_model.h
-- Installing: /home/ws/install/quadruped_mpc/include/quadruped_mpc/acados_generated/acados_solver_quadruped_ode.h
-- Installing: /home/ws/install/quadruped_mpc/share/quadruped_mpc/cmake/quadruped_mpcTargets.cmake
-- Installing: /home/ws/install/quadruped_mpc/share/quadruped_mpc/cmake/quadruped_mpcTargets-release.cmake
-- Installing: /home/ws/install/quadruped_mpc/share/quadruped_mpc/plugin_description.xml
-- Installing: /home/ws/install/quadruped_mpc/share/quadruped_mpc/config
-- Installing: /home/ws/install/quadruped_mpc/share/quadruped_mpc/config/optimal_controller.yaml
-- Installing: /home/ws/install/quadruped_mpc/share/quadruped_mpc/config/quadruped_controllers.yaml
-- Installing: /home/ws/install/quadruped_mpc/share/quadruped_mpc/launch
-- Installing: /home/ws/install/quadruped_mpc/share/quadruped_mpc/launch/mpc.launch.py
-- Installing: /home/ws/install/quadruped_mpc/share/quadruped_mpc/include
-- Installing: /home/ws/install/quadruped_mpc/share/quadruped_mpc/include/quadruped_mpc
-- Installing: /home/ws/install/quadruped_mpc/share/quadruped_mpc/include/quadruped_mpc/utilities
-- Installing: /home/ws/install/quadruped_mpc/share/quadruped_mpc/include/quadruped_mpc/utilities/KalmanFilter.hpp
-- Installing: /home/ws/install/quadruped_mpc/share/quadruped_mpc/include/quadruped_mpc/control_laws
-- Installing: /home/ws/install/quadruped_mpc/share/quadruped_mpc/include/quadruped_mpc/control_laws/GaitPatternGenerator.hpp
-- Installing: /home/ws/install/quadruped_mpc/share/quadruped_mpc/include/quadruped_mpc/control_laws/StateEstimation.hpp
-- Installing: /home/ws/install/quadruped_mpc/share/quadruped_mpc/include/quadruped_mpc/control_laws/BalanceControl.hpp
-- Installing: /home/ws/install/quadruped_mpc/share/quadruped_mpc/include/quadruped_mpc/control_laws/FootControl.hpp
-- Installing: /home/ws/install/quadruped_mpc/share/quadruped_mpc/include/quadruped_mpc/controller_interfaces
-- Installing: /home/ws/install/quadruped_mpc/share/quadruped_mpc/include/quadruped_mpc/controller_interfaces/balance_controller.hpp
-- Installing: /home/ws/install/quadruped_mpc/share/quadruped_mpc/include/quadruped_mpc/controller_interfaces/state_estimator.hpp
-- Installing: /home/ws/install/quadruped_mpc/share/quadruped_mpc/include/quadruped_mpc/controller_interfaces/foot_controller.hpp
-- Installing: /home/ws/install/quadruped_mpc/share/quadruped_mpc/include/quadruped_mpc/controller_interfaces/gait_pattern_generator.hpp
-- Installing: /home/ws/install/quadruped_mpc/share/quadruped_mpc/include/quadruped_mpc/acados_generated
-- Installing: /home/ws/install/quadruped_mpc/share/quadruped_mpc/include/quadruped_mpc/acados_generated/acados_solver_quadruped_ode.c
-- Installing: /home/ws/install/quadruped_mpc/share/quadruped_mpc/include/quadruped_mpc/acados_generated/Makefile
-- Installing: /home/ws/install/quadruped_mpc/share/quadruped_mpc/include/quadruped_mpc/acados_generated/acados_sim_solver_quadruped_ode.h
-- Installing: /home/ws/install/quadruped_mpc/share/quadruped_mpc/include/quadruped_mpc/acados_generated/quadruped_ode_model
-- Installing: /home/ws/install/quadruped_mpc/share/quadruped_mpc/include/quadruped_mpc/acados_generated/quadruped_ode_model/quadruped_ode_expl_vde_adj.c
-- Installing: /home/ws/install/quadruped_mpc/share/quadruped_mpc/include/quadruped_mpc/acados_generated/quadruped_ode_model/quadruped_ode_expl_ode_fun.c
-- Installing: /home/ws/install/quadruped_mpc/share/quadruped_mpc/include/quadruped_mpc/acados_generated/quadruped_ode_model/quadruped_ode_expl_vde_adj.o
-- Installing: /home/ws/install/quadruped_mpc/share/quadruped_mpc/include/quadruped_mpc/acados_generated/quadruped_ode_model/quadruped_ode_expl_vde_forw.o
-- Installing: /home/ws/install/quadruped_mpc/share/quadruped_mpc/include/quadruped_mpc/acados_generated/quadruped_ode_model/quadruped_ode_model.h
-- Installing: /home/ws/install/quadruped_mpc/share/quadruped_mpc/include/quadruped_mpc/acados_generated/quadruped_ode_model/quadruped_ode_expl_ode_fun.o
-- Installing: /home/ws/install/quadruped_mpc/share/quadruped_mpc/include/quadruped_mpc/acados_generated/quadruped_ode_model/quadruped_ode_expl_vde_forw.c
-- Installing: /home/ws/install/quadruped_mpc/share/quadruped_mpc/include/quadruped_mpc/acados_generated/main_quadruped_ode.c
-- Installing: /home/ws/install/quadruped_mpc/share/quadruped_mpc/include/quadruped_mpc/acados_generated/acados_solver.pxd
-- Installing: /home/ws/install/quadruped_mpc/share/quadruped_mpc/include/quadruped_mpc/acados_generated/acados_solver_quadruped_ode.h
-- Installing: /home/ws/install/quadruped_mpc/share/quadruped_mpc/include/quadruped_mpc/acados_generated/acados_solver_quadruped_ode.o
-- Installing: /home/ws/install/quadruped_mpc/share/quadruped_mpc/include/quadruped_mpc/acados_generated/main_sim_quadruped_ode.c
-- Installing: /home/ws/install/quadruped_mpc/share/quadruped_mpc/include/quadruped_mpc/acados_generated/libacados_ocp_solver_quadruped_ode.so
-- Installing: /home/ws/install/quadruped_mpc/share/quadruped_mpc/include/quadruped_mpc/acados_generated/acados_sim_solver_quadruped_ode.c
-- Installing: /home/ws/install/quadruped_mpc/share/quadruped_mpc/scripts
-- Installing: /home/ws/install/quadruped_mpc/share/quadruped_mpc/scripts/quadruped_teleop.py
-- Installing: /home/ws/install/quadruped_mpc/share/quadruped_mpc/scripts/acados
-- Installing: /home/ws/install/quadruped_mpc/share/quadruped_mpc/scripts/acados/test_optimal_controller.py
-- Installing: /home/ws/install/quadruped_mpc/share/quadruped_mpc/scripts/acados/generate_controller.py
-- Installing: /home/ws/install/quadruped_mpc/share/quadruped_mpc/scripts/acados/optimal_controller.py
-- Installing: /home/ws/install/quadruped_mpc/share/quadruped_mpc/scripts/acados/logs
-- Installing: /home/ws/install/quadruped_mpc/share/quadruped_mpc/scripts/acados/__pycache__
-- Installing: /home/ws/install/quadruped_mpc/share/quadruped_mpc/scripts/acados/quadruped_model.py
-- Installing: /home/ws/install/quadruped_mpc/lib/quadruped_mpc/quadruped_teleop.py
-- Up-to-date: /home/ws/install/quadruped_mpc/share/quadruped_mpc/plugin_description.xml
-- Installing: /home/ws/install/quadruped_mpc/share/ament_index/resource_index/package_run_dependencies/quadruped_mpc
-- Installing: /home/ws/install/quadruped_mpc/share/ament_index/resource_index/parent_prefix_path/quadruped_mpc
-- Installing: /home/ws/install/quadruped_mpc/share/quadruped_mpc/environment/ament_prefix_path.sh
-- Installing: /home/ws/install/quadruped_mpc/share/quadruped_mpc/environment/ament_prefix_path.dsv
-- Installing: /home/ws/install/quadruped_mpc/share/quadruped_mpc/environment/path.sh
-- Installing: /home/ws/install/quadruped_mpc/share/quadruped_mpc/environment/path.dsv
-- Installing: /home/ws/install/quadruped_mpc/share/quadruped_mpc/local_setup.bash
-- Installing: /home/ws/install/quadruped_mpc/share/quadruped_mpc/local_setup.sh
-- Installing: /home/ws/install/quadruped_mpc/share/quadruped_mpc/local_setup.zsh
-- Installing: /home/ws/install/quadruped_mpc/share/quadruped_mpc/local_setup.dsv
-- Installing: /home/ws/install/quadruped_mpc/share/quadruped_mpc/package.dsv
-- Installing: /home/ws/install/quadruped_mpc/share/ament_index/resource_index/packages/quadruped_mpc
-- Installing: /home/ws/install/quadruped_mpc/share/ament_index/resource_index/controller_interface__pluginlib__plugin/quadruped_mpc
-- Installing: /home/ws/install/quadruped_mpc/share/quadruped_mpc/cmake/export_quadruped_mpcExport.cmake
-- Installing: /home/ws/install/quadruped_mpc/share/quadruped_mpc/cmake/export_quadruped_mpcExport-release.cmake
-- Up-to-date: /home/ws/install/quadruped_mpc/share/quadruped_mpc/cmake/export_quadruped_mpcExport.cmake
-- Up-to-date: /home/ws/install/quadruped_mpc/share/quadruped_mpc/cmake/export_quadruped_mpcExport-release.cmake
-- Installing: /home/ws/install/quadruped_mpc/share/quadruped_mpc/cmake/ament_cmake_export_dependencies-extras.cmake
-- Installing: /home/ws/install/quadruped_mpc/share/quadruped_mpc/cmake/ament_cmake_export_targets-extras.cmake
-- Installing: /home/ws/install/quadruped_mpc/share/quadruped_mpc/cmake/quadruped_mpcConfig.cmake
-- Installing: /home/ws/install/quadruped_mpc/share/quadruped_mpc/cmake/quadruped_mpcConfig-version.cmake
-- Installing: /home/ws/install/quadruped_mpc/share/quadruped_mpc/package.xml
