[0.086s] Invoking command in '/home/ws/build/jetson_interface': CMAKE_PREFIX_PATH=${CMAKE_PREFIX_PATH}:/home/ws/install/py_pubsub:/opt/ros/jazzy DEBUGINFOD_URLS=https://debuginfod.ubuntu.com /usr/bin/cmake --build /home/ws/build/jetson_interface -- -j8 -l8
[0.616s] -- Found ament_cmake: 2.5.3 (/opt/ros/jazzy/share/ament_cmake/cmake)
[0.785s] -- Found rclcpp: 28.1.6 (/opt/ros/jazzy/share/rclcpp/cmake)
[0.861s] -- Found rosidl_generator_c: 4.6.5 (/opt/ros/jazzy/share/rosidl_generator_c/cmake)
[0.881s] -- Found rosidl_generator_cpp: 4.6.5 (/opt/ros/jazzy/share/rosidl_generator_cpp/cmake)
[0.928s] -- Using all available rosidl_typesupport_c: rosidl_typesupport_fastrtps_c;rosidl_typesupport_introspection_c
[0.960s] -- Using all available rosidl_typesupport_cpp: rosidl_typesupport_fastrtps_cpp;rosidl_typesupport_introspection_cpp
[1.097s] -- Found rmw_implementation_cmake: 7.3.1 (/opt/ros/jazzy/share/rmw_implementation_cmake/cmake)
[1.101s] -- Found rmw_zenoh_cpp: 0.2.2 (/home/ws/install/rmw_zenoh_cpp/share/rmw_zenoh_cpp/cmake)
[1.104s] -- Using RMW implementation 'rmw_zenoh_cpp' as default
[1.231s] -- Found rclcpp_lifecycle: 28.1.6 (/opt/ros/jazzy/share/rclcpp_lifecycle/cmake)
[1.286s] -- Found hardware_interface: 4.28.1 (/opt/ros/jazzy/share/hardware_interface/cmake)
[1.549s] -- Found TinyXML2 via Config file: /usr/local/lib/cmake/tinyxml2
[1.650s] -- Found controller_interface: 4.28.1 (/opt/ros/jazzy/share/controller_interface/cmake)
[1.973s] -- Configuring done (1.8s)
[2.052s] -- Generating done (0.0s)
[2.067s] -- Build files have been written to: /home/ws/build/jetson_interface
[2.356s] [ 50%] [32mBuilding CXX object CMakeFiles/jetson_interface.dir/src/jetson_gpio_interface.cpp.o[0m
[20.904s] [100%] [32m[1mLinking CXX shared library libjetson_interface.so[0m
[21.296s] [100%] Built target jetson_interface
[21.348s] Invoked command in '/home/ws/build/jetson_interface' returned '0': CMAKE_PREFIX_PATH=${CMAKE_PREFIX_PATH}:/home/ws/install/py_pubsub:/opt/ros/jazzy DEBUGINFOD_URLS=https://debuginfod.ubuntu.com /usr/bin/cmake --build /home/ws/build/jetson_interface -- -j8 -l8
[21.351s] Invoking command in '/home/ws/build/jetson_interface': CMAKE_PREFIX_PATH=${CMAKE_PREFIX_PATH}:/home/ws/install/py_pubsub:/opt/ros/jazzy DEBUGINFOD_URLS=https://debuginfod.ubuntu.com /usr/bin/cmake --install /home/ws/build/jetson_interface
[21.373s] -- Install configuration: "Release"
[21.374s] -- Installing: /home/ws/install/jetson_interface/share/jetson_interface/jetson_gpio_interface.xml
[21.376s] -- Up-to-date: /home/ws/install/jetson_interface/share/jetson_interface/launch
[21.377s] -- Installing: /home/ws/install/jetson_interface/share/jetson_interface/launch/controller_manager.launch.py
[21.378s] -- Up-to-date: /home/ws/install/jetson_interface/share/jetson_interface/config
[21.380s] -- Installing: /home/ws/install/jetson_interface/share/jetson_interface/config/jetson_interface.yaml
[21.380s] -- Installing: /home/ws/install/jetson_interface/lib/libjetson_interface.so
[21.391s] -- Set non-toolchain portion of runtime path of "/home/ws/install/jetson_interface/lib/libjetson_interface.so" to ""
[21.391s] -- Up-to-date: /home/ws/install/jetson_interface/include
[21.392s] -- Up-to-date: /home/ws/install/jetson_interface/include/quadruped_hardware
[21.393s] -- Installing: /home/ws/install/jetson_interface/include/quadruped_hardware/watchdog.hpp
[21.393s] -- Installing: /home/ws/install/jetson_interface/include/quadruped_hardware/jetson_gpio_interface.hpp
[21.394s] -- Up-to-date: /home/ws/install/jetson_interface/share/jetson_interface/environment/library_path.sh
[21.394s] -- Up-to-date: /home/ws/install/jetson_interface/share/jetson_interface/environment/library_path.dsv
[21.394s] -- Up-to-date: /home/ws/install/jetson_interface/share/ament_index/resource_index/package_run_dependencies/jetson_interface
[21.395s] -- Up-to-date: /home/ws/install/jetson_interface/share/ament_index/resource_index/parent_prefix_path/jetson_interface
[21.396s] -- Up-to-date: /home/ws/install/jetson_interface/share/jetson_interface/environment/ament_prefix_path.sh
[21.396s] -- Up-to-date: /home/ws/install/jetson_interface/share/jetson_interface/environment/ament_prefix_path.dsv
[21.396s] -- Up-to-date: /home/ws/install/jetson_interface/share/jetson_interface/environment/path.sh
[21.396s] -- Up-to-date: /home/ws/install/jetson_interface/share/jetson_interface/environment/path.dsv
[21.397s] -- Up-to-date: /home/ws/install/jetson_interface/share/jetson_interface/local_setup.bash
[21.397s] -- Up-to-date: /home/ws/install/jetson_interface/share/jetson_interface/local_setup.sh
[21.397s] -- Up-to-date: /home/ws/install/jetson_interface/share/jetson_interface/local_setup.zsh
[21.398s] -- Up-to-date: /home/ws/install/jetson_interface/share/jetson_interface/local_setup.dsv
[21.398s] -- Installing: /home/ws/install/jetson_interface/share/jetson_interface/package.dsv
[21.399s] -- Up-to-date: /home/ws/install/jetson_interface/share/ament_index/resource_index/packages/jetson_interface
[21.399s] -- Up-to-date: /home/ws/install/jetson_interface/share/ament_index/resource_index/hardware_interface__pluginlib__plugin/jetson_interface
[21.400s] -- Up-to-date: /home/ws/install/jetson_interface/share/jetson_interface/cmake/ament_cmake_export_dependencies-extras.cmake
[21.401s] -- Up-to-date: /home/ws/install/jetson_interface/share/jetson_interface/cmake/ament_cmake_export_include_directories-extras.cmake
[21.401s] -- Up-to-date: /home/ws/install/jetson_interface/share/jetson_interface/cmake/ament_cmake_export_libraries-extras.cmake
[21.401s] -- Up-to-date: /home/ws/install/jetson_interface/share/jetson_interface/cmake/jetson_interfaceConfig.cmake
[21.402s] -- Up-to-date: /home/ws/install/jetson_interface/share/jetson_interface/cmake/jetson_interfaceConfig-version.cmake
[21.402s] -- Installing: /home/ws/install/jetson_interface/share/jetson_interface/package.xml
[21.418s] Invoked command in '/home/ws/build/jetson_interface' returned '0': CMAKE_PREFIX_PATH=${CMAKE_PREFIX_PATH}:/home/ws/install/py_pubsub:/opt/ros/jazzy DEBUGINFOD_URLS=https://debuginfod.ubuntu.com /usr/bin/cmake --install /home/ws/build/jetson_interface
