[0.573s] Invoking command in '/home/ws/build/quadruped_hardware': CMAKE_PREFIX_PATH=${CMAKE_PREFIX_PATH}:/home/ws/install/py_pubsub:/opt/ros/jazzy DEBUGINFOD_URLS=https://debuginfod.ubuntu.com /usr/bin/cmake /home/ws/src/quadruped_hardware -DCMAKE_BUILD_TYPE=Release -DCMAKE_INSTALL_PREFIX=/home/ws/install/quadruped_hardware
[0.649s] -- Found ament_cmake: 2.5.3 (/opt/ros/jazzy/share/ament_cmake/cmake)
[1.615s] -- Found rclcpp: 28.1.6 (/opt/ros/jazzy/share/rclcpp/cmake)
[1.733s] -- Found rosidl_generator_c: 4.6.5 (/opt/ros/jazzy/share/rosidl_generator_c/cmake)
[1.768s] -- Found rosidl_generator_cpp: 4.6.5 (/opt/ros/jazzy/share/rosidl_generator_cpp/cmake)
[1.809s] -- Using all available rosidl_typesupport_c: rosidl_typesupport_fastrtps_c;rosidl_typesupport_introspection_c
[1.877s] -- Using all available rosidl_typesupport_cpp: rosidl_typesupport_fastrtps_cpp;rosidl_typesupport_introspection_cpp
[2.020s] -- Found rmw_implementation_cmake: 7.3.1 (/opt/ros/jazzy/share/rmw_implementation_cmake/cmake)
[2.022s] -- Found rmw_zenoh_cpp: 0.2.2 (/home/ws/install/rmw_zenoh_cpp/share/rmw_zenoh_cpp/cmake)
[2.024s] -- Using RMW implementation 'rmw_zenoh_cpp' as default
[2.149s] -- Found rclcpp_lifecycle: 28.1.6 (/opt/ros/jazzy/share/rclcpp_lifecycle/cmake)
[2.257s] -- Found hardware_interface: 4.28.1 (/opt/ros/jazzy/share/hardware_interface/cmake)
[2.603s] -- Found TinyXML2 via Config file: /usr/local/lib/cmake/tinyxml2
[2.719s] -- Found controller_interface: 4.28.1 (/opt/ros/jazzy/share/controller_interface/cmake)
[2.960s] -- Configuring done (2.3s)
[3.037s] -- Generating done (0.0s)
[3.059s] -- Build files have been written to: /home/ws/build/quadruped_hardware
[3.093s] Invoked command in '/home/ws/build/quadruped_hardware' returned '0': CMAKE_PREFIX_PATH=${CMAKE_PREFIX_PATH}:/home/ws/install/py_pubsub:/opt/ros/jazzy DEBUGINFOD_URLS=https://debuginfod.ubuntu.com /usr/bin/cmake /home/ws/src/quadruped_hardware -DCMAKE_BUILD_TYPE=Release -DCMAKE_INSTALL_PREFIX=/home/ws/install/quadruped_hardware
[3.093s] Invoking command in '/home/ws/build/quadruped_hardware': CMAKE_PREFIX_PATH=${CMAKE_PREFIX_PATH}:/home/ws/install/py_pubsub:/opt/ros/jazzy DEBUGINFOD_URLS=https://debuginfod.ubuntu.com /usr/bin/cmake --build /home/ws/build/quadruped_hardware -- -j8 -l8
[3.382s] [100%] Built target quadruped_hardware
[3.443s] Invoked command in '/home/ws/build/quadruped_hardware' returned '0': CMAKE_PREFIX_PATH=${CMAKE_PREFIX_PATH}:/home/ws/install/py_pubsub:/opt/ros/jazzy DEBUGINFOD_URLS=https://debuginfod.ubuntu.com /usr/bin/cmake --build /home/ws/build/quadruped_hardware -- -j8 -l8
[3.445s] Invoking command in '/home/ws/build/quadruped_hardware': CMAKE_PREFIX_PATH=${CMAKE_PREFIX_PATH}:/home/ws/install/py_pubsub:/opt/ros/jazzy DEBUGINFOD_URLS=https://debuginfod.ubuntu.com /usr/bin/cmake --install /home/ws/build/quadruped_hardware
[3.469s] -- Install configuration: "Release"
[3.470s] -- Up-to-date: /home/ws/install/quadruped_hardware/share/quadruped_hardware/ros2CANMotor_Description.xml
[3.470s] -- Up-to-date: /home/ws/install/quadruped_hardware/share/quadruped_hardware/launch
[3.471s] -- Up-to-date: /home/ws/install/quadruped_hardware/share/quadruped_hardware/launch/controller_manager.launch.py
[3.471s] -- Up-to-date: /home/ws/install/quadruped_hardware/share/quadruped_hardware/config
[3.472s] -- Up-to-date: /home/ws/install/quadruped_hardware/share/quadruped_hardware/config/quadruped_hardware.yaml
[3.472s] -- Up-to-date: /home/ws/install/quadruped_hardware/share/quadruped_hardware/config/ros2_control_config.yaml
[3.473s] -- Up-to-date: /home/ws/install/quadruped_hardware/lib/libquadruped_hardware.so
[3.473s] -- Up-to-date: /home/ws/install/quadruped_hardware/include
[3.474s] -- Up-to-date: /home/ws/install/quadruped_hardware/include/quadruped_hardware
[3.474s] -- Up-to-date: /home/ws/install/quadruped_hardware/include/quadruped_hardware/ROS2_CAN_Motor.hpp
[3.475s] -- Up-to-date: /home/ws/install/quadruped_hardware/include/quadruped_hardware/ROS2_CAN_Interface.hpp
[3.475s] -- Up-to-date: /home/ws/install/quadruped_hardware/include/quadruped_hardware/hex_utils.hpp
[3.475s] -- Up-to-date: /home/ws/install/quadruped_hardware/include/quadruped_hardware/MotorDriver.hpp
[3.476s] -- Up-to-date: /home/ws/install/quadruped_hardware/include/quadruped_hardware/CANInterface.hpp
[3.476s] -- Up-to-date: /home/ws/install/quadruped_hardware/include/quadruped_hardware/watchdog.hpp
[3.477s] -- Up-to-date: /home/ws/install/quadruped_hardware/share/quadruped_hardware/environment/library_path.sh
[3.477s] -- Up-to-date: /home/ws/install/quadruped_hardware/share/quadruped_hardware/environment/library_path.dsv
[3.477s] -- Up-to-date: /home/ws/install/quadruped_hardware/share/ament_index/resource_index/package_run_dependencies/quadruped_hardware
[3.478s] -- Up-to-date: /home/ws/install/quadruped_hardware/share/ament_index/resource_index/parent_prefix_path/quadruped_hardware
[3.478s] -- Up-to-date: /home/ws/install/quadruped_hardware/share/quadruped_hardware/environment/ament_prefix_path.sh
[3.478s] -- Up-to-date: /home/ws/install/quadruped_hardware/share/quadruped_hardware/environment/ament_prefix_path.dsv
[3.479s] -- Up-to-date: /home/ws/install/quadruped_hardware/share/quadruped_hardware/environment/path.sh
[3.479s] -- Up-to-date: /home/ws/install/quadruped_hardware/share/quadruped_hardware/environment/path.dsv
[3.480s] -- Up-to-date: /home/ws/install/quadruped_hardware/share/quadruped_hardware/local_setup.bash
[3.480s] -- Up-to-date: /home/ws/install/quadruped_hardware/share/quadruped_hardware/local_setup.sh
[3.480s] -- Up-to-date: /home/ws/install/quadruped_hardware/share/quadruped_hardware/local_setup.zsh
[3.481s] -- Up-to-date: /home/ws/install/quadruped_hardware/share/quadruped_hardware/local_setup.dsv
[3.481s] -- Installing: /home/ws/install/quadruped_hardware/share/quadruped_hardware/package.dsv
[3.482s] -- Up-to-date: /home/ws/install/quadruped_hardware/share/ament_index/resource_index/packages/quadruped_hardware
[3.483s] -- Up-to-date: /home/ws/install/quadruped_hardware/share/ament_index/resource_index/hardware_interface__pluginlib__plugin/quadruped_hardware
[3.483s] -- Up-to-date: /home/ws/install/quadruped_hardware/share/quadruped_hardware/cmake/ament_cmake_export_dependencies-extras.cmake
[3.483s] -- Up-to-date: /home/ws/install/quadruped_hardware/share/quadruped_hardware/cmake/ament_cmake_export_include_directories-extras.cmake
[3.484s] -- Up-to-date: /home/ws/install/quadruped_hardware/share/quadruped_hardware/cmake/ament_cmake_export_libraries-extras.cmake
[3.484s] -- Up-to-date: /home/ws/install/quadruped_hardware/share/quadruped_hardware/cmake/quadruped_hardwareConfig.cmake
[3.485s] -- Up-to-date: /home/ws/install/quadruped_hardware/share/quadruped_hardware/cmake/quadruped_hardwareConfig-version.cmake
[3.485s] -- Up-to-date: /home/ws/install/quadruped_hardware/share/quadruped_hardware/package.xml
[3.501s] Invoked command in '/home/ws/build/quadruped_hardware' returned '0': CMAKE_PREFIX_PATH=${CMAKE_PREFIX_PATH}:/home/ws/install/py_pubsub:/opt/ros/jazzy DEBUGINFOD_URLS=https://debuginfod.ubuntu.com /usr/bin/cmake --install /home/ws/build/quadruped_hardware
