[0.655s] Invoking command in '/home/ws/build/quadruped_hardware': CMAKE_PREFIX_PATH=${CMAKE_PREFIX_PATH}:/opt/ros/jazzy DEBUGINFOD_URLS=https://debuginfod.ubuntu.com /usr/bin/cmake --build /home/ws/build/quadruped_hardware -- -j8 -l8
[0.904s] [ 20%] [32mBuilding CXX object CMakeFiles/quadruped_hardware.dir/src/ROS2_CAN_Motor.cpp.o[0m
[7.304s] [01m[K/home/ws/src/quadruped_hardware/src/ROS2_CAN_Motor.cpp:[m[K In member function ‘[01m[Kvirtual hardware_interface::CallbackReturn quadruped_hardware::CANMotor::[01;32m[Kon_activate[m[K(const rclcpp_lifecycle::State&)[m[K’:
[7.304s] [01m[K/home/ws/src/quadruped_hardware/src/ROS2_CAN_Motor.cpp:298:50:[m[K [01;31m[Kerror: [m[Kno match for ‘[01m[Koperator<<[m[K’ (operand types are ‘[01m[Kstd::basic_ostream<char>[m[K’ and ‘[01m[Kstd::vector<int>[m[K’)
[7.305s]   298 |     [32m[Kstd::cout << "[CANMotor] Activate START id="[m[K [01;31m[K<<[m[K [34m[Kcan_id[m[K << std::endl;
[7.305s]       |     [32m[K~~~~~~~~~~~~~~~~~~~~~~~~~~~~~~~~~~~~~~~~~~~~[m[K [01;31m[K^~[m[K [34m[K~~~~~~[m[K
[7.305s]       |               [32m[K|[m[K                                     [34m[K|[m[K
[7.305s]       |               [32m[Kstd::basic_ostream<char>[m[K              [34m[Kstd::vector<int>[m[K
[7.305s] In file included from [01m[K/usr/include/c++/13/istream:41[m[K,
[7.305s]                  from [01m[K/usr/include/c++/13/sstream:40[m[K,
[7.306s]                  from [01m[K/opt/ros/jazzy/include/joint_limits/joint_limits/joint_limits.hpp:21[m[K,
[7.306s]                  from [01m[K/opt/ros/jazzy/include/hardware_interface/hardware_interface/hardware_info.hpp:22[m[K,
[7.306s]                  from [01m[K/home/ws/src/quadruped_hardware/src/ROS2_CAN_Motor.cpp:2[m[K:
[7.306s] [01m[K/usr/include/c++/13/ostream:110:7:[m[K [01;36m[Knote: [m[Kcandidate: ‘[01m[Kstd::basic_ostream<_CharT, _Traits>::__ostream_type& std::basic_ostream<_CharT, _Traits>::[01;32m[Koperator<<[m[K(__ostream_type& (*)(__ostream_type&)) [35m[K[with _CharT = char; _Traits = std::char_traits<char>; __ostream_type = std::basic_ostream<char>][m[K[m[K’
[7.306s]   110 |       [01;36m[Koperator[m[K<<(__ostream_type& (*__pf)(__ostream_type&))
[7.306s]       |       [01;36m[K^~~~~~~~[m[K
[7.307s] [01m[K/usr/include/c++/13/ostream:110:36:[m[K [01;36m[Knote: [m[K  no known conversion for argument 1 from ‘[01m[Kstd::vector<int>[m[K’ to ‘[01m[Kstd::basic_ostream<char>::__ostream_type& (*)(std::basic_ostream<char>::__ostream_type&)[m[K’ {aka ‘[01m[Kstd::basic_ostream<char>& (*)(std::basic_ostream<char>&)[m[K’}
[7.307s]   110 |       operator<<([01;36m[K__ostream_type& (*__pf)(__ostream_type&)[m[K)
[7.307s]       |                  [01;36m[K~~~~~~~~~~~~~~~~~~^~~~~~~~~~~~~~~~~~~~~~[m[K
[7.307s] [01m[K/usr/include/c++/13/ostream:119:7:[m[K [01;36m[Knote: [m[Kcandidate: ‘[01m[Kstd::basic_ostream<_CharT, _Traits>::__ostream_type& std::basic_ostream<_CharT, _Traits>::[01;32m[Koperator<<[m[K(__ios_type& (*)(__ios_type&)) [35m[K[with _CharT = char; _Traits = std::char_traits<char>; __ostream_type = std::basic_ostream<char>; __ios_type = std::basic_ios<char>][m[K[m[K’
[7.308s]   119 |       [01;36m[Koperator[m[K<<(__ios_type& (*__pf)(__ios_type&))
[7.308s]       |       [01;36m[K^~~~~~~~[m[K
[7.308s] [01m[K/usr/include/c++/13/ostream:119:32:[m[K [01;36m[Knote: [m[K  no known conversion for argument 1 from ‘[01m[Kstd::vector<int>[m[K’ to ‘[01m[Kstd::basic_ostream<char>::__ios_type& (*)(std::basic_ostream<char>::__ios_type&)[m[K’ {aka ‘[01m[Kstd::basic_ios<char>& (*)(std::basic_ios<char>&)[m[K’}
[7.308s]   119 |       operator<<([01;36m[K__ios_type& (*__pf)(__ios_type&)[m[K)
[7.308s]       |                  [01;36m[K~~~~~~~~~~~~~~^~~~~~~~~~~~~~~~~~[m[K
[7.308s] [01m[K/usr/include/c++/13/ostream:129:7:[m[K [01;36m[Knote: [m[Kcandidate: ‘[01m[Kstd::basic_ostream<_CharT, _Traits>::__ostream_type& std::basic_ostream<_CharT, _Traits>::[01;32m[Koperator<<[m[K(std::ios_base& (*)(std::ios_base&)) [35m[K[with _CharT = char; _Traits = std::char_traits<char>; __ostream_type = std::basic_ostream<char>][m[K[m[K’
[7.309s]   129 |       [01;36m[Koperator[m[K<<(ios_base& (*__pf) (ios_base&))
[7.309s]       |       [01;36m[K^~~~~~~~[m[K
[7.309s] [01m[K/usr/include/c++/13/ostream:129:30:[m[K [01;36m[Knote: [m[K  no known conversion for argument 1 from ‘[01m[Kstd::vector<int>[m[K’ to ‘[01m[Kstd::ios_base& (*)(std::ios_base&)[m[K’
[7.309s]   129 |       operator<<([01;36m[Kios_base& (*__pf) (ios_base&)[m[K)
[7.310s]       |                  [01;36m[K~~~~~~~~~~~~^~~~~~~~~~~~~~~~~[m[K
[7.310s] [01m[K/usr/include/c++/13/ostream:168:7:[m[K [01;36m[Knote: [m[Kcandidate: ‘[01m[Kstd::basic_ostream<_CharT, _Traits>::__ostream_type& std::basic_ostream<_CharT, _Traits>::[01;32m[Koperator<<[m[K(long int) [35m[K[with _CharT = char; _Traits = std::char_traits<char>; __ostream_type = std::basic_ostream<char>][m[K[m[K’
[7.310s]   168 |       [01;36m[Koperator[m[K<<(long __n)
[7.310s]       |       [01;36m[K^~~~~~~~[m[K
[7.310s] [01m[K/usr/include/c++/13/ostream:168:23:[m[K [01;36m[Knote: [m[K  no known conversion for argument 1 from ‘[01m[Kstd::vector<int>[m[K’ to ‘[01m[Klong int[m[K’
[7.311s]   168 |       operator<<([01;36m[Klong __n[m[K)
[7.311s]       |                  [01;36m[K~~~~~^~~[m[K
[7.311s] [01m[K/usr/include/c++/13/ostream:172:7:[m[K [01;36m[Knote: [m[Kcandidate: ‘[01m[Kstd::basic_ostream<_CharT, _Traits>::__ostream_type& std::basic_ostream<_CharT, _Traits>::[01;32m[Koperator<<[m[K(long unsigned int) [35m[K[with _CharT = char; _Traits = std::char_traits<char>; __ostream_type = std::basic_ostream<char>][m[K[m[K’
[7.314s]   172 |       [01;36m[Koperator[m[K<<(unsigned long __n)
[7.314s]       |       [01;36m[K^~~~~~~~[m[K
[7.315s] [01m[K/usr/include/c++/13/ostream:172:32:[m[K [01;36m[Knote: [m[K  no known conversion for argument 1 from ‘[01m[Kstd::vector<int>[m[K’ to ‘[01m[Klong unsigned int[m[K’
[7.315s]   172 |       operator<<([01;36m[Kunsigned long __n[m[K)
[7.315s]       |                  [01;36m[K~~~~~~~~~~~~~~^~~[m[K
[7.315s] [01m[K/usr/include/c++/13/ostream:176:7:[m[K [01;36m[Knote: [m[Kcandidate: ‘[01m[Kstd::basic_ostream<_CharT, _Traits>::__ostream_type& std::basic_ostream<_CharT, _Traits>::[01;32m[Koperator<<[m[K(bool) [35m[K[with _CharT = char; _Traits = std::char_traits<char>; __ostream_type = std::basic_ostream<char>][m[K[m[K’
[7.315s]   176 |       [01;36m[Koperator[m[K<<(bool __n)
[7.315s]       |       [01;36m[K^~~~~~~~[m[K
[7.316s] [01m[K/usr/include/c++/13/ostream:176:23:[m[K [01;36m[Knote: [m[K  no known conversion for argument 1 from ‘[01m[Kstd::vector<int>[m[K’ to ‘[01m[Kbool[m[K’
[7.316s]   176 |       operator<<([01;36m[Kbool __n[m[K)
[7.316s]       |                  [01;36m[K~~~~~^~~[m[K
[7.316s] In file included from [01m[K/usr/include/c++/13/ostream:880[m[K:
[7.316s] [01m[K/usr/include/c++/13/bits/ostream.tcc:96:5:[m[K [01;36m[Knote: [m[Kcandidate: ‘[01m[Kstd::basic_ostream<_CharT, _Traits>& std::basic_ostream<_CharT, _Traits>::[01;32m[Koperator<<[m[K(short int) [35m[K[with _CharT = char; _Traits = std::char_traits<char>][m[K[m[K’
[7.316s]    96 |     [01;36m[Kbasic_ostream<_CharT, _Traits>[m[K::
[7.317s]       |     [01;36m[K^~~~~~~~~~~~~~~~~~~~~~~~~~~~~~[m[K
[7.317s] [01m[K/usr/include/c++/13/bits/ostream.tcc:97:22:[m[K [01;36m[Knote: [m[K  no known conversion for argument 1 from ‘[01m[Kstd::vector<int>[m[K’ to ‘[01m[Kshort int[m[K’
[7.317s]    97 |     operator<<([01;36m[Kshort __n[m[K)
[7.317s]       |                [01;36m[K~~~~~~^~~[m[K
[7.318s] [01m[K/usr/include/c++/13/ostream:183:7:[m[K [01;36m[Knote: [m[Kcandidate: ‘[01m[Kstd::basic_ostream<_CharT, _Traits>::__ostream_type& std::basic_ostream<_CharT, _Traits>::[01;32m[Koperator<<[m[K(short unsigned int) [35m[K[with _CharT = char; _Traits = std::char_traits<char>; __ostream_type = std::basic_ostream<char>][m[K[m[K’
[7.318s]   183 |       [01;36m[Koperator[m[K<<(unsigned short __n)
[7.318s]       |       [01;36m[K^~~~~~~~[m[K
[7.318s] [01m[K/usr/include/c++/13/ostream:183:33:[m[K [01;36m[Knote: [m[K  no known conversion for argument 1 from ‘[01m[Kstd::vector<int>[m[K’ to ‘[01m[Kshort unsigned int[m[K’
[7.318s]   183 |       operator<<([01;36m[Kunsigned short __n[m[K)
[7.318s]       |                  [01;36m[K~~~~~~~~~~~~~~~^~~[m[K
[7.319s] [01m[K/usr/include/c++/13/bits/ostream.tcc:110:5:[m[K [01;36m[Knote: [m[Kcandidate: ‘[01m[Kstd::basic_ostream<_CharT, _Traits>& std::basic_ostream<_CharT, _Traits>::[01;32m[Koperator<<[m[K(int) [35m[K[with _CharT = char; _Traits = std::char_traits<char>][m[K[m[K’
[7.319s]   110 |     [01;36m[Kbasic_ostream<_CharT, _Traits>[m[K::
[7.319s]       |     [01;36m[K^~~~~~~~~~~~~~~~~~~~~~~~~~~~~~[m[K
[7.319s] [01m[K/usr/include/c++/13/bits/ostream.tcc:111:20:[m[K [01;36m[Knote: [m[K  no known conversion for argument 1 from ‘[01m[Kstd::vector<int>[m[K’ to ‘[01m[Kint[m[K’
[7.319s]   111 |     operator<<([01;36m[Kint __n[m[K)
[7.319s]       |                [01;36m[K~~~~^~~[m[K
[7.320s] [01m[K/usr/include/c++/13/ostream:194:7:[m[K [01;36m[Knote: [m[Kcandidate: ‘[01m[Kstd::basic_ostream<_CharT, _Traits>::__ostream_type& std::basic_ostream<_CharT, _Traits>::[01;32m[Koperator<<[m[K(unsigned int) [35m[K[with _CharT = char; _Traits = std::char_traits<char>; __ostream_type = std::basic_ostream<char>][m[K[m[K’
[7.320s]   194 |       [01;36m[Koperator[m[K<<(unsigned int __n)
[7.320s]       |       [01;36m[K^~~~~~~~[m[K
[7.320s] [01m[K/usr/include/c++/13/ostream:194:31:[m[K [01;36m[Knote: [m[K  no known conversion for argument 1 from ‘[01m[Kstd::vector<int>[m[K’ to ‘[01m[Kunsigned int[m[K’
[7.320s]   194 |       operator<<([01;36m[Kunsigned int __n[m[K)
[7.320s]       |                  [01;36m[K~~~~~~~~~~~~~^~~[m[K
[7.321s] [01m[K/usr/include/c++/13/ostream:203:7:[m[K [01;36m[Knote: [m[Kcandidate: ‘[01m[Kstd::basic_ostream<_CharT, _Traits>::__ostream_type& std::basic_ostream<_CharT, _Traits>::[01;32m[Koperator<<[m[K(long long int) [35m[K[with _CharT = char; _Traits = std::char_traits<char>; __ostream_type = std::basic_ostream<char>][m[K[m[K’
[7.321s]   203 |       [01;36m[Koperator[m[K<<(long long __n)
[7.321s]       |       [01;36m[K^~~~~~~~[m[K
[7.321s] [01m[K/usr/include/c++/13/ostream:203:28:[m[K [01;36m[Knote: [m[K  no known conversion for argument 1 from ‘[01m[Kstd::vector<int>[m[K’ to ‘[01m[Klong long int[m[K’
[7.321s]   203 |       operator<<([01;36m[Klong long __n[m[K)
[7.321s]       |                  [01;36m[K~~~~~~~~~~^~~[m[K
[7.322s] [01m[K/usr/include/c++/13/ostream:207:7:[m[K [01;36m[Knote: [m[Kcandidate: ‘[01m[Kstd::basic_ostream<_CharT, _Traits>::__ostream_type& std::basic_ostream<_CharT, _Traits>::[01;32m[Koperator<<[m[K(long long unsigned int) [35m[K[with _CharT = char; _Traits = std::char_traits<char>; __ostream_type = std::basic_ostream<char>][m[K[m[K’
[7.322s]   207 |       [01;36m[Koperator[m[K<<(unsigned long long __n)
[7.322s]       |       [01;36m[K^~~~~~~~[m[K
[7.322s] [01m[K/usr/include/c++/13/ostream:207:37:[m[K [01;36m[Knote: [m[K  no known conversion for argument 1 from ‘[01m[Kstd::vector<int>[m[K’ to ‘[01m[Klong long unsigned int[m[K’
[7.322s]   207 |       operator<<([01;36m[Kunsigned long long __n[m[K)
[7.322s]       |                  [01;36m[K~~~~~~~~~~~~~~~~~~~^~~[m[K
[7.323s] [01m[K/usr/include/c++/13/ostream:222:7:[m[K [01;36m[Knote: [m[Kcandidate: ‘[01m[Kstd::basic_ostream<_CharT, _Traits>::__ostream_type& std::basic_ostream<_CharT, _Traits>::[01;32m[Koperator<<[m[K(double) [35m[K[with _CharT = char; _Traits = std::char_traits<char>; __ostream_type = std::basic_ostream<char>][m[K[m[K’
[7.323s]   222 |       [01;36m[Koperator[m[K<<(double __f)
[7.324s]       |       [01;36m[K^~~~~~~~[m[K
[7.324s] [01m[K/usr/include/c++/13/ostream:222:25:[m[K [01;36m[Knote: [m[K  no known conversion for argument 1 from ‘[01m[Kstd::vector<int>[m[K’ to ‘[01m[Kdouble[m[K’
[7.324s]   222 |       operator<<([01;36m[Kdouble __f[m[K)
[7.324s]       |                  [01;36m[K~~~~~~~^~~[m[K
[7.325s] [01m[K/usr/include/c++/13/ostream:226:7:[m[K [01;36m[Knote: [m[Kcandidate: ‘[01m[Kstd::basic_ostream<_CharT, _Traits>::__ostream_type& std::basic_ostream<_CharT, _Traits>::[01;32m[Koperator<<[m[K(float) [35m[K[with _CharT = char; _Traits = std::char_traits<char>; __ostream_type = std::basic_ostream<char>][m[K[m[K’
[7.325s]   226 |       [01;36m[Koperator[m[K<<(float __f)
[7.325s]       |       [01;36m[K^~~~~~~~[m[K
[7.325s] [01m[K/usr/include/c++/13/ostream:226:24:[m[K [01;36m[Knote: [m[K  no known conversion for argument 1 from ‘[01m[Kstd::vector<int>[m[K’ to ‘[01m[Kfloat[m[K’
[7.325s]   226 |       operator<<([01;36m[Kfloat __f[m[K)
[7.325s]       |                  [01;36m[K~~~~~~^~~[m[K
[7.326s] [01m[K/usr/include/c++/13/ostream:234:7:[m[K [01;36m[Knote: [m[Kcandidate: ‘[01m[Kstd::basic_ostream<_CharT, _Traits>::__ostream_type& std::basic_ostream<_CharT, _Traits>::[01;32m[Koperator<<[m[K(long double) [35m[K[with _CharT = char; _Traits = std::char_traits<char>; __ostream_type = std::basic_ostream<char>][m[K[m[K’
[7.326s]   234 |       [01;36m[Koperator[m[K<<(long double __f)
[7.326s]       |       [01;36m[K^~~~~~~~[m[K
[7.326s] [01m[K/usr/include/c++/13/ostream:234:30:[m[K [01;36m[Knote: [m[K  no known conversion for argument 1 from ‘[01m[Kstd::vector<int>[m[K’ to ‘[01m[Klong double[m[K’
[7.326s]   234 |       operator<<([01;36m[Klong double __f[m[K)
[7.331s]       |                  [01;36m[K~~~~~~~~~~~~^~~[m[K
[7.332s] [01m[K/usr/include/c++/13/ostream:292:7:[m[K [01;36m[Knote: [m[Kcandidate: ‘[01m[Kstd::basic_ostream<_CharT, _Traits>::__ostream_type& std::basic_ostream<_CharT, _Traits>::[01;32m[Koperator<<[m[K(const void*) [35m[K[with _CharT = char; _Traits = std::char_traits<char>; __ostream_type = std::basic_ostream<char>][m[K[m[K’
[7.332s]   292 |       [01;36m[Koperator[m[K<<(const void* __p)
[7.333s]       |       [01;36m[K^~~~~~~~[m[K
[7.333s] [01m[K/usr/include/c++/13/ostream:292:30:[m[K [01;36m[Knote: [m[K  no known conversion for argument 1 from ‘[01m[Kstd::vector<int>[m[K’ to ‘[01m[Kconst void*[m[K’
[7.333s]   292 |       operator<<([01;36m[Kconst void* __p[m[K)
[7.333s]       |                  [01;36m[K~~~~~~~~~~~~^~~[m[K
[7.333s] [01m[K/usr/include/c++/13/ostream:297:7:[m[K [01;36m[Knote: [m[Kcandidate: ‘[01m[Kstd::basic_ostream<_CharT, _Traits>::__ostream_type& std::basic_ostream<_CharT, _Traits>::[01;32m[Koperator<<[m[K(std::nullptr_t) [35m[K[with _CharT = char; _Traits = std::char_traits<char>; __ostream_type = std::basic_ostream<char>; std::nullptr_t = std::nullptr_t][m[K[m[K’
[7.334s]   297 |       [01;36m[Koperator[m[K<<(nullptr_t)
[7.334s]       |       [01;36m[K^~~~~~~~[m[K
[7.334s] [01m[K/usr/include/c++/13/ostream:297:18:[m[K [01;36m[Knote: [m[K  no known conversion for argument 1 from ‘[01m[Kstd::vector<int>[m[K’ to ‘[01m[Kstd::nullptr_t[m[K’
[7.334s]   297 |       operator<<([01;36m[Knullptr_t[m[K)
[7.334s]       |                  [01;36m[K^~~~~~~~~[m[K
[7.334s] [01m[K/usr/include/c++/13/bits/ostream.tcc:124:5:[m[K [01;36m[Knote: [m[Kcandidate: ‘[01m[Kstd::basic_ostream<_CharT, _Traits>& std::basic_ostream<_CharT, _Traits>::[01;32m[Koperator<<[m[K(__streambuf_type*) [35m[K[with _CharT = char; _Traits = std::char_traits<char>; __streambuf_type = std::basic_streambuf<char>][m[K[m[K’
[7.334s]   124 |     [01;36m[Kbasic_ostream<_CharT, _Traits>[m[K::
[7.335s]       |     [01;36m[K^~~~~~~~~~~~~~~~~~~~~~~~~~~~~~[m[K
[7.335s] [01m[K/usr/include/c++/13/bits/ostream.tcc:125:34:[m[K [01;36m[Knote: [m[K  no known conversion for argument 1 from ‘[01m[Kstd::vector<int>[m[K’ to ‘[01m[Kstd::basic_ostream<char>::__streambuf_type*[m[K’ {aka ‘[01m[Kstd::basic_streambuf<char>*[m[K’}
[7.335s]   125 |     operator<<([01;36m[K__streambuf_type* __sbin[m[K)
[7.335s]       |                [01;36m[K~~~~~~~~~~~~~~~~~~^~~~~~[m[K
[7.335s] In file included from [01m[K/usr/include/c++/13/bits/basic_string.h:47[m[K,
[7.335s]                  from [01m[K/usr/include/c++/13/string:54[m[K,
[7.335s]                  from [01m[K/opt/ros/jazzy/include/hardware_interface/hardware_interface/hardware_info.hpp:18[m[K:
[7.336s] [01m[K/usr/include/c++/13/string_view:761:5:[m[K [01;36m[Knote: [m[Kcandidate: ‘[01m[Ktemplate<class _CharT, class _Traits> std::basic_ostream<_CharT, _Traits>& std::[01;32m[Koperator<<[m[K(basic_ostream<_CharT, _Traits>&, basic_string_view<_CharT, _Traits>)[m[K’
[7.336s]   761 |     [01;36m[Koperator[m[K<<(basic_ostream<_CharT, _Traits>& __os,
[7.336s]       |     [01;36m[K^~~~~~~~[m[K
[7.336s] [01m[K/usr/include/c++/13/string_view:761:5:[m[K [01;36m[Knote: [m[K  template argument deduction/substitution failed:
[7.336s] [01m[K/home/ws/src/quadruped_hardware/src/ROS2_CAN_Motor.cpp:298:53:[m[K [01;36m[Knote: [m[K  ‘[01m[Kstd::vector<int>[m[K’ is not derived from ‘[01m[Kstd::basic_string_view<_CharT, _Traits>[m[K’
[7.336s]   298 |     std::cout << "[CANMotor] Activate START id=" << [01;36m[Kcan_id[m[K << std::endl;
[7.336s]       |                                                     [01;36m[K^~~~~~[m[K
[7.337s] [01m[K/usr/include/c++/13/bits/basic_string.h:4032:5:[m[K [01;36m[Knote: [m[Kcandidate: ‘[01m[Ktemplate<class _CharT, class _Traits, class _Alloc> std::basic_ostream<_CharT, _Traits>& std::[01;32m[Koperator<<[m[K(basic_ostream<_CharT, _Traits>&, const __cxx11::basic_string<_CharT, _Traits, _Allocator>&)[m[K’
[7.337s]  4032 |     [01;36m[Koperator[m[K<<(basic_ostream<_CharT, _Traits>& __os,
[7.337s]       |     [01;36m[K^~~~~~~~[m[K
[7.337s] [01m[K/usr/include/c++/13/bits/basic_string.h:4032:5:[m[K [01;36m[Knote: [m[K  template argument deduction/substitution failed:
[7.337s] [01m[K/home/ws/src/quadruped_hardware/src/ROS2_CAN_Motor.cpp:298:53:[m[K [01;36m[Knote: [m[K  ‘[01m[Kstd::vector<int>[m[K’ is not derived from ‘[01m[Kconst std::__cxx11::basic_string<_CharT, _Traits, _Allocator>[m[K’
[7.337s]   298 |     std::cout << "[CANMotor] Activate START id=" << [01;36m[Kcan_id[m[K << std::endl;
[7.337s]       |                                                     [01;36m[K^~~~~~[m[K
[7.338s] In file included from [01m[K/usr/include/c++/13/bits/memory_resource.h:38[m[K,
[7.338s]                  from [01m[K/usr/include/c++/13/string:58[m[K:
[7.338s] [01m[K/usr/include/c++/13/cstddef:124:5:[m[K [01;36m[Knote: [m[Kcandidate: ‘[01m[Ktemplate<class _IntegerType> constexpr std::__byte_op_t<_IntegerType> std::[01;32m[Koperator<<[m[K(byte, _IntegerType)[m[K’
[7.338s]   124 |     [01;36m[Koperator[m[K<<(byte __b, _IntegerType __shift) noexcept
[7.338s]       |     [01;36m[K^~~~~~~~[m[K
[7.338s] [01m[K/usr/include/c++/13/cstddef:124:5:[m[K [01;36m[Knote: [m[K  template argument deduction/substitution failed:
[7.338s] [01m[K/home/ws/src/quadruped_hardware/src/ROS2_CAN_Motor.cpp:298:15:[m[K [01;36m[Knote: [m[K  cannot convert ‘[01m[Kstd::operator<< <char_traits<char> >(std::cout, ((const char*)"[CANMotor] Activate START id="))[m[K’ (type ‘[01m[Kstd::basic_ostream<char>[m[K’) to type ‘[01m[Kstd::byte[m[K’
[7.339s]   298 |     [01;36m[Kstd::cout << "[CANMotor] Activate START id="[m[K << can_id << std::endl;
[7.339s]       |     [01;36m[K~~~~~~~~~~^~~~~~~~~~~~~~~~~~~~~~~~~~~~~~~~~~[m[K
[7.339s] In file included from [01m[K/usr/include/c++/13/bits/ios_base.h:46[m[K,
[7.339s]                  from [01m[K/usr/include/c++/13/ios:44[m[K,
[7.339s]                  from [01m[K/usr/include/c++/13/istream:40[m[K:
[7.339s] [01m[K/usr/include/c++/13/system_error:339:5:[m[K [01;36m[Knote: [m[Kcandidate: ‘[01m[Ktemplate<class _CharT, class _Traits> std::basic_ostream<_CharT, _Traits>& std::[01;32m[Koperator<<[m[K(basic_ostream<_CharT, _Traits>&, const error_code&)[m[K’
[7.339s]   339 |     [01;36m[Koperator[m[K<<(basic_ostream<_CharT, _Traits>& __os, const error_code& __e)
[7.340s]       |     [01;36m[K^~~~~~~~[m[K
[7.340s] [01m[K/usr/include/c++/13/system_error:339:5:[m[K [01;36m[Knote: [m[K  template argument deduction/substitution failed:
[7.340s] [01m[K/home/ws/src/quadruped_hardware/src/ROS2_CAN_Motor.cpp:298:53:[m[K [01;36m[Knote: [m[K  cannot convert ‘[01m[K((quadruped_hardware::CANMotor*)this)->quadruped_hardware::CANMotor::can_id[m[K’ (type ‘[01m[Kstd::vector<int>[m[K’) to type ‘[01m[Kconst std::error_code&[m[K’
[7.340s]   298 |     std::cout << "[CANMotor] Activate START id=" << [01;36m[Kcan_id[m[K << std::endl;
[7.340s]       |                                                     [01;36m[K^~~~~~[m[K
[7.340s] [01m[K/usr/include/c++/13/ostream:554:5:[m[K [01;36m[Knote: [m[Kcandidate: ‘[01m[Ktemplate<class _CharT, class _Traits> std::basic_ostream<_CharT, _Traits>& std::[01;32m[Koperator<<[m[K(basic_ostream<_CharT, _Traits>&, _CharT)[m[K’
[7.340s]   554 |     [01;36m[Koperator[m[K<<(basic_ostream<_CharT, _Traits>& __out, _CharT __c)
[7.341s]       |     [01;36m[K^~~~~~~~[m[K
[7.341s] [01m[K/usr/include/c++/13/ostream:554:5:[m[K [01;36m[Knote: [m[K  template argument deduction/substitution failed:
[7.341s] [01m[K/home/ws/src/quadruped_hardware/src/ROS2_CAN_Motor.cpp:298:53:[m[K [01;36m[Knote: [m[K  deduced conflicting types for parameter ‘[01m[K_CharT[m[K’ (‘[01m[Kchar[m[K’ and ‘[01m[Kstd::vector<int>[m[K’)
[7.341s]   298 |     std::cout << "[CANMotor] Activate START id=" << [01;36m[Kcan_id[m[K << std::endl;
[7.341s]       |                                                     [01;36m[K^~~~~~[m[K
[7.341s] [01m[K/usr/include/c++/13/ostream:564:5:[m[K [01;36m[Knote: [m[Kcandidate: ‘[01m[Ktemplate<class _CharT, class _Traits> std::basic_ostream<_CharT, _Traits>& std::[01;32m[Koperator<<[m[K(basic_ostream<_CharT, _Traits>&, char)[m[K’
[7.341s]   564 |     [01;36m[Koperator[m[K<<(basic_ostream<_CharT, _Traits>& __out, char __c)
[7.341s]       |     [01;36m[K^~~~~~~~[m[K
[7.342s] [01m[K/usr/include/c++/13/ostream:564:5:[m[K [01;36m[Knote: [m[K  template argument deduction/substitution failed:
[7.342s] [01m[K/home/ws/src/quadruped_hardware/src/ROS2_CAN_Motor.cpp:298:53:[m[K [01;36m[Knote: [m[K  cannot convert ‘[01m[K((quadruped_hardware::CANMotor*)this)->quadruped_hardware::CANMotor::can_id[m[K’ (type ‘[01m[Kstd::vector<int>[m[K’) to type ‘[01m[Kchar[m[K’
[7.342s]   298 |     std::cout << "[CANMotor] Activate START id=" << [01;36m[Kcan_id[m[K << std::endl;
[7.342s]       |                                                     [01;36m[K^~~~~~[m[K
[7.342s] [01m[K/usr/include/c++/13/ostream:570:5:[m[K [01;36m[Knote: [m[Kcandidate: ‘[01m[Ktemplate<class _Traits> std::basic_ostream<char, _Traits>& std::[01;32m[Koperator<<[m[K(basic_ostream<char, _Traits>&, char)[m[K’
[7.342s]   570 |     [01;36m[Koperator[m[K<<(basic_ostream<char, _Traits>& __out, char __c)
[7.342s]       |     [01;36m[K^~~~~~~~[m[K
[7.343s] [01m[K/usr/include/c++/13/ostream:570:5:[m[K [01;36m[Knote: [m[K  template argument deduction/substitution failed:
[7.343s] [01m[K/home/ws/src/quadruped_hardware/src/ROS2_CAN_Motor.cpp:298:53:[m[K [01;36m[Knote: [m[K  cannot convert ‘[01m[K((quadruped_hardware::CANMotor*)this)->quadruped_hardware::CANMotor::can_id[m[K’ (type ‘[01m[Kstd::vector<int>[m[K’) to type ‘[01m[Kchar[m[K’
[7.343s]   298 |     std::cout << "[CANMotor] Activate START id=" << [01;36m[Kcan_id[m[K << std::endl;
[7.343s]       |                                                     [01;36m[K^~~~~~[m[K
[7.343s] [01m[K/usr/include/c++/13/ostream:581:5:[m[K [01;36m[Knote: [m[Kcandidate: ‘[01m[Ktemplate<class _Traits> std::basic_ostream<char, _Traits>& std::[01;32m[Koperator<<[m[K(basic_ostream<char, _Traits>&, signed char)[m[K’
[7.343s]   581 |     [01;36m[Koperator[m[K<<(basic_ostream<char, _Traits>& __out, signed char __c)
[7.343s]       |     [01;36m[K^~~~~~~~[m[K
[7.344s] [01m[K/usr/include/c++/13/ostream:581:5:[m[K [01;36m[Knote: [m[K  template argument deduction/substitution failed:
[7.344s] [01m[K/home/ws/src/quadruped_hardware/src/ROS2_CAN_Motor.cpp:298:53:[m[K [01;36m[Knote: [m[K  cannot convert ‘[01m[K((quadruped_hardware::CANMotor*)this)->quadruped_hardware::CANMotor::can_id[m[K’ (type ‘[01m[Kstd::vector<int>[m[K’) to type ‘[01m[Ksigned char[m[K’
[7.344s]   298 |     std::cout << "[CANMotor] Activate START id=" << [01;36m[Kcan_id[m[K << std::endl;
[7.344s]       |                                                     [01;36m[K^~~~~~[m[K
[7.344s] [01m[K/usr/include/c++/13/ostream:586:5:[m[K [01;36m[Knote: [m[Kcandidate: ‘[01m[Ktemplate<class _Traits> std::basic_ostream<char, _Traits>& std::[01;32m[Koperator<<[m[K(basic_ostream<char, _Traits>&, unsigned char)[m[K’
[7.344s]   586 |     [01;36m[Koperator[m[K<<(basic_ostream<char, _Traits>& __out, unsigned char __c)
[7.344s]       |     [01;36m[K^~~~~~~~[m[K
[7.344s] [01m[K/usr/include/c++/13/ostream:586:5:[m[K [01;36m[Knote: [m[K  template argument deduction/substitution failed:
[7.345s] [01m[K/home/ws/src/quadruped_hardware/src/ROS2_CAN_Motor.cpp:298:53:[m[K [01;36m[Knote: [m[K  cannot convert ‘[01m[K((quadruped_hardware::CANMotor*)this)->quadruped_hardware::CANMotor::can_id[m[K’ (type ‘[01m[Kstd::vector<int>[m[K’) to type ‘[01m[Kunsigned char[m[K’
[7.345s]   298 |     std::cout << "[CANMotor] Activate START id=" << [01;36m[Kcan_id[m[K << std::endl;
[7.345s]       |                                                     [01;36m[K^~~~~~[m[K
[7.345s] [01m[K/usr/include/c++/13/ostream:645:5:[m[K [01;36m[Knote: [m[Kcandidate: ‘[01m[Ktemplate<class _CharT, class _Traits> std::basic_ostream<_CharT, _Traits>& std::[01;32m[Koperator<<[m[K(basic_ostream<_CharT, _Traits>&, const _CharT*)[m[K’
[7.345s]   645 |     [01;36m[Koperator[m[K<<(basic_ostream<_CharT, _Traits>& __out, const _CharT* __s)
[7.346s]       |     [01;36m[K^~~~~~~~[m[K
[7.346s] [01m[K/usr/include/c++/13/ostream:645:5:[m[K [01;36m[Knote: [m[K  template argument deduction/substitution failed:
[7.346s] [01m[K/home/ws/src/quadruped_hardware/src/ROS2_CAN_Motor.cpp:298:53:[m[K [01;36m[Knote: [m[K  mismatched types ‘[01m[Kconst _CharT*[m[K’ and ‘[01m[Kstd::vector<int>[m[K’
[7.346s]   298 |     std::cout << "[CANMotor] Activate START id=" << [01;36m[Kcan_id[m[K << std::endl;
[7.346s]       |                                                     [01;36m[K^~~~~~[m[K
[7.351s] [01m[K/usr/include/c++/13/bits/ostream.tcc:307:5:[m[K [01;36m[Knote: [m[Kcandidate: ‘[01m[Ktemplate<class _CharT, class _Traits> std::basic_ostream<_CharT, _Traits>& std::[01;32m[Koperator<<[m[K(basic_ostream<_CharT, _Traits>&, const char*)[m[K’
[7.351s]   307 |     [01;36m[Koperator[m[K<<(basic_ostream<_CharT, _Traits>& __out, const char* __s)
[7.351s]       |     [01;36m[K^~~~~~~~[m[K
[7.352s] [01m[K/usr/include/c++/13/bits/ostream.tcc:307:5:[m[K [01;36m[Knote: [m[K  template argument deduction/substitution failed:
[7.352s] [01m[K/home/ws/src/quadruped_hardware/src/ROS2_CAN_Motor.cpp:298:53:[m[K [01;36m[Knote: [m[K  cannot convert ‘[01m[K((quadruped_hardware::CANMotor*)this)->quadruped_hardware::CANMotor::can_id[m[K’ (type ‘[01m[Kstd::vector<int>[m[K’) to type ‘[01m[Kconst char*[m[K’
[7.352s]   298 |     std::cout << "[CANMotor] Activate START id=" << [01;36m[Kcan_id[m[K << std::endl;
[7.352s]       |                                                     [01;36m[K^~~~~~[m[K
[7.352s] [01m[K/usr/include/c++/13/ostream:662:5:[m[K [01;36m[Knote: [m[Kcandidate: ‘[01m[Ktemplate<class _Traits> std::basic_ostream<char, _Traits>& std::[01;32m[Koperator<<[m[K(basic_ostream<char, _Traits>&, const char*)[m[K’
[7.352s]   662 |     [01;36m[Koperator[m[K<<(basic_ostream<char, _Traits>& __out, const char* __s)
[7.353s]       |     [01;36m[K^~~~~~~~[m[K
[7.353s] [01m[K/usr/include/c++/13/ostream:662:5:[m[K [01;36m[Knote: [m[K  template argument deduction/substitution failed:
[7.353s] [01m[K/home/ws/src/quadruped_hardware/src/ROS2_CAN_Motor.cpp:298:53:[m[K [01;36m[Knote: [m[K  cannot convert ‘[01m[K((quadruped_hardware::CANMotor*)this)->quadruped_hardware::CANMotor::can_id[m[K’ (type ‘[01m[Kstd::vector<int>[m[K’) to type ‘[01m[Kconst char*[m[K’
[7.353s]   298 |     std::cout << "[CANMotor] Activate START id=" << [01;36m[Kcan_id[m[K << std::endl;
[7.353s]       |                                                     [01;36m[K^~~~~~[m[K
[7.353s] [01m[K/usr/include/c++/13/ostream:675:5:[m[K [01;36m[Knote: [m[Kcandidate: ‘[01m[Ktemplate<class _Traits> std::basic_ostream<char, _Traits>& std::[01;32m[Koperator<<[m[K(basic_ostream<char, _Traits>&, const signed char*)[m[K’
[7.354s]   675 |     [01;36m[Koperator[m[K<<(basic_ostream<char, _Traits>& __out, const signed char* __s)
[7.354s]       |     [01;36m[K^~~~~~~~[m[K
[7.355s] [01m[K/usr/include/c++/13/ostream:675:5:[m[K [01;36m[Knote: [m[K  template argument deduction/substitution failed:
[7.355s] [01m[K/home/ws/src/quadruped_hardware/src/ROS2_CAN_Motor.cpp:298:53:[m[K [01;36m[Knote: [m[K  cannot convert ‘[01m[K((quadruped_hardware::CANMotor*)this)->quadruped_hardware::CANMotor::can_id[m[K’ (type ‘[01m[Kstd::vector<int>[m[K’) to type ‘[01m[Kconst signed char*[m[K’
[7.355s]   298 |     std::cout << "[CANMotor] Activate START id=" << [01;36m[Kcan_id[m[K << std::endl;
[7.355s]       |                                                     [01;36m[K^~~~~~[m[K
[7.356s] [01m[K/usr/include/c++/13/ostream:680:5:[m[K [01;36m[Knote: [m[Kcandidate: ‘[01m[Ktemplate<class _Traits> std::basic_ostream<char, _Traits>& std::[01;32m[Koperator<<[m[K(basic_ostream<char, _Traits>&, const unsigned char*)[m[K’
[7.356s]   680 |     [01;36m[Koperator[m[K<<(basic_ostream<char, _Traits>& __out, const unsigned char* __s)
[7.356s]       |     [01;36m[K^~~~~~~~[m[K
[7.356s] [01m[K/usr/include/c++/13/ostream:680:5:[m[K [01;36m[Knote: [m[K  template argument deduction/substitution failed:
[7.356s] [01m[K/home/ws/src/quadruped_hardware/src/ROS2_CAN_Motor.cpp:298:53:[m[K [01;36m[Knote: [m[K  cannot convert ‘[01m[K((quadruped_hardware::CANMotor*)this)->quadruped_hardware::CANMotor::can_id[m[K’ (type ‘[01m[Kstd::vector<int>[m[K’) to type ‘[01m[Kconst unsigned char*[m[K’
[7.357s]   298 |     std::cout << "[CANMotor] Activate START id=" << [01;36m[Kcan_id[m[K << std::endl;
[7.357s]       |                                                     [01;36m[K^~~~~~[m[K
[7.357s] [01m[K/usr/include/c++/13/ostream:801:5:[m[K [01;36m[Knote: [m[Kcandidate: ‘[01m[Ktemplate<class _Ostream, class _Tp> _Ostream&& std::[01;32m[Koperator<<[m[K(_Ostream&&, const _Tp&)[m[K’
[7.357s]   801 |     [01;36m[Koperator[m[K<<(_Ostream&& __os, const _Tp& __x)
[7.357s]       |     [01;36m[K^~~~~~~~[m[K
[7.357s] [01m[K/usr/include/c++/13/ostream:801:5:[m[K [01;36m[Knote: [m[K  template argument deduction/substitution failed:
[7.358s] /usr/include/c++/13/ostream: In substitution of ‘[01m[Ktemplate<class _Ostream, class _Tp> _Ostream&& std::[01;32m[Koperator<<[m[K(_Ostream&&, const _Tp&) [35m[K[with _Ostream = std::basic_ostream<char>&; _Tp = std::vector<int>][m[K[m[K’:
[7.358s] [01m[K/home/ws/src/quadruped_hardware/src/ROS2_CAN_Motor.cpp:298:53:[m[K   required from here
[7.358s] [01m[K/usr/include/c++/13/ostream:801:5:[m[K [01;31m[Kerror: [m[Kno type named ‘[01m[Ktype[m[K’ in ‘[01m[Kstruct std::enable_if<false, void>[m[K’
[7.358s] In file included from [01m[K/usr/include/c++/13/memory:80[m[K,
[7.358s]                  from [01m[K/opt/ros/jazzy/include/rclcpp/rclcpp/rclcpp.hpp:169[m[K,
[7.358s]                  from [01m[K/home/ws/src/quadruped_hardware/src/ROS2_CAN_Motor.cpp:4[m[K:
[7.359s] [01m[K/usr/include/c++/13/bits/shared_ptr.h:70:5:[m[K [01;36m[Knote: [m[Kcandidate: ‘[01m[Ktemplate<class _Ch, class _Tr, class _Tp, __gnu_cxx::_Lock_policy _Lp> std::basic_ostream<_CharT, _Traits>& std::[01;32m[Koperator<<[m[K(basic_ostream<_CharT, _Traits>&, const __shared_ptr<_Tp, _Lp>&)[m[K’
[7.359s]    70 |     [01;36m[Koperator[m[K<<(std::basic_ostream<_Ch, _Tr>& __os,
[7.359s]       |     [01;36m[K^~~~~~~~[m[K
[7.359s] [01m[K/usr/include/c++/13/bits/shared_ptr.h:70:5:[m[K [01;36m[Knote: [m[K  template argument deduction/substitution failed:
[7.359s] [01m[K/home/ws/src/quadruped_hardware/src/ROS2_CAN_Motor.cpp:298:53:[m[K [01;36m[Knote: [m[K  ‘[01m[Kstd::vector<int>[m[K’ is not derived from ‘[01m[Kconst std::__shared_ptr<_Tp, _Lp>[m[K’
[7.359s]   298 |     std::cout << "[CANMotor] Activate START id=" << [01;36m[Kcan_id[m[K << std::endl;
[7.360s]       |                                                     [01;36m[K^~~~~~[m[K
[7.360s] In file included from [01m[K/opt/ros/jazzy/include/rosidl_runtime_cpp/rosidl_runtime_cpp/traits.hpp:19[m[K,
[7.360s]                  from [01m[K/opt/ros/jazzy/include/rcl_interfaces/rcl_interfaces/srv/detail/list_parameters__traits.hpp:18[m[K,
[7.360s]                  from [01m[K/opt/ros/jazzy/include/rcl_interfaces/rcl_interfaces/srv/list_parameters.hpp:9[m[K,
[7.360s]                  from [01m[K/opt/ros/jazzy/include/rclcpp/rclcpp/copy_all_parameter_values.hpp:21[m[K,
[7.360s]                  from [01m[K/opt/ros/jazzy/include/rclcpp/rclcpp/rclcpp.hpp:171[m[K:
[7.361s] [01m[K/usr/include/c++/13/iomanip:81:5:[m[K [01;36m[Knote: [m[Kcandidate: ‘[01m[Ktemplate<class _CharT, class _Traits> std::basic_ostream<_CharT, _Traits>& std::[01;32m[Koperator<<[m[K(basic_ostream<_CharT, _Traits>&, _Resetiosflags)[m[K’
[7.361s]    81 |     [01;36m[Koperator[m[K<<(basic_ostream<_CharT, _Traits>& __os, _Resetiosflags __f)
[7.361s]       |     [01;36m[K^~~~~~~~[m[K
[7.361s] [01m[K/usr/include/c++/13/iomanip:81:5:[m[K [01;36m[Knote: [m[K  template argument deduction/substitution failed:
[7.361s] [01m[K/home/ws/src/quadruped_hardware/src/ROS2_CAN_Motor.cpp:298:53:[m[K [01;36m[Knote: [m[K  cannot convert ‘[01m[K((quadruped_hardware::CANMotor*)this)->quadruped_hardware::CANMotor::can_id[m[K’ (type ‘[01m[Kstd::vector<int>[m[K’) to type ‘[01m[Kstd::_Resetiosflags[m[K’
[7.361s]   298 |     std::cout << "[CANMotor] Activate START id=" << [01;36m[Kcan_id[m[K << std::endl;
[7.362s]       |                                                     [01;36m[K^~~~~~[m[K
[7.362s] [01m[K/usr/include/c++/13/iomanip:111:5:[m[K [01;36m[Knote: [m[Kcandidate: ‘[01m[Ktemplate<class _CharT, class _Traits> std::basic_ostream<_CharT, _Traits>& std::[01;32m[Koperator<<[m[K(basic_ostream<_CharT, _Traits>&, _Setiosflags)[m[K’
[7.362s]   111 |     [01;36m[Koperator[m[K<<(basic_ostream<_CharT, _Traits>& __os, _Setiosflags __f)
[7.362s]       |     [01;36m[K^~~~~~~~[m[K
[7.366s] [01m[K/usr/include/c++/13/iomanip:111:5:[m[K [01;36m[Knote: [m[K  template argument deduction/substitution failed:
[7.366s] [01m[K/home/ws/src/quadruped_hardware/src/ROS2_CAN_Motor.cpp:298:53:[m[K [01;36m[Knote: [m[K  cannot convert ‘[01m[K((quadruped_hardware::CANMotor*)this)->quadruped_hardware::CANMotor::can_id[m[K’ (type ‘[01m[Kstd::vector<int>[m[K’) to type ‘[01m[Kstd::_Setiosflags[m[K’
[7.366s]   298 |     std::cout << "[CANMotor] Activate START id=" << [01;36m[Kcan_id[m[K << std::endl;
[7.366s]       |                                                     [01;36m[K^~~~~~[m[K
[7.367s] [01m[K/usr/include/c++/13/iomanip:145:5:[m[K [01;36m[Knote: [m[Kcandidate: ‘[01m[Ktemplate<class _CharT, class _Traits> std::basic_ostream<_CharT, _Traits>& std::[01;32m[Koperator<<[m[K(basic_ostream<_CharT, _Traits>&, _Setbase)[m[K’
[7.367s]   145 |     [01;36m[Koperator[m[K<<(basic_ostream<_CharT, _Traits>& __os, _Setbase __f)
[7.367s]       |     [01;36m[K^~~~~~~~[m[K
[7.367s] [01m[K/usr/include/c++/13/iomanip:145:5:[m[K [01;36m[Knote: [m[K  template argument deduction/substitution failed:
[7.368s] [01m[K/home/ws/src/quadruped_hardware/src/ROS2_CAN_Motor.cpp:298:53:[m[K [01;36m[Knote: [m[K  cannot convert ‘[01m[K((quadruped_hardware::CANMotor*)this)->quadruped_hardware::CANMotor::can_id[m[K’ (type ‘[01m[Kstd::vector<int>[m[K’) to type ‘[01m[Kstd::_Setbase[m[K’
[7.368s]   298 |     std::cout << "[CANMotor] Activate START id=" << [01;36m[Kcan_id[m[K << std::endl;
[7.368s]       |                                                     [01;36m[K^~~~~~[m[K
[7.368s] [01m[K/usr/include/c++/13/iomanip:180:5:[m[K [01;36m[Knote: [m[Kcandidate: ‘[01m[Ktemplate<class _CharT, class _Traits> std::basic_ostream<_CharT, _Traits>& std::[01;32m[Koperator<<[m[K(basic_ostream<_CharT, _Traits>&, _Setfill<_CharT>)[m[K’
[7.368s]   180 |     [01;36m[Koperator[m[K<<(basic_ostream<_CharT, _Traits>& __os, _Setfill<_CharT> __f)
[7.368s]       |     [01;36m[K^~~~~~~~[m[K
[7.369s] [01m[K/usr/include/c++/13/iomanip:180:5:[m[K [01;36m[Knote: [m[K  template argument deduction/substitution failed:
[7.369s] [01m[K/home/ws/src/quadruped_hardware/src/ROS2_CAN_Motor.cpp:298:53:[m[K [01;36m[Knote: [m[K  ‘[01m[Kstd::vector<int>[m[K’ is not derived from ‘[01m[Kstd::_Setfill<_CharT>[m[K’
[7.369s]   298 |     std::cout << "[CANMotor] Activate START id=" << [01;36m[Kcan_id[m[K << std::endl;
[7.369s]       |                                                     [01;36m[K^~~~~~[m[K
[7.369s] [01m[K/usr/include/c++/13/iomanip:210:5:[m[K [01;36m[Knote: [m[Kcandidate: ‘[01m[Ktemplate<class _CharT, class _Traits> std::basic_ostream<_CharT, _Traits>& std::[01;32m[Koperator<<[m[K(basic_ostream<_CharT, _Traits>&, _Setprecision)[m[K’
[7.369s]   210 |     [01;36m[Koperator[m[K<<(basic_ostream<_CharT, _Traits>& __os, _Setprecision __f)
[7.370s]       |     [01;36m[K^~~~~~~~[m[K
[7.370s] [01m[K/usr/include/c++/13/iomanip:210:5:[m[K [01;36m[Knote: [m[K  template argument deduction/substitution failed:
[7.370s] [01m[K/home/ws/src/quadruped_hardware/src/ROS2_CAN_Motor.cpp:298:53:[m[K [01;36m[Knote: [m[K  cannot convert ‘[01m[K((quadruped_hardware::CANMotor*)this)->quadruped_hardware::CANMotor::can_id[m[K’ (type ‘[01m[Kstd::vector<int>[m[K’) to type ‘[01m[Kstd::_Setprecision[m[K’
[7.370s]   298 |     std::cout << "[CANMotor] Activate START id=" << [01;36m[Kcan_id[m[K << std::endl;
[7.371s]       |                                                     [01;36m[K^~~~~~[m[K
[7.371s] [01m[K/usr/include/c++/13/iomanip:240:5:[m[K [01;36m[Knote: [m[Kcandidate: ‘[01m[Ktemplate<class _CharT, class _Traits> std::basic_ostream<_CharT, _Traits>& std::[01;32m[Koperator<<[m[K(basic_ostream<_CharT, _Traits>&, _Setw)[m[K’
[7.371s]   240 |     [01;36m[Koperator[m[K<<(basic_ostream<_CharT, _Traits>& __os, _Setw __f)
[7.372s]       |     [01;36m[K^~~~~~~~[m[K
[7.372s] [01m[K/usr/include/c++/13/iomanip:240:5:[m[K [01;36m[Knote: [m[K  template argument deduction/substitution failed:
[7.372s] [01m[K/home/ws/src/quadruped_hardware/src/ROS2_CAN_Motor.cpp:298:53:[m[K [01;36m[Knote: [m[K  cannot convert ‘[01m[K((quadruped_hardware::CANMotor*)this)->quadruped_hardware::CANMotor::can_id[m[K’ (type ‘[01m[Kstd::vector<int>[m[K’) to type ‘[01m[Kstd::_Setw[m[K’
[7.372s]   298 |     std::cout << "[CANMotor] Activate START id=" << [01;36m[Kcan_id[m[K << std::endl;
[7.372s]       |                                                     [01;36m[K^~~~~~[m[K
[7.372s] [01m[K/usr/include/c++/13/iomanip:313:5:[m[K [01;36m[Knote: [m[Kcandidate: ‘[01m[Ktemplate<class _CharT, class _Traits, class _MoneyT> std::basic_ostream<_CharT, _Traits>& std::[01;32m[Koperator<<[m[K(basic_ostream<_CharT, _Traits>&, _Put_money<_MoneyT>)[m[K’
[7.373s]   313 |     [01;36m[Koperator[m[K<<(basic_ostream<_CharT, _Traits>& __os, _Put_money<_MoneyT> __f)
[7.373s]       |     [01;36m[K^~~~~~~~[m[K
[7.373s] [01m[K/usr/include/c++/13/iomanip:313:5:[m[K [01;36m[Knote: [m[K  template argument deduction/substitution failed:
[7.373s] [01m[K/home/ws/src/quadruped_hardware/src/ROS2_CAN_Motor.cpp:298:53:[m[K [01;36m[Knote: [m[K  ‘[01m[Kstd::vector<int>[m[K’ is not derived from ‘[01m[Kstd::_Put_money<_MoneyT>[m[K’
[7.373s]   298 |     std::cout << "[CANMotor] Activate START id=" << [01;36m[Kcan_id[m[K << std::endl;
[7.373s]       |                                                     [01;36m[K^~~~~~[m[K
[7.374s] [01m[K/usr/include/c++/13/iomanip:365:5:[m[K [01;36m[Knote: [m[Kcandidate: ‘[01m[Ktemplate<class _CharT, class _Traits> std::basic_ostream<_CharT, _Traits>& std::[01;32m[Koperator<<[m[K(basic_ostream<_CharT, _Traits>&, _Put_time<_CharT>)[m[K’
[7.374s]   365 |     [01;36m[Koperator[m[K<<(basic_ostream<_CharT, _Traits>& __os, _Put_time<_CharT> __f)
[7.374s]       |     [01;36m[K^~~~~~~~[m[K
[7.374s] [01m[K/usr/include/c++/13/iomanip:365:5:[m[K [01;36m[Knote: [m[K  template argument deduction/substitution failed:
[7.374s] [01m[K/home/ws/src/quadruped_hardware/src/ROS2_CAN_Motor.cpp:298:53:[m[K [01;36m[Knote: [m[K  ‘[01m[Kstd::vector<int>[m[K’ is not derived from ‘[01m[Kstd::_Put_time<_CharT>[m[K’
[7.375s]   298 |     std::cout << "[CANMotor] Activate START id=" << [01;36m[Kcan_id[m[K << std::endl;
[7.375s]       |                                                     [01;36m[K^~~~~~[m[K
[7.375s] In file included from [01m[K/opt/ros/jazzy/include/rclcpp/rclcpp/executors/multi_threaded_executor.hpp:22[m[K,
[7.375s]                  from [01m[K/opt/ros/jazzy/include/rclcpp/rclcpp/executors.hpp:21[m[K,
[7.375s]                  from [01m[K/opt/ros/jazzy/include/rclcpp/rclcpp/rclcpp.hpp:172[m[K:
[7.375s] [01m[K/usr/include/c++/13/thread:97:5:[m[K [01;36m[Knote: [m[Kcandidate: ‘[01m[Ktemplate<class _CharT, class _Traits> std::basic_ostream<_CharT, _Traits>& std::[01;32m[Koperator<<[m[K(basic_ostream<_CharT, _Traits>&, thread::id)[m[K’
[7.376s]    97 |     [01;36m[Koperator[m[K<<(basic_ostream<_CharT, _Traits>& __out, thread::id __id)
[7.376s]       |     [01;36m[K^~~~~~~~[m[K
[7.376s] [01m[K/usr/include/c++/13/thread:97:5:[m[K [01;36m[Knote: [m[K  template argument deduction/substitution failed:
[7.376s] [01m[K/home/ws/src/quadruped_hardware/src/ROS2_CAN_Motor.cpp:298:53:[m[K [01;36m[Knote: [m[K  cannot convert ‘[01m[K((quadruped_hardware::CANMotor*)this)->quadruped_hardware::CANMotor::can_id[m[K’ (type ‘[01m[Kstd::vector<int>[m[K’) to type ‘[01m[Kstd::thread::id[m[K’
[7.376s]   298 |     std::cout << "[CANMotor] Activate START id=" << [01;36m[Kcan_id[m[K << std::endl;
[7.376s]       |                                                     [01;36m[K^~~~~~[m[K
[7.377s] [01m[K/home/ws/src/quadruped_hardware/src/ROS2_CAN_Motor.cpp:316:48:[m[K [01;31m[Kerror: [m[Kno match for ‘[01m[Koperator<<[m[K’ (operand types are ‘[01m[Kstd::basic_ostream<char>[m[K’ and ‘[01m[Kstd::vector<int>[m[K’)
[7.377s]   316 |     [32m[Kstd::cout << "[CANMotor] Activate END id="[m[K [01;31m[K<<[m[K [34m[Kcan_id[m[K << std::endl;
[7.377s]       |     [32m[K~~~~~~~~~~~~~~~~~~~~~~~~~~~~~~~~~~~~~~~~~~[m[K [01;31m[K^~[m[K [34m[K~~~~~~[m[K
[7.377s]       |               [32m[K|[m[K                                   [34m[K|[m[K
[7.377s]       |               [32m[Kstd::basic_ostream<char>[m[K            [34m[Kstd::vector<int>[m[K
[7.377s] [01m[K/usr/include/c++/13/ostream:110:7:[m[K [01;36m[Knote: [m[Kcandidate: ‘[01m[Kstd::basic_ostream<_CharT, _Traits>::__ostream_type& std::basic_ostream<_CharT, _Traits>::[01;32m[Koperator<<[m[K(__ostream_type& (*)(__ostream_type&)) [35m[K[with _CharT = char; _Traits = std::char_traits<char>; __ostream_type = std::basic_ostream<char>][m[K[m[K’
[7.378s]   110 |       [01;36m[Koperator[m[K<<(__ostream_type& (*__pf)(__ostream_type&))
[7.378s]       |       [01;36m[K^~~~~~~~[m[K
[7.378s] [01m[K/usr/include/c++/13/ostream:110:36:[m[K [01;36m[Knote: [m[K  no known conversion for argument 1 from ‘[01m[Kstd::vector<int>[m[K’ to ‘[01m[Kstd::basic_ostream<char>::__ostream_type& (*)(std::basic_ostream<char>::__ostream_type&)[m[K’ {aka ‘[01m[Kstd::basic_ostream<char>& (*)(std::basic_ostream<char>&)[m[K’}
[7.378s]   110 |       operator<<([01;36m[K__ostream_type& (*__pf)(__ostream_type&)[m[K)
[7.380s]       |                  [01;36m[K~~~~~~~~~~~~~~~~~~^~~~~~~~~~~~~~~~~~~~~~[m[K
[7.380s] [01m[K/usr/include/c++/13/ostream:119:7:[m[K [01;36m[Knote: [m[Kcandidate: ‘[01m[Kstd::basic_ostream<_CharT, _Traits>::__ostream_type& std::basic_ostream<_CharT, _Traits>::[01;32m[Koperator<<[m[K(__ios_type& (*)(__ios_type&)) [35m[K[with _CharT = char; _Traits = std::char_traits<char>; __ostream_type = std::basic_ostream<char>; __ios_type = std::basic_ios<char>][m[K[m[K’
[7.381s]   119 |       [01;36m[Koperator[m[K<<(__ios_type& (*__pf)(__ios_type&))
[7.381s]       |       [01;36m[K^~~~~~~~[m[K
[7.381s] [01m[K/usr/include/c++/13/ostream:119:32:[m[K [01;36m[Knote: [m[K  no known conversion for argument 1 from ‘[01m[Kstd::vector<int>[m[K’ to ‘[01m[Kstd::basic_ostream<char>::__ios_type& (*)(std::basic_ostream<char>::__ios_type&)[m[K’ {aka ‘[01m[Kstd::basic_ios<char>& (*)(std::basic_ios<char>&)[m[K’}
[7.381s]   119 |       operator<<([01;36m[K__ios_type& (*__pf)(__ios_type&)[m[K)
[7.381s]       |                  [01;36m[K~~~~~~~~~~~~~~^~~~~~~~~~~~~~~~~~[m[K
[7.382s] [01m[K/usr/include/c++/13/ostream:129:7:[m[K [01;36m[Knote: [m[Kcandidate: ‘[01m[Kstd::basic_ostream<_CharT, _Traits>::__ostream_type& std::basic_ostream<_CharT, _Traits>::[01;32m[Koperator<<[m[K(std::ios_base& (*)(std::ios_base&)) [35m[K[with _CharT = char; _Traits = std::char_traits<char>; __ostream_type = std::basic_ostream<char>][m[K[m[K’
[7.382s]   129 |       [01;36m[Koperator[m[K<<(ios_base& (*__pf) (ios_base&))
[7.382s]       |       [01;36m[K^~~~~~~~[m[K
[7.382s] [01m[K/usr/include/c++/13/ostream:129:30:[m[K [01;36m[Knote: [m[K  no known conversion for argument 1 from ‘[01m[Kstd::vector<int>[m[K’ to ‘[01m[Kstd::ios_base& (*)(std::ios_base&)[m[K’
[7.382s]   129 |       operator<<([01;36m[Kios_base& (*__pf) (ios_base&)[m[K)
[7.382s]       |                  [01;36m[K~~~~~~~~~~~~^~~~~~~~~~~~~~~~~[m[K
[7.383s] [01m[K/usr/include/c++/13/ostream:168:7:[m[K [01;36m[Knote: [m[Kcandidate: ‘[01m[Kstd::basic_ostream<_CharT, _Traits>::__ostream_type& std::basic_ostream<_CharT, _Traits>::[01;32m[Koperator<<[m[K(long int) [35m[K[with _CharT = char; _Traits = std::char_traits<char>; __ostream_type = std::basic_ostream<char>][m[K[m[K’
[7.383s]   168 |       [01;36m[Koperator[m[K<<(long __n)
[7.383s]       |       [01;36m[K^~~~~~~~[m[K
[7.383s] [01m[K/usr/include/c++/13/ostream:168:23:[m[K [01;36m[Knote: [m[K  no known conversion for argument 1 from ‘[01m[Kstd::vector<int>[m[K’ to ‘[01m[Klong int[m[K’
[7.383s]   168 |       operator<<([01;36m[Klong __n[m[K)
[7.383s]       |                  [01;36m[K~~~~~^~~[m[K
[7.384s] [01m[K/usr/include/c++/13/ostream:172:7:[m[K [01;36m[Knote: [m[Kcandidate: ‘[01m[Kstd::basic_ostream<_CharT, _Traits>::__ostream_type& std::basic_ostream<_CharT, _Traits>::[01;32m[Koperator<<[m[K(long unsigned int) [35m[K[with _CharT = char; _Traits = std::char_traits<char>; __ostream_type = std::basic_ostream<char>][m[K[m[K’
[7.384s]   172 |       [01;36m[Koperator[m[K<<(unsigned long __n)
[7.384s]       |       [01;36m[K^~~~~~~~[m[K
[7.384s] [01m[K/usr/include/c++/13/ostream:172:32:[m[K [01;36m[Knote: [m[K  no known conversion for argument 1 from ‘[01m[Kstd::vector<int>[m[K’ to ‘[01m[Klong unsigned int[m[K’
[7.384s]   172 |       operator<<([01;36m[Kunsigned long __n[m[K)
[7.384s]       |                  [01;36m[K~~~~~~~~~~~~~~^~~[m[K
[7.385s] [01m[K/usr/include/c++/13/ostream:176:7:[m[K [01;36m[Knote: [m[Kcandidate: ‘[01m[Kstd::basic_ostream<_CharT, _Traits>::__ostream_type& std::basic_ostream<_CharT, _Traits>::[01;32m[Koperator<<[m[K(bool) [35m[K[with _CharT = char; _Traits = std::char_traits<char>; __ostream_type = std::basic_ostream<char>][m[K[m[K’
[7.385s]   176 |       [01;36m[Koperator[m[K<<(bool __n)
[7.385s]       |       [01;36m[K^~~~~~~~[m[K
[7.385s] [01m[K/usr/include/c++/13/ostream:176:23:[m[K [01;36m[Knote: [m[K  no known conversion for argument 1 from ‘[01m[Kstd::vector<int>[m[K’ to ‘[01m[Kbool[m[K’
[7.385s]   176 |       operator<<([01;36m[Kbool __n[m[K)
[7.385s]       |                  [01;36m[K~~~~~^~~[m[K
[7.386s] [01m[K/usr/include/c++/13/bits/ostream.tcc:96:5:[m[K [01;36m[Knote: [m[Kcandidate: ‘[01m[Kstd::basic_ostream<_CharT, _Traits>& std::basic_ostream<_CharT, _Traits>::[01;32m[Koperator<<[m[K(short int) [35m[K[with _CharT = char; _Traits = std::char_traits<char>][m[K[m[K’
[7.386s]    96 |     [01;36m[Kbasic_ostream<_CharT, _Traits>[m[K::
[7.386s]       |     [01;36m[K^~~~~~~~~~~~~~~~~~~~~~~~~~~~~~[m[K
[7.386s] [01m[K/usr/include/c++/13/bits/ostream.tcc:97:22:[m[K [01;36m[Knote: [m[K  no known conversion for argument 1 from ‘[01m[Kstd::vector<int>[m[K’ to ‘[01m[Kshort int[m[K’
[7.386s]    97 |     operator<<([01;36m[Kshort __n[m[K)
[7.386s]       |                [01;36m[K~~~~~~^~~[m[K
[7.387s] [01m[K/usr/include/c++/13/ostream:183:7:[m[K [01;36m[Knote: [m[Kcandidate: ‘[01m[Kstd::basic_ostream<_CharT, _Traits>::__ostream_type& std::basic_ostream<_CharT, _Traits>::[01;32m[Koperator<<[m[K(short unsigned int) [35m[K[with _CharT = char; _Traits = std::char_traits<char>; __ostream_type = std::basic_ostream<char>][m[K[m[K’
[7.387s]   183 |       [01;36m[Koperator[m[K<<(unsigned short __n)
[7.387s]       |       [01;36m[K^~~~~~~~[m[K
[7.387s] [01m[K/usr/include/c++/13/ostream:183:33:[m[K [01;36m[Knote: [m[K  no known conversion for argument 1 from ‘[01m[Kstd::vector<int>[m[K’ to ‘[01m[Kshort unsigned int[m[K’
[7.387s]   183 |       operator<<([01;36m[Kunsigned short __n[m[K)
[7.387s]       |                  [01;36m[K~~~~~~~~~~~~~~~^~~[m[K
[7.388s] [01m[K/usr/include/c++/13/bits/ostream.tcc:110:5:[m[K [01;36m[Knote: [m[Kcandidate: ‘[01m[Kstd::basic_ostream<_CharT, _Traits>& std::basic_ostream<_CharT, _Traits>::[01;32m[Koperator<<[m[K(int) [35m[K[with _CharT = char; _Traits = std::char_traits<char>][m[K[m[K’
[7.388s]   110 |     [01;36m[Kbasic_ostream<_CharT, _Traits>[m[K::
[7.388s]       |     [01;36m[K^~~~~~~~~~~~~~~~~~~~~~~~~~~~~~[m[K
[7.388s] [01m[K/usr/include/c++/13/bits/ostream.tcc:111:20:[m[K [01;36m[Knote: [m[K  no known conversion for argument 1 from ‘[01m[Kstd::vector<int>[m[K’ to ‘[01m[Kint[m[K’
[7.388s]   111 |     operator<<([01;36m[Kint __n[m[K)
[7.388s]       |                [01;36m[K~~~~^~~[m[K
[7.389s] [01m[K/usr/include/c++/13/ostream:194:7:[m[K [01;36m[Knote: [m[Kcandidate: ‘[01m[Kstd::basic_ostream<_CharT, _Traits>::__ostream_type& std::basic_ostream<_CharT, _Traits>::[01;32m[Koperator<<[m[K(unsigned int) [35m[K[with _CharT = char; _Traits = std::char_traits<char>; __ostream_type = std::basic_ostream<char>][m[K[m[K’
[7.389s]   194 |       [01;36m[Koperator[m[K<<(unsigned int __n)
[7.389s]       |       [01;36m[K^~~~~~~~[m[K
[7.389s] [01m[K/usr/include/c++/13/ostream:194:31:[m[K [01;36m[Knote: [m[K  no known conversion for argument 1 from ‘[01m[Kstd::vector<int>[m[K’ to ‘[01m[Kunsigned int[m[K’
[7.389s]   194 |       operator<<([01;36m[Kunsigned int __n[m[K)
[7.389s]       |                  [01;36m[K~~~~~~~~~~~~~^~~[m[K
[7.390s] [01m[K/usr/include/c++/13/ostream:203:7:[m[K [01;36m[Knote: [m[Kcandidate: ‘[01m[Kstd::basic_ostream<_CharT, _Traits>::__ostream_type& std::basic_ostream<_CharT, _Traits>::[01;32m[Koperator<<[m[K(long long int) [35m[K[with _CharT = char; _Traits = std::char_traits<char>; __ostream_type = std::basic_ostream<char>][m[K[m[K’
[7.390s]   203 |       [01;36m[Koperator[m[K<<(long long __n)
[7.390s]       |       [01;36m[K^~~~~~~~[m[K
[7.390s] [01m[K/usr/include/c++/13/ostream:203:28:[m[K [01;36m[Knote: [m[K  no known conversion for argument 1 from ‘[01m[Kstd::vector<int>[m[K’ to ‘[01m[Klong long int[m[K’
[7.390s]   203 |       operator<<([01;36m[Klong long __n[m[K)
[7.390s]       |                  [01;36m[K~~~~~~~~~~^~~[m[K
[7.391s] [01m[K/usr/include/c++/13/ostream:207:7:[m[K [01;36m[Knote: [m[Kcandidate: ‘[01m[Kstd::basic_ostream<_CharT, _Traits>::__ostream_type& std::basic_ostream<_CharT, _Traits>::[01;32m[Koperator<<[m[K(long long unsigned int) [35m[K[with _CharT = char; _Traits = std::char_traits<char>; __ostream_type = std::basic_ostream<char>][m[K[m[K’
[7.391s]   207 |       [01;36m[Koperator[m[K<<(unsigned long long __n)
[7.392s]       |       [01;36m[K^~~~~~~~[m[K
[7.392s] [01m[K/usr/include/c++/13/ostream:207:37:[m[K [01;36m[Knote: [m[K  no known conversion for argument 1 from ‘[01m[Kstd::vector<int>[m[K’ to ‘[01m[Klong long unsigned int[m[K’
[7.392s]   207 |       operator<<([01;36m[Kunsigned long long __n[m[K)
[7.392s]       |                  [01;36m[K~~~~~~~~~~~~~~~~~~~^~~[m[K
[7.392s] [01m[K/usr/include/c++/13/ostream:222:7:[m[K [01;36m[Knote: [m[Kcandidate: ‘[01m[Kstd::basic_ostream<_CharT, _Traits>::__ostream_type& std::basic_ostream<_CharT, _Traits>::[01;32m[Koperator<<[m[K(double) [35m[K[with _CharT = char; _Traits = std::char_traits<char>; __ostream_type = std::basic_ostream<char>][m[K[m[K’
[7.393s]   222 |       [01;36m[Koperator[m[K<<(double __f)
[7.393s]       |       [01;36m[K^~~~~~~~[m[K
[7.393s] [01m[K/usr/include/c++/13/ostream:222:25:[m[K [01;36m[Knote: [m[K  no known conversion for argument 1 from ‘[01m[Kstd::vector<int>[m[K’ to ‘[01m[Kdouble[m[K’
[7.393s]   222 |       operator<<([01;36m[Kdouble __f[m[K)
[7.393s]       |                  [01;36m[K~~~~~~~^~~[m[K
[7.394s] [01m[K/usr/include/c++/13/ostream:226:7:[m[K [01;36m[Knote: [m[Kcandidate: ‘[01m[Kstd::basic_ostream<_CharT, _Traits>::__ostream_type& std::basic_ostream<_CharT, _Traits>::[01;32m[Koperator<<[m[K(float) [35m[K[with _CharT = char; _Traits = std::char_traits<char>; __ostream_type = std::basic_ostream<char>][m[K[m[K’
[7.394s]   226 |       [01;36m[Koperator[m[K<<(float __f)
[7.394s]       |       [01;36m[K^~~~~~~~[m[K
[7.394s] [01m[K/usr/include/c++/13/ostream:226:24:[m[K [01;36m[Knote: [m[K  no known conversion for argument 1 from ‘[01m[Kstd::vector<int>[m[K’ to ‘[01m[Kfloat[m[K’
[7.395s]   226 |       operator<<([01;36m[Kfloat __f[m[K)
[7.395s]       |                  [01;36m[K~~~~~~^~~[m[K
[7.395s] [01m[K/usr/include/c++/13/ostream:234:7:[m[K [01;36m[Knote: [m[Kcandidate: ‘[01m[Kstd::basic_ostream<_CharT, _Traits>::__ostream_type& std::basic_ostream<_CharT, _Traits>::[01;32m[Koperator<<[m[K(long double) [35m[K[with _CharT = char; _Traits = std::char_traits<char>; __ostream_type = std::basic_ostream<char>][m[K[m[K’
[7.395s]   234 |       [01;36m[Koperator[m[K<<(long double __f)
[7.395s]       |       [01;36m[K^~~~~~~~[m[K
[7.395s] [01m[K/usr/include/c++/13/ostream:234:30:[m[K [01;36m[Knote: [m[K  no known conversion for argument 1 from ‘[01m[Kstd::vector<int>[m[K’ to ‘[01m[Klong double[m[K’
[7.396s]   234 |       operator<<([01;36m[Klong double __f[m[K)
[7.396s]       |                  [01;36m[K~~~~~~~~~~~~^~~[m[K
[7.396s] [01m[K/usr/include/c++/13/ostream:292:7:[m[K [01;36m[Knote: [m[Kcandidate: ‘[01m[Kstd::basic_ostream<_CharT, _Traits>::__ostream_type& std::basic_ostream<_CharT, _Traits>::[01;32m[Koperator<<[m[K(const void*) [35m[K[with _CharT = char; _Traits = std::char_traits<char>; __ostream_type = std::basic_ostream<char>][m[K[m[K’
[7.396s]   292 |       [01;36m[Koperator[m[K<<(const void* __p)
[7.396s]       |       [01;36m[K^~~~~~~~[m[K
[7.396s] [01m[K/usr/include/c++/13/ostream:292:30:[m[K [01;36m[Knote: [m[K  no known conversion for argument 1 from ‘[01m[Kstd::vector<int>[m[K’ to ‘[01m[Kconst void*[m[K’
[7.397s]   292 |       operator<<([01;36m[Kconst void* __p[m[K)
[7.397s]       |                  [01;36m[K~~~~~~~~~~~~^~~[m[K
[7.397s] [01m[K/usr/include/c++/13/ostream:297:7:[m[K [01;36m[Knote: [m[Kcandidate: ‘[01m[Kstd::basic_ostream<_CharT, _Traits>::__ostream_type& std::basic_ostream<_CharT, _Traits>::[01;32m[Koperator<<[m[K(std::nullptr_t) [35m[K[with _CharT = char; _Traits = std::char_traits<char>; __ostream_type = std::basic_ostream<char>; std::nullptr_t = std::nullptr_t][m[K[m[K’
[7.397s]   297 |       [01;36m[Koperator[m[K<<(nullptr_t)
[7.397s]       |       [01;36m[K^~~~~~~~[m[K
[7.397s] [01m[K/usr/include/c++/13/ostream:297:18:[m[K [01;36m[Knote: [m[K  no known conversion for argument 1 from ‘[01m[Kstd::vector<int>[m[K’ to ‘[01m[Kstd::nullptr_t[m[K’
[7.398s]   297 |       operator<<([01;36m[Knullptr_t[m[K)
[7.398s]       |                  [01;36m[K^~~~~~~~~[m[K
[7.398s] [01m[K/usr/include/c++/13/bits/ostream.tcc:124:5:[m[K [01;36m[Knote: [m[Kcandidate: ‘[01m[Kstd::basic_ostream<_CharT, _Traits>& std::basic_ostream<_CharT, _Traits>::[01;32m[Koperator<<[m[K(__streambuf_type*) [35m[K[with _CharT = char; _Traits = std::char_traits<char>; __streambuf_type = std::basic_streambuf<char>][m[K[m[K’
[7.398s]   124 |     [01;36m[Kbasic_ostream<_CharT, _Traits>[m[K::
[7.398s]       |     [01;36m[K^~~~~~~~~~~~~~~~~~~~~~~~~~~~~~[m[K
[7.399s] [01m[K/usr/include/c++/13/bits/ostream.tcc:125:34:[m[K [01;36m[Knote: [m[K  no known conversion for argument 1 from ‘[01m[Kstd::vector<int>[m[K’ to ‘[01m[Kstd::basic_ostream<char>::__streambuf_type*[m[K’ {aka ‘[01m[Kstd::basic_streambuf<char>*[m[K’}
[7.399s]   125 |     operator<<([01;36m[K__streambuf_type* __sbin[m[K)
[7.399s]       |                [01;36m[K~~~~~~~~~~~~~~~~~~^~~~~~[m[K
[7.402s] [01m[K/usr/include/c++/13/string_view:761:5:[m[K [01;36m[Knote: [m[Kcandidate: ‘[01m[Ktemplate<class _CharT, class _Traits> std::basic_ostream<_CharT, _Traits>& std::[01;32m[Koperator<<[m[K(basic_ostream<_CharT, _Traits>&, basic_string_view<_CharT, _Traits>)[m[K’
[7.402s]   761 |     [01;36m[Koperator[m[K<<(basic_ostream<_CharT, _Traits>& __os,
[7.402s]       |     [01;36m[K^~~~~~~~[m[K
[7.403s] [01m[K/usr/include/c++/13/string_view:761:5:[m[K [01;36m[Knote: [m[K  template argument deduction/substitution failed:
[7.403s] [01m[K/home/ws/src/quadruped_hardware/src/ROS2_CAN_Motor.cpp:316:51:[m[K [01;36m[Knote: [m[K  ‘[01m[Kstd::vector<int>[m[K’ is not derived from ‘[01m[Kstd::basic_string_view<_CharT, _Traits>[m[K’
[7.403s]   316 |     std::cout << "[CANMotor] Activate END id=" << [01;36m[Kcan_id[m[K << std::endl;
[7.403s]       |                                                   [01;36m[K^~~~~~[m[K
[7.403s] [01m[K/usr/include/c++/13/bits/basic_string.h:4032:5:[m[K [01;36m[Knote: [m[Kcandidate: ‘[01m[Ktemplate<class _CharT, class _Traits, class _Alloc> std::basic_ostream<_CharT, _Traits>& std::[01;32m[Koperator<<[m[K(basic_ostream<_CharT, _Traits>&, const __cxx11::basic_string<_CharT, _Traits, _Allocator>&)[m[K’
[7.403s]  4032 |     [01;36m[Koperator[m[K<<(basic_ostream<_CharT, _Traits>& __os,
[7.404s]       |     [01;36m[K^~~~~~~~[m[K
[7.404s] [01m[K/usr/include/c++/13/bits/basic_string.h:4032:5:[m[K [01;36m[Knote: [m[K  template argument deduction/substitution failed:
[7.404s] [01m[K/home/ws/src/quadruped_hardware/src/ROS2_CAN_Motor.cpp:316:51:[m[K [01;36m[Knote: [m[K  ‘[01m[Kstd::vector<int>[m[K’ is not derived from ‘[01m[Kconst std::__cxx11::basic_string<_CharT, _Traits, _Allocator>[m[K’
[7.404s]   316 |     std::cout << "[CANMotor] Activate END id=" << [01;36m[Kcan_id[m[K << std::endl;
[7.404s]       |                                                   [01;36m[K^~~~~~[m[K
[7.404s] [01m[K/usr/include/c++/13/cstddef:124:5:[m[K [01;36m[Knote: [m[Kcandidate: ‘[01m[Ktemplate<class _IntegerType> constexpr std::__byte_op_t<_IntegerType> std::[01;32m[Koperator<<[m[K(byte, _IntegerType)[m[K’
[7.405s]   124 |     [01;36m[Koperator[m[K<<(byte __b, _IntegerType __shift) noexcept
[7.405s]       |     [01;36m[K^~~~~~~~[m[K
[7.405s] [01m[K/usr/include/c++/13/cstddef:124:5:[m[K [01;36m[Knote: [m[K  template argument deduction/substitution failed:
[7.405s] [01m[K/home/ws/src/quadruped_hardware/src/ROS2_CAN_Motor.cpp:316:15:[m[K [01;36m[Knote: [m[K  cannot convert ‘[01m[Kstd::operator<< <char_traits<char> >(std::cout, ((const char*)"[CANMotor] Activate END id="))[m[K’ (type ‘[01m[Kstd::basic_ostream<char>[m[K’) to type ‘[01m[Kstd::byte[m[K’
[7.405s]   316 |     [01;36m[Kstd::cout << "[CANMotor] Activate END id="[m[K << can_id << std::endl;
[7.405s]       |     [01;36m[K~~~~~~~~~~^~~~~~~~~~~~~~~~~~~~~~~~~~~~~~~~[m[K
[7.406s] [01m[K/usr/include/c++/13/system_error:339:5:[m[K [01;36m[Knote: [m[Kcandidate: ‘[01m[Ktemplate<class _CharT, class _Traits> std::basic_ostream<_CharT, _Traits>& std::[01;32m[Koperator<<[m[K(basic_ostream<_CharT, _Traits>&, const error_code&)[m[K’
[7.406s]   339 |     [01;36m[Koperator[m[K<<(basic_ostream<_CharT, _Traits>& __os, const error_code& __e)
[7.406s]       |     [01;36m[K^~~~~~~~[m[K
[7.406s] [01m[K/usr/include/c++/13/system_error:339:5:[m[K [01;36m[Knote: [m[K  template argument deduction/substitution failed:
[7.406s] [01m[K/home/ws/src/quadruped_hardware/src/ROS2_CAN_Motor.cpp:316:51:[m[K [01;36m[Knote: [m[K  cannot convert ‘[01m[K((quadruped_hardware::CANMotor*)this)->quadruped_hardware::CANMotor::can_id[m[K’ (type ‘[01m[Kstd::vector<int>[m[K’) to type ‘[01m[Kconst std::error_code&[m[K’
[7.406s]   316 |     std::cout << "[CANMotor] Activate END id=" << [01;36m[Kcan_id[m[K << std::endl;
[7.407s]       |                                                   [01;36m[K^~~~~~[m[K
[7.407s] [01m[K/usr/include/c++/13/ostream:554:5:[m[K [01;36m[Knote: [m[Kcandidate: ‘[01m[Ktemplate<class _CharT, class _Traits> std::basic_ostream<_CharT, _Traits>& std::[01;32m[Koperator<<[m[K(basic_ostream<_CharT, _Traits>&, _CharT)[m[K’
[7.407s]   554 |     [01;36m[Koperator[m[K<<(basic_ostream<_CharT, _Traits>& __out, _CharT __c)
[7.407s]       |     [01;36m[K^~~~~~~~[m[K
[7.407s] [01m[K/usr/include/c++/13/ostream:554:5:[m[K [01;36m[Knote: [m[K  template argument deduction/substitution failed:
[7.407s] [01m[K/home/ws/src/quadruped_hardware/src/ROS2_CAN_Motor.cpp:316:51:[m[K [01;36m[Knote: [m[K  deduced conflicting types for parameter ‘[01m[K_CharT[m[K’ (‘[01m[Kchar[m[K’ and ‘[01m[Kstd::vector<int>[m[K’)
[7.408s]   316 |     std::cout << "[CANMotor] Activate END id=" << [01;36m[Kcan_id[m[K << std::endl;
[7.408s]       |                                                   [01;36m[K^~~~~~[m[K
[7.408s] [01m[K/usr/include/c++/13/ostream:564:5:[m[K [01;36m[Knote: [m[Kcandidate: ‘[01m[Ktemplate<class _CharT, class _Traits> std::basic_ostream<_CharT, _Traits>& std::[01;32m[Koperator<<[m[K(basic_ostream<_CharT, _Traits>&, char)[m[K’
[7.408s]   564 |     [01;36m[Koperator[m[K<<(basic_ostream<_CharT, _Traits>& __out, char __c)
[7.409s]       |     [01;36m[K^~~~~~~~[m[K
[7.409s] [01m[K/usr/include/c++/13/ostream:564:5:[m[K [01;36m[Knote: [m[K  template argument deduction/substitution failed:
[7.409s] [01m[K/home/ws/src/quadruped_hardware/src/ROS2_CAN_Motor.cpp:316:51:[m[K [01;36m[Knote: [m[K  cannot convert ‘[01m[K((quadruped_hardware::CANMotor*)this)->quadruped_hardware::CANMotor::can_id[m[K’ (type ‘[01m[Kstd::vector<int>[m[K’) to type ‘[01m[Kchar[m[K’
[7.409s]   316 |     std::cout << "[CANMotor] Activate END id=" << [01;36m[Kcan_id[m[K << std::endl;
[7.409s]       |                                                   [01;36m[K^~~~~~[m[K
[7.409s] [01m[K/usr/include/c++/13/ostream:570:5:[m[K [01;36m[Knote: [m[Kcandidate: ‘[01m[Ktemplate<class _Traits> std::basic_ostream<char, _Traits>& std::[01;32m[Koperator<<[m[K(basic_ostream<char, _Traits>&, char)[m[K’
[7.410s]   570 |     [01;36m[Koperator[m[K<<(basic_ostream<char, _Traits>& __out, char __c)
[7.410s]       |     [01;36m[K^~~~~~~~[m[K
[7.410s] [01m[K/usr/include/c++/13/ostream:570:5:[m[K [01;36m[Knote: [m[K  template argument deduction/substitution failed:
[7.410s] [01m[K/home/ws/src/quadruped_hardware/src/ROS2_CAN_Motor.cpp:316:51:[m[K [01;36m[Knote: [m[K  cannot convert ‘[01m[K((quadruped_hardware::CANMotor*)this)->quadruped_hardware::CANMotor::can_id[m[K’ (type ‘[01m[Kstd::vector<int>[m[K’) to type ‘[01m[Kchar[m[K’
[7.410s]   316 |     std::cout << "[CANMotor] Activate END id=" << [01;36m[Kcan_id[m[K << std::endl;
[7.410s]       |                                                   [01;36m[K^~~~~~[m[K
[7.411s] [01m[K/usr/include/c++/13/ostream:581:5:[m[K [01;36m[Knote: [m[Kcandidate: ‘[01m[Ktemplate<class _Traits> std::basic_ostream<char, _Traits>& std::[01;32m[Koperator<<[m[K(basic_ostream<char, _Traits>&, signed char)[m[K’
[7.411s]   581 |     [01;36m[Koperator[m[K<<(basic_ostream<char, _Traits>& __out, signed char __c)
[7.411s]       |     [01;36m[K^~~~~~~~[m[K
[7.411s] [01m[K/usr/include/c++/13/ostream:581:5:[m[K [01;36m[Knote: [m[K  template argument deduction/substitution failed:
[7.411s] [01m[K/home/ws/src/quadruped_hardware/src/ROS2_CAN_Motor.cpp:316:51:[m[K [01;36m[Knote: [m[K  cannot convert ‘[01m[K((quadruped_hardware::CANMotor*)this)->quadruped_hardware::CANMotor::can_id[m[K’ (type ‘[01m[Kstd::vector<int>[m[K’) to type ‘[01m[Ksigned char[m[K’
[7.411s]   316 |     std::cout << "[CANMotor] Activate END id=" << [01;36m[Kcan_id[m[K << std::endl;
[7.412s]       |                                                   [01;36m[K^~~~~~[m[K
[7.412s] [01m[K/usr/include/c++/13/ostream:586:5:[m[K [01;36m[Knote: [m[Kcandidate: ‘[01m[Ktemplate<class _Traits> std::basic_ostream<char, _Traits>& std::[01;32m[Koperator<<[m[K(basic_ostream<char, _Traits>&, unsigned char)[m[K’
[7.412s]   586 |     [01;36m[Koperator[m[K<<(basic_ostream<char, _Traits>& __out, unsigned char __c)
[7.412s]       |     [01;36m[K^~~~~~~~[m[K
[7.412s] [01m[K/usr/include/c++/13/ostream:586:5:[m[K [01;36m[Knote: [m[K  template argument deduction/substitution failed:
[7.412s] [01m[K/home/ws/src/quadruped_hardware/src/ROS2_CAN_Motor.cpp:316:51:[m[K [01;36m[Knote: [m[K  cannot convert ‘[01m[K((quadruped_hardware::CANMotor*)this)->quadruped_hardware::CANMotor::can_id[m[K’ (type ‘[01m[Kstd::vector<int>[m[K’) to type ‘[01m[Kunsigned char[m[K’
[7.413s]   316 |     std::cout << "[CANMotor] Activate END id=" << [01;36m[Kcan_id[m[K << std::endl;
[7.413s]       |                                                   [01;36m[K^~~~~~[m[K
[7.413s] [01m[K/usr/include/c++/13/ostream:645:5:[m[K [01;36m[Knote: [m[Kcandidate: ‘[01m[Ktemplate<class _CharT, class _Traits> std::basic_ostream<_CharT, _Traits>& std::[01;32m[Koperator<<[m[K(basic_ostream<_CharT, _Traits>&, const _CharT*)[m[K’
[7.413s]   645 |     [01;36m[Koperator[m[K<<(basic_ostream<_CharT, _Traits>& __out, const _CharT* __s)
[7.413s]       |     [01;36m[K^~~~~~~~[m[K
[7.413s] [01m[K/usr/include/c++/13/ostream:645:5:[m[K [01;36m[Knote: [m[K  template argument deduction/substitution failed:
[7.414s] [01m[K/home/ws/src/quadruped_hardware/src/ROS2_CAN_Motor.cpp:316:51:[m[K [01;36m[Knote: [m[K  mismatched types ‘[01m[Kconst _CharT*[m[K’ and ‘[01m[Kstd::vector<int>[m[K’
[7.414s]   316 |     std::cout << "[CANMotor] Activate END id=" << [01;36m[Kcan_id[m[K << std::endl;
[7.414s]       |                                                   [01;36m[K^~~~~~[m[K
[7.414s] [01m[K/usr/include/c++/13/bits/ostream.tcc:307:5:[m[K [01;36m[Knote: [m[Kcandidate: ‘[01m[Ktemplate<class _CharT, class _Traits> std::basic_ostream<_CharT, _Traits>& std::[01;32m[Koperator<<[m[K(basic_ostream<_CharT, _Traits>&, const char*)[m[K’
[7.414s]   307 |     [01;36m[Koperator[m[K<<(basic_ostream<_CharT, _Traits>& __out, const char* __s)
[7.414s]       |     [01;36m[K^~~~~~~~[m[K
[7.415s] [01m[K/usr/include/c++/13/bits/ostream.tcc:307:5:[m[K [01;36m[Knote: [m[K  template argument deduction/substitution failed:
[7.415s] [01m[K/home/ws/src/quadruped_hardware/src/ROS2_CAN_Motor.cpp:316:51:[m[K [01;36m[Knote: [m[K  cannot convert ‘[01m[K((quadruped_hardware::CANMotor*)this)->quadruped_hardware::CANMotor::can_id[m[K’ (type ‘[01m[Kstd::vector<int>[m[K’) to type ‘[01m[Kconst char*[m[K’
[7.415s]   316 |     std::cout << "[CANMotor] Activate END id=" << [01;36m[Kcan_id[m[K << std::endl;
[7.415s]       |                                                   [01;36m[K^~~~~~[m[K
[7.416s] [01m[K/usr/include/c++/13/ostream:662:5:[m[K [01;36m[Knote: [m[Kcandidate: ‘[01m[Ktemplate<class _Traits> std::basic_ostream<char, _Traits>& std::[01;32m[Koperator<<[m[K(basic_ostream<char, _Traits>&, const char*)[m[K’
[7.416s]   662 |     [01;36m[Koperator[m[K<<(basic_ostream<char, _Traits>& __out, const char* __s)
[7.416s]       |     [01;36m[K^~~~~~~~[m[K
[7.416s] [01m[K/usr/include/c++/13/ostream:662:5:[m[K [01;36m[Knote: [m[K  template argument deduction/substitution failed:
[7.416s] [01m[K/home/ws/src/quadruped_hardware/src/ROS2_CAN_Motor.cpp:316:51:[m[K [01;36m[Knote: [m[K  cannot convert ‘[01m[K((quadruped_hardware::CANMotor*)this)->quadruped_hardware::CANMotor::can_id[m[K’ (type ‘[01m[Kstd::vector<int>[m[K’) to type ‘[01m[Kconst char*[m[K’
[7.416s]   316 |     std::cout << "[CANMotor] Activate END id=" << [01;36m[Kcan_id[m[K << std::endl;
[7.417s]       |                                                   [01;36m[K^~~~~~[m[K
[7.417s] [01m[K/usr/include/c++/13/ostream:675:5:[m[K [01;36m[Knote: [m[Kcandidate: ‘[01m[Ktemplate<class _Traits> std::basic_ostream<char, _Traits>& std::[01;32m[Koperator<<[m[K(basic_ostream<char, _Traits>&, const signed char*)[m[K’
[7.417s]   675 |     [01;36m[Koperator[m[K<<(basic_ostream<char, _Traits>& __out, const signed char* __s)
[7.417s]       |     [01;36m[K^~~~~~~~[m[K
[7.417s] [01m[K/usr/include/c++/13/ostream:675:5:[m[K [01;36m[Knote: [m[K  template argument deduction/substitution failed:
[7.418s] [01m[K/home/ws/src/quadruped_hardware/src/ROS2_CAN_Motor.cpp:316:51:[m[K [01;36m[Knote: [m[K  cannot convert ‘[01m[K((quadruped_hardware::CANMotor*)this)->quadruped_hardware::CANMotor::can_id[m[K’ (type ‘[01m[Kstd::vector<int>[m[K’) to type ‘[01m[Kconst signed char*[m[K’
[7.418s]   316 |     std::cout << "[CANMotor] Activate END id=" << [01;36m[Kcan_id[m[K << std::endl;
[7.418s]       |                                                   [01;36m[K^~~~~~[m[K
[7.418s] [01m[K/usr/include/c++/13/ostream:680:5:[m[K [01;36m[Knote: [m[Kcandidate: ‘[01m[Ktemplate<class _Traits> std::basic_ostream<char, _Traits>& std::[01;32m[Koperator<<[m[K(basic_ostream<char, _Traits>&, const unsigned char*)[m[K’
[7.419s]   680 |     [01;36m[Koperator[m[K<<(basic_ostream<char, _Traits>& __out, const unsigned char* __s)
[7.419s]       |     [01;36m[K^~~~~~~~[m[K
[7.419s] [01m[K/usr/include/c++/13/ostream:680:5:[m[K [01;36m[Knote: [m[K  template argument deduction/substitution failed:
[7.419s] [01m[K/home/ws/src/quadruped_hardware/src/ROS2_CAN_Motor.cpp:316:51:[m[K [01;36m[Knote: [m[K  cannot convert ‘[01m[K((quadruped_hardware::CANMotor*)this)->quadruped_hardware::CANMotor::can_id[m[K’ (type ‘[01m[Kstd::vector<int>[m[K’) to type ‘[01m[Kconst unsigned char*[m[K’
[7.419s]   316 |     std::cout << "[CANMotor] Activate END id=" << [01;36m[Kcan_id[m[K << std::endl;
[7.419s]       |                                                   [01;36m[K^~~~~~[m[K
[7.420s] [01m[K/usr/include/c++/13/ostream:801:5:[m[K [01;36m[Knote: [m[Kcandidate: ‘[01m[Ktemplate<class _Ostream, class _Tp> _Ostream&& std::[01;32m[Koperator<<[m[K(_Ostream&&, const _Tp&)[m[K’
[7.420s]   801 |     [01;36m[Koperator[m[K<<(_Ostream&& __os, const _Tp& __x)
[7.420s]       |     [01;36m[K^~~~~~~~[m[K
[7.420s] [01m[K/usr/include/c++/13/ostream:801:5:[m[K [01;36m[Knote: [m[K  template argument deduction/substitution failed:
[7.420s] /usr/include/c++/13/ostream: In substitution of ‘[01m[Ktemplate<class _Ostream, class _Tp> _Ostream&& std::[01;32m[Koperator<<[m[K(_Ostream&&, const _Tp&) [35m[K[with _Ostream = std::basic_ostream<char>&; _Tp = std::vector<int>][m[K[m[K’:
[7.420s] [01m[K/home/ws/src/quadruped_hardware/src/ROS2_CAN_Motor.cpp:316:51:[m[K   required from here
[7.420s] [01m[K/usr/include/c++/13/ostream:801:5:[m[K [01;31m[Kerror: [m[Kno type named ‘[01m[Ktype[m[K’ in ‘[01m[Kstruct std::enable_if<false, void>[m[K’
[7.421s] [01m[K/usr/include/c++/13/bits/shared_ptr.h:70:5:[m[K [01;36m[Knote: [m[Kcandidate: ‘[01m[Ktemplate<class _Ch, class _Tr, class _Tp, __gnu_cxx::_Lock_policy _Lp> std::basic_ostream<_CharT, _Traits>& std::[01;32m[Koperator<<[m[K(basic_ostream<_CharT, _Traits>&, const __shared_ptr<_Tp, _Lp>&)[m[K’
[7.421s]    70 |     [01;36m[Koperator[m[K<<(std::basic_ostream<_Ch, _Tr>& __os,
[7.421s]       |     [01;36m[K^~~~~~~~[m[K
[7.421s] [01m[K/usr/include/c++/13/bits/shared_ptr.h:70:5:[m[K [01;36m[Knote: [m[K  template argument deduction/substitution failed:
[7.421s] [01m[K/home/ws/src/quadruped_hardware/src/ROS2_CAN_Motor.cpp:316:51:[m[K [01;36m[Knote: [m[K  ‘[01m[Kstd::vector<int>[m[K’ is not derived from ‘[01m[Kconst std::__shared_ptr<_Tp, _Lp>[m[K’
[7.421s]   316 |     std::cout << "[CANMotor] Activate END id=" << [01;36m[Kcan_id[m[K << std::endl;
[7.422s]       |                                                   [01;36m[K^~~~~~[m[K
[7.422s] [01m[K/usr/include/c++/13/iomanip:81:5:[m[K [01;36m[Knote: [m[Kcandidate: ‘[01m[Ktemplate<class _CharT, class _Traits> std::basic_ostream<_CharT, _Traits>& std::[01;32m[Koperator<<[m[K(basic_ostream<_CharT, _Traits>&, _Resetiosflags)[m[K’
[7.422s]    81 |     [01;36m[Koperator[m[K<<(basic_ostream<_CharT, _Traits>& __os, _Resetiosflags __f)
[7.422s]       |     [01;36m[K^~~~~~~~[m[K
[7.422s] [01m[K/usr/include/c++/13/iomanip:81:5:[m[K [01;36m[Knote: [m[K  template argument deduction/substitution failed:
[7.423s] [01m[K/home/ws/src/quadruped_hardware/src/ROS2_CAN_Motor.cpp:316:51:[m[K [01;36m[Knote: [m[K  cannot convert ‘[01m[K((quadruped_hardware::CANMotor*)this)->quadruped_hardware::CANMotor::can_id[m[K’ (type ‘[01m[Kstd::vector<int>[m[K’) to type ‘[01m[Kstd::_Resetiosflags[m[K’
[7.426s]   316 |     std::cout << "[CANMotor] Activate END id=" << [01;36m[Kcan_id[m[K << std::endl;
[7.426s]       |                                                   [01;36m[K^~~~~~[m[K
[7.426s] [01m[K/usr/include/c++/13/iomanip:111:5:[m[K [01;36m[Knote: [m[Kcandidate: ‘[01m[Ktemplate<class _CharT, class _Traits> std::basic_ostream<_CharT, _Traits>& std::[01;32m[Koperator<<[m[K(basic_ostream<_CharT, _Traits>&, _Setiosflags)[m[K’
[7.427s]   111 |     [01;36m[Koperator[m[K<<(basic_ostream<_CharT, _Traits>& __os, _Setiosflags __f)
[7.427s]       |     [01;36m[K^~~~~~~~[m[K
[7.427s] [01m[K/usr/include/c++/13/iomanip:111:5:[m[K [01;36m[Knote: [m[K  template argument deduction/substitution failed:
[7.427s] [01m[K/home/ws/src/quadruped_hardware/src/ROS2_CAN_Motor.cpp:316:51:[m[K [01;36m[Knote: [m[K  cannot convert ‘[01m[K((quadruped_hardware::CANMotor*)this)->quadruped_hardware::CANMotor::can_id[m[K’ (type ‘[01m[Kstd::vector<int>[m[K’) to type ‘[01m[Kstd::_Setiosflags[m[K’
[7.428s]   316 |     std::cout << "[CANMotor] Activate END id=" << [01;36m[Kcan_id[m[K << std::endl;
[7.428s]       |                                                   [01;36m[K^~~~~~[m[K
[7.428s] [01m[K/usr/include/c++/13/iomanip:145:5:[m[K [01;36m[Knote: [m[Kcandidate: ‘[01m[Ktemplate<class _CharT, class _Traits> std::basic_ostream<_CharT, _Traits>& std::[01;32m[Koperator<<[m[K(basic_ostream<_CharT, _Traits>&, _Setbase)[m[K’
[7.428s]   145 |     [01;36m[Koperator[m[K<<(basic_ostream<_CharT, _Traits>& __os, _Setbase __f)
[7.428s]       |     [01;36m[K^~~~~~~~[m[K
[7.429s] [01m[K/usr/include/c++/13/iomanip:145:5:[m[K [01;36m[Knote: [m[K  template argument deduction/substitution failed:
[7.429s] [01m[K/home/ws/src/quadruped_hardware/src/ROS2_CAN_Motor.cpp:316:51:[m[K [01;36m[Knote: [m[K  cannot convert ‘[01m[K((quadruped_hardware::CANMotor*)this)->quadruped_hardware::CANMotor::can_id[m[K’ (type ‘[01m[Kstd::vector<int>[m[K’) to type ‘[01m[Kstd::_Setbase[m[K’
[7.429s]   316 |     std::cout << "[CANMotor] Activate END id=" << [01;36m[Kcan_id[m[K << std::endl;
[7.430s]       |                                                   [01;36m[K^~~~~~[m[K
[7.430s] [01m[K/usr/include/c++/13/iomanip:180:5:[m[K [01;36m[Knote: [m[Kcandidate: ‘[01m[Ktemplate<class _CharT, class _Traits> std::basic_ostream<_CharT, _Traits>& std::[01;32m[Koperator<<[m[K(basic_ostream<_CharT, _Traits>&, _Setfill<_CharT>)[m[K’
[7.430s]   180 |     [01;36m[Koperator[m[K<<(basic_ostream<_CharT, _Traits>& __os, _Setfill<_CharT> __f)
[7.430s]       |     [01;36m[K^~~~~~~~[m[K
[7.430s] [01m[K/usr/include/c++/13/iomanip:180:5:[m[K [01;36m[Knote: [m[K  template argument deduction/substitution failed:
[7.430s] [01m[K/home/ws/src/quadruped_hardware/src/ROS2_CAN_Motor.cpp:316:51:[m[K [01;36m[Knote: [m[K  ‘[01m[Kstd::vector<int>[m[K’ is not derived from ‘[01m[Kstd::_Setfill<_CharT>[m[K’
[7.431s]   316 |     std::cout << "[CANMotor] Activate END id=" << [01;36m[Kcan_id[m[K << std::endl;
[7.431s]       |                                                   [01;36m[K^~~~~~[m[K
[7.431s] [01m[K/usr/include/c++/13/iomanip:210:5:[m[K [01;36m[Knote: [m[Kcandidate: ‘[01m[Ktemplate<class _CharT, class _Traits> std::basic_ostream<_CharT, _Traits>& std::[01;32m[Koperator<<[m[K(basic_ostream<_CharT, _Traits>&, _Setprecision)[m[K’
[7.431s]   210 |     [01;36m[Koperator[m[K<<(basic_ostream<_CharT, _Traits>& __os, _Setprecision __f)
[7.431s]       |     [01;36m[K^~~~~~~~[m[K
[7.431s] [01m[K/usr/include/c++/13/iomanip:210:5:[m[K [01;36m[Knote: [m[K  template argument deduction/substitution failed:
[7.432s] [01m[K/home/ws/src/quadruped_hardware/src/ROS2_CAN_Motor.cpp:316:51:[m[K [01;36m[Knote: [m[K  cannot convert ‘[01m[K((quadruped_hardware::CANMotor*)this)->quadruped_hardware::CANMotor::can_id[m[K’ (type ‘[01m[Kstd::vector<int>[m[K’) to type ‘[01m[Kstd::_Setprecision[m[K’
[7.432s]   316 |     std::cout << "[CANMotor] Activate END id=" << [01;36m[Kcan_id[m[K << std::endl;
[7.432s]       |                                                   [01;36m[K^~~~~~[m[K
[7.432s] [01m[K/usr/include/c++/13/iomanip:240:5:[m[K [01;36m[Knote: [m[Kcandidate: ‘[01m[Ktemplate<class _CharT, class _Traits> std::basic_ostream<_CharT, _Traits>& std::[01;32m[Koperator<<[m[K(basic_ostream<_CharT, _Traits>&, _Setw)[m[K’
[7.432s]   240 |     [01;36m[Koperator[m[K<<(basic_ostream<_CharT, _Traits>& __os, _Setw __f)
[7.432s]       |     [01;36m[K^~~~~~~~[m[K
[7.433s] [01m[K/usr/include/c++/13/iomanip:240:5:[m[K [01;36m[Knote: [m[K  template argument deduction/substitution failed:
[7.433s] [01m[K/home/ws/src/quadruped_hardware/src/ROS2_CAN_Motor.cpp:316:51:[m[K [01;36m[Knote: [m[K  cannot convert ‘[01m[K((quadruped_hardware::CANMotor*)this)->quadruped_hardware::CANMotor::can_id[m[K’ (type ‘[01m[Kstd::vector<int>[m[K’) to type ‘[01m[Kstd::_Setw[m[K’
[7.433s]   316 |     std::cout << "[CANMotor] Activate END id=" << [01;36m[Kcan_id[m[K << std::endl;
[7.433s]       |                                                   [01;36m[K^~~~~~[m[K
[7.433s] [01m[K/usr/include/c++/13/iomanip:313:5:[m[K [01;36m[Knote: [m[Kcandidate: ‘[01m[Ktemplate<class _CharT, class _Traits, class _MoneyT> std::basic_ostream<_CharT, _Traits>& std::[01;32m[Koperator<<[m[K(basic_ostream<_CharT, _Traits>&, _Put_money<_MoneyT>)[m[K’
[7.433s]   313 |     [01;36m[Koperator[m[K<<(basic_ostream<_CharT, _Traits>& __os, _Put_money<_MoneyT> __f)
[7.434s]       |     [01;36m[K^~~~~~~~[m[K
[7.434s] [01m[K/usr/include/c++/13/iomanip:313:5:[m[K [01;36m[Knote: [m[K  template argument deduction/substitution failed:
[7.434s] [01m[K/home/ws/src/quadruped_hardware/src/ROS2_CAN_Motor.cpp:316:51:[m[K [01;36m[Knote: [m[K  ‘[01m[Kstd::vector<int>[m[K’ is not derived from ‘[01m[Kstd::_Put_money<_MoneyT>[m[K’
[7.434s]   316 |     std::cout << "[CANMotor] Activate END id=" << [01;36m[Kcan_id[m[K << std::endl;
[7.434s]       |                                                   [01;36m[K^~~~~~[m[K
[7.435s] [01m[K/usr/include/c++/13/iomanip:365:5:[m[K [01;36m[Knote: [m[Kcandidate: ‘[01m[Ktemplate<class _CharT, class _Traits> std::basic_ostream<_CharT, _Traits>& std::[01;32m[Koperator<<[m[K(basic_ostream<_CharT, _Traits>&, _Put_time<_CharT>)[m[K’
[7.438s]   365 |     [01;36m[Koperator[m[K<<(basic_ostream<_CharT, _Traits>& __os, _Put_time<_CharT> __f)
[7.438s]       |     [01;36m[K^~~~~~~~[m[K
[7.438s] [01m[K/usr/include/c++/13/iomanip:365:5:[m[K [01;36m[Knote: [m[K  template argument deduction/substitution failed:
[7.438s] [01m[K/home/ws/src/quadruped_hardware/src/ROS2_CAN_Motor.cpp:316:51:[m[K [01;36m[Knote: [m[K  ‘[01m[Kstd::vector<int>[m[K’ is not derived from ‘[01m[Kstd::_Put_time<_CharT>[m[K’
[7.439s]   316 |     std::cout << "[CANMotor] Activate END id=" << [01;36m[Kcan_id[m[K << std::endl;
[7.439s]       |                                                   [01;36m[K^~~~~~[m[K
[7.439s] [01m[K/usr/include/c++/13/thread:97:5:[m[K [01;36m[Knote: [m[Kcandidate: ‘[01m[Ktemplate<class _CharT, class _Traits> std::basic_ostream<_CharT, _Traits>& std::[01;32m[Koperator<<[m[K(basic_ostream<_CharT, _Traits>&, thread::id)[m[K’
[7.439s]    97 |     [01;36m[Koperator[m[K<<(basic_ostream<_CharT, _Traits>& __out, thread::id __id)
[7.439s]       |     [01;36m[K^~~~~~~~[m[K
[7.439s] [01m[K/usr/include/c++/13/thread:97:5:[m[K [01;36m[Knote: [m[K  template argument deduction/substitution failed:
[7.440s] [01m[K/home/ws/src/quadruped_hardware/src/ROS2_CAN_Motor.cpp:316:51:[m[K [01;36m[Knote: [m[K  cannot convert ‘[01m[K((quadruped_hardware::CANMotor*)this)->quadruped_hardware::CANMotor::can_id[m[K’ (type ‘[01m[Kstd::vector<int>[m[K’) to type ‘[01m[Kstd::thread::id[m[K’
[7.440s]   316 |     std::cout << "[CANMotor] Activate END id=" << [01;36m[Kcan_id[m[K << std::endl;
[7.440s]       |                                                   [01;36m[K^~~~~~[m[K
[10.912s] gmake[2]: *** [CMakeFiles/quadruped_hardware.dir/build.make:76: CMakeFiles/quadruped_hardware.dir/src/ROS2_CAN_Motor.cpp.o] Error 1
[10.913s] gmake[1]: *** [CMakeFiles/Makefile2:137: CMakeFiles/quadruped_hardware.dir/all] Error 2
[10.913s] gmake: *** [Makefile:146: all] Error 2
[10.928s] Invoked command in '/home/ws/build/quadruped_hardware' returned '2': CMAKE_PREFIX_PATH=${CMAKE_PREFIX_PATH}:/opt/ros/jazzy DEBUGINFOD_URLS=https://debuginfod.ubuntu.com /usr/bin/cmake --build /home/ws/build/quadruped_hardware -- -j8 -l8
