[0.077s] Invoking command in '/home/ws/build/jetson_interface': CMAKE_PREFIX_PATH=${CMAKE_PREFIX_PATH}:/home/ws/install/py_pubsub:/opt/ros/jazzy DEBUGINFOD_URLS=https://debuginfod.ubuntu.com /usr/bin/cmake /home/ws/src/jetson_interface -DCMAKE_BUILD_TYPE=Release -DCMAKE_INSTALL_PREFIX=/home/ws/install/jetson_interface
[0.669s] -- The C compiler identification is GNU 13.3.0
[0.670s] -- The CXX compiler identification is GNU 13.3.0
[0.670s] -- Detecting C compiler ABI info
[0.991s] -- Detecting C compiler ABI info - done
[1.002s] -- Check for working C compiler: /usr/bin/cc - skipped
[1.004s] -- Detecting C compile features
[1.013s] -- Detecting C compile features - done
[1.048s] -- Detecting CXX compiler ABI info
[1.563s] -- Detecting CXX compiler ABI info - done
[1.581s] -- Check for working CXX compiler: /usr/bin/c++ - skipped
[1.583s] -- Detecting CXX compile features
[1.585s] -- Detecting CXX compile features - done
[1.636s] -- Found ament_cmake: 2.5.3 (/opt/ros/jazzy/share/ament_cmake/cmake)
[2.275s] -- Found Python3: /usr/bin/python3 (found version "3.12.3") found components: Interpreter 
[2.728s] -- Found rclcpp: 28.1.6 (/opt/ros/jazzy/share/rclcpp/cmake)
[2.923s] -- Found rosidl_generator_c: 4.6.5 (/opt/ros/jazzy/share/rosidl_generator_c/cmake)
[2.991s] -- Found rosidl_generator_cpp: 4.6.5 (/opt/ros/jazzy/share/rosidl_generator_cpp/cmake)
[3.065s] -- Using all available rosidl_typesupport_c: rosidl_typesupport_fastrtps_c;rosidl_typesupport_introspection_c
[3.171s] -- Using all available rosidl_typesupport_cpp: rosidl_typesupport_fastrtps_cpp;rosidl_typesupport_introspection_cpp
[3.468s] -- Found rmw_implementation_cmake: 7.3.1 (/opt/ros/jazzy/share/rmw_implementation_cmake/cmake)
[3.471s] -- Found rmw_zenoh_cpp: 0.2.2 (/home/ws/install/rmw_zenoh_cpp/share/rmw_zenoh_cpp/cmake)
[3.474s] -- Using RMW implementation 'rmw_zenoh_cpp' as default
[3.679s] -- Found rclcpp_lifecycle: 28.1.6 (/opt/ros/jazzy/share/rclcpp_lifecycle/cmake)
[3.755s] -- Found hardware_interface: 4.28.1 (/opt/ros/jazzy/share/hardware_interface/cmake)
[4.174s] -- Found TinyXML2 via Config file: /usr/local/lib/cmake/tinyxml2
[4.617s] -- Found controller_interface: 4.28.1 (/opt/ros/jazzy/share/controller_interface/cmake)
[4.896s] -- Configuring done (4.8s)
[4.952s] -- Generating done (0.0s)
[4.962s] -- Build files have been written to: /home/ws/build/jetson_interface
[4.992s] Invoked command in '/home/ws/build/jetson_interface' returned '0': CMAKE_PREFIX_PATH=${CMAKE_PREFIX_PATH}:/home/ws/install/py_pubsub:/opt/ros/jazzy DEBUGINFOD_URLS=https://debuginfod.ubuntu.com /usr/bin/cmake /home/ws/src/jetson_interface -DCMAKE_BUILD_TYPE=Release -DCMAKE_INSTALL_PREFIX=/home/ws/install/jetson_interface
[4.992s] Invoking command in '/home/ws/build/jetson_interface': CMAKE_PREFIX_PATH=${CMAKE_PREFIX_PATH}:/home/ws/install/py_pubsub:/opt/ros/jazzy DEBUGINFOD_URLS=https://debuginfod.ubuntu.com /usr/bin/cmake --build /home/ws/build/jetson_interface -- -j8 -l8
[5.184s] [ 50%] [32mBuilding CXX object CMakeFiles/jetson_interface.dir/src/jetson_gpio_interface.cpp.o[0m
[5.220s] [01m[K/home/ws/src/jetson_interface/src/jetson_gpio_interface.cpp:1:10:[m[K [01;31m[Kfatal error: [m[KCANInterface.hpp: No such file or directory
[5.221s]     1 | #include [01;31m[K<CANInterface.hpp>[m[K
[5.222s]       |          [01;31m[K^~~~~~~~~~~~~~~~~~[m[K
[5.222s] compilation terminated.
[5.225s] gmake[2]: *** [CMakeFiles/jetson_interface.dir/build.make:76: CMakeFiles/jetson_interface.dir/src/jetson_gpio_interface.cpp.o] Error 1
[5.227s] gmake[1]: *** [CMakeFiles/Makefile2:137: CMakeFiles/jetson_interface.dir/all] Error 2
[5.228s] gmake: *** [Makefile:146: all] Error 2
[5.261s] Invoked command in '/home/ws/build/jetson_interface' returned '2': CMAKE_PREFIX_PATH=${CMAKE_PREFIX_PATH}:/home/ws/install/py_pubsub:/opt/ros/jazzy DEBUGINFOD_URLS=https://debuginfod.ubuntu.com /usr/bin/cmake --build /home/ws/build/jetson_interface -- -j8 -l8
