[0.139s] Invoking command in '/home/ws/build/rl12dof_urdf_description': CMAKE_PREFIX_PATH=${CMAKE_PREFIX_PATH}:/opt/ros/jazzy DEBUGINFOD_URLS=https://debuginfod.ubuntu.com /usr/bin/cmake --build /home/ws/build/rl12dof_urdf_description -- -j8 -l8
[0.602s] Invoked command in '/home/ws/build/rl12dof_urdf_description' returned '0': CMAKE_PREFIX_PATH=${CMAKE_PREFIX_PATH}:/opt/ros/jazzy DEBUGINFOD_URLS=https://debuginfod.ubuntu.com /usr/bin/cmake --build /home/ws/build/rl12dof_urdf_description -- -j8 -l8
[0.605s] Invoking command in '/home/ws/build/rl12dof_urdf_description': CMAKE_PREFIX_PATH=${CMAKE_PREFIX_PATH}:/opt/ros/jazzy DEBUGINFOD_URLS=https://debuginfod.ubuntu.com /usr/bin/cmake --install /home/ws/build/rl12dof_urdf_description
[0.661s] -- Install configuration: "Release"
[0.661s] -- Up-to-date: /home/ws/install/rl12dof_urdf_description/lib/rl12dof_urdf_description/FKTestNode.py
[0.662s] -- Up-to-date: /home/ws/install/rl12dof_urdf_description/lib/rl12dof_urdf_description/IKTestNode.py
[0.662s] -- Up-to-date: /home/ws/install/rl12dof_urdf_description/lib/rl12dof_urdf_description/safety.py
[0.662s] -- Up-to-date: /home/ws/install/rl12dof_urdf_description/lib/rl12dof_urdf_description/jacobian_numeric.py
[0.662s] -- Up-to-date: /home/ws/install/rl12dof_urdf_description/share/rl12dof_urdf_description/launch
[0.662s] -- Up-to-date: /home/ws/install/rl12dof_urdf_description/share/rl12dof_urdf_description/launch/FKTest.launch.py
[0.663s] -- Up-to-date: /home/ws/install/rl12dof_urdf_description/share/rl12dof_urdf_description/launch/gazebo_sim.launch.py
[0.663s] -- Up-to-date: /home/ws/install/rl12dof_urdf_description/share/rl12dof_urdf_description/launch/display.launch.py
[0.663s] -- Up-to-date: /home/ws/install/rl12dof_urdf_description/share/rl12dof_urdf_description/launch/IKTest.launch.py
[0.663s] -- Up-to-date: /home/ws/install/rl12dof_urdf_description/share/rl12dof_urdf_description/launch/real_urdf.launch.py
[0.663s] -- Up-to-date: /home/ws/install/rl12dof_urdf_description/share/rl12dof_urdf_description/config
[0.663s] -- Up-to-date: /home/ws/install/rl12dof_urdf_description/share/rl12dof_urdf_description/config/FK_cmds.yaml
[0.663s] -- Up-to-date: /home/ws/install/rl12dof_urdf_description/share/rl12dof_urdf_description/config/display.rviz
[0.664s] -- Up-to-date: /home/ws/install/rl12dof_urdf_description/share/rl12dof_urdf_description/config/IK_cmds.yaml
[0.664s] -- Up-to-date: /home/ws/install/rl12dof_urdf_description/share/rl12dof_urdf_description/config/ros_gz_bridge_gazebo.yaml
[0.664s] -- Up-to-date: /home/ws/install/rl12dof_urdf_description/share/rl12dof_urdf_description/config/controllers.yaml
[0.664s] -- Up-to-date: /home/ws/install/rl12dof_urdf_description/share/rl12dof_urdf_description/urdf
[0.664s] -- Up-to-date: /home/ws/install/rl12dof_urdf_description/share/rl12dof_urdf_description/urdf/rl12dof_ros2_control.xacro
[0.664s] -- Up-to-date: /home/ws/install/rl12dof_urdf_description/share/rl12dof_urdf_description/urdf/materials.xacro
[0.665s] -- Up-to-date: /home/ws/install/rl12dof_urdf_description/share/rl12dof_urdf_description/urdf/rl12dof_URDF_real.urdf.xacro
[0.665s] -- Up-to-date: /home/ws/install/rl12dof_urdf_description/share/rl12dof_urdf_description/urdf/rl12dof_links_joints_hardware.xacro
[0.665s] -- Up-to-date: /home/ws/install/rl12dof_urdf_description/share/rl12dof_urdf_description/meshes
[0.665s] -- Up-to-date: /home/ws/install/rl12dof_urdf_description/share/rl12dof_urdf_description/meshes/Hip_Pitch_v1_1.stl
[0.665s] -- Up-to-date: /home/ws/install/rl12dof_urdf_description/share/rl12dof_urdf_description/meshes/Outer_Motor_Coupling_v25_1.stl
[0.665s] -- Up-to-date: /home/ws/install/rl12dof_urdf_description/share/rl12dof_urdf_description/meshes/Inner_Motor_Coupling_v26_1.stl
[0.666s] -- Up-to-date: /home/ws/install/rl12dof_urdf_description/share/rl12dof_urdf_description/meshes/Hip_Link_v28_1.stl
[0.667s] -- Up-to-date: /home/ws/install/rl12dof_urdf_description/share/rl12dof_urdf_description/meshes/Right_Femur_Housing_v1_1.stl
[0.671s] -- Up-to-date: /home/ws/install/rl12dof_urdf_description/share/rl12dof_urdf_description/meshes/Right_Femur_Thigh_Cap_v1_1.stl
[0.672s] -- Up-to-date: /home/ws/install/rl12dof_urdf_description/share/rl12dof_urdf_description/meshes/Tibia_Link_v97_1.stl
[0.677s] -- Up-to-date: /home/ws/install/rl12dof_urdf_description/share/rl12dof_urdf_description/meshes/Foot_V3_Foot_v1_1.stl
[0.677s] -- Up-to-date: /home/ws/install/rl12dof_urdf_description/share/rl12dof_urdf_description/meshes/Knee_Driven_Gear_v1_1.stl
[0.677s] -- Up-to-date: /home/ws/install/rl12dof_urdf_description/share/rl12dof_urdf_description/meshes/Knee_Pitch_v1_1.stl
[0.678s] -- Up-to-date: /home/ws/install/rl12dof_urdf_description/share/rl12dof_urdf_description/meshes/base_link.stl
[0.679s] -- Up-to-date: /home/ws/install/rl12dof_urdf_description/share/rl12dof_urdf_description/meshes/Knee_Drive_Gear_v22_1.stl
[0.680s] -- Up-to-date: /home/ws/install/rl12dof_urdf_description/share/rl12dof_urdf_description/worlds
[0.680s] -- Up-to-date: /home/ws/install/rl12dof_urdf_description/share/rl12dof_urdf_description/worlds/foot_test.sdf
[0.680s] -- Up-to-date: /home/ws/install/rl12dof_urdf_description/share/ament_index/resource_index/package_run_dependencies/rl12dof_urdf_description
[0.680s] -- Up-to-date: /home/ws/install/rl12dof_urdf_description/share/ament_index/resource_index/parent_prefix_path/rl12dof_urdf_description
[0.683s] -- Up-to-date: /home/ws/install/rl12dof_urdf_description/share/rl12dof_urdf_description/environment/ament_prefix_path.sh
[0.684s] -- Up-to-date: /home/ws/install/rl12dof_urdf_description/share/rl12dof_urdf_description/environment/ament_prefix_path.dsv
[0.684s] -- Up-to-date: /home/ws/install/rl12dof_urdf_description/share/rl12dof_urdf_description/environment/path.sh
[0.684s] -- Up-to-date: /home/ws/install/rl12dof_urdf_description/share/rl12dof_urdf_description/environment/path.dsv
[0.684s] -- Up-to-date: /home/ws/install/rl12dof_urdf_description/share/rl12dof_urdf_description/local_setup.bash
[0.684s] -- Up-to-date: /home/ws/install/rl12dof_urdf_description/share/rl12dof_urdf_description/local_setup.sh
[0.684s] -- Up-to-date: /home/ws/install/rl12dof_urdf_description/share/rl12dof_urdf_description/local_setup.zsh
[0.684s] -- Up-to-date: /home/ws/install/rl12dof_urdf_description/share/rl12dof_urdf_description/local_setup.dsv
[0.685s] -- Installing: /home/ws/install/rl12dof_urdf_description/share/rl12dof_urdf_description/package.dsv
[0.685s] -- Up-to-date: /home/ws/install/rl12dof_urdf_description/share/ament_index/resource_index/packages/rl12dof_urdf_description
[0.685s] -- Up-to-date: /home/ws/install/rl12dof_urdf_description/share/rl12dof_urdf_description/cmake/rl12dof_urdf_descriptionConfig.cmake
[0.685s] -- Up-to-date: /home/ws/install/rl12dof_urdf_description/share/rl12dof_urdf_description/cmake/rl12dof_urdf_descriptionConfig-version.cmake
[0.685s] -- Up-to-date: /home/ws/install/rl12dof_urdf_description/share/rl12dof_urdf_description/package.xml
[0.721s] Invoked command in '/home/ws/build/rl12dof_urdf_description' returned '0': CMAKE_PREFIX_PATH=${CMAKE_PREFIX_PATH}:/opt/ros/jazzy DEBUGINFOD_URLS=https://debuginfod.ubuntu.com /usr/bin/cmake --install /home/ws/build/rl12dof_urdf_description
