[0.211s] DEBUG:colcon:Command line arguments: ['/usr/bin/colcon', 'build', '--packages-select', 'quadruped_utils', 'quadruped_bringup']
[0.212s] DEBUG:colcon:Parsed command line arguments: Namespace(log_base=None, log_level=None, verb_name='build', build_base='build', install_base='install', merge_install=False, symlink_install=False, test_result_base=None, continue_on_error=False, executor='parallel', parallel_workers=8, event_handlers=None, ignore_user_meta=False, metas=['./colcon.meta'], base_paths=['.'], packages_ignore=None, packages_ignore_regex=None, paths=None, packages_up_to=None, packages_up_to_regex=None, packages_above=None, packages_above_and_dependencies=None, packages_above_depth=None, packages_select_by_dep=None, packages_skip_by_dep=None, packages_skip_up_to=None, packages_select_build_failed=False, packages_skip_build_finished=False, packages_select_test_failures=False, packages_skip_test_passed=False, packages_select=['quadruped_utils', 'quadruped_bringup'], packages_skip=None, packages_select_regex=None, packages_skip_regex=None, packages_start=None, packages_end=None, cmake_args=None, cmake_target=None, cmake_target_skip_unavailable=False, cmake_clean_cache=False, cmake_clean_first=False, cmake_force_configure=False, ament_cmake_args=None, catkin_cmake_args=None, catkin_skip_building_tests=False, mixin_files=None, mixin=None, verb_parser=<colcon_mixin.mixin.mixin_argument.MixinArgumentDecorator object at 0xffffa4d01070>, verb_extension=<colcon_core.verb.build.BuildVerb object at 0xffffa4d00ad0>, main=<bound method BuildVerb.main of <colcon_core.verb.build.BuildVerb object at 0xffffa4d00ad0>>, mixin_verb=('build',))
[0.283s] Level 1:colcon.colcon_core.package_discovery:discover_packages(colcon_meta) check parameters
[0.284s] Level 1:colcon.colcon_core.package_discovery:discover_packages(recursive) check parameters
[0.284s] Level 1:colcon.colcon_core.package_discovery:discover_packages(ignore) check parameters
[0.284s] Level 1:colcon.colcon_core.package_discovery:discover_packages(path) check parameters
[0.284s] Level 1:colcon.colcon_core.package_discovery:discover_packages(colcon_meta) discover
[0.284s] Level 1:colcon.colcon_core.package_discovery:discover_packages(recursive) discover
[0.284s] INFO:colcon.colcon_core.package_discovery:Crawling recursively for packages in '/home/ws'
[0.284s] Level 1:colcon.colcon_core.package_identification:_identify(.) by extensions ['ignore', 'ignore_ament_install']
[0.284s] Level 1:colcon.colcon_core.package_identification:_identify(.) by extension 'ignore'
[0.285s] Level 1:colcon.colcon_core.package_identification:_identify(.) by extension 'ignore_ament_install'
[0.285s] Level 1:colcon.colcon_core.package_identification:_identify(.) by extensions ['colcon_pkg']
[0.285s] Level 1:colcon.colcon_core.package_identification:_identify(.) by extension 'colcon_pkg'
[0.285s] Level 1:colcon.colcon_core.package_identification:_identify(.) by extensions ['colcon_meta']
[0.285s] Level 1:colcon.colcon_core.package_identification:_identify(.) by extension 'colcon_meta'
[0.285s] Level 1:colcon.colcon_core.package_identification:_identify(.) by extensions ['ros']
[0.285s] Level 1:colcon.colcon_core.package_identification:_identify(.) by extension 'ros'
[0.335s] Level 1:colcon.colcon_core.package_identification:_identify(.) by extensions ['cmake', 'python']
[0.335s] Level 1:colcon.colcon_core.package_identification:_identify(.) by extension 'cmake'
[0.335s] Level 1:colcon.colcon_core.package_identification:_identify(.) by extension 'python'
[0.335s] Level 1:colcon.colcon_core.package_identification:_identify(.) by extensions ['python_setup_py']
[0.335s] Level 1:colcon.colcon_core.package_identification:_identify(.) by extension 'python_setup_py'
[0.336s] Level 1:colcon.colcon_core.package_identification:_identify(bags) by extensions ['ignore', 'ignore_ament_install']
[0.336s] Level 1:colcon.colcon_core.package_identification:_identify(bags) by extension 'ignore'
[0.336s] Level 1:colcon.colcon_core.package_identification:_identify(bags) by extension 'ignore_ament_install'
[0.336s] Level 1:colcon.colcon_core.package_identification:_identify(bags) by extensions ['colcon_pkg']
[0.336s] Level 1:colcon.colcon_core.package_identification:_identify(bags) by extension 'colcon_pkg'
[0.336s] Level 1:colcon.colcon_core.package_identification:_identify(bags) by extensions ['colcon_meta']
[0.336s] Level 1:colcon.colcon_core.package_identification:_identify(bags) by extension 'colcon_meta'
[0.336s] Level 1:colcon.colcon_core.package_identification:_identify(bags) by extensions ['ros']
[0.336s] Level 1:colcon.colcon_core.package_identification:_identify(bags) by extension 'ros'
[0.337s] Level 1:colcon.colcon_core.package_identification:_identify(bags) by extensions ['cmake', 'python']
[0.337s] Level 1:colcon.colcon_core.package_identification:_identify(bags) by extension 'cmake'
[0.337s] Level 1:colcon.colcon_core.package_identification:_identify(bags) by extension 'python'
[0.337s] Level 1:colcon.colcon_core.package_identification:_identify(bags) by extensions ['python_setup_py']
[0.337s] Level 1:colcon.colcon_core.package_identification:_identify(bags) by extension 'python_setup_py'
[0.337s] Level 1:colcon.colcon_core.package_identification:_identify(bags/basic_imu_test) by extensions ['ignore', 'ignore_ament_install']
[0.337s] Level 1:colcon.colcon_core.package_identification:_identify(bags/basic_imu_test) by extension 'ignore'
[0.337s] Level 1:colcon.colcon_core.package_identification:_identify(bags/basic_imu_test) by extension 'ignore_ament_install'
[0.338s] Level 1:colcon.colcon_core.package_identification:_identify(bags/basic_imu_test) by extensions ['colcon_pkg']
[0.338s] Level 1:colcon.colcon_core.package_identification:_identify(bags/basic_imu_test) by extension 'colcon_pkg'
[0.338s] Level 1:colcon.colcon_core.package_identification:_identify(bags/basic_imu_test) by extensions ['colcon_meta']
[0.338s] Level 1:colcon.colcon_core.package_identification:_identify(bags/basic_imu_test) by extension 'colcon_meta'
[0.338s] Level 1:colcon.colcon_core.package_identification:_identify(bags/basic_imu_test) by extensions ['ros']
[0.338s] Level 1:colcon.colcon_core.package_identification:_identify(bags/basic_imu_test) by extension 'ros'
[0.338s] Level 1:colcon.colcon_core.package_identification:_identify(bags/basic_imu_test) by extensions ['cmake', 'python']
[0.338s] Level 1:colcon.colcon_core.package_identification:_identify(bags/basic_imu_test) by extension 'cmake'
[0.338s] Level 1:colcon.colcon_core.package_identification:_identify(bags/basic_imu_test) by extension 'python'
[0.338s] Level 1:colcon.colcon_core.package_identification:_identify(bags/basic_imu_test) by extensions ['python_setup_py']
[0.338s] Level 1:colcon.colcon_core.package_identification:_identify(bags/basic_imu_test) by extension 'python_setup_py'
[0.339s] Level 1:colcon.colcon_core.package_identification:_identify(bags/clean_imu) by extensions ['ignore', 'ignore_ament_install']
[0.339s] Level 1:colcon.colcon_core.package_identification:_identify(bags/clean_imu) by extension 'ignore'
[0.339s] Level 1:colcon.colcon_core.package_identification:_identify(bags/clean_imu) by extension 'ignore_ament_install'
[0.339s] Level 1:colcon.colcon_core.package_identification:_identify(bags/clean_imu) by extensions ['colcon_pkg']
[0.339s] Level 1:colcon.colcon_core.package_identification:_identify(bags/clean_imu) by extension 'colcon_pkg'
[0.339s] Level 1:colcon.colcon_core.package_identification:_identify(bags/clean_imu) by extensions ['colcon_meta']
[0.339s] Level 1:colcon.colcon_core.package_identification:_identify(bags/clean_imu) by extension 'colcon_meta'
[0.339s] Level 1:colcon.colcon_core.package_identification:_identify(bags/clean_imu) by extensions ['ros']
[0.339s] Level 1:colcon.colcon_core.package_identification:_identify(bags/clean_imu) by extension 'ros'
[0.339s] Level 1:colcon.colcon_core.package_identification:_identify(bags/clean_imu) by extensions ['cmake', 'python']
[0.340s] Level 1:colcon.colcon_core.package_identification:_identify(bags/clean_imu) by extension 'cmake'
[0.340s] Level 1:colcon.colcon_core.package_identification:_identify(bags/clean_imu) by extension 'python'
[0.340s] Level 1:colcon.colcon_core.package_identification:_identify(bags/clean_imu) by extensions ['python_setup_py']
[0.340s] Level 1:colcon.colcon_core.package_identification:_identify(bags/clean_imu) by extension 'python_setup_py'
[0.340s] Level 1:colcon.colcon_core.package_identification:_identify(bags/impulse_standing) by extensions ['ignore', 'ignore_ament_install']
[0.340s] Level 1:colcon.colcon_core.package_identification:_identify(bags/impulse_standing) by extension 'ignore'
[0.340s] Level 1:colcon.colcon_core.package_identification:_identify(bags/impulse_standing) by extension 'ignore_ament_install'
[0.340s] Level 1:colcon.colcon_core.package_identification:_identify(bags/impulse_standing) by extensions ['colcon_pkg']
[0.340s] Level 1:colcon.colcon_core.package_identification:_identify(bags/impulse_standing) by extension 'colcon_pkg'
[0.341s] Level 1:colcon.colcon_core.package_identification:_identify(bags/impulse_standing) by extensions ['colcon_meta']
[0.341s] Level 1:colcon.colcon_core.package_identification:_identify(bags/impulse_standing) by extension 'colcon_meta'
[0.341s] Level 1:colcon.colcon_core.package_identification:_identify(bags/impulse_standing) by extensions ['ros']
[0.341s] Level 1:colcon.colcon_core.package_identification:_identify(bags/impulse_standing) by extension 'ros'
[0.341s] Level 1:colcon.colcon_core.package_identification:_identify(bags/impulse_standing) by extensions ['cmake', 'python']
[0.341s] Level 1:colcon.colcon_core.package_identification:_identify(bags/impulse_standing) by extension 'cmake'
[0.341s] Level 1:colcon.colcon_core.package_identification:_identify(bags/impulse_standing) by extension 'python'
[0.341s] Level 1:colcon.colcon_core.package_identification:_identify(bags/impulse_standing) by extensions ['python_setup_py']
[0.341s] Level 1:colcon.colcon_core.package_identification:_identify(bags/impulse_standing) by extension 'python_setup_py'
[0.341s] Level 1:colcon.colcon_core.package_identification:_identify(bags/impulse_standing2) by extensions ['ignore', 'ignore_ament_install']
[0.342s] Level 1:colcon.colcon_core.package_identification:_identify(bags/impulse_standing2) by extension 'ignore'
[0.342s] Level 1:colcon.colcon_core.package_identification:_identify(bags/impulse_standing2) by extension 'ignore_ament_install'
[0.342s] Level 1:colcon.colcon_core.package_identification:_identify(bags/impulse_standing2) by extensions ['colcon_pkg']
[0.342s] Level 1:colcon.colcon_core.package_identification:_identify(bags/impulse_standing2) by extension 'colcon_pkg'
[0.342s] Level 1:colcon.colcon_core.package_identification:_identify(bags/impulse_standing2) by extensions ['colcon_meta']
[0.342s] Level 1:colcon.colcon_core.package_identification:_identify(bags/impulse_standing2) by extension 'colcon_meta'
[0.342s] Level 1:colcon.colcon_core.package_identification:_identify(bags/impulse_standing2) by extensions ['ros']
[0.342s] Level 1:colcon.colcon_core.package_identification:_identify(bags/impulse_standing2) by extension 'ros'
[0.342s] Level 1:colcon.colcon_core.package_identification:_identify(bags/impulse_standing2) by extensions ['cmake', 'python']
[0.342s] Level 1:colcon.colcon_core.package_identification:_identify(bags/impulse_standing2) by extension 'cmake'
[0.342s] Level 1:colcon.colcon_core.package_identification:_identify(bags/impulse_standing2) by extension 'python'
[0.343s] Level 1:colcon.colcon_core.package_identification:_identify(bags/impulse_standing2) by extensions ['python_setup_py']
[0.343s] Level 1:colcon.colcon_core.package_identification:_identify(bags/impulse_standing2) by extension 'python_setup_py'
[0.343s] Level 1:colcon.colcon_core.package_identification:_identify(bags/motor_imu) by extensions ['ignore', 'ignore_ament_install']
[0.343s] Level 1:colcon.colcon_core.package_identification:_identify(bags/motor_imu) by extension 'ignore'
[0.343s] Level 1:colcon.colcon_core.package_identification:_identify(bags/motor_imu) by extension 'ignore_ament_install'
[0.343s] Level 1:colcon.colcon_core.package_identification:_identify(bags/motor_imu) by extensions ['colcon_pkg']
[0.343s] Level 1:colcon.colcon_core.package_identification:_identify(bags/motor_imu) by extension 'colcon_pkg'
[0.343s] Level 1:colcon.colcon_core.package_identification:_identify(bags/motor_imu) by extensions ['colcon_meta']
[0.343s] Level 1:colcon.colcon_core.package_identification:_identify(bags/motor_imu) by extension 'colcon_meta'
[0.343s] Level 1:colcon.colcon_core.package_identification:_identify(bags/motor_imu) by extensions ['ros']
[0.344s] Level 1:colcon.colcon_core.package_identification:_identify(bags/motor_imu) by extension 'ros'
[0.344s] Level 1:colcon.colcon_core.package_identification:_identify(bags/motor_imu) by extensions ['cmake', 'python']
[0.344s] Level 1:colcon.colcon_core.package_identification:_identify(bags/motor_imu) by extension 'cmake'
[0.344s] Level 1:colcon.colcon_core.package_identification:_identify(bags/motor_imu) by extension 'python'
[0.344s] Level 1:colcon.colcon_core.package_identification:_identify(bags/motor_imu) by extensions ['python_setup_py']
[0.344s] Level 1:colcon.colcon_core.package_identification:_identify(bags/motor_imu) by extension 'python_setup_py'
[0.344s] Level 1:colcon.colcon_core.package_identification:_identify(bags/rosbag2_2025_06_04-19_30_09) by extensions ['ignore', 'ignore_ament_install']
[0.344s] Level 1:colcon.colcon_core.package_identification:_identify(bags/rosbag2_2025_06_04-19_30_09) by extension 'ignore'
[0.344s] Level 1:colcon.colcon_core.package_identification:_identify(bags/rosbag2_2025_06_04-19_30_09) by extension 'ignore_ament_install'
[0.345s] Level 1:colcon.colcon_core.package_identification:_identify(bags/rosbag2_2025_06_04-19_30_09) by extensions ['colcon_pkg']
[0.345s] Level 1:colcon.colcon_core.package_identification:_identify(bags/rosbag2_2025_06_04-19_30_09) by extension 'colcon_pkg'
[0.345s] Level 1:colcon.colcon_core.package_identification:_identify(bags/rosbag2_2025_06_04-19_30_09) by extensions ['colcon_meta']
[0.345s] Level 1:colcon.colcon_core.package_identification:_identify(bags/rosbag2_2025_06_04-19_30_09) by extension 'colcon_meta'
[0.345s] Level 1:colcon.colcon_core.package_identification:_identify(bags/rosbag2_2025_06_04-19_30_09) by extensions ['ros']
[0.345s] Level 1:colcon.colcon_core.package_identification:_identify(bags/rosbag2_2025_06_04-19_30_09) by extension 'ros'
[0.345s] Level 1:colcon.colcon_core.package_identification:_identify(bags/rosbag2_2025_06_04-19_30_09) by extensions ['cmake', 'python']
[0.345s] Level 1:colcon.colcon_core.package_identification:_identify(bags/rosbag2_2025_06_04-19_30_09) by extension 'cmake'
[0.345s] Level 1:colcon.colcon_core.package_identification:_identify(bags/rosbag2_2025_06_04-19_30_09) by extension 'python'
[0.345s] Level 1:colcon.colcon_core.package_identification:_identify(bags/rosbag2_2025_06_04-19_30_09) by extensions ['python_setup_py']
[0.345s] Level 1:colcon.colcon_core.package_identification:_identify(bags/rosbag2_2025_06_04-19_30_09) by extension 'python_setup_py'
[0.346s] Level 1:colcon.colcon_core.package_identification:_identify(bags/static_imu_test) by extensions ['ignore', 'ignore_ament_install']
[0.346s] Level 1:colcon.colcon_core.package_identification:_identify(bags/static_imu_test) by extension 'ignore'
[0.346s] Level 1:colcon.colcon_core.package_identification:_identify(bags/static_imu_test) by extension 'ignore_ament_install'
[0.346s] Level 1:colcon.colcon_core.package_identification:_identify(bags/static_imu_test) by extensions ['colcon_pkg']
[0.346s] Level 1:colcon.colcon_core.package_identification:_identify(bags/static_imu_test) by extension 'colcon_pkg'
[0.346s] Level 1:colcon.colcon_core.package_identification:_identify(bags/static_imu_test) by extensions ['colcon_meta']
[0.346s] Level 1:colcon.colcon_core.package_identification:_identify(bags/static_imu_test) by extension 'colcon_meta'
[0.346s] Level 1:colcon.colcon_core.package_identification:_identify(bags/static_imu_test) by extensions ['ros']
[0.346s] Level 1:colcon.colcon_core.package_identification:_identify(bags/static_imu_test) by extension 'ros'
[0.346s] Level 1:colcon.colcon_core.package_identification:_identify(bags/static_imu_test) by extensions ['cmake', 'python']
[0.347s] Level 1:colcon.colcon_core.package_identification:_identify(bags/static_imu_test) by extension 'cmake'
[0.347s] Level 1:colcon.colcon_core.package_identification:_identify(bags/static_imu_test) by extension 'python'
[0.347s] Level 1:colcon.colcon_core.package_identification:_identify(bags/static_imu_test) by extensions ['python_setup_py']
[0.347s] Level 1:colcon.colcon_core.package_identification:_identify(bags/static_imu_test) by extension 'python_setup_py'
[0.347s] Level 1:colcon.colcon_core.package_identification:_identify(build) by extensions ['ignore', 'ignore_ament_install']
[0.347s] Level 1:colcon.colcon_core.package_identification:_identify(build) by extension 'ignore'
[0.347s] Level 1:colcon.colcon_core.package_identification:_identify(build) ignored
[0.347s] Level 1:colcon.colcon_core.package_identification:_identify(install) by extensions ['ignore', 'ignore_ament_install']
[0.348s] Level 1:colcon.colcon_core.package_identification:_identify(install) by extension 'ignore'
[0.348s] Level 1:colcon.colcon_core.package_identification:_identify(install) ignored
[0.348s] Level 1:colcon.colcon_core.package_identification:_identify(log) by extensions ['ignore', 'ignore_ament_install']
[0.348s] Level 1:colcon.colcon_core.package_identification:_identify(log) by extension 'ignore'
[0.348s] Level 1:colcon.colcon_core.package_identification:_identify(log) ignored
[0.348s] Level 1:colcon.colcon_core.package_identification:_identify(src) by extensions ['ignore', 'ignore_ament_install']
[0.349s] Level 1:colcon.colcon_core.package_identification:_identify(src) by extension 'ignore'
[0.349s] Level 1:colcon.colcon_core.package_identification:_identify(src) by extension 'ignore_ament_install'
[0.349s] Level 1:colcon.colcon_core.package_identification:_identify(src) by extensions ['colcon_pkg']
[0.349s] Level 1:colcon.colcon_core.package_identification:_identify(src) by extension 'colcon_pkg'
[0.349s] Level 1:colcon.colcon_core.package_identification:_identify(src) by extensions ['colcon_meta']
[0.349s] Level 1:colcon.colcon_core.package_identification:_identify(src) by extension 'colcon_meta'
[0.349s] Level 1:colcon.colcon_core.package_identification:_identify(src) by extensions ['ros']
[0.349s] Level 1:colcon.colcon_core.package_identification:_identify(src) by extension 'ros'
[0.349s] Level 1:colcon.colcon_core.package_identification:_identify(src) by extensions ['cmake', 'python']
[0.349s] Level 1:colcon.colcon_core.package_identification:_identify(src) by extension 'cmake'
[0.350s] Level 1:colcon.colcon_core.package_identification:_identify(src) by extension 'python'
[0.350s] Level 1:colcon.colcon_core.package_identification:_identify(src) by extensions ['python_setup_py']
[0.350s] Level 1:colcon.colcon_core.package_identification:_identify(src) by extension 'python_setup_py'
[0.350s] Level 1:colcon.colcon_core.package_identification:_identify(src/bno08x_ros2_driver) by extensions ['ignore', 'ignore_ament_install']
[0.350s] Level 1:colcon.colcon_core.package_identification:_identify(src/bno08x_ros2_driver) by extension 'ignore'
[0.350s] Level 1:colcon.colcon_core.package_identification:_identify(src/bno08x_ros2_driver) by extension 'ignore_ament_install'
[0.350s] Level 1:colcon.colcon_core.package_identification:_identify(src/bno08x_ros2_driver) by extensions ['colcon_pkg']
[0.350s] Level 1:colcon.colcon_core.package_identification:_identify(src/bno08x_ros2_driver) by extension 'colcon_pkg'
[0.350s] Level 1:colcon.colcon_core.package_identification:_identify(src/bno08x_ros2_driver) by extensions ['colcon_meta']
[0.350s] Level 1:colcon.colcon_core.package_identification:_identify(src/bno08x_ros2_driver) by extension 'colcon_meta'
[0.351s] Level 1:colcon.colcon_core.package_identification:_identify(src/bno08x_ros2_driver) by extensions ['ros']
[0.351s] Level 1:colcon.colcon_core.package_identification:_identify(src/bno08x_ros2_driver) by extension 'ros'
[0.355s] DEBUG:colcon.colcon_core.package_identification:Package 'src/bno08x_ros2_driver' with type 'ros.ament_cmake' and name 'bno08x_driver'
[0.356s] Level 1:colcon.colcon_core.package_identification:_identify(src/imu_hardware_interface) by extensions ['ignore', 'ignore_ament_install']
[0.356s] Level 1:colcon.colcon_core.package_identification:_identify(src/imu_hardware_interface) by extension 'ignore'
[0.356s] Level 1:colcon.colcon_core.package_identification:_identify(src/imu_hardware_interface) by extension 'ignore_ament_install'
[0.356s] Level 1:colcon.colcon_core.package_identification:_identify(src/imu_hardware_interface) by extensions ['colcon_pkg']
[0.356s] Level 1:colcon.colcon_core.package_identification:_identify(src/imu_hardware_interface) by extension 'colcon_pkg'
[0.356s] Level 1:colcon.colcon_core.package_identification:_identify(src/imu_hardware_interface) by extensions ['colcon_meta']
[0.356s] Level 1:colcon.colcon_core.package_identification:_identify(src/imu_hardware_interface) by extension 'colcon_meta'
[0.356s] Level 1:colcon.colcon_core.package_identification:_identify(src/imu_hardware_interface) by extensions ['ros']
[0.356s] Level 1:colcon.colcon_core.package_identification:_identify(src/imu_hardware_interface) by extension 'ros'
[0.358s] DEBUG:colcon.colcon_core.package_identification:Package 'src/imu_hardware_interface' with type 'ros.ament_cmake' and name 'imu_hardware_interface'
[0.358s] Level 1:colcon.colcon_core.package_identification:_identify(src/jetson_interface) by extensions ['ignore', 'ignore_ament_install']
[0.358s] Level 1:colcon.colcon_core.package_identification:_identify(src/jetson_interface) by extension 'ignore'
[0.358s] Level 1:colcon.colcon_core.package_identification:_identify(src/jetson_interface) by extension 'ignore_ament_install'
[0.358s] Level 1:colcon.colcon_core.package_identification:_identify(src/jetson_interface) by extensions ['colcon_pkg']
[0.358s] Level 1:colcon.colcon_core.package_identification:_identify(src/jetson_interface) by extension 'colcon_pkg'
[0.358s] Level 1:colcon.colcon_core.package_identification:_identify(src/jetson_interface) by extensions ['colcon_meta']
[0.358s] Level 1:colcon.colcon_core.package_identification:_identify(src/jetson_interface) by extension 'colcon_meta'
[0.359s] Level 1:colcon.colcon_core.package_identification:_identify(src/jetson_interface) by extensions ['ros']
[0.359s] Level 1:colcon.colcon_core.package_identification:_identify(src/jetson_interface) by extension 'ros'
[0.359s] DEBUG:colcon.colcon_core.package_identification:Package 'src/jetson_interface' with type 'ros.ament_cmake' and name 'jetson_interface'
[0.360s] Level 1:colcon.colcon_core.package_identification:_identify(src/py_pubsub) by extensions ['ignore', 'ignore_ament_install']
[0.360s] Level 1:colcon.colcon_core.package_identification:_identify(src/py_pubsub) by extension 'ignore'
[0.360s] Level 1:colcon.colcon_core.package_identification:_identify(src/py_pubsub) by extension 'ignore_ament_install'
[0.360s] Level 1:colcon.colcon_core.package_identification:_identify(src/py_pubsub) by extensions ['colcon_pkg']
[0.360s] Level 1:colcon.colcon_core.package_identification:_identify(src/py_pubsub) by extension 'colcon_pkg'
[0.360s] Level 1:colcon.colcon_core.package_identification:_identify(src/py_pubsub) by extensions ['colcon_meta']
[0.360s] Level 1:colcon.colcon_core.package_identification:_identify(src/py_pubsub) by extension 'colcon_meta'
[0.360s] Level 1:colcon.colcon_core.package_identification:_identify(src/py_pubsub) by extensions ['ros']
[0.361s] Level 1:colcon.colcon_core.package_identification:_identify(src/py_pubsub) by extension 'ros'
[0.362s] DEBUG:colcon.colcon_core.package_identification:Package 'src/py_pubsub' with type 'ros.ament_python' and name 'py_pubsub'
[0.362s] Level 1:colcon.colcon_core.package_identification:_identify(src/quadruped_bringup) by extensions ['ignore', 'ignore_ament_install']
[0.362s] Level 1:colcon.colcon_core.package_identification:_identify(src/quadruped_bringup) by extension 'ignore'
[0.362s] Level 1:colcon.colcon_core.package_identification:_identify(src/quadruped_bringup) by extension 'ignore_ament_install'
[0.363s] Level 1:colcon.colcon_core.package_identification:_identify(src/quadruped_bringup) by extensions ['colcon_pkg']
[0.363s] Level 1:colcon.colcon_core.package_identification:_identify(src/quadruped_bringup) by extension 'colcon_pkg'
[0.363s] Level 1:colcon.colcon_core.package_identification:_identify(src/quadruped_bringup) by extensions ['colcon_meta']
[0.363s] Level 1:colcon.colcon_core.package_identification:_identify(src/quadruped_bringup) by extension 'colcon_meta'
[0.363s] Level 1:colcon.colcon_core.package_identification:_identify(src/quadruped_bringup) by extensions ['ros']
[0.363s] Level 1:colcon.colcon_core.package_identification:_identify(src/quadruped_bringup) by extension 'ros'
[0.364s] DEBUG:colcon.colcon_core.package_identification:Package 'src/quadruped_bringup' with type 'ros.ament_cmake' and name 'quadruped_bringup'
[0.364s] Level 1:colcon.colcon_core.package_identification:_identify(src/quadruped_hardware) by extensions ['ignore', 'ignore_ament_install']
[0.364s] Level 1:colcon.colcon_core.package_identification:_identify(src/quadruped_hardware) by extension 'ignore'
[0.364s] Level 1:colcon.colcon_core.package_identification:_identify(src/quadruped_hardware) by extension 'ignore_ament_install'
[0.364s] Level 1:colcon.colcon_core.package_identification:_identify(src/quadruped_hardware) by extensions ['colcon_pkg']
[0.364s] Level 1:colcon.colcon_core.package_identification:_identify(src/quadruped_hardware) by extension 'colcon_pkg'
[0.365s] Level 1:colcon.colcon_core.package_identification:_identify(src/quadruped_hardware) by extensions ['colcon_meta']
[0.365s] Level 1:colcon.colcon_core.package_identification:_identify(src/quadruped_hardware) by extension 'colcon_meta'
[0.365s] Level 1:colcon.colcon_core.package_identification:_identify(src/quadruped_hardware) by extensions ['ros']
[0.365s] Level 1:colcon.colcon_core.package_identification:_identify(src/quadruped_hardware) by extension 'ros'
[0.366s] DEBUG:colcon.colcon_core.package_identification:Package 'src/quadruped_hardware' with type 'ros.ament_cmake' and name 'quadruped_hardware'
[0.366s] Level 1:colcon.colcon_core.package_identification:_identify(src/quadruped_mpc) by extensions ['ignore', 'ignore_ament_install']
[0.366s] Level 1:colcon.colcon_core.package_identification:_identify(src/quadruped_mpc) by extension 'ignore'
[0.366s] Level 1:colcon.colcon_core.package_identification:_identify(src/quadruped_mpc) by extension 'ignore_ament_install'
[0.366s] Level 1:colcon.colcon_core.package_identification:_identify(src/quadruped_mpc) by extensions ['colcon_pkg']
[0.366s] Level 1:colcon.colcon_core.package_identification:_identify(src/quadruped_mpc) by extension 'colcon_pkg'
[0.366s] Level 1:colcon.colcon_core.package_identification:_identify(src/quadruped_mpc) by extensions ['colcon_meta']
[0.366s] Level 1:colcon.colcon_core.package_identification:_identify(src/quadruped_mpc) by extension 'colcon_meta'
[0.366s] Level 1:colcon.colcon_core.package_identification:_identify(src/quadruped_mpc) by extensions ['ros']
[0.367s] Level 1:colcon.colcon_core.package_identification:_identify(src/quadruped_mpc) by extension 'ros'
[0.368s] DEBUG:colcon.colcon_core.package_identification:Package 'src/quadruped_mpc' with type 'ros.ament_cmake' and name 'quadruped_mpc'
[0.368s] Level 1:colcon.colcon_core.package_identification:_identify(src/quadruped_msgs) by extensions ['ignore', 'ignore_ament_install']
[0.368s] Level 1:colcon.colcon_core.package_identification:_identify(src/quadruped_msgs) by extension 'ignore'
[0.368s] Level 1:colcon.colcon_core.package_identification:_identify(src/quadruped_msgs) by extension 'ignore_ament_install'
[0.368s] Level 1:colcon.colcon_core.package_identification:_identify(src/quadruped_msgs) by extensions ['colcon_pkg']
[0.368s] Level 1:colcon.colcon_core.package_identification:_identify(src/quadruped_msgs) by extension 'colcon_pkg'
[0.369s] Level 1:colcon.colcon_core.package_identification:_identify(src/quadruped_msgs) by extensions ['colcon_meta']
[0.369s] Level 1:colcon.colcon_core.package_identification:_identify(src/quadruped_msgs) by extension 'colcon_meta'
[0.369s] Level 1:colcon.colcon_core.package_identification:_identify(src/quadruped_msgs) by extensions ['ros']
[0.369s] Level 1:colcon.colcon_core.package_identification:_identify(src/quadruped_msgs) by extension 'ros'
[0.370s] DEBUG:colcon.colcon_core.package_identification:Package 'src/quadruped_msgs' with type 'ros.ament_cmake' and name 'quadruped_msgs'
[0.370s] Level 1:colcon.colcon_core.package_identification:_identify(src/quadruped_sim) by extensions ['ignore', 'ignore_ament_install']
[0.370s] Level 1:colcon.colcon_core.package_identification:_identify(src/quadruped_sim) by extension 'ignore'
[0.370s] Level 1:colcon.colcon_core.package_identification:_identify(src/quadruped_sim) by extension 'ignore_ament_install'
[0.370s] Level 1:colcon.colcon_core.package_identification:_identify(src/quadruped_sim) by extensions ['colcon_pkg']
[0.370s] Level 1:colcon.colcon_core.package_identification:_identify(src/quadruped_sim) by extension 'colcon_pkg'
[0.371s] Level 1:colcon.colcon_core.package_identification:_identify(src/quadruped_sim) by extensions ['colcon_meta']
[0.371s] Level 1:colcon.colcon_core.package_identification:_identify(src/quadruped_sim) by extension 'colcon_meta'
[0.371s] Level 1:colcon.colcon_core.package_identification:_identify(src/quadruped_sim) by extensions ['ros']
[0.371s] Level 1:colcon.colcon_core.package_identification:_identify(src/quadruped_sim) by extension 'ros'
[0.371s] DEBUG:colcon.colcon_core.package_identification:Package 'src/quadruped_sim' with type 'ros.ament_cmake' and name 'quadruped_sim'
[0.372s] Level 1:colcon.colcon_core.package_identification:_identify(src/quadruped_urdf) by extensions ['ignore', 'ignore_ament_install']
[0.372s] Level 1:colcon.colcon_core.package_identification:_identify(src/quadruped_urdf) by extension 'ignore'
[0.372s] Level 1:colcon.colcon_core.package_identification:_identify(src/quadruped_urdf) by extension 'ignore_ament_install'
[0.372s] Level 1:colcon.colcon_core.package_identification:_identify(src/quadruped_urdf) by extensions ['colcon_pkg']
[0.372s] Level 1:colcon.colcon_core.package_identification:_identify(src/quadruped_urdf) by extension 'colcon_pkg'
[0.372s] Level 1:colcon.colcon_core.package_identification:_identify(src/quadruped_urdf) by extensions ['colcon_meta']
[0.372s] Level 1:colcon.colcon_core.package_identification:_identify(src/quadruped_urdf) by extension 'colcon_meta'
[0.372s] Level 1:colcon.colcon_core.package_identification:_identify(src/quadruped_urdf) by extensions ['ros']
[0.372s] Level 1:colcon.colcon_core.package_identification:_identify(src/quadruped_urdf) by extension 'ros'
[0.373s] DEBUG:colcon.colcon_core.package_identification:Package 'src/quadruped_urdf' with type 'ros.ament_cmake' and name 'quadruped_urdf'
[0.373s] Level 1:colcon.colcon_core.package_identification:_identify(src/quadruped_utils) by extensions ['ignore', 'ignore_ament_install']
[0.373s] Level 1:colcon.colcon_core.package_identification:_identify(src/quadruped_utils) by extension 'ignore'
[0.374s] Level 1:colcon.colcon_core.package_identification:_identify(src/quadruped_utils) by extension 'ignore_ament_install'
[0.374s] Level 1:colcon.colcon_core.package_identification:_identify(src/quadruped_utils) by extensions ['colcon_pkg']
[0.374s] Level 1:colcon.colcon_core.package_identification:_identify(src/quadruped_utils) by extension 'colcon_pkg'
[0.374s] Level 1:colcon.colcon_core.package_identification:_identify(src/quadruped_utils) by extensions ['colcon_meta']
[0.374s] Level 1:colcon.colcon_core.package_identification:_identify(src/quadruped_utils) by extension 'colcon_meta'
[0.374s] Level 1:colcon.colcon_core.package_identification:_identify(src/quadruped_utils) by extensions ['ros']
[0.374s] Level 1:colcon.colcon_core.package_identification:_identify(src/quadruped_utils) by extension 'ros'
[0.375s] DEBUG:colcon.colcon_core.package_identification:Package 'src/quadruped_utils' with type 'ros.ament_cmake' and name 'quadruped_utils'
[0.375s] Level 1:colcon.colcon_core.package_identification:_identify(src/rl12dof_urdf_description) by extensions ['ignore', 'ignore_ament_install']
[0.375s] Level 1:colcon.colcon_core.package_identification:_identify(src/rl12dof_urdf_description) by extension 'ignore'
[0.376s] Level 1:colcon.colcon_core.package_identification:_identify(src/rl12dof_urdf_description) by extension 'ignore_ament_install'
[0.376s] Level 1:colcon.colcon_core.package_identification:_identify(src/rl12dof_urdf_description) by extensions ['colcon_pkg']
[0.376s] Level 1:colcon.colcon_core.package_identification:_identify(src/rl12dof_urdf_description) by extension 'colcon_pkg'
[0.376s] Level 1:colcon.colcon_core.package_identification:_identify(src/rl12dof_urdf_description) by extensions ['colcon_meta']
[0.376s] Level 1:colcon.colcon_core.package_identification:_identify(src/rl12dof_urdf_description) by extension 'colcon_meta'
[0.376s] Level 1:colcon.colcon_core.package_identification:_identify(src/rl12dof_urdf_description) by extensions ['ros']
[0.376s] Level 1:colcon.colcon_core.package_identification:_identify(src/rl12dof_urdf_description) by extension 'ros'
[0.377s] DEBUG:colcon.colcon_core.package_identification:Package 'src/rl12dof_urdf_description' with type 'ros.ament_cmake' and name 'rl12dof_urdf_description'
[0.377s] Level 1:colcon.colcon_core.package_identification:_identify(src/rmw_zenoh) by extensions ['ignore', 'ignore_ament_install']
[0.378s] Level 1:colcon.colcon_core.package_identification:_identify(src/rmw_zenoh) by extension 'ignore'
[0.378s] Level 1:colcon.colcon_core.package_identification:_identify(src/rmw_zenoh) by extension 'ignore_ament_install'
[0.378s] Level 1:colcon.colcon_core.package_identification:_identify(src/rmw_zenoh) by extensions ['colcon_pkg']
[0.378s] Level 1:colcon.colcon_core.package_identification:_identify(src/rmw_zenoh) by extension 'colcon_pkg'
[0.378s] Level 1:colcon.colcon_core.package_identification:_identify(src/rmw_zenoh) by extensions ['colcon_meta']
[0.378s] Level 1:colcon.colcon_core.package_identification:_identify(src/rmw_zenoh) by extension 'colcon_meta'
[0.378s] Level 1:colcon.colcon_core.package_identification:_identify(src/rmw_zenoh) by extensions ['ros']
[0.378s] Level 1:colcon.colcon_core.package_identification:_identify(src/rmw_zenoh) by extension 'ros'
[0.378s] Level 1:colcon.colcon_core.package_identification:_identify(src/rmw_zenoh) by extensions ['cmake', 'python']
[0.378s] Level 1:colcon.colcon_core.package_identification:_identify(src/rmw_zenoh) by extension 'cmake'
[0.379s] Level 1:colcon.colcon_core.package_identification:_identify(src/rmw_zenoh) by extension 'python'
[0.379s] Level 1:colcon.colcon_core.package_identification:_identify(src/rmw_zenoh) by extensions ['python_setup_py']
[0.379s] Level 1:colcon.colcon_core.package_identification:_identify(src/rmw_zenoh) by extension 'python_setup_py'
[0.379s] Level 1:colcon.colcon_core.package_identification:_identify(src/rmw_zenoh/docs) by extensions ['ignore', 'ignore_ament_install']
[0.379s] Level 1:colcon.colcon_core.package_identification:_identify(src/rmw_zenoh/docs) by extension 'ignore'
[0.379s] Level 1:colcon.colcon_core.package_identification:_identify(src/rmw_zenoh/docs) by extension 'ignore_ament_install'
[0.379s] Level 1:colcon.colcon_core.package_identification:_identify(src/rmw_zenoh/docs) by extensions ['colcon_pkg']
[0.379s] Level 1:colcon.colcon_core.package_identification:_identify(src/rmw_zenoh/docs) by extension 'colcon_pkg'
[0.379s] Level 1:colcon.colcon_core.package_identification:_identify(src/rmw_zenoh/docs) by extensions ['colcon_meta']
[0.380s] Level 1:colcon.colcon_core.package_identification:_identify(src/rmw_zenoh/docs) by extension 'colcon_meta'
[0.380s] Level 1:colcon.colcon_core.package_identification:_identify(src/rmw_zenoh/docs) by extensions ['ros']
[0.380s] Level 1:colcon.colcon_core.package_identification:_identify(src/rmw_zenoh/docs) by extension 'ros'
[0.380s] Level 1:colcon.colcon_core.package_identification:_identify(src/rmw_zenoh/docs) by extensions ['cmake', 'python']
[0.380s] Level 1:colcon.colcon_core.package_identification:_identify(src/rmw_zenoh/docs) by extension 'cmake'
[0.380s] Level 1:colcon.colcon_core.package_identification:_identify(src/rmw_zenoh/docs) by extension 'python'
[0.380s] Level 1:colcon.colcon_core.package_identification:_identify(src/rmw_zenoh/docs) by extensions ['python_setup_py']
[0.380s] Level 1:colcon.colcon_core.package_identification:_identify(src/rmw_zenoh/docs) by extension 'python_setup_py'
[0.380s] Level 1:colcon.colcon_core.package_identification:_identify(src/rmw_zenoh/rmw_zenoh_cpp) by extensions ['ignore', 'ignore_ament_install']
[0.380s] Level 1:colcon.colcon_core.package_identification:_identify(src/rmw_zenoh/rmw_zenoh_cpp) by extension 'ignore'
[0.381s] Level 1:colcon.colcon_core.package_identification:_identify(src/rmw_zenoh/rmw_zenoh_cpp) by extension 'ignore_ament_install'
[0.381s] Level 1:colcon.colcon_core.package_identification:_identify(src/rmw_zenoh/rmw_zenoh_cpp) by extensions ['colcon_pkg']
[0.381s] Level 1:colcon.colcon_core.package_identification:_identify(src/rmw_zenoh/rmw_zenoh_cpp) by extension 'colcon_pkg'
[0.381s] Level 1:colcon.colcon_core.package_identification:_identify(src/rmw_zenoh/rmw_zenoh_cpp) by extensions ['colcon_meta']
[0.381s] Level 1:colcon.colcon_core.package_identification:_identify(src/rmw_zenoh/rmw_zenoh_cpp) by extension 'colcon_meta'
[0.381s] Level 1:colcon.colcon_core.package_identification:_identify(src/rmw_zenoh/rmw_zenoh_cpp) by extensions ['ros']
[0.381s] Level 1:colcon.colcon_core.package_identification:_identify(src/rmw_zenoh/rmw_zenoh_cpp) by extension 'ros'
[0.383s] DEBUG:colcon.colcon_core.package_identification:Package 'src/rmw_zenoh/rmw_zenoh_cpp' with type 'ros.ament_cmake' and name 'rmw_zenoh_cpp'
[0.383s] Level 1:colcon.colcon_core.package_identification:_identify(src/rmw_zenoh/zenoh_cpp_vendor) by extensions ['ignore', 'ignore_ament_install']
[0.383s] Level 1:colcon.colcon_core.package_identification:_identify(src/rmw_zenoh/zenoh_cpp_vendor) by extension 'ignore'
[0.383s] Level 1:colcon.colcon_core.package_identification:_identify(src/rmw_zenoh/zenoh_cpp_vendor) by extension 'ignore_ament_install'
[0.383s] Level 1:colcon.colcon_core.package_identification:_identify(src/rmw_zenoh/zenoh_cpp_vendor) by extensions ['colcon_pkg']
[0.383s] Level 1:colcon.colcon_core.package_identification:_identify(src/rmw_zenoh/zenoh_cpp_vendor) by extension 'colcon_pkg'
[0.383s] Level 1:colcon.colcon_core.package_identification:_identify(src/rmw_zenoh/zenoh_cpp_vendor) by extensions ['colcon_meta']
[0.383s] Level 1:colcon.colcon_core.package_identification:_identify(src/rmw_zenoh/zenoh_cpp_vendor) by extension 'colcon_meta'
[0.384s] Level 1:colcon.colcon_core.package_identification:_identify(src/rmw_zenoh/zenoh_cpp_vendor) by extensions ['ros']
[0.384s] Level 1:colcon.colcon_core.package_identification:_identify(src/rmw_zenoh/zenoh_cpp_vendor) by extension 'ros'
[0.384s] DEBUG:colcon.colcon_core.package_identification:Package 'src/rmw_zenoh/zenoh_cpp_vendor' with type 'ros.ament_cmake' and name 'zenoh_cpp_vendor'
[0.384s] Level 1:colcon.colcon_core.package_discovery:discover_packages(recursive) using defaults
[0.384s] Level 1:colcon.colcon_core.package_discovery:discover_packages(ignore) discover
[0.385s] Level 1:colcon.colcon_core.package_discovery:discover_packages(ignore) using defaults
[0.385s] Level 1:colcon.colcon_core.package_discovery:discover_packages(path) discover
[0.385s] Level 1:colcon.colcon_core.package_discovery:discover_packages(path) using defaults
[0.420s] INFO:colcon.colcon_core.package_selection:Skipping not selected package 'bno08x_driver' in 'src/bno08x_ros2_driver'
[0.421s] INFO:colcon.colcon_core.package_selection:Skipping not selected package 'imu_hardware_interface' in 'src/imu_hardware_interface'
[0.421s] INFO:colcon.colcon_core.package_selection:Skipping not selected package 'jetson_interface' in 'src/jetson_interface'
[0.421s] INFO:colcon.colcon_core.package_selection:Skipping not selected package 'py_pubsub' in 'src/py_pubsub'
[0.421s] INFO:colcon.colcon_core.package_selection:Skipping not selected package 'quadruped_hardware' in 'src/quadruped_hardware'
[0.421s] INFO:colcon.colcon_core.package_selection:Skipping not selected package 'quadruped_msgs' in 'src/quadruped_msgs'
[0.421s] INFO:colcon.colcon_core.package_selection:Skipping not selected package 'quadruped_sim' in 'src/quadruped_sim'
[0.421s] INFO:colcon.colcon_core.package_selection:Skipping not selected package 'quadruped_urdf' in 'src/quadruped_urdf'
[0.421s] INFO:colcon.colcon_core.package_selection:Skipping not selected package 'rl12dof_urdf_description' in 'src/rl12dof_urdf_description'
[0.421s] INFO:colcon.colcon_core.package_selection:Skipping not selected package 'zenoh_cpp_vendor' in 'src/rmw_zenoh/zenoh_cpp_vendor'
[0.421s] INFO:colcon.colcon_core.package_selection:Skipping not selected package 'quadruped_mpc' in 'src/quadruped_mpc'
[0.421s] INFO:colcon.colcon_core.package_selection:Skipping not selected package 'rmw_zenoh_cpp' in 'src/rmw_zenoh/rmw_zenoh_cpp'
[0.422s] Level 5:colcon.colcon_core.verb:set package 'quadruped_bringup' build argument 'cmake_args' from command line to 'None'
[0.422s] Level 5:colcon.colcon_core.verb:set package 'quadruped_bringup' build argument 'cmake_target' from command line to 'None'
[0.422s] Level 5:colcon.colcon_core.verb:set package 'quadruped_bringup' build argument 'cmake_target_skip_unavailable' from command line to 'False'
[0.422s] Level 5:colcon.colcon_core.verb:set package 'quadruped_bringup' build argument 'cmake_clean_cache' from command line to 'False'
[0.422s] Level 5:colcon.colcon_core.verb:set package 'quadruped_bringup' build argument 'cmake_clean_first' from command line to 'False'
[0.422s] Level 5:colcon.colcon_core.verb:set package 'quadruped_bringup' build argument 'cmake_force_configure' from command line to 'False'
[0.422s] Level 5:colcon.colcon_core.verb:set package 'quadruped_bringup' build argument 'ament_cmake_args' from command line to 'None'
[0.422s] Level 5:colcon.colcon_core.verb:set package 'quadruped_bringup' build argument 'catkin_cmake_args' from command line to 'None'
[0.422s] Level 5:colcon.colcon_core.verb:set package 'quadruped_bringup' build argument 'catkin_skip_building_tests' from command line to 'False'
[0.423s] DEBUG:colcon.colcon_core.verb:Building package 'quadruped_bringup' with the following arguments: {'ament_cmake_args': None, 'build_base': '/home/ws/build/quadruped_bringup', 'catkin_cmake_args': None, 'catkin_skip_building_tests': False, 'cmake_args': None, 'cmake_clean_cache': False, 'cmake_clean_first': False, 'cmake_force_configure': False, 'cmake_target': None, 'cmake_target_skip_unavailable': False, 'install_base': '/home/ws/install/quadruped_bringup', 'merge_install': False, 'path': '/home/ws/src/quadruped_bringup', 'symlink_install': False, 'test_result_base': None}
[0.423s] Level 5:colcon.colcon_core.verb:set package 'quadruped_utils' build argument 'cmake_args' from command line to 'None'
[0.423s] Level 5:colcon.colcon_core.verb:set package 'quadruped_utils' build argument 'cmake_target' from command line to 'None'
[0.423s] Level 5:colcon.colcon_core.verb:set package 'quadruped_utils' build argument 'cmake_target_skip_unavailable' from command line to 'False'
[0.423s] Level 5:colcon.colcon_core.verb:set package 'quadruped_utils' build argument 'cmake_clean_cache' from command line to 'False'
[0.423s] Level 5:colcon.colcon_core.verb:set package 'quadruped_utils' build argument 'cmake_clean_first' from command line to 'False'
[0.423s] Level 5:colcon.colcon_core.verb:set package 'quadruped_utils' build argument 'cmake_force_configure' from command line to 'False'
[0.424s] Level 5:colcon.colcon_core.verb:set package 'quadruped_utils' build argument 'ament_cmake_args' from command line to 'None'
[0.424s] Level 5:colcon.colcon_core.verb:set package 'quadruped_utils' build argument 'catkin_cmake_args' from command line to 'None'
[0.424s] Level 5:colcon.colcon_core.verb:set package 'quadruped_utils' build argument 'catkin_skip_building_tests' from command line to 'False'
[0.424s] DEBUG:colcon.colcon_core.verb:Building package 'quadruped_utils' with the following arguments: {'ament_cmake_args': None, 'build_base': '/home/ws/build/quadruped_utils', 'catkin_cmake_args': None, 'catkin_skip_building_tests': False, 'cmake_args': None, 'cmake_clean_cache': False, 'cmake_clean_first': False, 'cmake_force_configure': False, 'cmake_target': None, 'cmake_target_skip_unavailable': False, 'install_base': '/home/ws/install/quadruped_utils', 'merge_install': False, 'path': '/home/ws/src/quadruped_utils', 'symlink_install': False, 'test_result_base': None}
[0.424s] INFO:colcon.colcon_core.executor:Executing jobs using 'parallel' executor
[0.431s] DEBUG:colcon.colcon_parallel_executor.executor.parallel:run_until_complete
[0.431s] INFO:colcon.colcon_ros.task.ament_cmake.build:Building ROS package in '/home/ws/src/quadruped_bringup' with build type 'ament_cmake'
[0.431s] INFO:colcon.colcon_cmake.task.cmake.build:Building CMake package in '/home/ws/src/quadruped_bringup'
[0.437s] INFO:colcon.colcon_core.plugin_system:Skipping extension 'colcon_core.shell.bat': Not used on non-Windows systems
[0.437s] INFO:colcon.colcon_core.shell:Skip shell extension 'powershell' for command environment: Not usable outside of PowerShell
[0.437s] DEBUG:colcon.colcon_core.shell:Skip shell extension 'dsv' for command environment
[0.450s] INFO:colcon.colcon_ros.task.ament_cmake.build:Building ROS package in '/home/ws/src/quadruped_utils' with build type 'ament_cmake'
[0.451s] INFO:colcon.colcon_cmake.task.cmake.build:Building CMake package in '/home/ws/src/quadruped_utils'
[0.451s] INFO:colcon.colcon_core.shell:Skip shell extension 'powershell' for command environment: Not usable outside of PowerShell
[0.452s] DEBUG:colcon.colcon_core.shell:Skip shell extension 'dsv' for command environment
[0.474s] DEBUG:colcon.colcon_core.event_handler.log_command:Invoking command in '/home/ws/build/quadruped_bringup': CMAKE_PREFIX_PATH=${CMAKE_PREFIX_PATH}:/home/ws/install/py_pubsub:/opt/ros/jazzy DEBUGINFOD_URLS=https://debuginfod.ubuntu.com /usr/bin/cmake /home/ws/src/quadruped_bringup -DCMAKE_INSTALL_PREFIX=/home/ws/install/quadruped_bringup
[0.477s] DEBUG:colcon.colcon_core.event_handler.log_command:Invoking command in '/home/ws/build/quadruped_utils': CMAKE_PREFIX_PATH=${CMAKE_PREFIX_PATH}:/home/ws/install/py_pubsub:/opt/ros/jazzy DEBUGINFOD_URLS=https://debuginfod.ubuntu.com /usr/bin/cmake /home/ws/src/quadruped_utils -DCMAKE_INSTALL_PREFIX=/home/ws/install/quadruped_utils
[1.340s] DEBUG:colcon.colcon_core.event_handler.log_command:Invoked command in '/home/ws/build/quadruped_bringup' returned '0': CMAKE_PREFIX_PATH=${CMAKE_PREFIX_PATH}:/home/ws/install/py_pubsub:/opt/ros/jazzy DEBUGINFOD_URLS=https://debuginfod.ubuntu.com /usr/bin/cmake /home/ws/src/quadruped_bringup -DCMAKE_INSTALL_PREFIX=/home/ws/install/quadruped_bringup
[1.341s] DEBUG:colcon.colcon_core.event_handler.log_command:Invoking command in '/home/ws/build/quadruped_bringup': CMAKE_PREFIX_PATH=${CMAKE_PREFIX_PATH}:/home/ws/install/py_pubsub:/opt/ros/jazzy DEBUGINFOD_URLS=https://debuginfod.ubuntu.com /usr/bin/cmake --build /home/ws/build/quadruped_bringup -- -j8 -l8
[1.459s] DEBUG:colcon.colcon_core.event_handler.log_command:Invoked command in '/home/ws/build/quadruped_bringup' returned '0': CMAKE_PREFIX_PATH=${CMAKE_PREFIX_PATH}:/home/ws/install/py_pubsub:/opt/ros/jazzy DEBUGINFOD_URLS=https://debuginfod.ubuntu.com /usr/bin/cmake --build /home/ws/build/quadruped_bringup -- -j8 -l8
[1.482s] DEBUG:colcon.colcon_core.event_handler.log_command:Invoking command in '/home/ws/build/quadruped_bringup': CMAKE_PREFIX_PATH=${CMAKE_PREFIX_PATH}:/home/ws/install/py_pubsub:/opt/ros/jazzy DEBUGINFOD_URLS=https://debuginfod.ubuntu.com /usr/bin/cmake --install /home/ws/build/quadruped_bringup
[1.506s] Level 1:colcon.colcon_core.environment:create_environment_scripts_only(quadruped_bringup)
[1.510s] Level 1:colcon.colcon_core.environment:checking '/home/ws/install/quadruped_bringup' for CMake module files
[1.511s] Level 1:colcon.colcon_core.environment:checking '/home/ws/install/quadruped_bringup' for CMake config files
[1.512s] Level 1:colcon.colcon_core.shell:create_environment_hook('quadruped_bringup', 'cmake_prefix_path')
[1.512s] INFO:colcon.colcon_core.shell:Creating environment hook '/home/ws/install/quadruped_bringup/share/quadruped_bringup/hook/cmake_prefix_path.ps1'
[1.514s] DEBUG:colcon.colcon_core.event_handler.log_command:Invoked command in '/home/ws/build/quadruped_bringup' returned '0': CMAKE_PREFIX_PATH=${CMAKE_PREFIX_PATH}:/home/ws/install/py_pubsub:/opt/ros/jazzy DEBUGINFOD_URLS=https://debuginfod.ubuntu.com /usr/bin/cmake --install /home/ws/build/quadruped_bringup
[1.514s] INFO:colcon.colcon_core.shell:Creating environment descriptor '/home/ws/install/quadruped_bringup/share/quadruped_bringup/hook/cmake_prefix_path.dsv'
[1.515s] INFO:colcon.colcon_core.shell:Creating environment hook '/home/ws/install/quadruped_bringup/share/quadruped_bringup/hook/cmake_prefix_path.sh'
[1.518s] Level 1:colcon.colcon_core.environment:checking '/home/ws/install/quadruped_bringup/bin'
[1.518s] Level 1:colcon.colcon_core.environment:checking '/home/ws/install/quadruped_bringup/lib/pkgconfig/quadruped_bringup.pc'
[1.522s] Level 1:colcon.colcon_core.environment:checking '/home/ws/install/quadruped_bringup/lib/python3.12/site-packages'
[1.522s] Level 1:colcon.colcon_core.environment:checking '/home/ws/install/quadruped_bringup/bin'
[1.523s] INFO:colcon.colcon_core.shell:Creating package script '/home/ws/install/quadruped_bringup/share/quadruped_bringup/package.ps1'
[1.524s] INFO:colcon.colcon_core.shell:Creating package descriptor '/home/ws/install/quadruped_bringup/share/quadruped_bringup/package.dsv'
[1.525s] INFO:colcon.colcon_core.shell:Creating package script '/home/ws/install/quadruped_bringup/share/quadruped_bringup/package.sh'
[1.527s] INFO:colcon.colcon_core.shell:Creating package script '/home/ws/install/quadruped_bringup/share/quadruped_bringup/package.bash'
[1.528s] INFO:colcon.colcon_core.shell:Creating package script '/home/ws/install/quadruped_bringup/share/quadruped_bringup/package.zsh'
[1.529s] Level 1:colcon.colcon_core.environment:create_file_with_runtime_dependencies(/home/ws/install/quadruped_bringup/share/colcon-core/packages/quadruped_bringup)
[1.530s] Level 1:colcon.colcon_core.environment:create_environment_scripts_only(quadruped_bringup)
[1.531s] Level 1:colcon.colcon_core.environment:checking '/home/ws/install/quadruped_bringup' for CMake module files
[1.532s] Level 1:colcon.colcon_core.environment:checking '/home/ws/install/quadruped_bringup' for CMake config files
[1.532s] Level 1:colcon.colcon_core.shell:create_environment_hook('quadruped_bringup', 'cmake_prefix_path')
[1.532s] INFO:colcon.colcon_core.shell:Creating environment hook '/home/ws/install/quadruped_bringup/share/quadruped_bringup/hook/cmake_prefix_path.ps1'
[1.533s] INFO:colcon.colcon_core.shell:Creating environment descriptor '/home/ws/install/quadruped_bringup/share/quadruped_bringup/hook/cmake_prefix_path.dsv'
[1.534s] INFO:colcon.colcon_core.shell:Creating environment hook '/home/ws/install/quadruped_bringup/share/quadruped_bringup/hook/cmake_prefix_path.sh'
[1.535s] Level 1:colcon.colcon_core.environment:checking '/home/ws/install/quadruped_bringup/bin'
[1.536s] Level 1:colcon.colcon_core.environment:checking '/home/ws/install/quadruped_bringup/lib/pkgconfig/quadruped_bringup.pc'
[1.536s] Level 1:colcon.colcon_core.environment:checking '/home/ws/install/quadruped_bringup/lib/python3.12/site-packages'
[1.536s] Level 1:colcon.colcon_core.environment:checking '/home/ws/install/quadruped_bringup/bin'
[1.537s] INFO:colcon.colcon_core.shell:Creating package script '/home/ws/install/quadruped_bringup/share/quadruped_bringup/package.ps1'
[1.538s] INFO:colcon.colcon_core.shell:Creating package descriptor '/home/ws/install/quadruped_bringup/share/quadruped_bringup/package.dsv'
[1.539s] INFO:colcon.colcon_core.shell:Creating package script '/home/ws/install/quadruped_bringup/share/quadruped_bringup/package.sh'
[1.540s] INFO:colcon.colcon_core.shell:Creating package script '/home/ws/install/quadruped_bringup/share/quadruped_bringup/package.bash'
[1.541s] INFO:colcon.colcon_core.shell:Creating package script '/home/ws/install/quadruped_bringup/share/quadruped_bringup/package.zsh'
[1.542s] Level 1:colcon.colcon_core.environment:create_file_with_runtime_dependencies(/home/ws/install/quadruped_bringup/share/colcon-core/packages/quadruped_bringup)
[2.377s] DEBUG:colcon.colcon_core.event_handler.log_command:Invoked command in '/home/ws/build/quadruped_utils' returned '0': CMAKE_PREFIX_PATH=${CMAKE_PREFIX_PATH}:/home/ws/install/py_pubsub:/opt/ros/jazzy DEBUGINFOD_URLS=https://debuginfod.ubuntu.com /usr/bin/cmake /home/ws/src/quadruped_utils -DCMAKE_INSTALL_PREFIX=/home/ws/install/quadruped_utils
[2.377s] DEBUG:colcon.colcon_core.event_handler.log_command:Invoking command in '/home/ws/build/quadruped_utils': CMAKE_PREFIX_PATH=${CMAKE_PREFIX_PATH}:/home/ws/install/py_pubsub:/opt/ros/jazzy DEBUGINFOD_URLS=https://debuginfod.ubuntu.com /usr/bin/cmake --build /home/ws/build/quadruped_utils -- -j8 -l8
[2.590s] DEBUG:colcon.colcon_core.event_handler.log_command:Invoked command in '/home/ws/build/quadruped_utils' returned '0': CMAKE_PREFIX_PATH=${CMAKE_PREFIX_PATH}:/home/ws/install/py_pubsub:/opt/ros/jazzy DEBUGINFOD_URLS=https://debuginfod.ubuntu.com /usr/bin/cmake --build /home/ws/build/quadruped_utils -- -j8 -l8
[2.592s] DEBUG:colcon.colcon_core.event_handler.log_command:Invoking command in '/home/ws/build/quadruped_utils': CMAKE_PREFIX_PATH=${CMAKE_PREFIX_PATH}:/home/ws/install/py_pubsub:/opt/ros/jazzy DEBUGINFOD_URLS=https://debuginfod.ubuntu.com /usr/bin/cmake --install /home/ws/build/quadruped_utils
[2.623s] Level 1:colcon.colcon_core.environment:create_environment_scripts_only(quadruped_utils)
[2.624s] Level 1:colcon.colcon_core.environment:checking '/home/ws/install/quadruped_utils' for CMake module files
[2.625s] Level 1:colcon.colcon_core.environment:checking '/home/ws/install/quadruped_utils' for CMake config files
[2.627s] Level 1:colcon.colcon_core.shell:create_environment_hook('quadruped_utils', 'cmake_prefix_path')
[2.627s] INFO:colcon.colcon_core.shell:Creating environment hook '/home/ws/install/quadruped_utils/share/quadruped_utils/hook/cmake_prefix_path.ps1'
[2.630s] INFO:colcon.colcon_core.shell:Creating environment descriptor '/home/ws/install/quadruped_utils/share/quadruped_utils/hook/cmake_prefix_path.dsv'
[2.631s] INFO:colcon.colcon_core.shell:Creating environment hook '/home/ws/install/quadruped_utils/share/quadruped_utils/hook/cmake_prefix_path.sh'
[2.632s] Level 1:colcon.colcon_core.environment:checking '/home/ws/install/quadruped_utils/lib'
[2.633s] Level 1:colcon.colcon_core.shell:create_environment_hook('quadruped_utils', 'ld_library_path_lib')
[2.633s] INFO:colcon.colcon_core.shell:Creating environment hook '/home/ws/install/quadruped_utils/share/quadruped_utils/hook/ld_library_path_lib.ps1'
[2.634s] DEBUG:colcon.colcon_core.event_handler.log_command:Invoked command in '/home/ws/build/quadruped_utils' returned '0': CMAKE_PREFIX_PATH=${CMAKE_PREFIX_PATH}:/home/ws/install/py_pubsub:/opt/ros/jazzy DEBUGINFOD_URLS=https://debuginfod.ubuntu.com /usr/bin/cmake --install /home/ws/build/quadruped_utils
[2.636s] INFO:colcon.colcon_core.shell:Creating environment descriptor '/home/ws/install/quadruped_utils/share/quadruped_utils/hook/ld_library_path_lib.dsv'
[2.637s] INFO:colcon.colcon_core.shell:Creating environment hook '/home/ws/install/quadruped_utils/share/quadruped_utils/hook/ld_library_path_lib.sh'
[2.640s] Level 1:colcon.colcon_core.environment:checking '/home/ws/install/quadruped_utils/bin'
[2.640s] Level 1:colcon.colcon_core.environment:checking '/home/ws/install/quadruped_utils/lib/pkgconfig/quadruped_utils.pc'
[2.641s] Level 1:colcon.colcon_core.environment:checking '/home/ws/install/quadruped_utils/lib/python3.12/site-packages'
[2.641s] Level 1:colcon.colcon_core.environment:checking '/home/ws/install/quadruped_utils/bin'
[2.641s] INFO:colcon.colcon_core.shell:Creating package script '/home/ws/install/quadruped_utils/share/quadruped_utils/package.ps1'
[2.643s] INFO:colcon.colcon_core.shell:Creating package descriptor '/home/ws/install/quadruped_utils/share/quadruped_utils/package.dsv'
[2.644s] INFO:colcon.colcon_core.shell:Creating package script '/home/ws/install/quadruped_utils/share/quadruped_utils/package.sh'
[2.645s] INFO:colcon.colcon_core.shell:Creating package script '/home/ws/install/quadruped_utils/share/quadruped_utils/package.bash'
[2.646s] INFO:colcon.colcon_core.shell:Creating package script '/home/ws/install/quadruped_utils/share/quadruped_utils/package.zsh'
[2.647s] Level 1:colcon.colcon_core.environment:create_file_with_runtime_dependencies(/home/ws/install/quadruped_utils/share/colcon-core/packages/quadruped_utils)
[2.648s] Level 1:colcon.colcon_core.environment:create_environment_scripts_only(quadruped_utils)
[2.648s] Level 1:colcon.colcon_core.environment:checking '/home/ws/install/quadruped_utils' for CMake module files
[2.650s] Level 1:colcon.colcon_core.environment:checking '/home/ws/install/quadruped_utils' for CMake config files
[2.650s] Level 1:colcon.colcon_core.shell:create_environment_hook('quadruped_utils', 'cmake_prefix_path')
[2.650s] INFO:colcon.colcon_core.shell:Creating environment hook '/home/ws/install/quadruped_utils/share/quadruped_utils/hook/cmake_prefix_path.ps1'
[2.651s] INFO:colcon.colcon_core.shell:Creating environment descriptor '/home/ws/install/quadruped_utils/share/quadruped_utils/hook/cmake_prefix_path.dsv'
[2.652s] INFO:colcon.colcon_core.shell:Creating environment hook '/home/ws/install/quadruped_utils/share/quadruped_utils/hook/cmake_prefix_path.sh'
[2.653s] Level 1:colcon.colcon_core.environment:checking '/home/ws/install/quadruped_utils/lib'
[2.654s] Level 1:colcon.colcon_core.shell:create_environment_hook('quadruped_utils', 'ld_library_path_lib')
[2.654s] INFO:colcon.colcon_core.shell:Creating environment hook '/home/ws/install/quadruped_utils/share/quadruped_utils/hook/ld_library_path_lib.ps1'
[2.655s] INFO:colcon.colcon_core.shell:Creating environment descriptor '/home/ws/install/quadruped_utils/share/quadruped_utils/hook/ld_library_path_lib.dsv'
[2.655s] INFO:colcon.colcon_core.shell:Creating environment hook '/home/ws/install/quadruped_utils/share/quadruped_utils/hook/ld_library_path_lib.sh'
[2.656s] Level 1:colcon.colcon_core.environment:checking '/home/ws/install/quadruped_utils/bin'
[2.656s] Level 1:colcon.colcon_core.environment:checking '/home/ws/install/quadruped_utils/lib/pkgconfig/quadruped_utils.pc'
[2.657s] Level 1:colcon.colcon_core.environment:checking '/home/ws/install/quadruped_utils/lib/python3.12/site-packages'
[2.657s] Level 1:colcon.colcon_core.environment:checking '/home/ws/install/quadruped_utils/bin'
[2.658s] INFO:colcon.colcon_core.shell:Creating package script '/home/ws/install/quadruped_utils/share/quadruped_utils/package.ps1'
[2.659s] INFO:colcon.colcon_core.shell:Creating package descriptor '/home/ws/install/quadruped_utils/share/quadruped_utils/package.dsv'
[2.660s] INFO:colcon.colcon_core.shell:Creating package script '/home/ws/install/quadruped_utils/share/quadruped_utils/package.sh'
[2.661s] INFO:colcon.colcon_core.shell:Creating package script '/home/ws/install/quadruped_utils/share/quadruped_utils/package.bash'
[2.662s] INFO:colcon.colcon_core.shell:Creating package script '/home/ws/install/quadruped_utils/share/quadruped_utils/package.zsh'
[2.662s] Level 1:colcon.colcon_core.environment:create_file_with_runtime_dependencies(/home/ws/install/quadruped_utils/share/colcon-core/packages/quadruped_utils)
[2.664s] DEBUG:colcon.colcon_parallel_executor.executor.parallel:closing loop
[2.664s] DEBUG:colcon.colcon_parallel_executor.executor.parallel:loop closed
[2.664s] DEBUG:colcon.colcon_parallel_executor.executor.parallel:run_until_complete finished with '0'
[2.664s] DEBUG:colcon.colcon_core.event_reactor:joining thread
[2.677s] INFO:colcon.colcon_core.plugin_system:Skipping extension 'colcon_notification.desktop_notification.notify_send': Could not find 'notify-send'
[2.677s] INFO:colcon.colcon_core.plugin_system:Skipping extension 'colcon_notification.desktop_notification.terminal_notifier': Not used on non-Darwin systems
[2.677s] INFO:colcon.colcon_core.plugin_system:Skipping extension 'colcon_notification.desktop_notification.win32': Not used on non-Windows systems
[2.677s] INFO:colcon.colcon_notification.desktop_notification:Sending desktop notification using 'notify2'
[2.684s] DEBUG:colcon.colcon_notification.desktop_notification.notify2:Failed to initialize notify2: org.freedesktop.DBus.Error.Spawn.ExecFailed: /usr/bin/dbus-launch terminated abnormally without any error message
[2.684s] DEBUG:colcon.colcon_core.event_reactor:joined thread
[2.685s] INFO:colcon.colcon_core.shell:Creating prefix script '/home/ws/install/local_setup.ps1'
[2.687s] INFO:colcon.colcon_core.shell:Creating prefix util module '/home/ws/install/_local_setup_util_ps1.py'
[2.689s] INFO:colcon.colcon_core.shell:Creating prefix chain script '/home/ws/install/setup.ps1'
[2.693s] INFO:colcon.colcon_core.shell:Creating prefix script '/home/ws/install/local_setup.sh'
[2.694s] INFO:colcon.colcon_core.shell:Creating prefix util module '/home/ws/install/_local_setup_util_sh.py'
[2.696s] INFO:colcon.colcon_core.shell:Creating prefix chain script '/home/ws/install/setup.sh'
[2.699s] INFO:colcon.colcon_core.shell:Creating prefix script '/home/ws/install/local_setup.bash'
[2.700s] INFO:colcon.colcon_core.shell:Creating prefix chain script '/home/ws/install/setup.bash'
[2.703s] INFO:colcon.colcon_core.shell:Creating prefix script '/home/ws/install/local_setup.zsh'
[2.704s] INFO:colcon.colcon_core.shell:Creating prefix chain script '/home/ws/install/setup.zsh'
