[0.693s] Invoking command in '/home/ws/build/quadruped_sim': CMAKE_PREFIX_PATH=${CMAKE_PREFIX_PATH}:/home/ws/install/py_pubsub:/opt/ros/jazzy DEBUGINFOD_URLS=https://debuginfod.ubuntu.com /usr/bin/cmake /home/ws/src/quadruped_sim -DCMAKE_INSTALL_PREFIX=/home/ws/install/quadruped_sim
[1.208s] -- Found ament_cmake: 2.5.3 (/opt/ros/jazzy/share/ament_cmake/cmake)
[1.752s] -- Found ament_lint_auto: 0.17.1 (/opt/ros/jazzy/share/ament_lint_auto/cmake)
[2.157s] -- Added test 'flake8' to check Python code syntax and style conventions
[2.157s] -- Configured 'flake8' exclude dirs and/or files: 
[2.159s] -- Added test 'lint_cmake' to check CMake code style
[2.161s] -- Added test 'pep257' to check Python code against some of the docstring style conventions in PEP 257
[2.165s] -- Added test 'xmllint' to check XML markup files
[2.173s] -- Configuring done (1.4s)
[2.191s] -- Generating done (0.0s)
[2.211s] -- Build files have been written to: /home/ws/build/quadruped_sim
[2.326s] Invoked command in '/home/ws/build/quadruped_sim' returned '0': CMAKE_PREFIX_PATH=${CMAKE_PREFIX_PATH}:/home/ws/install/py_pubsub:/opt/ros/jazzy DEBUGINFOD_URLS=https://debuginfod.ubuntu.com /usr/bin/cmake /home/ws/src/quadruped_sim -DCMAKE_INSTALL_PREFIX=/home/ws/install/quadruped_sim
[2.327s] Invoking command in '/home/ws/build/quadruped_sim': CMAKE_PREFIX_PATH=${CMAKE_PREFIX_PATH}:/home/ws/install/py_pubsub:/opt/ros/jazzy DEBUGINFOD_URLS=https://debuginfod.ubuntu.com /usr/bin/cmake --build /home/ws/build/quadruped_sim -- -j8 -l8
[2.563s] Invoked command in '/home/ws/build/quadruped_sim' returned '0': CMAKE_PREFIX_PATH=${CMAKE_PREFIX_PATH}:/home/ws/install/py_pubsub:/opt/ros/jazzy DEBUGINFOD_URLS=https://debuginfod.ubuntu.com /usr/bin/cmake --build /home/ws/build/quadruped_sim -- -j8 -l8
[2.564s] Invoking command in '/home/ws/build/quadruped_sim': CMAKE_PREFIX_PATH=${CMAKE_PREFIX_PATH}:/home/ws/install/py_pubsub:/opt/ros/jazzy DEBUGINFOD_URLS=https://debuginfod.ubuntu.com /usr/bin/cmake --install /home/ws/build/quadruped_sim
[2.664s] -- Install configuration: "Release"
[2.665s] -- Up-to-date: /home/ws/install/quadruped_sim/share/quadruped_sim/launch
[2.665s] -- Up-to-date: /home/ws/install/quadruped_sim/share/quadruped_sim/launch/gazebo_sim.launch.py
[2.665s] -- Up-to-date: /home/ws/install/quadruped_sim/share/ament_index/resource_index/package_run_dependencies/quadruped_sim
[2.665s] -- Installing: /home/ws/install/quadruped_sim/share/ament_index/resource_index/parent_prefix_path/quadruped_sim
[2.665s] -- Up-to-date: /home/ws/install/quadruped_sim/share/quadruped_sim/environment/ament_prefix_path.sh
[2.665s] -- Up-to-date: /home/ws/install/quadruped_sim/share/quadruped_sim/environment/ament_prefix_path.dsv
[2.666s] -- Up-to-date: /home/ws/install/quadruped_sim/share/quadruped_sim/environment/path.sh
[2.666s] -- Up-to-date: /home/ws/install/quadruped_sim/share/quadruped_sim/environment/path.dsv
[2.666s] -- Up-to-date: /home/ws/install/quadruped_sim/share/quadruped_sim/local_setup.bash
[2.666s] -- Up-to-date: /home/ws/install/quadruped_sim/share/quadruped_sim/local_setup.sh
[2.666s] -- Up-to-date: /home/ws/install/quadruped_sim/share/quadruped_sim/local_setup.zsh
[2.666s] -- Up-to-date: /home/ws/install/quadruped_sim/share/quadruped_sim/local_setup.dsv
[2.666s] -- Installing: /home/ws/install/quadruped_sim/share/quadruped_sim/package.dsv
[2.667s] -- Up-to-date: /home/ws/install/quadruped_sim/share/ament_index/resource_index/packages/quadruped_sim
[2.667s] -- Up-to-date: /home/ws/install/quadruped_sim/share/quadruped_sim/cmake/quadruped_simConfig.cmake
[2.667s] -- Up-to-date: /home/ws/install/quadruped_sim/share/quadruped_sim/cmake/quadruped_simConfig-version.cmake
[2.667s] -- Up-to-date: /home/ws/install/quadruped_sim/share/quadruped_sim/package.xml
[2.687s] Invoked command in '/home/ws/build/quadruped_sim' returned '0': CMAKE_PREFIX_PATH=${CMAKE_PREFIX_PATH}:/home/ws/install/py_pubsub:/opt/ros/jazzy DEBUGINFOD_URLS=https://debuginfod.ubuntu.com /usr/bin/cmake --install /home/ws/build/quadruped_sim
