[0.275s] DEBUG:colcon:Command line arguments: ['/usr/bin/colcon', 'build', '--packages-select', 'zenoh_cpp_vendor', 'rmw_zenoh_cpp']
[0.275s] DEBUG:colcon:Parsed command line arguments: Namespace(log_base=None, log_level=None, verb_name='build', build_base='build', install_base='install', merge_install=False, symlink_install=False, test_result_base=None, continue_on_error=False, executor='parallel', parallel_workers=8, event_handlers=None, ignore_user_meta=False, metas=['./colcon.meta'], base_paths=['.'], packages_ignore=None, packages_ignore_regex=None, paths=None, packages_up_to=None, packages_up_to_regex=None, packages_above=None, packages_above_and_dependencies=None, packages_above_depth=None, packages_select_by_dep=None, packages_skip_by_dep=None, packages_skip_up_to=None, packages_select_build_failed=False, packages_skip_build_finished=False, packages_select_test_failures=False, packages_skip_test_passed=False, packages_select=['zenoh_cpp_vendor', 'rmw_zenoh_cpp'], packages_skip=None, packages_select_regex=None, packages_skip_regex=None, packages_start=None, packages_end=None, cmake_args=None, cmake_target=None, cmake_target_skip_unavailable=False, cmake_clean_cache=False, cmake_clean_first=False, cmake_force_configure=False, ament_cmake_args=None, catkin_cmake_args=None, catkin_skip_building_tests=False, mixin_files=None, mixin=None, verb_parser=<colcon_mixin.mixin.mixin_argument.MixinArgumentDecorator object at 0xffffa18b1340>, verb_extension=<colcon_core.verb.build.BuildVerb object at 0xffffa18b0c50>, main=<bound method BuildVerb.main of <colcon_core.verb.build.BuildVerb object at 0xffffa18b0c50>>, mixin_verb=('build',))
[0.361s] Level 1:colcon.colcon_core.package_discovery:discover_packages(colcon_meta) check parameters
[0.361s] Level 1:colcon.colcon_core.package_discovery:discover_packages(recursive) check parameters
[0.361s] Level 1:colcon.colcon_core.package_discovery:discover_packages(ignore) check parameters
[0.361s] Level 1:colcon.colcon_core.package_discovery:discover_packages(path) check parameters
[0.361s] Level 1:colcon.colcon_core.package_discovery:discover_packages(colcon_meta) discover
[0.362s] Level 1:colcon.colcon_core.package_discovery:discover_packages(recursive) discover
[0.362s] INFO:colcon.colcon_core.package_discovery:Crawling recursively for packages in '/home/ws'
[0.362s] Level 1:colcon.colcon_core.package_identification:_identify(.) by extensions ['ignore', 'ignore_ament_install']
[0.362s] Level 1:colcon.colcon_core.package_identification:_identify(.) by extension 'ignore'
[0.362s] Level 1:colcon.colcon_core.package_identification:_identify(.) by extension 'ignore_ament_install'
[0.362s] Level 1:colcon.colcon_core.package_identification:_identify(.) by extensions ['colcon_pkg']
[0.363s] Level 1:colcon.colcon_core.package_identification:_identify(.) by extension 'colcon_pkg'
[0.363s] Level 1:colcon.colcon_core.package_identification:_identify(.) by extensions ['colcon_meta']
[0.363s] Level 1:colcon.colcon_core.package_identification:_identify(.) by extension 'colcon_meta'
[0.363s] Level 1:colcon.colcon_core.package_identification:_identify(.) by extensions ['ros']
[0.363s] Level 1:colcon.colcon_core.package_identification:_identify(.) by extension 'ros'
[0.419s] Level 1:colcon.colcon_core.package_identification:_identify(.) by extensions ['cmake', 'python']
[0.419s] Level 1:colcon.colcon_core.package_identification:_identify(.) by extension 'cmake'
[0.419s] Level 1:colcon.colcon_core.package_identification:_identify(.) by extension 'python'
[0.419s] Level 1:colcon.colcon_core.package_identification:_identify(.) by extensions ['python_setup_py']
[0.419s] Level 1:colcon.colcon_core.package_identification:_identify(.) by extension 'python_setup_py'
[0.419s] Level 1:colcon.colcon_core.package_identification:_identify(bags) by extensions ['ignore', 'ignore_ament_install']
[0.420s] Level 1:colcon.colcon_core.package_identification:_identify(bags) by extension 'ignore'
[0.420s] Level 1:colcon.colcon_core.package_identification:_identify(bags) by extension 'ignore_ament_install'
[0.420s] Level 1:colcon.colcon_core.package_identification:_identify(bags) by extensions ['colcon_pkg']
[0.420s] Level 1:colcon.colcon_core.package_identification:_identify(bags) by extension 'colcon_pkg'
[0.420s] Level 1:colcon.colcon_core.package_identification:_identify(bags) by extensions ['colcon_meta']
[0.420s] Level 1:colcon.colcon_core.package_identification:_identify(bags) by extension 'colcon_meta'
[0.420s] Level 1:colcon.colcon_core.package_identification:_identify(bags) by extensions ['ros']
[0.420s] Level 1:colcon.colcon_core.package_identification:_identify(bags) by extension 'ros'
[0.421s] Level 1:colcon.colcon_core.package_identification:_identify(bags) by extensions ['cmake', 'python']
[0.421s] Level 1:colcon.colcon_core.package_identification:_identify(bags) by extension 'cmake'
[0.421s] Level 1:colcon.colcon_core.package_identification:_identify(bags) by extension 'python'
[0.421s] Level 1:colcon.colcon_core.package_identification:_identify(bags) by extensions ['python_setup_py']
[0.421s] Level 1:colcon.colcon_core.package_identification:_identify(bags) by extension 'python_setup_py'
[0.421s] Level 1:colcon.colcon_core.package_identification:_identify(bags/basic_imu_test) by extensions ['ignore', 'ignore_ament_install']
[0.421s] Level 1:colcon.colcon_core.package_identification:_identify(bags/basic_imu_test) by extension 'ignore'
[0.422s] Level 1:colcon.colcon_core.package_identification:_identify(bags/basic_imu_test) by extension 'ignore_ament_install'
[0.422s] Level 1:colcon.colcon_core.package_identification:_identify(bags/basic_imu_test) by extensions ['colcon_pkg']
[0.422s] Level 1:colcon.colcon_core.package_identification:_identify(bags/basic_imu_test) by extension 'colcon_pkg'
[0.422s] Level 1:colcon.colcon_core.package_identification:_identify(bags/basic_imu_test) by extensions ['colcon_meta']
[0.422s] Level 1:colcon.colcon_core.package_identification:_identify(bags/basic_imu_test) by extension 'colcon_meta'
[0.422s] Level 1:colcon.colcon_core.package_identification:_identify(bags/basic_imu_test) by extensions ['ros']
[0.422s] Level 1:colcon.colcon_core.package_identification:_identify(bags/basic_imu_test) by extension 'ros'
[0.422s] Level 1:colcon.colcon_core.package_identification:_identify(bags/basic_imu_test) by extensions ['cmake', 'python']
[0.422s] Level 1:colcon.colcon_core.package_identification:_identify(bags/basic_imu_test) by extension 'cmake'
[0.422s] Level 1:colcon.colcon_core.package_identification:_identify(bags/basic_imu_test) by extension 'python'
[0.422s] Level 1:colcon.colcon_core.package_identification:_identify(bags/basic_imu_test) by extensions ['python_setup_py']
[0.423s] Level 1:colcon.colcon_core.package_identification:_identify(bags/basic_imu_test) by extension 'python_setup_py'
[0.423s] Level 1:colcon.colcon_core.package_identification:_identify(bags/clean_imu) by extensions ['ignore', 'ignore_ament_install']
[0.423s] Level 1:colcon.colcon_core.package_identification:_identify(bags/clean_imu) by extension 'ignore'
[0.423s] Level 1:colcon.colcon_core.package_identification:_identify(bags/clean_imu) by extension 'ignore_ament_install'
[0.423s] Level 1:colcon.colcon_core.package_identification:_identify(bags/clean_imu) by extensions ['colcon_pkg']
[0.423s] Level 1:colcon.colcon_core.package_identification:_identify(bags/clean_imu) by extension 'colcon_pkg'
[0.423s] Level 1:colcon.colcon_core.package_identification:_identify(bags/clean_imu) by extensions ['colcon_meta']
[0.423s] Level 1:colcon.colcon_core.package_identification:_identify(bags/clean_imu) by extension 'colcon_meta'
[0.423s] Level 1:colcon.colcon_core.package_identification:_identify(bags/clean_imu) by extensions ['ros']
[0.424s] Level 1:colcon.colcon_core.package_identification:_identify(bags/clean_imu) by extension 'ros'
[0.424s] Level 1:colcon.colcon_core.package_identification:_identify(bags/clean_imu) by extensions ['cmake', 'python']
[0.424s] Level 1:colcon.colcon_core.package_identification:_identify(bags/clean_imu) by extension 'cmake'
[0.424s] Level 1:colcon.colcon_core.package_identification:_identify(bags/clean_imu) by extension 'python'
[0.424s] Level 1:colcon.colcon_core.package_identification:_identify(bags/clean_imu) by extensions ['python_setup_py']
[0.424s] Level 1:colcon.colcon_core.package_identification:_identify(bags/clean_imu) by extension 'python_setup_py'
[0.424s] Level 1:colcon.colcon_core.package_identification:_identify(bags/impulse_standing) by extensions ['ignore', 'ignore_ament_install']
[0.424s] Level 1:colcon.colcon_core.package_identification:_identify(bags/impulse_standing) by extension 'ignore'
[0.425s] Level 1:colcon.colcon_core.package_identification:_identify(bags/impulse_standing) by extension 'ignore_ament_install'
[0.425s] Level 1:colcon.colcon_core.package_identification:_identify(bags/impulse_standing) by extensions ['colcon_pkg']
[0.425s] Level 1:colcon.colcon_core.package_identification:_identify(bags/impulse_standing) by extension 'colcon_pkg'
[0.425s] Level 1:colcon.colcon_core.package_identification:_identify(bags/impulse_standing) by extensions ['colcon_meta']
[0.425s] Level 1:colcon.colcon_core.package_identification:_identify(bags/impulse_standing) by extension 'colcon_meta'
[0.425s] Level 1:colcon.colcon_core.package_identification:_identify(bags/impulse_standing) by extensions ['ros']
[0.425s] Level 1:colcon.colcon_core.package_identification:_identify(bags/impulse_standing) by extension 'ros'
[0.425s] Level 1:colcon.colcon_core.package_identification:_identify(bags/impulse_standing) by extensions ['cmake', 'python']
[0.425s] Level 1:colcon.colcon_core.package_identification:_identify(bags/impulse_standing) by extension 'cmake'
[0.425s] Level 1:colcon.colcon_core.package_identification:_identify(bags/impulse_standing) by extension 'python'
[0.426s] Level 1:colcon.colcon_core.package_identification:_identify(bags/impulse_standing) by extensions ['python_setup_py']
[0.426s] Level 1:colcon.colcon_core.package_identification:_identify(bags/impulse_standing) by extension 'python_setup_py'
[0.426s] Level 1:colcon.colcon_core.package_identification:_identify(bags/impulse_standing2) by extensions ['ignore', 'ignore_ament_install']
[0.426s] Level 1:colcon.colcon_core.package_identification:_identify(bags/impulse_standing2) by extension 'ignore'
[0.426s] Level 1:colcon.colcon_core.package_identification:_identify(bags/impulse_standing2) by extension 'ignore_ament_install'
[0.426s] Level 1:colcon.colcon_core.package_identification:_identify(bags/impulse_standing2) by extensions ['colcon_pkg']
[0.426s] Level 1:colcon.colcon_core.package_identification:_identify(bags/impulse_standing2) by extension 'colcon_pkg'
[0.426s] Level 1:colcon.colcon_core.package_identification:_identify(bags/impulse_standing2) by extensions ['colcon_meta']
[0.426s] Level 1:colcon.colcon_core.package_identification:_identify(bags/impulse_standing2) by extension 'colcon_meta'
[0.427s] Level 1:colcon.colcon_core.package_identification:_identify(bags/impulse_standing2) by extensions ['ros']
[0.427s] Level 1:colcon.colcon_core.package_identification:_identify(bags/impulse_standing2) by extension 'ros'
[0.427s] Level 1:colcon.colcon_core.package_identification:_identify(bags/impulse_standing2) by extensions ['cmake', 'python']
[0.427s] Level 1:colcon.colcon_core.package_identification:_identify(bags/impulse_standing2) by extension 'cmake'
[0.427s] Level 1:colcon.colcon_core.package_identification:_identify(bags/impulse_standing2) by extension 'python'
[0.427s] Level 1:colcon.colcon_core.package_identification:_identify(bags/impulse_standing2) by extensions ['python_setup_py']
[0.427s] Level 1:colcon.colcon_core.package_identification:_identify(bags/impulse_standing2) by extension 'python_setup_py'
[0.427s] Level 1:colcon.colcon_core.package_identification:_identify(bags/motor_imu) by extensions ['ignore', 'ignore_ament_install']
[0.427s] Level 1:colcon.colcon_core.package_identification:_identify(bags/motor_imu) by extension 'ignore'
[0.428s] Level 1:colcon.colcon_core.package_identification:_identify(bags/motor_imu) by extension 'ignore_ament_install'
[0.428s] Level 1:colcon.colcon_core.package_identification:_identify(bags/motor_imu) by extensions ['colcon_pkg']
[0.428s] Level 1:colcon.colcon_core.package_identification:_identify(bags/motor_imu) by extension 'colcon_pkg'
[0.428s] Level 1:colcon.colcon_core.package_identification:_identify(bags/motor_imu) by extensions ['colcon_meta']
[0.428s] Level 1:colcon.colcon_core.package_identification:_identify(bags/motor_imu) by extension 'colcon_meta'
[0.428s] Level 1:colcon.colcon_core.package_identification:_identify(bags/motor_imu) by extensions ['ros']
[0.428s] Level 1:colcon.colcon_core.package_identification:_identify(bags/motor_imu) by extension 'ros'
[0.428s] Level 1:colcon.colcon_core.package_identification:_identify(bags/motor_imu) by extensions ['cmake', 'python']
[0.428s] Level 1:colcon.colcon_core.package_identification:_identify(bags/motor_imu) by extension 'cmake'
[0.428s] Level 1:colcon.colcon_core.package_identification:_identify(bags/motor_imu) by extension 'python'
[0.429s] Level 1:colcon.colcon_core.package_identification:_identify(bags/motor_imu) by extensions ['python_setup_py']
[0.429s] Level 1:colcon.colcon_core.package_identification:_identify(bags/motor_imu) by extension 'python_setup_py'
[0.429s] Level 1:colcon.colcon_core.package_identification:_identify(bags/rosbag2_2025_06_04-19_30_09) by extensions ['ignore', 'ignore_ament_install']
[0.429s] Level 1:colcon.colcon_core.package_identification:_identify(bags/rosbag2_2025_06_04-19_30_09) by extension 'ignore'
[0.429s] Level 1:colcon.colcon_core.package_identification:_identify(bags/rosbag2_2025_06_04-19_30_09) by extension 'ignore_ament_install'
[0.429s] Level 1:colcon.colcon_core.package_identification:_identify(bags/rosbag2_2025_06_04-19_30_09) by extensions ['colcon_pkg']
[0.429s] Level 1:colcon.colcon_core.package_identification:_identify(bags/rosbag2_2025_06_04-19_30_09) by extension 'colcon_pkg'
[0.429s] Level 1:colcon.colcon_core.package_identification:_identify(bags/rosbag2_2025_06_04-19_30_09) by extensions ['colcon_meta']
[0.429s] Level 1:colcon.colcon_core.package_identification:_identify(bags/rosbag2_2025_06_04-19_30_09) by extension 'colcon_meta'
[0.430s] Level 1:colcon.colcon_core.package_identification:_identify(bags/rosbag2_2025_06_04-19_30_09) by extensions ['ros']
[0.430s] Level 1:colcon.colcon_core.package_identification:_identify(bags/rosbag2_2025_06_04-19_30_09) by extension 'ros'
[0.430s] Level 1:colcon.colcon_core.package_identification:_identify(bags/rosbag2_2025_06_04-19_30_09) by extensions ['cmake', 'python']
[0.430s] Level 1:colcon.colcon_core.package_identification:_identify(bags/rosbag2_2025_06_04-19_30_09) by extension 'cmake'
[0.430s] Level 1:colcon.colcon_core.package_identification:_identify(bags/rosbag2_2025_06_04-19_30_09) by extension 'python'
[0.430s] Level 1:colcon.colcon_core.package_identification:_identify(bags/rosbag2_2025_06_04-19_30_09) by extensions ['python_setup_py']
[0.430s] Level 1:colcon.colcon_core.package_identification:_identify(bags/rosbag2_2025_06_04-19_30_09) by extension 'python_setup_py'
[0.430s] Level 1:colcon.colcon_core.package_identification:_identify(bags/static_imu_test) by extensions ['ignore', 'ignore_ament_install']
[0.430s] Level 1:colcon.colcon_core.package_identification:_identify(bags/static_imu_test) by extension 'ignore'
[0.431s] Level 1:colcon.colcon_core.package_identification:_identify(bags/static_imu_test) by extension 'ignore_ament_install'
[0.431s] Level 1:colcon.colcon_core.package_identification:_identify(bags/static_imu_test) by extensions ['colcon_pkg']
[0.431s] Level 1:colcon.colcon_core.package_identification:_identify(bags/static_imu_test) by extension 'colcon_pkg'
[0.431s] Level 1:colcon.colcon_core.package_identification:_identify(bags/static_imu_test) by extensions ['colcon_meta']
[0.431s] Level 1:colcon.colcon_core.package_identification:_identify(bags/static_imu_test) by extension 'colcon_meta'
[0.431s] Level 1:colcon.colcon_core.package_identification:_identify(bags/static_imu_test) by extensions ['ros']
[0.431s] Level 1:colcon.colcon_core.package_identification:_identify(bags/static_imu_test) by extension 'ros'
[0.431s] Level 1:colcon.colcon_core.package_identification:_identify(bags/static_imu_test) by extensions ['cmake', 'python']
[0.431s] Level 1:colcon.colcon_core.package_identification:_identify(bags/static_imu_test) by extension 'cmake'
[0.431s] Level 1:colcon.colcon_core.package_identification:_identify(bags/static_imu_test) by extension 'python'
[0.431s] Level 1:colcon.colcon_core.package_identification:_identify(bags/static_imu_test) by extensions ['python_setup_py']
[0.432s] Level 1:colcon.colcon_core.package_identification:_identify(bags/static_imu_test) by extension 'python_setup_py'
[0.432s] Level 1:colcon.colcon_core.package_identification:_identify(build) by extensions ['ignore', 'ignore_ament_install']
[0.432s] Level 1:colcon.colcon_core.package_identification:_identify(build) by extension 'ignore'
[0.432s] Level 1:colcon.colcon_core.package_identification:_identify(build) ignored
[0.432s] Level 1:colcon.colcon_core.package_identification:_identify(install) by extensions ['ignore', 'ignore_ament_install']
[0.432s] Level 1:colcon.colcon_core.package_identification:_identify(install) by extension 'ignore'
[0.433s] Level 1:colcon.colcon_core.package_identification:_identify(install) ignored
[0.433s] Level 1:colcon.colcon_core.package_identification:_identify(log) by extensions ['ignore', 'ignore_ament_install']
[0.433s] Level 1:colcon.colcon_core.package_identification:_identify(log) by extension 'ignore'
[0.433s] Level 1:colcon.colcon_core.package_identification:_identify(log) ignored
[0.433s] Level 1:colcon.colcon_core.package_identification:_identify(src) by extensions ['ignore', 'ignore_ament_install']
[0.433s] Level 1:colcon.colcon_core.package_identification:_identify(src) by extension 'ignore'
[0.434s] Level 1:colcon.colcon_core.package_identification:_identify(src) by extension 'ignore_ament_install'
[0.434s] Level 1:colcon.colcon_core.package_identification:_identify(src) by extensions ['colcon_pkg']
[0.434s] Level 1:colcon.colcon_core.package_identification:_identify(src) by extension 'colcon_pkg'
[0.434s] Level 1:colcon.colcon_core.package_identification:_identify(src) by extensions ['colcon_meta']
[0.434s] Level 1:colcon.colcon_core.package_identification:_identify(src) by extension 'colcon_meta'
[0.434s] Level 1:colcon.colcon_core.package_identification:_identify(src) by extensions ['ros']
[0.434s] Level 1:colcon.colcon_core.package_identification:_identify(src) by extension 'ros'
[0.434s] Level 1:colcon.colcon_core.package_identification:_identify(src) by extensions ['cmake', 'python']
[0.434s] Level 1:colcon.colcon_core.package_identification:_identify(src) by extension 'cmake'
[0.435s] Level 1:colcon.colcon_core.package_identification:_identify(src) by extension 'python'
[0.435s] Level 1:colcon.colcon_core.package_identification:_identify(src) by extensions ['python_setup_py']
[0.435s] Level 1:colcon.colcon_core.package_identification:_identify(src) by extension 'python_setup_py'
[0.435s] Level 1:colcon.colcon_core.package_identification:_identify(src/bno08x_ros2_driver) by extensions ['ignore', 'ignore_ament_install']
[0.435s] Level 1:colcon.colcon_core.package_identification:_identify(src/bno08x_ros2_driver) by extension 'ignore'
[0.435s] Level 1:colcon.colcon_core.package_identification:_identify(src/bno08x_ros2_driver) by extension 'ignore_ament_install'
[0.435s] Level 1:colcon.colcon_core.package_identification:_identify(src/bno08x_ros2_driver) by extensions ['colcon_pkg']
[0.435s] Level 1:colcon.colcon_core.package_identification:_identify(src/bno08x_ros2_driver) by extension 'colcon_pkg'
[0.436s] Level 1:colcon.colcon_core.package_identification:_identify(src/bno08x_ros2_driver) by extensions ['colcon_meta']
[0.436s] Level 1:colcon.colcon_core.package_identification:_identify(src/bno08x_ros2_driver) by extension 'colcon_meta'
[0.436s] Level 1:colcon.colcon_core.package_identification:_identify(src/bno08x_ros2_driver) by extensions ['ros']
[0.436s] Level 1:colcon.colcon_core.package_identification:_identify(src/bno08x_ros2_driver) by extension 'ros'
[0.441s] DEBUG:colcon.colcon_core.package_identification:Package 'src/bno08x_ros2_driver' with type 'ros.ament_cmake' and name 'bno08x_driver'
[0.441s] Level 1:colcon.colcon_core.package_identification:_identify(src/imu_hardware_interface) by extensions ['ignore', 'ignore_ament_install']
[0.441s] Level 1:colcon.colcon_core.package_identification:_identify(src/imu_hardware_interface) by extension 'ignore'
[0.442s] Level 1:colcon.colcon_core.package_identification:_identify(src/imu_hardware_interface) by extension 'ignore_ament_install'
[0.442s] Level 1:colcon.colcon_core.package_identification:_identify(src/imu_hardware_interface) by extensions ['colcon_pkg']
[0.442s] Level 1:colcon.colcon_core.package_identification:_identify(src/imu_hardware_interface) by extension 'colcon_pkg'
[0.442s] Level 1:colcon.colcon_core.package_identification:_identify(src/imu_hardware_interface) by extensions ['colcon_meta']
[0.442s] Level 1:colcon.colcon_core.package_identification:_identify(src/imu_hardware_interface) by extension 'colcon_meta'
[0.442s] Level 1:colcon.colcon_core.package_identification:_identify(src/imu_hardware_interface) by extensions ['ros']
[0.442s] Level 1:colcon.colcon_core.package_identification:_identify(src/imu_hardware_interface) by extension 'ros'
[0.444s] DEBUG:colcon.colcon_core.package_identification:Package 'src/imu_hardware_interface' with type 'ros.ament_cmake' and name 'imu_hardware_interface'
[0.444s] Level 1:colcon.colcon_core.package_identification:_identify(src/jetson_interface) by extensions ['ignore', 'ignore_ament_install']
[0.444s] Level 1:colcon.colcon_core.package_identification:_identify(src/jetson_interface) by extension 'ignore'
[0.444s] Level 1:colcon.colcon_core.package_identification:_identify(src/jetson_interface) by extension 'ignore_ament_install'
[0.444s] Level 1:colcon.colcon_core.package_identification:_identify(src/jetson_interface) by extensions ['colcon_pkg']
[0.444s] Level 1:colcon.colcon_core.package_identification:_identify(src/jetson_interface) by extension 'colcon_pkg'
[0.445s] Level 1:colcon.colcon_core.package_identification:_identify(src/jetson_interface) by extensions ['colcon_meta']
[0.445s] Level 1:colcon.colcon_core.package_identification:_identify(src/jetson_interface) by extension 'colcon_meta'
[0.445s] Level 1:colcon.colcon_core.package_identification:_identify(src/jetson_interface) by extensions ['ros']
[0.445s] Level 1:colcon.colcon_core.package_identification:_identify(src/jetson_interface) by extension 'ros'
[0.446s] DEBUG:colcon.colcon_core.package_identification:Package 'src/jetson_interface' with type 'ros.ament_cmake' and name 'jetson_interface'
[0.446s] Level 1:colcon.colcon_core.package_identification:_identify(src/py_pubsub) by extensions ['ignore', 'ignore_ament_install']
[0.446s] Level 1:colcon.colcon_core.package_identification:_identify(src/py_pubsub) by extension 'ignore'
[0.446s] Level 1:colcon.colcon_core.package_identification:_identify(src/py_pubsub) by extension 'ignore_ament_install'
[0.446s] Level 1:colcon.colcon_core.package_identification:_identify(src/py_pubsub) by extensions ['colcon_pkg']
[0.446s] Level 1:colcon.colcon_core.package_identification:_identify(src/py_pubsub) by extension 'colcon_pkg'
[0.447s] Level 1:colcon.colcon_core.package_identification:_identify(src/py_pubsub) by extensions ['colcon_meta']
[0.447s] Level 1:colcon.colcon_core.package_identification:_identify(src/py_pubsub) by extension 'colcon_meta'
[0.447s] Level 1:colcon.colcon_core.package_identification:_identify(src/py_pubsub) by extensions ['ros']
[0.447s] Level 1:colcon.colcon_core.package_identification:_identify(src/py_pubsub) by extension 'ros'
[0.448s] DEBUG:colcon.colcon_core.package_identification:Package 'src/py_pubsub' with type 'ros.ament_python' and name 'py_pubsub'
[0.448s] Level 1:colcon.colcon_core.package_identification:_identify(src/quadruped_bringup) by extensions ['ignore', 'ignore_ament_install']
[0.448s] Level 1:colcon.colcon_core.package_identification:_identify(src/quadruped_bringup) by extension 'ignore'
[0.448s] Level 1:colcon.colcon_core.package_identification:_identify(src/quadruped_bringup) by extension 'ignore_ament_install'
[0.448s] Level 1:colcon.colcon_core.package_identification:_identify(src/quadruped_bringup) by extensions ['colcon_pkg']
[0.448s] Level 1:colcon.colcon_core.package_identification:_identify(src/quadruped_bringup) by extension 'colcon_pkg'
[0.449s] Level 1:colcon.colcon_core.package_identification:_identify(src/quadruped_bringup) by extensions ['colcon_meta']
[0.449s] Level 1:colcon.colcon_core.package_identification:_identify(src/quadruped_bringup) by extension 'colcon_meta'
[0.449s] Level 1:colcon.colcon_core.package_identification:_identify(src/quadruped_bringup) by extensions ['ros']
[0.449s] Level 1:colcon.colcon_core.package_identification:_identify(src/quadruped_bringup) by extension 'ros'
[0.450s] DEBUG:colcon.colcon_core.package_identification:Package 'src/quadruped_bringup' with type 'ros.ament_cmake' and name 'quadruped_bringup'
[0.450s] Level 1:colcon.colcon_core.package_identification:_identify(src/quadruped_hardware) by extensions ['ignore', 'ignore_ament_install']
[0.450s] Level 1:colcon.colcon_core.package_identification:_identify(src/quadruped_hardware) by extension 'ignore'
[0.450s] Level 1:colcon.colcon_core.package_identification:_identify(src/quadruped_hardware) by extension 'ignore_ament_install'
[0.450s] Level 1:colcon.colcon_core.package_identification:_identify(src/quadruped_hardware) by extensions ['colcon_pkg']
[0.450s] Level 1:colcon.colcon_core.package_identification:_identify(src/quadruped_hardware) by extension 'colcon_pkg'
[0.450s] Level 1:colcon.colcon_core.package_identification:_identify(src/quadruped_hardware) by extensions ['colcon_meta']
[0.450s] Level 1:colcon.colcon_core.package_identification:_identify(src/quadruped_hardware) by extension 'colcon_meta'
[0.451s] Level 1:colcon.colcon_core.package_identification:_identify(src/quadruped_hardware) by extensions ['ros']
[0.451s] Level 1:colcon.colcon_core.package_identification:_identify(src/quadruped_hardware) by extension 'ros'
[0.451s] DEBUG:colcon.colcon_core.package_identification:Package 'src/quadruped_hardware' with type 'ros.ament_cmake' and name 'quadruped_hardware'
[0.452s] Level 1:colcon.colcon_core.package_identification:_identify(src/quadruped_mpc) by extensions ['ignore', 'ignore_ament_install']
[0.452s] Level 1:colcon.colcon_core.package_identification:_identify(src/quadruped_mpc) by extension 'ignore'
[0.452s] Level 1:colcon.colcon_core.package_identification:_identify(src/quadruped_mpc) by extension 'ignore_ament_install'
[0.452s] Level 1:colcon.colcon_core.package_identification:_identify(src/quadruped_mpc) by extensions ['colcon_pkg']
[0.452s] Level 1:colcon.colcon_core.package_identification:_identify(src/quadruped_mpc) by extension 'colcon_pkg'
[0.452s] Level 1:colcon.colcon_core.package_identification:_identify(src/quadruped_mpc) by extensions ['colcon_meta']
[0.453s] Level 1:colcon.colcon_core.package_identification:_identify(src/quadruped_mpc) by extension 'colcon_meta'
[0.453s] Level 1:colcon.colcon_core.package_identification:_identify(src/quadruped_mpc) by extensions ['ros']
[0.453s] Level 1:colcon.colcon_core.package_identification:_identify(src/quadruped_mpc) by extension 'ros'
[0.454s] DEBUG:colcon.colcon_core.package_identification:Package 'src/quadruped_mpc' with type 'ros.ament_cmake' and name 'quadruped_mpc'
[0.455s] Level 1:colcon.colcon_core.package_identification:_identify(src/quadruped_msgs) by extensions ['ignore', 'ignore_ament_install']
[0.455s] Level 1:colcon.colcon_core.package_identification:_identify(src/quadruped_msgs) by extension 'ignore'
[0.455s] Level 1:colcon.colcon_core.package_identification:_identify(src/quadruped_msgs) by extension 'ignore_ament_install'
[0.455s] Level 1:colcon.colcon_core.package_identification:_identify(src/quadruped_msgs) by extensions ['colcon_pkg']
[0.455s] Level 1:colcon.colcon_core.package_identification:_identify(src/quadruped_msgs) by extension 'colcon_pkg'
[0.455s] Level 1:colcon.colcon_core.package_identification:_identify(src/quadruped_msgs) by extensions ['colcon_meta']
[0.455s] Level 1:colcon.colcon_core.package_identification:_identify(src/quadruped_msgs) by extension 'colcon_meta'
[0.455s] Level 1:colcon.colcon_core.package_identification:_identify(src/quadruped_msgs) by extensions ['ros']
[0.456s] Level 1:colcon.colcon_core.package_identification:_identify(src/quadruped_msgs) by extension 'ros'
[0.457s] DEBUG:colcon.colcon_core.package_identification:Package 'src/quadruped_msgs' with type 'ros.ament_cmake' and name 'quadruped_msgs'
[0.457s] Level 1:colcon.colcon_core.package_identification:_identify(src/quadruped_sim) by extensions ['ignore', 'ignore_ament_install']
[0.457s] Level 1:colcon.colcon_core.package_identification:_identify(src/quadruped_sim) by extension 'ignore'
[0.457s] Level 1:colcon.colcon_core.package_identification:_identify(src/quadruped_sim) by extension 'ignore_ament_install'
[0.457s] Level 1:colcon.colcon_core.package_identification:_identify(src/quadruped_sim) by extensions ['colcon_pkg']
[0.458s] Level 1:colcon.colcon_core.package_identification:_identify(src/quadruped_sim) by extension 'colcon_pkg'
[0.458s] Level 1:colcon.colcon_core.package_identification:_identify(src/quadruped_sim) by extensions ['colcon_meta']
[0.458s] Level 1:colcon.colcon_core.package_identification:_identify(src/quadruped_sim) by extension 'colcon_meta'
[0.458s] Level 1:colcon.colcon_core.package_identification:_identify(src/quadruped_sim) by extensions ['ros']
[0.458s] Level 1:colcon.colcon_core.package_identification:_identify(src/quadruped_sim) by extension 'ros'
[0.459s] DEBUG:colcon.colcon_core.package_identification:Package 'src/quadruped_sim' with type 'ros.ament_cmake' and name 'quadruped_sim'
[0.459s] Level 1:colcon.colcon_core.package_identification:_identify(src/quadruped_urdf) by extensions ['ignore', 'ignore_ament_install']
[0.459s] Level 1:colcon.colcon_core.package_identification:_identify(src/quadruped_urdf) by extension 'ignore'
[0.459s] Level 1:colcon.colcon_core.package_identification:_identify(src/quadruped_urdf) by extension 'ignore_ament_install'
[0.459s] Level 1:colcon.colcon_core.package_identification:_identify(src/quadruped_urdf) by extensions ['colcon_pkg']
[0.459s] Level 1:colcon.colcon_core.package_identification:_identify(src/quadruped_urdf) by extension 'colcon_pkg'
[0.460s] Level 1:colcon.colcon_core.package_identification:_identify(src/quadruped_urdf) by extensions ['colcon_meta']
[0.460s] Level 1:colcon.colcon_core.package_identification:_identify(src/quadruped_urdf) by extension 'colcon_meta'
[0.460s] Level 1:colcon.colcon_core.package_identification:_identify(src/quadruped_urdf) by extensions ['ros']
[0.460s] Level 1:colcon.colcon_core.package_identification:_identify(src/quadruped_urdf) by extension 'ros'
[0.461s] DEBUG:colcon.colcon_core.package_identification:Package 'src/quadruped_urdf' with type 'ros.ament_cmake' and name 'quadruped_urdf'
[0.461s] Level 1:colcon.colcon_core.package_identification:_identify(src/quadruped_utils) by extensions ['ignore', 'ignore_ament_install']
[0.461s] Level 1:colcon.colcon_core.package_identification:_identify(src/quadruped_utils) by extension 'ignore'
[0.461s] Level 1:colcon.colcon_core.package_identification:_identify(src/quadruped_utils) by extension 'ignore_ament_install'
[0.462s] Level 1:colcon.colcon_core.package_identification:_identify(src/quadruped_utils) by extensions ['colcon_pkg']
[0.462s] Level 1:colcon.colcon_core.package_identification:_identify(src/quadruped_utils) by extension 'colcon_pkg'
[0.462s] Level 1:colcon.colcon_core.package_identification:_identify(src/quadruped_utils) by extensions ['colcon_meta']
[0.462s] Level 1:colcon.colcon_core.package_identification:_identify(src/quadruped_utils) by extension 'colcon_meta'
[0.462s] Level 1:colcon.colcon_core.package_identification:_identify(src/quadruped_utils) by extensions ['ros']
[0.462s] Level 1:colcon.colcon_core.package_identification:_identify(src/quadruped_utils) by extension 'ros'
[0.463s] DEBUG:colcon.colcon_core.package_identification:Package 'src/quadruped_utils' with type 'ros.ament_cmake' and name 'quadruped_utils'
[0.463s] Level 1:colcon.colcon_core.package_identification:_identify(src/rmw_zenoh) by extensions ['ignore', 'ignore_ament_install']
[0.464s] Level 1:colcon.colcon_core.package_identification:_identify(src/rmw_zenoh) by extension 'ignore'
[0.464s] Level 1:colcon.colcon_core.package_identification:_identify(src/rmw_zenoh) by extension 'ignore_ament_install'
[0.464s] Level 1:colcon.colcon_core.package_identification:_identify(src/rmw_zenoh) by extensions ['colcon_pkg']
[0.464s] Level 1:colcon.colcon_core.package_identification:_identify(src/rmw_zenoh) by extension 'colcon_pkg'
[0.464s] Level 1:colcon.colcon_core.package_identification:_identify(src/rmw_zenoh) by extensions ['colcon_meta']
[0.464s] Level 1:colcon.colcon_core.package_identification:_identify(src/rmw_zenoh) by extension 'colcon_meta'
[0.464s] Level 1:colcon.colcon_core.package_identification:_identify(src/rmw_zenoh) by extensions ['ros']
[0.464s] Level 1:colcon.colcon_core.package_identification:_identify(src/rmw_zenoh) by extension 'ros'
[0.464s] Level 1:colcon.colcon_core.package_identification:_identify(src/rmw_zenoh) by extensions ['cmake', 'python']
[0.465s] Level 1:colcon.colcon_core.package_identification:_identify(src/rmw_zenoh) by extension 'cmake'
[0.465s] Level 1:colcon.colcon_core.package_identification:_identify(src/rmw_zenoh) by extension 'python'
[0.465s] Level 1:colcon.colcon_core.package_identification:_identify(src/rmw_zenoh) by extensions ['python_setup_py']
[0.465s] Level 1:colcon.colcon_core.package_identification:_identify(src/rmw_zenoh) by extension 'python_setup_py'
[0.465s] Level 1:colcon.colcon_core.package_identification:_identify(src/rmw_zenoh/docs) by extensions ['ignore', 'ignore_ament_install']
[0.465s] Level 1:colcon.colcon_core.package_identification:_identify(src/rmw_zenoh/docs) by extension 'ignore'
[0.465s] Level 1:colcon.colcon_core.package_identification:_identify(src/rmw_zenoh/docs) by extension 'ignore_ament_install'
[0.465s] Level 1:colcon.colcon_core.package_identification:_identify(src/rmw_zenoh/docs) by extensions ['colcon_pkg']
[0.466s] Level 1:colcon.colcon_core.package_identification:_identify(src/rmw_zenoh/docs) by extension 'colcon_pkg'
[0.466s] Level 1:colcon.colcon_core.package_identification:_identify(src/rmw_zenoh/docs) by extensions ['colcon_meta']
[0.466s] Level 1:colcon.colcon_core.package_identification:_identify(src/rmw_zenoh/docs) by extension 'colcon_meta'
[0.466s] Level 1:colcon.colcon_core.package_identification:_identify(src/rmw_zenoh/docs) by extensions ['ros']
[0.466s] Level 1:colcon.colcon_core.package_identification:_identify(src/rmw_zenoh/docs) by extension 'ros'
[0.466s] Level 1:colcon.colcon_core.package_identification:_identify(src/rmw_zenoh/docs) by extensions ['cmake', 'python']
[0.466s] Level 1:colcon.colcon_core.package_identification:_identify(src/rmw_zenoh/docs) by extension 'cmake'
[0.466s] Level 1:colcon.colcon_core.package_identification:_identify(src/rmw_zenoh/docs) by extension 'python'
[0.466s] Level 1:colcon.colcon_core.package_identification:_identify(src/rmw_zenoh/docs) by extensions ['python_setup_py']
[0.466s] Level 1:colcon.colcon_core.package_identification:_identify(src/rmw_zenoh/docs) by extension 'python_setup_py'
[0.466s] Level 1:colcon.colcon_core.package_identification:_identify(src/rmw_zenoh/rmw_zenoh_cpp) by extensions ['ignore', 'ignore_ament_install']
[0.467s] Level 1:colcon.colcon_core.package_identification:_identify(src/rmw_zenoh/rmw_zenoh_cpp) by extension 'ignore'
[0.467s] Level 1:colcon.colcon_core.package_identification:_identify(src/rmw_zenoh/rmw_zenoh_cpp) by extension 'ignore_ament_install'
[0.467s] Level 1:colcon.colcon_core.package_identification:_identify(src/rmw_zenoh/rmw_zenoh_cpp) by extensions ['colcon_pkg']
[0.467s] Level 1:colcon.colcon_core.package_identification:_identify(src/rmw_zenoh/rmw_zenoh_cpp) by extension 'colcon_pkg'
[0.467s] Level 1:colcon.colcon_core.package_identification:_identify(src/rmw_zenoh/rmw_zenoh_cpp) by extensions ['colcon_meta']
[0.467s] Level 1:colcon.colcon_core.package_identification:_identify(src/rmw_zenoh/rmw_zenoh_cpp) by extension 'colcon_meta'
[0.467s] Level 1:colcon.colcon_core.package_identification:_identify(src/rmw_zenoh/rmw_zenoh_cpp) by extensions ['ros']
[0.467s] Level 1:colcon.colcon_core.package_identification:_identify(src/rmw_zenoh/rmw_zenoh_cpp) by extension 'ros'
[0.469s] DEBUG:colcon.colcon_core.package_identification:Package 'src/rmw_zenoh/rmw_zenoh_cpp' with type 'ros.ament_cmake' and name 'rmw_zenoh_cpp'
[0.469s] Level 1:colcon.colcon_core.package_identification:_identify(src/rmw_zenoh/zenoh_cpp_vendor) by extensions ['ignore', 'ignore_ament_install']
[0.469s] Level 1:colcon.colcon_core.package_identification:_identify(src/rmw_zenoh/zenoh_cpp_vendor) by extension 'ignore'
[0.470s] Level 1:colcon.colcon_core.package_identification:_identify(src/rmw_zenoh/zenoh_cpp_vendor) by extension 'ignore_ament_install'
[0.470s] Level 1:colcon.colcon_core.package_identification:_identify(src/rmw_zenoh/zenoh_cpp_vendor) by extensions ['colcon_pkg']
[0.470s] Level 1:colcon.colcon_core.package_identification:_identify(src/rmw_zenoh/zenoh_cpp_vendor) by extension 'colcon_pkg'
[0.470s] Level 1:colcon.colcon_core.package_identification:_identify(src/rmw_zenoh/zenoh_cpp_vendor) by extensions ['colcon_meta']
[0.470s] Level 1:colcon.colcon_core.package_identification:_identify(src/rmw_zenoh/zenoh_cpp_vendor) by extension 'colcon_meta'
[0.470s] Level 1:colcon.colcon_core.package_identification:_identify(src/rmw_zenoh/zenoh_cpp_vendor) by extensions ['ros']
[0.470s] Level 1:colcon.colcon_core.package_identification:_identify(src/rmw_zenoh/zenoh_cpp_vendor) by extension 'ros'
[0.471s] DEBUG:colcon.colcon_core.package_identification:Package 'src/rmw_zenoh/zenoh_cpp_vendor' with type 'ros.ament_cmake' and name 'zenoh_cpp_vendor'
[0.471s] Level 1:colcon.colcon_core.package_discovery:discover_packages(recursive) using defaults
[0.472s] Level 1:colcon.colcon_core.package_discovery:discover_packages(ignore) discover
[0.472s] Level 1:colcon.colcon_core.package_discovery:discover_packages(ignore) using defaults
[0.472s] Level 1:colcon.colcon_core.package_discovery:discover_packages(path) discover
[0.472s] Level 1:colcon.colcon_core.package_discovery:discover_packages(path) using defaults
[0.516s] INFO:colcon.colcon_core.package_selection:Skipping not selected package 'bno08x_driver' in 'src/bno08x_ros2_driver'
[0.516s] INFO:colcon.colcon_core.package_selection:Skipping not selected package 'imu_hardware_interface' in 'src/imu_hardware_interface'
[0.516s] INFO:colcon.colcon_core.package_selection:Skipping not selected package 'jetson_interface' in 'src/jetson_interface'
[0.516s] INFO:colcon.colcon_core.package_selection:Skipping not selected package 'py_pubsub' in 'src/py_pubsub'
[0.517s] INFO:colcon.colcon_core.package_selection:Skipping not selected package 'quadruped_bringup' in 'src/quadruped_bringup'
[0.517s] INFO:colcon.colcon_core.package_selection:Skipping not selected package 'quadruped_hardware' in 'src/quadruped_hardware'
[0.517s] INFO:colcon.colcon_core.package_selection:Skipping not selected package 'quadruped_msgs' in 'src/quadruped_msgs'
[0.517s] INFO:colcon.colcon_core.package_selection:Skipping not selected package 'quadruped_sim' in 'src/quadruped_sim'
[0.517s] INFO:colcon.colcon_core.package_selection:Skipping not selected package 'quadruped_urdf' in 'src/quadruped_urdf'
[0.517s] INFO:colcon.colcon_core.package_selection:Skipping not selected package 'quadruped_utils' in 'src/quadruped_utils'
[0.517s] INFO:colcon.colcon_core.package_selection:Skipping not selected package 'quadruped_mpc' in 'src/quadruped_mpc'
[0.517s] Level 5:colcon.colcon_core.verb:set package 'zenoh_cpp_vendor' build argument 'cmake_args' from command line to 'None'
[0.518s] Level 5:colcon.colcon_core.verb:set package 'zenoh_cpp_vendor' build argument 'cmake_target' from command line to 'None'
[0.518s] Level 5:colcon.colcon_core.verb:set package 'zenoh_cpp_vendor' build argument 'cmake_target_skip_unavailable' from command line to 'False'
[0.518s] Level 5:colcon.colcon_core.verb:set package 'zenoh_cpp_vendor' build argument 'cmake_clean_cache' from command line to 'False'
[0.518s] Level 5:colcon.colcon_core.verb:set package 'zenoh_cpp_vendor' build argument 'cmake_clean_first' from command line to 'False'
[0.518s] Level 5:colcon.colcon_core.verb:set package 'zenoh_cpp_vendor' build argument 'cmake_force_configure' from command line to 'False'
[0.518s] Level 5:colcon.colcon_core.verb:set package 'zenoh_cpp_vendor' build argument 'ament_cmake_args' from command line to 'None'
[0.518s] Level 5:colcon.colcon_core.verb:set package 'zenoh_cpp_vendor' build argument 'catkin_cmake_args' from command line to 'None'
[0.518s] Level 5:colcon.colcon_core.verb:set package 'zenoh_cpp_vendor' build argument 'catkin_skip_building_tests' from command line to 'False'
[0.518s] DEBUG:colcon.colcon_core.verb:Building package 'zenoh_cpp_vendor' with the following arguments: {'ament_cmake_args': None, 'build_base': '/home/ws/build/zenoh_cpp_vendor', 'catkin_cmake_args': None, 'catkin_skip_building_tests': False, 'cmake_args': None, 'cmake_clean_cache': False, 'cmake_clean_first': False, 'cmake_force_configure': False, 'cmake_target': None, 'cmake_target_skip_unavailable': False, 'install_base': '/home/ws/install/zenoh_cpp_vendor', 'merge_install': False, 'path': '/home/ws/src/rmw_zenoh/zenoh_cpp_vendor', 'symlink_install': False, 'test_result_base': None}
[0.519s] Level 5:colcon.colcon_core.verb:set package 'rmw_zenoh_cpp' build argument 'cmake_args' from command line to 'None'
[0.519s] Level 5:colcon.colcon_core.verb:set package 'rmw_zenoh_cpp' build argument 'cmake_target' from command line to 'None'
[0.519s] Level 5:colcon.colcon_core.verb:set package 'rmw_zenoh_cpp' build argument 'cmake_target_skip_unavailable' from command line to 'False'
[0.519s] Level 5:colcon.colcon_core.verb:set package 'rmw_zenoh_cpp' build argument 'cmake_clean_cache' from command line to 'False'
[0.519s] Level 5:colcon.colcon_core.verb:set package 'rmw_zenoh_cpp' build argument 'cmake_clean_first' from command line to 'False'
[0.519s] Level 5:colcon.colcon_core.verb:set package 'rmw_zenoh_cpp' build argument 'cmake_force_configure' from command line to 'False'
[0.519s] Level 5:colcon.colcon_core.verb:set package 'rmw_zenoh_cpp' build argument 'ament_cmake_args' from command line to 'None'
[0.519s] Level 5:colcon.colcon_core.verb:set package 'rmw_zenoh_cpp' build argument 'catkin_cmake_args' from command line to 'None'
[0.519s] Level 5:colcon.colcon_core.verb:set package 'rmw_zenoh_cpp' build argument 'catkin_skip_building_tests' from command line to 'False'
[0.519s] DEBUG:colcon.colcon_core.verb:Building package 'rmw_zenoh_cpp' with the following arguments: {'ament_cmake_args': None, 'build_base': '/home/ws/build/rmw_zenoh_cpp', 'catkin_cmake_args': None, 'catkin_skip_building_tests': False, 'cmake_args': None, 'cmake_clean_cache': False, 'cmake_clean_first': False, 'cmake_force_configure': False, 'cmake_target': None, 'cmake_target_skip_unavailable': False, 'install_base': '/home/ws/install/rmw_zenoh_cpp', 'merge_install': False, 'path': '/home/ws/src/rmw_zenoh/rmw_zenoh_cpp', 'symlink_install': False, 'test_result_base': None}
[0.519s] INFO:colcon.colcon_core.executor:Executing jobs using 'parallel' executor
[0.521s] DEBUG:colcon.colcon_parallel_executor.executor.parallel:run_until_complete
[0.522s] INFO:colcon.colcon_ros.task.ament_cmake.build:Building ROS package in '/home/ws/src/rmw_zenoh/zenoh_cpp_vendor' with build type 'ament_cmake'
[0.522s] INFO:colcon.colcon_cmake.task.cmake.build:Building CMake package in '/home/ws/src/rmw_zenoh/zenoh_cpp_vendor'
[0.530s] INFO:colcon.colcon_core.plugin_system:Skipping extension 'colcon_core.shell.bat': Not used on non-Windows systems
[0.530s] INFO:colcon.colcon_core.shell:Skip shell extension 'powershell' for command environment: Not usable outside of PowerShell
[0.530s] DEBUG:colcon.colcon_core.shell:Skip shell extension 'dsv' for command environment
[0.554s] DEBUG:colcon.colcon_core.event_handler.log_command:Invoking command in '/home/ws/build/zenoh_cpp_vendor': CMAKE_PREFIX_PATH=${CMAKE_PREFIX_PATH}:/home/ws/install/py_pubsub:/opt/ros/jazzy DEBUGINFOD_URLS=https://debuginfod.ubuntu.com /usr/bin/cmake --build /home/ws/build/zenoh_cpp_vendor -- -j8 -l8
[0.776s] DEBUG:colcon.colcon_core.event_handler.log_command:Invoked command in '/home/ws/build/zenoh_cpp_vendor' returned '0': CMAKE_PREFIX_PATH=${CMAKE_PREFIX_PATH}:/home/ws/install/py_pubsub:/opt/ros/jazzy DEBUGINFOD_URLS=https://debuginfod.ubuntu.com /usr/bin/cmake --build /home/ws/build/zenoh_cpp_vendor -- -j8 -l8
[0.800s] DEBUG:colcon.colcon_core.event_handler.log_command:Invoking command in '/home/ws/build/zenoh_cpp_vendor': CMAKE_PREFIX_PATH=${CMAKE_PREFIX_PATH}:/home/ws/install/py_pubsub:/opt/ros/jazzy DEBUGINFOD_URLS=https://debuginfod.ubuntu.com /usr/bin/cmake --install /home/ws/build/zenoh_cpp_vendor
[0.829s] Level 1:colcon.colcon_core.environment:create_environment_scripts_only(zenoh_cpp_vendor)
[0.850s] Level 1:colcon.colcon_core.environment:checking '/home/ws/install/zenoh_cpp_vendor' for CMake module files
[0.852s] Level 1:colcon.colcon_core.environment:checking '/home/ws/install/zenoh_cpp_vendor' for CMake config files
[0.852s] Level 1:colcon.colcon_core.shell:create_environment_hook('zenoh_cpp_vendor', 'cmake_prefix_path')
[0.852s] INFO:colcon.colcon_core.shell:Creating environment hook '/home/ws/install/zenoh_cpp_vendor/share/zenoh_cpp_vendor/hook/cmake_prefix_path.ps1'
[0.854s] INFO:colcon.colcon_core.shell:Creating environment descriptor '/home/ws/install/zenoh_cpp_vendor/share/zenoh_cpp_vendor/hook/cmake_prefix_path.dsv'
[0.856s] INFO:colcon.colcon_core.shell:Creating environment hook '/home/ws/install/zenoh_cpp_vendor/share/zenoh_cpp_vendor/hook/cmake_prefix_path.sh'
[0.861s] Level 1:colcon.colcon_core.environment:checking '/home/ws/install/zenoh_cpp_vendor/bin'
[0.861s] Level 1:colcon.colcon_core.environment:checking '/home/ws/install/zenoh_cpp_vendor/lib/pkgconfig/zenoh_cpp_vendor.pc'
[0.866s] Level 1:colcon.colcon_core.environment:checking '/home/ws/install/zenoh_cpp_vendor/lib/python3.12/site-packages'
[0.867s] Level 1:colcon.colcon_core.environment:checking '/home/ws/install/zenoh_cpp_vendor/bin'
[0.868s] INFO:colcon.colcon_core.shell:Creating package script '/home/ws/install/zenoh_cpp_vendor/share/zenoh_cpp_vendor/package.ps1'
[0.871s] INFO:colcon.colcon_core.shell:Creating package descriptor '/home/ws/install/zenoh_cpp_vendor/share/zenoh_cpp_vendor/package.dsv'
[0.874s] INFO:colcon.colcon_core.shell:Creating package script '/home/ws/install/zenoh_cpp_vendor/share/zenoh_cpp_vendor/package.sh'
[0.875s] DEBUG:colcon.colcon_core.event_handler.log_command:Invoked command in '/home/ws/build/zenoh_cpp_vendor' returned '0': CMAKE_PREFIX_PATH=${CMAKE_PREFIX_PATH}:/home/ws/install/py_pubsub:/opt/ros/jazzy DEBUGINFOD_URLS=https://debuginfod.ubuntu.com /usr/bin/cmake --install /home/ws/build/zenoh_cpp_vendor
[0.877s] INFO:colcon.colcon_core.shell:Creating package script '/home/ws/install/zenoh_cpp_vendor/share/zenoh_cpp_vendor/package.bash'
[0.878s] INFO:colcon.colcon_core.shell:Creating package script '/home/ws/install/zenoh_cpp_vendor/share/zenoh_cpp_vendor/package.zsh'
[0.882s] Level 1:colcon.colcon_core.environment:create_file_with_runtime_dependencies(/home/ws/install/zenoh_cpp_vendor/share/colcon-core/packages/zenoh_cpp_vendor)
[0.883s] Level 1:colcon.colcon_core.environment:create_environment_scripts_only(zenoh_cpp_vendor)
[0.883s] Level 1:colcon.colcon_core.environment:checking '/home/ws/install/zenoh_cpp_vendor' for CMake module files
[0.884s] Level 1:colcon.colcon_core.environment:checking '/home/ws/install/zenoh_cpp_vendor' for CMake config files
[0.885s] Level 1:colcon.colcon_core.shell:create_environment_hook('zenoh_cpp_vendor', 'cmake_prefix_path')
[0.885s] INFO:colcon.colcon_core.shell:Creating environment hook '/home/ws/install/zenoh_cpp_vendor/share/zenoh_cpp_vendor/hook/cmake_prefix_path.ps1'
[0.886s] INFO:colcon.colcon_core.shell:Creating environment descriptor '/home/ws/install/zenoh_cpp_vendor/share/zenoh_cpp_vendor/hook/cmake_prefix_path.dsv'
[0.887s] INFO:colcon.colcon_core.shell:Creating environment hook '/home/ws/install/zenoh_cpp_vendor/share/zenoh_cpp_vendor/hook/cmake_prefix_path.sh'
[0.888s] Level 1:colcon.colcon_core.environment:checking '/home/ws/install/zenoh_cpp_vendor/bin'
[0.888s] Level 1:colcon.colcon_core.environment:checking '/home/ws/install/zenoh_cpp_vendor/lib/pkgconfig/zenoh_cpp_vendor.pc'
[0.888s] Level 1:colcon.colcon_core.environment:checking '/home/ws/install/zenoh_cpp_vendor/lib/python3.12/site-packages'
[0.889s] Level 1:colcon.colcon_core.environment:checking '/home/ws/install/zenoh_cpp_vendor/bin'
[0.889s] INFO:colcon.colcon_core.shell:Creating package script '/home/ws/install/zenoh_cpp_vendor/share/zenoh_cpp_vendor/package.ps1'
[0.890s] INFO:colcon.colcon_core.shell:Creating package descriptor '/home/ws/install/zenoh_cpp_vendor/share/zenoh_cpp_vendor/package.dsv'
[0.891s] INFO:colcon.colcon_core.shell:Creating package script '/home/ws/install/zenoh_cpp_vendor/share/zenoh_cpp_vendor/package.sh'
[0.894s] INFO:colcon.colcon_core.shell:Creating package script '/home/ws/install/zenoh_cpp_vendor/share/zenoh_cpp_vendor/package.bash'
[0.896s] INFO:colcon.colcon_core.shell:Creating package script '/home/ws/install/zenoh_cpp_vendor/share/zenoh_cpp_vendor/package.zsh'
[0.897s] Level 1:colcon.colcon_core.environment:create_file_with_runtime_dependencies(/home/ws/install/zenoh_cpp_vendor/share/colcon-core/packages/zenoh_cpp_vendor)
[0.897s] INFO:colcon.colcon_ros.task.ament_cmake.build:Building ROS package in '/home/ws/src/rmw_zenoh/rmw_zenoh_cpp' with build type 'ament_cmake'
[0.898s] INFO:colcon.colcon_cmake.task.cmake.build:Building CMake package in '/home/ws/src/rmw_zenoh/rmw_zenoh_cpp'
[0.899s] INFO:colcon.colcon_core.shell:Skip shell extension 'powershell' for command environment: Not usable outside of PowerShell
[0.899s] DEBUG:colcon.colcon_core.shell:Skip shell extension 'dsv' for command environment
[0.921s] DEBUG:colcon.colcon_core.event_handler.log_command:Invoking command in '/home/ws/build/rmw_zenoh_cpp': CMAKE_PREFIX_PATH=/home/ws/install/zenoh_cpp_vendor:/home/ws/install/rmw_zenoh_cpp:/home/ws/install/quadruped_utils:/home/ws/install/quadruped_urdf:/home/ws/install/quadruped_sim:/home/ws/install/quadruped_mpc:/home/ws/install/quadruped_msgs:/home/ws/install/quadruped_hardware:/home/ws/install/quadruped_bringup:/home/ws/install/jetson_interface:/home/ws/install/imu_hardware_interface:/home/ws/install/bno08x_driver:/opt/ros/jazzy/opt/gz_sim_vendor:/opt/ros/jazzy/opt/gz_sensors_vendor:/opt/ros/jazzy/opt/gz_physics_vendor:/opt/ros/jazzy/opt/sdformat_vendor:/opt/ros/jazzy/opt/gz_gui_vendor:/opt/ros/jazzy/opt/gz_transport_vendor:/opt/ros/jazzy/opt/gz_rendering_vendor:/opt/ros/jazzy/opt/gz_plugin_vendor:/opt/ros/jazzy/opt/gz_fuel_tools_vendor:/opt/ros/jazzy/opt/gz_msgs_vendor:/opt/ros/jazzy/opt/gz_common_vendor:/opt/ros/jazzy/opt/gz_math_vendor:/opt/ros/jazzy/opt/gz_utils_vendor:/opt/ros/jazzy/opt/gz_tools_vendor:/opt/ros/jazzy/opt/gz_ogre_next_vendor:/opt/ros/jazzy/opt/gz_dartsim_vendor:/opt/ros/jazzy/opt/gz_cmake_vendor:/home/ws/install/py_pubsub:/opt/ros/jazzy DEBUGINFOD_URLS=https://debuginfod.ubuntu.com /usr/bin/cmake --build /home/ws/build/rmw_zenoh_cpp -- -j8 -l8
[1.138s] DEBUG:colcon.colcon_core.event_handler.log_command:Invoked command in '/home/ws/build/rmw_zenoh_cpp' returned '0': CMAKE_PREFIX_PATH=/home/ws/install/zenoh_cpp_vendor:/home/ws/install/rmw_zenoh_cpp:/home/ws/install/quadruped_utils:/home/ws/install/quadruped_urdf:/home/ws/install/quadruped_sim:/home/ws/install/quadruped_mpc:/home/ws/install/quadruped_msgs:/home/ws/install/quadruped_hardware:/home/ws/install/quadruped_bringup:/home/ws/install/jetson_interface:/home/ws/install/imu_hardware_interface:/home/ws/install/bno08x_driver:/opt/ros/jazzy/opt/gz_sim_vendor:/opt/ros/jazzy/opt/gz_sensors_vendor:/opt/ros/jazzy/opt/gz_physics_vendor:/opt/ros/jazzy/opt/sdformat_vendor:/opt/ros/jazzy/opt/gz_gui_vendor:/opt/ros/jazzy/opt/gz_transport_vendor:/opt/ros/jazzy/opt/gz_rendering_vendor:/opt/ros/jazzy/opt/gz_plugin_vendor:/opt/ros/jazzy/opt/gz_fuel_tools_vendor:/opt/ros/jazzy/opt/gz_msgs_vendor:/opt/ros/jazzy/opt/gz_common_vendor:/opt/ros/jazzy/opt/gz_math_vendor:/opt/ros/jazzy/opt/gz_utils_vendor:/opt/ros/jazzy/opt/gz_tools_vendor:/opt/ros/jazzy/opt/gz_ogre_next_vendor:/opt/ros/jazzy/opt/gz_dartsim_vendor:/opt/ros/jazzy/opt/gz_cmake_vendor:/home/ws/install/py_pubsub:/opt/ros/jazzy DEBUGINFOD_URLS=https://debuginfod.ubuntu.com /usr/bin/cmake --build /home/ws/build/rmw_zenoh_cpp -- -j8 -l8
[1.140s] DEBUG:colcon.colcon_core.event_handler.log_command:Invoking command in '/home/ws/build/rmw_zenoh_cpp': CMAKE_PREFIX_PATH=/home/ws/install/zenoh_cpp_vendor:/home/ws/install/rmw_zenoh_cpp:/home/ws/install/quadruped_utils:/home/ws/install/quadruped_urdf:/home/ws/install/quadruped_sim:/home/ws/install/quadruped_mpc:/home/ws/install/quadruped_msgs:/home/ws/install/quadruped_hardware:/home/ws/install/quadruped_bringup:/home/ws/install/jetson_interface:/home/ws/install/imu_hardware_interface:/home/ws/install/bno08x_driver:/opt/ros/jazzy/opt/gz_sim_vendor:/opt/ros/jazzy/opt/gz_sensors_vendor:/opt/ros/jazzy/opt/gz_physics_vendor:/opt/ros/jazzy/opt/sdformat_vendor:/opt/ros/jazzy/opt/gz_gui_vendor:/opt/ros/jazzy/opt/gz_transport_vendor:/opt/ros/jazzy/opt/gz_rendering_vendor:/opt/ros/jazzy/opt/gz_plugin_vendor:/opt/ros/jazzy/opt/gz_fuel_tools_vendor:/opt/ros/jazzy/opt/gz_msgs_vendor:/opt/ros/jazzy/opt/gz_common_vendor:/opt/ros/jazzy/opt/gz_math_vendor:/opt/ros/jazzy/opt/gz_utils_vendor:/opt/ros/jazzy/opt/gz_tools_vendor:/opt/ros/jazzy/opt/gz_ogre_next_vendor:/opt/ros/jazzy/opt/gz_dartsim_vendor:/opt/ros/jazzy/opt/gz_cmake_vendor:/home/ws/install/py_pubsub:/opt/ros/jazzy DEBUGINFOD_URLS=https://debuginfod.ubuntu.com /usr/bin/cmake --install /home/ws/build/rmw_zenoh_cpp
[1.179s] Level 1:colcon.colcon_core.environment:create_environment_scripts_only(rmw_zenoh_cpp)
[1.180s] Level 1:colcon.colcon_core.environment:checking '/home/ws/install/rmw_zenoh_cpp' for CMake module files
[1.182s] DEBUG:colcon.colcon_core.event_handler.log_command:Invoked command in '/home/ws/build/rmw_zenoh_cpp' returned '0': CMAKE_PREFIX_PATH=/home/ws/install/zenoh_cpp_vendor:/home/ws/install/rmw_zenoh_cpp:/home/ws/install/quadruped_utils:/home/ws/install/quadruped_urdf:/home/ws/install/quadruped_sim:/home/ws/install/quadruped_mpc:/home/ws/install/quadruped_msgs:/home/ws/install/quadruped_hardware:/home/ws/install/quadruped_bringup:/home/ws/install/jetson_interface:/home/ws/install/imu_hardware_interface:/home/ws/install/bno08x_driver:/opt/ros/jazzy/opt/gz_sim_vendor:/opt/ros/jazzy/opt/gz_sensors_vendor:/opt/ros/jazzy/opt/gz_physics_vendor:/opt/ros/jazzy/opt/sdformat_vendor:/opt/ros/jazzy/opt/gz_gui_vendor:/opt/ros/jazzy/opt/gz_transport_vendor:/opt/ros/jazzy/opt/gz_rendering_vendor:/opt/ros/jazzy/opt/gz_plugin_vendor:/opt/ros/jazzy/opt/gz_fuel_tools_vendor:/opt/ros/jazzy/opt/gz_msgs_vendor:/opt/ros/jazzy/opt/gz_common_vendor:/opt/ros/jazzy/opt/gz_math_vendor:/opt/ros/jazzy/opt/gz_utils_vendor:/opt/ros/jazzy/opt/gz_tools_vendor:/opt/ros/jazzy/opt/gz_ogre_next_vendor:/opt/ros/jazzy/opt/gz_dartsim_vendor:/opt/ros/jazzy/opt/gz_cmake_vendor:/home/ws/install/py_pubsub:/opt/ros/jazzy DEBUGINFOD_URLS=https://debuginfod.ubuntu.com /usr/bin/cmake --install /home/ws/build/rmw_zenoh_cpp
[1.183s] Level 1:colcon.colcon_core.environment:checking '/home/ws/install/rmw_zenoh_cpp' for CMake config files
[1.184s] Level 1:colcon.colcon_core.shell:create_environment_hook('rmw_zenoh_cpp', 'cmake_prefix_path')
[1.184s] INFO:colcon.colcon_core.shell:Creating environment hook '/home/ws/install/rmw_zenoh_cpp/share/rmw_zenoh_cpp/hook/cmake_prefix_path.ps1'
[1.185s] INFO:colcon.colcon_core.shell:Creating environment descriptor '/home/ws/install/rmw_zenoh_cpp/share/rmw_zenoh_cpp/hook/cmake_prefix_path.dsv'
[1.186s] INFO:colcon.colcon_core.shell:Creating environment hook '/home/ws/install/rmw_zenoh_cpp/share/rmw_zenoh_cpp/hook/cmake_prefix_path.sh'
[1.187s] Level 1:colcon.colcon_core.environment:checking '/home/ws/install/rmw_zenoh_cpp/lib'
[1.187s] Level 1:colcon.colcon_core.shell:create_environment_hook('rmw_zenoh_cpp', 'ld_library_path_lib')
[1.188s] INFO:colcon.colcon_core.shell:Creating environment hook '/home/ws/install/rmw_zenoh_cpp/share/rmw_zenoh_cpp/hook/ld_library_path_lib.ps1'
[1.188s] INFO:colcon.colcon_core.shell:Creating environment descriptor '/home/ws/install/rmw_zenoh_cpp/share/rmw_zenoh_cpp/hook/ld_library_path_lib.dsv'
[1.189s] INFO:colcon.colcon_core.shell:Creating environment hook '/home/ws/install/rmw_zenoh_cpp/share/rmw_zenoh_cpp/hook/ld_library_path_lib.sh'
[1.190s] Level 1:colcon.colcon_core.environment:checking '/home/ws/install/rmw_zenoh_cpp/bin'
[1.190s] Level 1:colcon.colcon_core.environment:checking '/home/ws/install/rmw_zenoh_cpp/lib/pkgconfig/rmw_zenoh_cpp.pc'
[1.190s] Level 1:colcon.colcon_core.environment:checking '/home/ws/install/rmw_zenoh_cpp/lib/python3.12/site-packages'
[1.191s] Level 1:colcon.colcon_core.environment:checking '/home/ws/install/rmw_zenoh_cpp/bin'
[1.191s] INFO:colcon.colcon_core.shell:Creating package script '/home/ws/install/rmw_zenoh_cpp/share/rmw_zenoh_cpp/package.ps1'
[1.192s] INFO:colcon.colcon_core.shell:Creating package descriptor '/home/ws/install/rmw_zenoh_cpp/share/rmw_zenoh_cpp/package.dsv'
[1.197s] INFO:colcon.colcon_core.shell:Creating package script '/home/ws/install/rmw_zenoh_cpp/share/rmw_zenoh_cpp/package.sh'
[1.198s] INFO:colcon.colcon_core.shell:Creating package script '/home/ws/install/rmw_zenoh_cpp/share/rmw_zenoh_cpp/package.bash'
[1.199s] INFO:colcon.colcon_core.shell:Creating package script '/home/ws/install/rmw_zenoh_cpp/share/rmw_zenoh_cpp/package.zsh'
[1.199s] Level 1:colcon.colcon_core.environment:create_file_with_runtime_dependencies(/home/ws/install/rmw_zenoh_cpp/share/colcon-core/packages/rmw_zenoh_cpp)
[1.200s] Level 1:colcon.colcon_core.environment:create_environment_scripts_only(rmw_zenoh_cpp)
[1.202s] Level 1:colcon.colcon_core.environment:checking '/home/ws/install/rmw_zenoh_cpp' for CMake module files
[1.203s] Level 1:colcon.colcon_core.environment:checking '/home/ws/install/rmw_zenoh_cpp' for CMake config files
[1.203s] Level 1:colcon.colcon_core.shell:create_environment_hook('rmw_zenoh_cpp', 'cmake_prefix_path')
[1.203s] INFO:colcon.colcon_core.shell:Creating environment hook '/home/ws/install/rmw_zenoh_cpp/share/rmw_zenoh_cpp/hook/cmake_prefix_path.ps1'
[1.204s] INFO:colcon.colcon_core.shell:Creating environment descriptor '/home/ws/install/rmw_zenoh_cpp/share/rmw_zenoh_cpp/hook/cmake_prefix_path.dsv'
[1.206s] INFO:colcon.colcon_core.shell:Creating environment hook '/home/ws/install/rmw_zenoh_cpp/share/rmw_zenoh_cpp/hook/cmake_prefix_path.sh'
[1.208s] Level 1:colcon.colcon_core.environment:checking '/home/ws/install/rmw_zenoh_cpp/lib'
[1.208s] Level 1:colcon.colcon_core.shell:create_environment_hook('rmw_zenoh_cpp', 'ld_library_path_lib')
[1.209s] INFO:colcon.colcon_core.shell:Creating environment hook '/home/ws/install/rmw_zenoh_cpp/share/rmw_zenoh_cpp/hook/ld_library_path_lib.ps1'
[1.210s] INFO:colcon.colcon_core.shell:Creating environment descriptor '/home/ws/install/rmw_zenoh_cpp/share/rmw_zenoh_cpp/hook/ld_library_path_lib.dsv'
[1.211s] INFO:colcon.colcon_core.shell:Creating environment hook '/home/ws/install/rmw_zenoh_cpp/share/rmw_zenoh_cpp/hook/ld_library_path_lib.sh'
[1.213s] Level 1:colcon.colcon_core.environment:checking '/home/ws/install/rmw_zenoh_cpp/bin'
[1.213s] Level 1:colcon.colcon_core.environment:checking '/home/ws/install/rmw_zenoh_cpp/lib/pkgconfig/rmw_zenoh_cpp.pc'
[1.214s] Level 1:colcon.colcon_core.environment:checking '/home/ws/install/rmw_zenoh_cpp/lib/python3.12/site-packages'
[1.214s] Level 1:colcon.colcon_core.environment:checking '/home/ws/install/rmw_zenoh_cpp/bin'
[1.215s] INFO:colcon.colcon_core.shell:Creating package script '/home/ws/install/rmw_zenoh_cpp/share/rmw_zenoh_cpp/package.ps1'
[1.216s] INFO:colcon.colcon_core.shell:Creating package descriptor '/home/ws/install/rmw_zenoh_cpp/share/rmw_zenoh_cpp/package.dsv'
[1.218s] INFO:colcon.colcon_core.shell:Creating package script '/home/ws/install/rmw_zenoh_cpp/share/rmw_zenoh_cpp/package.sh'
[1.219s] INFO:colcon.colcon_core.shell:Creating package script '/home/ws/install/rmw_zenoh_cpp/share/rmw_zenoh_cpp/package.bash'
[1.221s] INFO:colcon.colcon_core.shell:Creating package script '/home/ws/install/rmw_zenoh_cpp/share/rmw_zenoh_cpp/package.zsh'
[1.222s] Level 1:colcon.colcon_core.environment:create_file_with_runtime_dependencies(/home/ws/install/rmw_zenoh_cpp/share/colcon-core/packages/rmw_zenoh_cpp)
[1.224s] DEBUG:colcon.colcon_parallel_executor.executor.parallel:closing loop
[1.224s] DEBUG:colcon.colcon_parallel_executor.executor.parallel:loop closed
[1.224s] DEBUG:colcon.colcon_parallel_executor.executor.parallel:run_until_complete finished with '0'
[1.225s] DEBUG:colcon.colcon_core.event_reactor:joining thread
[1.247s] INFO:colcon.colcon_core.plugin_system:Skipping extension 'colcon_notification.desktop_notification.notify_send': Could not find 'notify-send'
[1.248s] INFO:colcon.colcon_core.plugin_system:Skipping extension 'colcon_notification.desktop_notification.terminal_notifier': Not used on non-Darwin systems
[1.248s] INFO:colcon.colcon_core.plugin_system:Skipping extension 'colcon_notification.desktop_notification.win32': Not used on non-Windows systems
[1.248s] INFO:colcon.colcon_notification.desktop_notification:Sending desktop notification using 'notify2'
[1.257s] DEBUG:colcon.colcon_notification.desktop_notification.notify2:Failed to initialize notify2: org.freedesktop.DBus.Error.Spawn.ExecFailed: /usr/bin/dbus-launch terminated abnormally without any error message
[1.257s] DEBUG:colcon.colcon_core.event_reactor:joined thread
[1.258s] INFO:colcon.colcon_core.shell:Creating prefix script '/home/ws/install/local_setup.ps1'
[1.261s] INFO:colcon.colcon_core.shell:Creating prefix util module '/home/ws/install/_local_setup_util_ps1.py'
[1.264s] INFO:colcon.colcon_core.shell:Creating prefix chain script '/home/ws/install/setup.ps1'
[1.267s] INFO:colcon.colcon_core.shell:Creating prefix script '/home/ws/install/local_setup.sh'
[1.269s] INFO:colcon.colcon_core.shell:Creating prefix util module '/home/ws/install/_local_setup_util_sh.py'
[1.270s] INFO:colcon.colcon_core.shell:Creating prefix chain script '/home/ws/install/setup.sh'
[1.275s] INFO:colcon.colcon_core.shell:Creating prefix script '/home/ws/install/local_setup.bash'
[1.276s] INFO:colcon.colcon_core.shell:Creating prefix chain script '/home/ws/install/setup.bash'
[1.280s] INFO:colcon.colcon_core.shell:Creating prefix script '/home/ws/install/local_setup.zsh'
[1.281s] INFO:colcon.colcon_core.shell:Creating prefix chain script '/home/ws/install/setup.zsh'
