[0.077s] Invoking command in '/home/ws/build/bno08x_driver': CMAKE_PREFIX_PATH=${CMAKE_PREFIX_PATH}:/opt/ros/jazzy DEBUGINFOD_URLS=https://debuginfod.ubuntu.com /usr/bin/cmake --build /home/ws/build/bno08x_driver -- -j8 -l8
[0.881s] [ 11%] Built target gmock_main
[0.882s] [ 38%] Built target sh2_library
[0.882s] [ 55%] Built target gmock
[0.882s] [ 77%] Built target bno08x_driver
[0.882s] [ 88%] Built target test_i2c_mock
[0.882s] [100%] Built target test_watchdog
[0.957s] Invoked command in '/home/ws/build/bno08x_driver' returned '0': CMAKE_PREFIX_PATH=${CMAKE_PREFIX_PATH}:/opt/ros/jazzy DEBUGINFOD_URLS=https://debuginfod.ubuntu.com /usr/bin/cmake --build /home/ws/build/bno08x_driver -- -j8 -l8
[0.958s] Invoking command in '/home/ws/build/bno08x_driver': CMAKE_PREFIX_PATH=${CMAKE_PREFIX_PATH}:/opt/ros/jazzy DEBUGINFOD_URLS=https://debuginfod.ubuntu.com /usr/bin/cmake --install /home/ws/build/bno08x_driver
[1.002s] -- Install configuration: "Release"
[1.003s] -- Up-to-date: /home/ws/install/bno08x_driver/lib/bno08x_driver/bno08x_driver
[1.003s] -- Up-to-date: /home/ws/install/bno08x_driver/share/bno08x_driver/config
[1.003s] -- Up-to-date: /home/ws/install/bno08x_driver/share/bno08x_driver/config/bno085_i2c.yaml
[1.003s] -- Up-to-date: /home/ws/install/bno08x_driver/share/bno08x_driver/config/bno085_uart.yaml
[1.003s] -- Up-to-date: /home/ws/install/bno08x_driver/share/bno08x_driver/launch
[1.003s] -- Up-to-date: /home/ws/install/bno08x_driver/share/bno08x_driver/launch/bno085_i2c.launch.py
[1.004s] -- Up-to-date: /home/ws/install/bno08x_driver/share/bno08x_driver/launch/bno085_uart.launch.py
[1.004s] -- Up-to-date: /home/ws/install/bno08x_driver/share/ament_index/resource_index/package_run_dependencies/bno08x_driver
[1.004s] -- Up-to-date: /home/ws/install/bno08x_driver/share/ament_index/resource_index/parent_prefix_path/bno08x_driver
[1.004s] -- Up-to-date: /home/ws/install/bno08x_driver/share/bno08x_driver/environment/ament_prefix_path.sh
[1.004s] -- Up-to-date: /home/ws/install/bno08x_driver/share/bno08x_driver/environment/ament_prefix_path.dsv
[1.004s] -- Up-to-date: /home/ws/install/bno08x_driver/share/bno08x_driver/environment/path.sh
[1.004s] -- Up-to-date: /home/ws/install/bno08x_driver/share/bno08x_driver/environment/path.dsv
[1.005s] -- Up-to-date: /home/ws/install/bno08x_driver/share/bno08x_driver/local_setup.bash
[1.005s] -- Up-to-date: /home/ws/install/bno08x_driver/share/bno08x_driver/local_setup.sh
[1.005s] -- Up-to-date: /home/ws/install/bno08x_driver/share/bno08x_driver/local_setup.zsh
[1.005s] -- Up-to-date: /home/ws/install/bno08x_driver/share/bno08x_driver/local_setup.dsv
[1.005s] -- Installing: /home/ws/install/bno08x_driver/share/bno08x_driver/package.dsv
[1.005s] -- Up-to-date: /home/ws/install/bno08x_driver/share/ament_index/resource_index/packages/bno08x_driver
[1.006s] -- Up-to-date: /home/ws/install/bno08x_driver/share/bno08x_driver/cmake/bno08x_driverConfig.cmake
[1.007s] -- Up-to-date: /home/ws/install/bno08x_driver/share/bno08x_driver/cmake/bno08x_driverConfig-version.cmake
[1.007s] -- Up-to-date: /home/ws/install/bno08x_driver/share/bno08x_driver/package.xml
[1.298s] Invoked command in '/home/ws/build/bno08x_driver' returned '0': CMAKE_PREFIX_PATH=${CMAKE_PREFIX_PATH}:/opt/ros/jazzy DEBUGINFOD_URLS=https://debuginfod.ubuntu.com /usr/bin/cmake --install /home/ws/build/bno08x_driver
