[0.027s] Invoking command in '/home/ws/build/quadruped_urdf': CMAKE_PREFIX_PATH=${CMAKE_PREFIX_PATH}:/home/ws/install/py_pubsub:/opt/ros/jazzy DEBUGINFOD_URLS=https://debuginfod.ubuntu.com /usr/bin/cmake /home/ws/src/quadruped_urdf -DCMAKE_BUILD_TYPE=Release -DCMAKE_INSTALL_PREFIX=/home/ws/install/quadruped_urdf
[0.089s] -- Found ament_cmake: 2.5.3 (/opt/ros/jazzy/share/ament_cmake/cmake)
[0.874s] -- Found ament_lint_auto: 0.17.1 (/opt/ros/jazzy/share/ament_lint_auto/cmake)
[1.153s] -- Added test 'flake8' to check Python code syntax and style conventions
[1.153s] -- Configured 'flake8' exclude dirs and/or files: 
[1.153s] -- Added test 'lint_cmake' to check CMake code style
[1.155s] -- Added test 'pep257' to check Python code against some of the docstring style conventions in PEP 257
[1.159s] -- Added test 'xmllint' to check XML markup files
[1.168s] -- Configuring done (1.1s)
[1.193s] -- Generating done (0.0s)
[1.198s] -- Build files have been written to: /home/ws/build/quadruped_urdf
[1.215s] Invoked command in '/home/ws/build/quadruped_urdf' returned '0': CMAKE_PREFIX_PATH=${CMAKE_PREFIX_PATH}:/home/ws/install/py_pubsub:/opt/ros/jazzy DEBUGINFOD_URLS=https://debuginfod.ubuntu.com /usr/bin/cmake /home/ws/src/quadruped_urdf -DCMAKE_BUILD_TYPE=Release -DCMAKE_INSTALL_PREFIX=/home/ws/install/quadruped_urdf
[1.217s] Invoking command in '/home/ws/build/quadruped_urdf': CMAKE_PREFIX_PATH=${CMAKE_PREFIX_PATH}:/home/ws/install/py_pubsub:/opt/ros/jazzy DEBUGINFOD_URLS=https://debuginfod.ubuntu.com /usr/bin/cmake --build /home/ws/build/quadruped_urdf -- -j8 -l8
[1.452s] Invoked command in '/home/ws/build/quadruped_urdf' returned '0': CMAKE_PREFIX_PATH=${CMAKE_PREFIX_PATH}:/home/ws/install/py_pubsub:/opt/ros/jazzy DEBUGINFOD_URLS=https://debuginfod.ubuntu.com /usr/bin/cmake --build /home/ws/build/quadruped_urdf -- -j8 -l8
[1.454s] Invoking command in '/home/ws/build/quadruped_urdf': CMAKE_PREFIX_PATH=${CMAKE_PREFIX_PATH}:/home/ws/install/py_pubsub:/opt/ros/jazzy DEBUGINFOD_URLS=https://debuginfod.ubuntu.com /usr/bin/cmake --install /home/ws/build/quadruped_urdf
[1.558s] -- Install configuration: "Release"
[1.558s] -- Up-to-date: /home/ws/install/quadruped_urdf/share/quadruped_urdf/urdf
[1.558s] -- Up-to-date: /home/ws/install/quadruped_urdf/share/quadruped_urdf/urdf/sensors.xacro
[1.558s] -- Up-to-date: /home/ws/install/quadruped_urdf/share/quadruped_urdf/urdf/leg.xacro
[1.558s] -- Up-to-date: /home/ws/install/quadruped_urdf/share/quadruped_urdf/urdf/quadruped_ros2_control.xacro
[1.559s] -- Up-to-date: /home/ws/install/quadruped_urdf/share/quadruped_urdf/urdf/materials.xacro
[1.559s] -- Up-to-date: /home/ws/install/quadruped_urdf/share/quadruped_urdf/urdf/body.xacro
[1.559s] -- Up-to-date: /home/ws/install/quadruped_urdf/share/quadruped_urdf/urdf/properties.xacro
[1.559s] -- Up-to-date: /home/ws/install/quadruped_urdf/share/quadruped_urdf/urdf/properties_real.xacro
[1.559s] -- Up-to-date: /home/ws/install/quadruped_urdf/share/quadruped_urdf/urdf/meshes
[1.559s] -- Up-to-date: /home/ws/install/quadruped_urdf/share/quadruped_urdf/urdf/meshes/Rear Left Shin.STL
[1.559s] -- Up-to-date: /home/ws/install/quadruped_urdf/share/quadruped_urdf/urdf/meshes/Body_bin.STL
[1.560s] -- Up-to-date: /home/ws/install/quadruped_urdf/share/quadruped_urdf/urdf/meshes/Front Left Thigh.STL
[1.564s] -- Up-to-date: /home/ws/install/quadruped_urdf/share/quadruped_urdf/urdf/meshes/Rear Left Thigh.STL
[1.568s] -- Up-to-date: /home/ws/install/quadruped_urdf/share/quadruped_urdf/urdf/meshes/Thigh.STL
[1.572s] -- Up-to-date: /home/ws/install/quadruped_urdf/share/quadruped_urdf/urdf/meshes/Rear Right Thigh.STL
[1.572s] -- Up-to-date: /home/ws/install/quadruped_urdf/share/quadruped_urdf/urdf/meshes/Front Right Thigh.STL
[1.573s] -- Up-to-date: /home/ws/install/quadruped_urdf/share/quadruped_urdf/urdf/meshes/Front Right Shin.STL
[1.573s] -- Up-to-date: /home/ws/install/quadruped_urdf/share/quadruped_urdf/urdf/meshes/Front Left Shin.STL
[1.573s] -- Up-to-date: /home/ws/install/quadruped_urdf/share/quadruped_urdf/urdf/meshes/Body.STL
[1.573s] -- Up-to-date: /home/ws/install/quadruped_urdf/share/quadruped_urdf/urdf/meshes/Rear Right Shin.STL
[1.573s] -- Up-to-date: /home/ws/install/quadruped_urdf/share/quadruped_urdf/urdf/meshes/Shin.STL
[1.576s] -- Up-to-date: /home/ws/install/quadruped_urdf/share/quadruped_urdf/urdf/QuadrupedURDF_real.urdf.xacro
[1.577s] -- Up-to-date: /home/ws/install/quadruped_urdf/share/quadruped_urdf/urdf/gazebo.xacro
[1.577s] -- Up-to-date: /home/ws/install/quadruped_urdf/share/quadruped_urdf/urdf/joint_interfaces.xacro
[1.577s] -- Up-to-date: /home/ws/install/quadruped_urdf/share/quadruped_urdf/urdf/QuadrupedURDF_sim.urdf.xacro
[1.577s] -- Up-to-date: /home/ws/install/quadruped_urdf/share/quadruped_urdf/config
[1.578s] -- Up-to-date: /home/ws/install/quadruped_urdf/share/quadruped_urdf/config/initial_joint_positions.yaml
[1.578s] -- Up-to-date: /home/ws/install/quadruped_urdf/share/quadruped_urdf/config/initial_joint_positions_real.yaml
[1.578s] -- Up-to-date: /home/ws/install/quadruped_urdf/share/quadruped_urdf/launch
[1.578s] -- Up-to-date: /home/ws/install/quadruped_urdf/share/quadruped_urdf/launch/real_urdf.launch.py
[1.578s] -- Up-to-date: /home/ws/install/quadruped_urdf/share/quadruped_urdf/launch/sim_urdf.launch.py
[1.578s] -- Up-to-date: /home/ws/install/quadruped_urdf/share/ament_index/resource_index/package_run_dependencies/quadruped_urdf
[1.578s] -- Up-to-date: /home/ws/install/quadruped_urdf/share/ament_index/resource_index/parent_prefix_path/quadruped_urdf
[1.579s] -- Up-to-date: /home/ws/install/quadruped_urdf/share/quadruped_urdf/environment/ament_prefix_path.sh
[1.579s] -- Up-to-date: /home/ws/install/quadruped_urdf/share/quadruped_urdf/environment/ament_prefix_path.dsv
[1.579s] -- Up-to-date: /home/ws/install/quadruped_urdf/share/quadruped_urdf/environment/path.sh
[1.579s] -- Up-to-date: /home/ws/install/quadruped_urdf/share/quadruped_urdf/environment/path.dsv
[1.579s] -- Up-to-date: /home/ws/install/quadruped_urdf/share/quadruped_urdf/local_setup.bash
[1.579s] -- Up-to-date: /home/ws/install/quadruped_urdf/share/quadruped_urdf/local_setup.sh
[1.580s] -- Up-to-date: /home/ws/install/quadruped_urdf/share/quadruped_urdf/local_setup.zsh
[1.580s] -- Up-to-date: /home/ws/install/quadruped_urdf/share/quadruped_urdf/local_setup.dsv
[1.580s] -- Installing: /home/ws/install/quadruped_urdf/share/quadruped_urdf/package.dsv
[1.580s] -- Up-to-date: /home/ws/install/quadruped_urdf/share/ament_index/resource_index/packages/quadruped_urdf
[1.580s] -- Up-to-date: /home/ws/install/quadruped_urdf/share/quadruped_urdf/cmake/quadruped_urdfConfig.cmake
[1.580s] -- Up-to-date: /home/ws/install/quadruped_urdf/share/quadruped_urdf/cmake/quadruped_urdfConfig-version.cmake
[1.580s] -- Up-to-date: /home/ws/install/quadruped_urdf/share/quadruped_urdf/package.xml
[1.626s] Invoked command in '/home/ws/build/quadruped_urdf' returned '0': CMAKE_PREFIX_PATH=${CMAKE_PREFIX_PATH}:/home/ws/install/py_pubsub:/opt/ros/jazzy DEBUGINFOD_URLS=https://debuginfod.ubuntu.com /usr/bin/cmake --install /home/ws/build/quadruped_urdf
