[0.140s] Invoking command in '/home/ws/build/quadruped_utils': CMAKE_PREFIX_PATH=${CMAKE_PREFIX_PATH}:/home/ws/install/py_pubsub:/opt/ros/jazzy DEBUGINFOD_URLS=https://debuginfod.ubuntu.com /usr/bin/cmake /home/ws/src/quadruped_utils -DCMAKE_BUILD_TYPE=Release -DCMAKE_INSTALL_PREFIX=/home/ws/install/quadruped_utils
[0.204s] -- Found ament_cmake: 2.5.3 (/opt/ros/jazzy/share/ament_cmake/cmake)
[0.877s] -- Found rclcpp: 28.1.6 (/opt/ros/jazzy/share/rclcpp/cmake)
[0.955s] -- Found rosidl_generator_c: 4.6.5 (/opt/ros/jazzy/share/rosidl_generator_c/cmake)
[0.982s] -- Found rosidl_generator_cpp: 4.6.5 (/opt/ros/jazzy/share/rosidl_generator_cpp/cmake)
[1.011s] -- Using all available rosidl_typesupport_c: rosidl_typesupport_fastrtps_c;rosidl_typesupport_introspection_c
[1.040s] -- Using all available rosidl_typesupport_cpp: rosidl_typesupport_fastrtps_cpp;rosidl_typesupport_introspection_cpp
[1.168s] -- Found rmw_implementation_cmake: 7.3.1 (/opt/ros/jazzy/share/rmw_implementation_cmake/cmake)
[1.173s] -- Found rmw_zenoh_cpp: 0.2.2 (/home/ws/install/rmw_zenoh_cpp/share/rmw_zenoh_cpp/cmake)
[1.176s] -- Using RMW implementation 'rmw_zenoh_cpp' as default
[1.307s] -- Found rclcpp_lifecycle: 28.1.6 (/opt/ros/jazzy/share/rclcpp_lifecycle/cmake)
[1.362s] -- Found hardware_interface: 4.28.1 (/opt/ros/jazzy/share/hardware_interface/cmake)
[1.648s] -- Found TinyXML2 via Config file: /usr/local/lib/cmake/tinyxml2
[1.742s] -- Found controller_interface: 4.28.1 (/opt/ros/jazzy/share/controller_interface/cmake)
[1.756s] -- Found controller_manager_msgs: 4.28.1 (/opt/ros/jazzy/share/controller_manager_msgs/cmake)
[2.108s] -- Configuring done (1.9s)
[2.176s] -- Generating done (0.0s)
[2.187s] -- Build files have been written to: /home/ws/build/quadruped_utils
[2.218s] Invoked command in '/home/ws/build/quadruped_utils' returned '0': CMAKE_PREFIX_PATH=${CMAKE_PREFIX_PATH}:/home/ws/install/py_pubsub:/opt/ros/jazzy DEBUGINFOD_URLS=https://debuginfod.ubuntu.com /usr/bin/cmake /home/ws/src/quadruped_utils -DCMAKE_BUILD_TYPE=Release -DCMAKE_INSTALL_PREFIX=/home/ws/install/quadruped_utils
[2.222s] Invoking command in '/home/ws/build/quadruped_utils': CMAKE_PREFIX_PATH=${CMAKE_PREFIX_PATH}:/home/ws/install/py_pubsub:/opt/ros/jazzy DEBUGINFOD_URLS=https://debuginfod.ubuntu.com /usr/bin/cmake --build /home/ws/build/quadruped_utils -- -j8 -l8
[2.476s] [100%] Built target quadruped_utils_controllers
[2.525s] Invoked command in '/home/ws/build/quadruped_utils' returned '0': CMAKE_PREFIX_PATH=${CMAKE_PREFIX_PATH}:/home/ws/install/py_pubsub:/opt/ros/jazzy DEBUGINFOD_URLS=https://debuginfod.ubuntu.com /usr/bin/cmake --build /home/ws/build/quadruped_utils -- -j8 -l8
[2.527s] Invoking command in '/home/ws/build/quadruped_utils': CMAKE_PREFIX_PATH=${CMAKE_PREFIX_PATH}:/home/ws/install/py_pubsub:/opt/ros/jazzy DEBUGINFOD_URLS=https://debuginfod.ubuntu.com /usr/bin/cmake --install /home/ws/build/quadruped_utils
[2.561s] -- Install configuration: "Debug"
[2.569s] -- Up-to-date: /home/ws/install/quadruped_utils/lib/libquadruped_utils_controllers.so
[2.569s] -- Up-to-date: /home/ws/install/quadruped_utils/share/quadruped_utils/launch
[2.570s] -- Up-to-date: /home/ws/install/quadruped_utils/share/quadruped_utils/launch/ZeroJoint.launch.py
[2.570s] -- Up-to-date: /home/ws/install/quadruped_utils/share/quadruped_utils/launch/StaticJoint.launch.py
[2.570s] -- Up-to-date: /home/ws/install/quadruped_utils/share/quadruped_utils/launch/testcontroller.launch.py
[2.570s] -- Up-to-date: /home/ws/install/quadruped_utils/share/quadruped_utils/config
[2.570s] -- Up-to-date: /home/ws/install/quadruped_utils/share/quadruped_utils/config/controller.yaml
[2.570s] -- Up-to-date: /home/ws/install/quadruped_utils/include
[2.570s] -- Up-to-date: /home/ws/install/quadruped_utils/include/quadruped_utils
[2.571s] -- Up-to-date: /home/ws/install/quadruped_utils/include/quadruped_utils/EstopController.hpp
[2.571s] -- Up-to-date: /home/ws/install/quadruped_utils/include/quadruped_utils/ZeroJointsController.hpp
[2.571s] -- Up-to-date: /home/ws/install/quadruped_utils/include/quadruped_utils/StaticJointsController.hpp
[2.571s] -- Up-to-date: /home/ws/install/quadruped_utils/share/quadruped_utils/ZeroJointsController.xml
[2.571s] -- Up-to-date: /home/ws/install/quadruped_utils/share/quadruped_utils/StaticJointsController.xml
[2.572s] -- Up-to-date: /home/ws/install/quadruped_utils/share/quadruped_utils/environment/library_path.sh
[2.572s] -- Up-to-date: /home/ws/install/quadruped_utils/share/quadruped_utils/environment/library_path.dsv
[2.572s] -- Up-to-date: /home/ws/install/quadruped_utils/share/ament_index/resource_index/package_run_dependencies/quadruped_utils
[2.572s] -- Up-to-date: /home/ws/install/quadruped_utils/share/ament_index/resource_index/parent_prefix_path/quadruped_utils
[2.572s] -- Up-to-date: /home/ws/install/quadruped_utils/share/quadruped_utils/environment/ament_prefix_path.sh
[2.572s] -- Up-to-date: /home/ws/install/quadruped_utils/share/quadruped_utils/environment/ament_prefix_path.dsv
[2.572s] -- Up-to-date: /home/ws/install/quadruped_utils/share/quadruped_utils/environment/path.sh
[2.573s] -- Up-to-date: /home/ws/install/quadruped_utils/share/quadruped_utils/environment/path.dsv
[2.573s] -- Up-to-date: /home/ws/install/quadruped_utils/share/quadruped_utils/local_setup.bash
[2.573s] -- Up-to-date: /home/ws/install/quadruped_utils/share/quadruped_utils/local_setup.sh
[2.573s] -- Up-to-date: /home/ws/install/quadruped_utils/share/quadruped_utils/local_setup.zsh
[2.573s] -- Up-to-date: /home/ws/install/quadruped_utils/share/quadruped_utils/local_setup.dsv
[2.573s] -- Installing: /home/ws/install/quadruped_utils/share/quadruped_utils/package.dsv
[2.573s] -- Up-to-date: /home/ws/install/quadruped_utils/share/ament_index/resource_index/packages/quadruped_utils
[2.588s] -- Up-to-date: /home/ws/install/quadruped_utils/share/ament_index/resource_index/controller_interface__pluginlib__plugin/quadruped_utils
[2.588s] -- Up-to-date: /home/ws/install/quadruped_utils/share/quadruped_utils/cmake/ament_cmake_export_dependencies-extras.cmake
[2.588s] -- Up-to-date: /home/ws/install/quadruped_utils/share/quadruped_utils/cmake/ament_cmake_export_include_directories-extras.cmake
[2.588s] -- Up-to-date: /home/ws/install/quadruped_utils/share/quadruped_utils/cmake/ament_cmake_export_libraries-extras.cmake
[2.589s] -- Up-to-date: /home/ws/install/quadruped_utils/share/quadruped_utils/cmake/quadruped_utilsConfig.cmake
[2.589s] -- Up-to-date: /home/ws/install/quadruped_utils/share/quadruped_utils/cmake/quadruped_utilsConfig-version.cmake
[2.589s] -- Up-to-date: /home/ws/install/quadruped_utils/share/quadruped_utils/package.xml
[2.589s] Invoked command in '/home/ws/build/quadruped_utils' returned '0': CMAKE_PREFIX_PATH=${CMAKE_PREFIX_PATH}:/home/ws/install/py_pubsub:/opt/ros/jazzy DEBUGINFOD_URLS=https://debuginfod.ubuntu.com /usr/bin/cmake --install /home/ws/build/quadruped_utils
