-- Found ament_cmake: 2.5.3 (/opt/ros/jazzy/share/ament_cmake/cmake)
-- Found hardware_interface: 4.28.1 (/opt/ros/jazzy/share/hardware_interface/cmake)
-- Found rosidl_generator_c: 4.6.5 (/opt/ros/jazzy/share/rosidl_generator_c/cmake)
-- Found rosidl_generator_cpp: 4.6.5 (/opt/ros/jazzy/share/rosidl_generator_cpp/cmake)
-- Using all available rosidl_typesupport_c: rosidl_typesupport_fastrtps_c;rosidl_typesupport_introspection_c
-- Using all available rosidl_typesupport_cpp: rosidl_typesupport_fastrtps_cpp;rosidl_typesupport_introspection_cpp
-- Found TinyXML2 via Config file: /usr/local/lib/cmake/tinyxml2
-- Found rmw_implementation_cmake: 7.3.1 (/opt/ros/jazzy/share/rmw_implementation_cmake/cmake)
-- Found rmw_zenoh_cpp: 0.2.2 (/home/ws/install/rmw_zenoh_cpp/share/rmw_zenoh_cpp/cmake)
-- Using RMW implementation 'rmw_zenoh_cpp' as default
-- Configuring done (2.9s)
-- Generating done (0.1s)
-- Build files have been written to: /home/ws/build/imu_hardware_interface
[ 50%] [32mBuilding CXX object CMakeFiles/imu_hardware_interface.dir/src/imu_hardware_interface.cpp.o[0m
[100%] [32m[1mLinking CXX shared library libimu_hardware_interface.so[0m
[100%] Built target imu_hardware_interface
-- Install configuration: "Release"
-- Installing: /home/ws/install/imu_hardware_interface/share/imu_hardware_interface/imu_hardware_interface.xml
-- Installing: /home/ws/install/imu_hardware_interface/lib/libimu_hardware_interface.so
-- Set non-toolchain portion of runtime path of "/home/ws/install/imu_hardware_interface/lib/libimu_hardware_interface.so" to ""
-- Installing: /home/ws/install/imu_hardware_interface/include
-- Installing: /home/ws/install/imu_hardware_interface/include/imu_hardware_interface
-- Installing: /home/ws/install/imu_hardware_interface/include/imu_hardware_interface/imu_hardware_interface.hpp
-- Installing: /home/ws/install/imu_hardware_interface/share/imu_hardware_interface/environment/library_path.sh
-- Installing: /home/ws/install/imu_hardware_interface/share/imu_hardware_interface/environment/library_path.dsv
-- Up-to-date: /home/ws/install/imu_hardware_interface/lib/libimu_hardware_interface.so
-- Installing: /home/ws/install/imu_hardware_interface/share/ament_index/resource_index/package_run_dependencies/imu_hardware_interface
-- Installing: /home/ws/install/imu_hardware_interface/share/ament_index/resource_index/parent_prefix_path/imu_hardware_interface
-- Installing: /home/ws/install/imu_hardware_interface/share/imu_hardware_interface/environment/ament_prefix_path.sh
-- Installing: /home/ws/install/imu_hardware_interface/share/imu_hardware_interface/environment/ament_prefix_path.dsv
-- Installing: /home/ws/install/imu_hardware_interface/share/imu_hardware_interface/environment/path.sh
-- Installing: /home/ws/install/imu_hardware_interface/share/imu_hardware_interface/environment/path.dsv
-- Installing: /home/ws/install/imu_hardware_interface/share/imu_hardware_interface/local_setup.bash
-- Installing: /home/ws/install/imu_hardware_interface/share/imu_hardware_interface/local_setup.sh
-- Installing: /home/ws/install/imu_hardware_interface/share/imu_hardware_interface/local_setup.zsh
-- Installing: /home/ws/install/imu_hardware_interface/share/imu_hardware_interface/local_setup.dsv
-- Installing: /home/ws/install/imu_hardware_interface/share/imu_hardware_interface/package.dsv
-- Installing: /home/ws/install/imu_hardware_interface/share/ament_index/resource_index/packages/imu_hardware_interface
-- Installing: /home/ws/install/imu_hardware_interface/share/ament_index/resource_index/hardware_interface__pluginlib__plugin/imu_hardware_interface
-- Installing: /home/ws/install/imu_hardware_interface/share/imu_hardware_interface/cmake/ament_cmake_export_include_directories-extras.cmake
-- Installing: /home/ws/install/imu_hardware_interface/share/imu_hardware_interface/cmake/ament_cmake_export_libraries-extras.cmake
-- Installing: /home/ws/install/imu_hardware_interface/share/imu_hardware_interface/cmake/ament_cmake_export_dependencies-extras.cmake
-- Installing: /home/ws/install/imu_hardware_interface/share/imu_hardware_interface/cmake/imu_hardware_interfaceConfig.cmake
-- Installing: /home/ws/install/imu_hardware_interface/share/imu_hardware_interface/cmake/imu_hardware_interfaceConfig-version.cmake
-- Installing: /home/ws/install/imu_hardware_interface/share/imu_hardware_interface/package.xml
