[0.071s] Invoking command in '/home/ws/build/imu_hardware_interface': CMAKE_PREFIX_PATH=${CMAKE_PREFIX_PATH}:/home/ws/install/py_pubsub:/opt/ros/jazzy DEBUGINFOD_URLS=https://debuginfod.ubuntu.com /usr/bin/cmake /home/ws/src/imu_hardware_interface -DCMAKE_BUILD_TYPE=Release -DCMAKE_INSTALL_PREFIX=/home/ws/install/imu_hardware_interface
[0.659s] -- Found ament_cmake: 2.5.3 (/opt/ros/jazzy/share/ament_cmake/cmake)
[0.798s] -- Found hardware_interface: 4.28.1 (/opt/ros/jazzy/share/hardware_interface/cmake)
[0.897s] -- Found rosidl_generator_c: 4.6.5 (/opt/ros/jazzy/share/rosidl_generator_c/cmake)
[0.931s] -- Found rosidl_generator_cpp: 4.6.5 (/opt/ros/jazzy/share/rosidl_generator_cpp/cmake)
[0.960s] -- Using all available rosidl_typesupport_c: rosidl_typesupport_fastrtps_c;rosidl_typesupport_introspection_c
[0.993s] -- Using all available rosidl_typesupport_cpp: rosidl_typesupport_fastrtps_cpp;rosidl_typesupport_introspection_cpp
[1.380s] -- Found TinyXML2 via Config file: /usr/local/lib/cmake/tinyxml2
[1.603s] -- Found rmw_implementation_cmake: 7.3.1 (/opt/ros/jazzy/share/rmw_implementation_cmake/cmake)
[1.613s] -- Found rmw_zenoh_cpp: 0.2.2 (/home/ws/install/rmw_zenoh_cpp/share/rmw_zenoh_cpp/cmake)
[1.624s] -- Using RMW implementation 'rmw_zenoh_cpp' as default
[2.979s] -- Configuring done (2.9s)
[3.090s] -- Generating done (0.1s)
[3.108s] -- Build files have been written to: /home/ws/build/imu_hardware_interface
[3.152s] Invoked command in '/home/ws/build/imu_hardware_interface' returned '0': CMAKE_PREFIX_PATH=${CMAKE_PREFIX_PATH}:/home/ws/install/py_pubsub:/opt/ros/jazzy DEBUGINFOD_URLS=https://debuginfod.ubuntu.com /usr/bin/cmake /home/ws/src/imu_hardware_interface -DCMAKE_BUILD_TYPE=Release -DCMAKE_INSTALL_PREFIX=/home/ws/install/imu_hardware_interface
[3.153s] Invoking command in '/home/ws/build/imu_hardware_interface': CMAKE_PREFIX_PATH=${CMAKE_PREFIX_PATH}:/home/ws/install/py_pubsub:/opt/ros/jazzy DEBUGINFOD_URLS=https://debuginfod.ubuntu.com /usr/bin/cmake --build /home/ws/build/imu_hardware_interface -- -j8 -l8
[3.547s] [ 50%] [32mBuilding CXX object CMakeFiles/imu_hardware_interface.dir/src/imu_hardware_interface.cpp.o[0m
[40.880s] [100%] [32m[1mLinking CXX shared library libimu_hardware_interface.so[0m
[41.337s] [100%] Built target imu_hardware_interface
[41.371s] Invoked command in '/home/ws/build/imu_hardware_interface' returned '0': CMAKE_PREFIX_PATH=${CMAKE_PREFIX_PATH}:/home/ws/install/py_pubsub:/opt/ros/jazzy DEBUGINFOD_URLS=https://debuginfod.ubuntu.com /usr/bin/cmake --build /home/ws/build/imu_hardware_interface -- -j8 -l8
[41.371s] Invoking command in '/home/ws/build/imu_hardware_interface': CMAKE_PREFIX_PATH=${CMAKE_PREFIX_PATH}:/home/ws/install/py_pubsub:/opt/ros/jazzy DEBUGINFOD_URLS=https://debuginfod.ubuntu.com /usr/bin/cmake --install /home/ws/build/imu_hardware_interface
[41.401s] -- Install configuration: "Release"
[41.402s] -- Installing: /home/ws/install/imu_hardware_interface/share/imu_hardware_interface/imu_hardware_interface.xml
[41.402s] -- Installing: /home/ws/install/imu_hardware_interface/lib/libimu_hardware_interface.so
[41.409s] -- Set non-toolchain portion of runtime path of "/home/ws/install/imu_hardware_interface/lib/libimu_hardware_interface.so" to ""
[41.409s] -- Installing: /home/ws/install/imu_hardware_interface/include
[41.409s] -- Installing: /home/ws/install/imu_hardware_interface/include/imu_hardware_interface
[41.410s] -- Installing: /home/ws/install/imu_hardware_interface/include/imu_hardware_interface/imu_hardware_interface.hpp
[41.411s] -- Installing: /home/ws/install/imu_hardware_interface/share/imu_hardware_interface/environment/library_path.sh
[41.412s] -- Installing: /home/ws/install/imu_hardware_interface/share/imu_hardware_interface/environment/library_path.dsv
[41.412s] -- Up-to-date: /home/ws/install/imu_hardware_interface/lib/libimu_hardware_interface.so
[41.412s] -- Installing: /home/ws/install/imu_hardware_interface/share/ament_index/resource_index/package_run_dependencies/imu_hardware_interface
[41.417s] -- Installing: /home/ws/install/imu_hardware_interface/share/ament_index/resource_index/parent_prefix_path/imu_hardware_interface
[41.418s] -- Installing: /home/ws/install/imu_hardware_interface/share/imu_hardware_interface/environment/ament_prefix_path.sh
[41.419s] -- Installing: /home/ws/install/imu_hardware_interface/share/imu_hardware_interface/environment/ament_prefix_path.dsv
[41.419s] -- Installing: /home/ws/install/imu_hardware_interface/share/imu_hardware_interface/environment/path.sh
[41.420s] -- Installing: /home/ws/install/imu_hardware_interface/share/imu_hardware_interface/environment/path.dsv
[41.420s] -- Installing: /home/ws/install/imu_hardware_interface/share/imu_hardware_interface/local_setup.bash
[41.421s] -- Installing: /home/ws/install/imu_hardware_interface/share/imu_hardware_interface/local_setup.sh
[41.421s] -- Installing: /home/ws/install/imu_hardware_interface/share/imu_hardware_interface/local_setup.zsh
[41.421s] -- Installing: /home/ws/install/imu_hardware_interface/share/imu_hardware_interface/local_setup.dsv
[41.421s] -- Installing: /home/ws/install/imu_hardware_interface/share/imu_hardware_interface/package.dsv
[41.421s] -- Installing: /home/ws/install/imu_hardware_interface/share/ament_index/resource_index/packages/imu_hardware_interface
[41.421s] -- Installing: /home/ws/install/imu_hardware_interface/share/ament_index/resource_index/hardware_interface__pluginlib__plugin/imu_hardware_interface
[41.421s] -- Installing: /home/ws/install/imu_hardware_interface/share/imu_hardware_interface/cmake/ament_cmake_export_include_directories-extras.cmake
[41.422s] -- Installing: /home/ws/install/imu_hardware_interface/share/imu_hardware_interface/cmake/ament_cmake_export_libraries-extras.cmake
[41.422s] -- Installing: /home/ws/install/imu_hardware_interface/share/imu_hardware_interface/cmake/ament_cmake_export_dependencies-extras.cmake
[41.427s] -- Installing: /home/ws/install/imu_hardware_interface/share/imu_hardware_interface/cmake/imu_hardware_interfaceConfig.cmake
[41.458s] -- Installing: /home/ws/install/imu_hardware_interface/share/imu_hardware_interface/cmake/imu_hardware_interfaceConfig-version.cmake
[41.459s] -- Installing: /home/ws/install/imu_hardware_interface/share/imu_hardware_interface/package.xml
[41.459s] Invoked command in '/home/ws/build/imu_hardware_interface' returned '0': CMAKE_PREFIX_PATH=${CMAKE_PREFIX_PATH}:/home/ws/install/py_pubsub:/opt/ros/jazzy DEBUGINFOD_URLS=https://debuginfod.ubuntu.com /usr/bin/cmake --install /home/ws/build/imu_hardware_interface
