[0.106s] Invoking command in '/home/ws/build/quadruped_msgs': CMAKE_PREFIX_PATH=${CMAKE_PREFIX_PATH}:/home/ws/install/py_pubsub:/opt/ros/jazzy DEBUGINFOD_URLS=https://debuginfod.ubuntu.com /usr/bin/cmake --build /home/ws/build/quadruped_msgs -- -j8 -l8
[0.680s] [  1%] Built target quadruped_msgs__rosidl_generator_type_description
[0.680s] [  1%] Built target ament_cmake_python_copy_quadruped_msgs
[0.680s] [ 23%] Built target quadruped_msgs__rosidl_generator_c
[0.681s] [ 25%] Built target quadruped_msgs__cpp
[0.681s] [ 43%] Built target quadruped_msgs__rosidl_typesupport_fastrtps_c
[0.681s] [ 43%] Built target quadruped_msgs__rosidl_typesupport_fastrtps_cpp
[0.681s] [ 53%] Built target quadruped_msgs__rosidl_typesupport_introspection_c
[0.681s] [ 62%] Built target quadruped_msgs__rosidl_typesupport_c
[0.681s] [ 71%] Built target quadruped_msgs__rosidl_typesupport_introspection_cpp
[0.682s] [ 81%] Built target quadruped_msgs__rosidl_typesupport_cpp
[0.682s] [ 81%] Built target quadruped_msgs
[0.682s] [ 82%] Built target quadruped_msgs__py
[0.689s] [ 90%] Built target quadruped_msgs__rosidl_generator_py
[0.762s] [ 93%] Built target quadruped_msgs_s__rosidl_typesupport_introspection_c
[0.792s] [ 96%] Built target quadruped_msgs_s__rosidl_typesupport_c
[0.793s] [100%] Built target quadruped_msgs_s__rosidl_typesupport_fastrtps_c
[0.895s] running egg_info
[0.932s] writing quadruped_msgs.egg-info/PKG-INFO
[0.932s] writing dependency_links to quadruped_msgs.egg-info/dependency_links.txt
[0.932s] writing top-level names to quadruped_msgs.egg-info/top_level.txt
[1.059s] reading manifest file 'quadruped_msgs.egg-info/SOURCES.txt'
[1.059s] writing manifest file 'quadruped_msgs.egg-info/SOURCES.txt'
[1.163s] [100%] Built target ament_cmake_python_build_quadruped_msgs_egg
[1.205s] Invoked command in '/home/ws/build/quadruped_msgs' returned '0': CMAKE_PREFIX_PATH=${CMAKE_PREFIX_PATH}:/home/ws/install/py_pubsub:/opt/ros/jazzy DEBUGINFOD_URLS=https://debuginfod.ubuntu.com /usr/bin/cmake --build /home/ws/build/quadruped_msgs -- -j8 -l8
[1.208s] Invoking command in '/home/ws/build/quadruped_msgs': CMAKE_PREFIX_PATH=${CMAKE_PREFIX_PATH}:/home/ws/install/py_pubsub:/opt/ros/jazzy DEBUGINFOD_URLS=https://debuginfod.ubuntu.com /usr/bin/cmake --install /home/ws/build/quadruped_msgs
[1.228s] -- Install configuration: "Release"
[1.228s] -- Up-to-date: /home/ws/install/quadruped_msgs/share/ament_index/resource_index/rosidl_interfaces/quadruped_msgs
[1.229s] -- Up-to-date: /home/ws/install/quadruped_msgs/share/quadruped_msgs/msg/QuadrupedState.json
[1.229s] -- Up-to-date: /home/ws/install/quadruped_msgs/share/quadruped_msgs/msg/GaitPattern.json
[1.229s] -- Up-to-date: /home/ws/install/quadruped_msgs/share/quadruped_msgs/msg/FootStates.json
[1.229s] -- Up-to-date: /home/ws/install/quadruped_msgs/share/quadruped_msgs/msg/FootForces.json
[1.235s] -- Up-to-date: /home/ws/install/quadruped_msgs/include/quadruped_msgs/quadruped_msgs
[1.235s] -- Up-to-date: /home/ws/install/quadruped_msgs/include/quadruped_msgs/quadruped_msgs/msg
[1.238s] -- Up-to-date: /home/ws/install/quadruped_msgs/include/quadruped_msgs/quadruped_msgs/msg/foot_forces.h
[1.239s] -- Up-to-date: /home/ws/install/quadruped_msgs/include/quadruped_msgs/quadruped_msgs/msg/detail
[1.239s] -- Installing: /home/ws/install/quadruped_msgs/include/quadruped_msgs/quadruped_msgs/msg/detail/foot_states__type_support.c
[1.239s] -- Up-to-date: /home/ws/install/quadruped_msgs/include/quadruped_msgs/quadruped_msgs/msg/detail/foot_forces__description.c
[1.239s] -- Up-to-date: /home/ws/install/quadruped_msgs/include/quadruped_msgs/quadruped_msgs/msg/detail/quadruped_state__functions.c
[1.239s] -- Up-to-date: /home/ws/install/quadruped_msgs/include/quadruped_msgs/quadruped_msgs/msg/detail/gait_pattern__struct.h
[1.240s] -- Up-to-date: /home/ws/install/quadruped_msgs/include/quadruped_msgs/quadruped_msgs/msg/detail/quadruped_state__type_support.h
[1.240s] -- Up-to-date: /home/ws/install/quadruped_msgs/include/quadruped_msgs/quadruped_msgs/msg/detail/gait_pattern__functions.c
[1.240s] -- Up-to-date: /home/ws/install/quadruped_msgs/include/quadruped_msgs/quadruped_msgs/msg/detail/foot_states__struct.h
[1.240s] -- Up-to-date: /home/ws/install/quadruped_msgs/include/quadruped_msgs/quadruped_msgs/msg/detail/foot_forces__functions.c
[1.240s] -- Up-to-date: /home/ws/install/quadruped_msgs/include/quadruped_msgs/quadruped_msgs/msg/detail/foot_forces__functions.h
[1.240s] -- Up-to-date: /home/ws/install/quadruped_msgs/include/quadruped_msgs/quadruped_msgs/msg/detail/foot_states__type_support.h
[1.240s] -- Up-to-date: /home/ws/install/quadruped_msgs/include/quadruped_msgs/quadruped_msgs/msg/detail/foot_forces__struct.h
[1.241s] -- Up-to-date: /home/ws/install/quadruped_msgs/include/quadruped_msgs/quadruped_msgs/msg/detail/quadruped_state__description.c
[1.241s] -- Up-to-date: /home/ws/install/quadruped_msgs/include/quadruped_msgs/quadruped_msgs/msg/detail/foot_forces__type_support.h
[1.241s] -- Up-to-date: /home/ws/install/quadruped_msgs/include/quadruped_msgs/quadruped_msgs/msg/detail/foot_states__description.c
[1.241s] -- Installing: /home/ws/install/quadruped_msgs/include/quadruped_msgs/quadruped_msgs/msg/detail/quadruped_state__type_support.c
[1.241s] -- Up-to-date: /home/ws/install/quadruped_msgs/include/quadruped_msgs/quadruped_msgs/msg/detail/gait_pattern__type_support.h
[1.242s] -- Up-to-date: /home/ws/install/quadruped_msgs/include/quadruped_msgs/quadruped_msgs/msg/detail/foot_states__functions.c
[1.242s] -- Up-to-date: /home/ws/install/quadruped_msgs/include/quadruped_msgs/quadruped_msgs/msg/detail/gait_pattern__functions.h
[1.242s] -- Installing: /home/ws/install/quadruped_msgs/include/quadruped_msgs/quadruped_msgs/msg/detail/gait_pattern__type_support.c
[1.243s] -- Up-to-date: /home/ws/install/quadruped_msgs/include/quadruped_msgs/quadruped_msgs/msg/detail/foot_states__functions.h
[1.243s] -- Installing: /home/ws/install/quadruped_msgs/include/quadruped_msgs/quadruped_msgs/msg/detail/foot_forces__type_support.c
[1.243s] -- Up-to-date: /home/ws/install/quadruped_msgs/include/quadruped_msgs/quadruped_msgs/msg/detail/quadruped_state__functions.h
[1.243s] -- Up-to-date: /home/ws/install/quadruped_msgs/include/quadruped_msgs/quadruped_msgs/msg/detail/gait_pattern__description.c
[1.244s] -- Up-to-date: /home/ws/install/quadruped_msgs/include/quadruped_msgs/quadruped_msgs/msg/detail/quadruped_state__struct.h
[1.244s] -- Up-to-date: /home/ws/install/quadruped_msgs/include/quadruped_msgs/quadruped_msgs/msg/foot_states.h
[1.244s] -- Up-to-date: /home/ws/install/quadruped_msgs/include/quadruped_msgs/quadruped_msgs/msg/quadruped_state.h
[1.244s] -- Up-to-date: /home/ws/install/quadruped_msgs/include/quadruped_msgs/quadruped_msgs/msg/rosidl_generator_c__visibility_control.h
[1.245s] -- Up-to-date: /home/ws/install/quadruped_msgs/include/quadruped_msgs/quadruped_msgs/msg/gait_pattern.h
[1.245s] -- Up-to-date: /home/ws/install/quadruped_msgs/share/quadruped_msgs/environment/library_path.sh
[1.245s] -- Up-to-date: /home/ws/install/quadruped_msgs/share/quadruped_msgs/environment/library_path.dsv
[1.245s] -- Up-to-date: /home/ws/install/quadruped_msgs/lib/libquadruped_msgs__rosidl_generator_c.so
[1.245s] -- Up-to-date: /home/ws/install/quadruped_msgs/include/quadruped_msgs/quadruped_msgs
[1.245s] -- Up-to-date: /home/ws/install/quadruped_msgs/include/quadruped_msgs/quadruped_msgs/msg
[1.245s] -- Up-to-date: /home/ws/install/quadruped_msgs/include/quadruped_msgs/quadruped_msgs/msg/detail
[1.246s] -- Up-to-date: /home/ws/install/quadruped_msgs/include/quadruped_msgs/quadruped_msgs/msg/detail/foot_forces__rosidl_typesupport_fastrtps_c.h
[1.246s] -- Up-to-date: /home/ws/install/quadruped_msgs/include/quadruped_msgs/quadruped_msgs/msg/detail/quadruped_state__rosidl_typesupport_fastrtps_c.h
[1.246s] -- Up-to-date: /home/ws/install/quadruped_msgs/include/quadruped_msgs/quadruped_msgs/msg/detail/foot_states__rosidl_typesupport_fastrtps_c.h
[1.246s] -- Up-to-date: /home/ws/install/quadruped_msgs/include/quadruped_msgs/quadruped_msgs/msg/detail/gait_pattern__rosidl_typesupport_fastrtps_c.h
[1.246s] -- Up-to-date: /home/ws/install/quadruped_msgs/include/quadruped_msgs/quadruped_msgs/msg/rosidl_typesupport_fastrtps_c__visibility_control.h
[1.246s] -- Up-to-date: /home/ws/install/quadruped_msgs/lib/libquadruped_msgs__rosidl_typesupport_fastrtps_c.so
[1.246s] -- Up-to-date: /home/ws/install/quadruped_msgs/include/quadruped_msgs/quadruped_msgs
[1.247s] -- Up-to-date: /home/ws/install/quadruped_msgs/include/quadruped_msgs/quadruped_msgs/msg
[1.247s] -- Up-to-date: /home/ws/install/quadruped_msgs/include/quadruped_msgs/quadruped_msgs/msg/foot_states.hpp
[1.247s] -- Up-to-date: /home/ws/install/quadruped_msgs/include/quadruped_msgs/quadruped_msgs/msg/gait_pattern.hpp
[1.247s] -- Up-to-date: /home/ws/install/quadruped_msgs/include/quadruped_msgs/quadruped_msgs/msg/rosidl_generator_cpp__visibility_control.hpp
[1.247s] -- Up-to-date: /home/ws/install/quadruped_msgs/include/quadruped_msgs/quadruped_msgs/msg/detail
[1.247s] -- Up-to-date: /home/ws/install/quadruped_msgs/include/quadruped_msgs/quadruped_msgs/msg/detail/quadruped_state__builder.hpp
[1.247s] -- Up-to-date: /home/ws/install/quadruped_msgs/include/quadruped_msgs/quadruped_msgs/msg/detail/foot_states__struct.hpp
[1.248s] -- Up-to-date: /home/ws/install/quadruped_msgs/include/quadruped_msgs/quadruped_msgs/msg/detail/foot_forces__builder.hpp
[1.248s] -- Up-to-date: /home/ws/install/quadruped_msgs/include/quadruped_msgs/quadruped_msgs/msg/detail/foot_forces__struct.hpp
[1.248s] -- Up-to-date: /home/ws/install/quadruped_msgs/include/quadruped_msgs/quadruped_msgs/msg/detail/gait_pattern__builder.hpp
[1.248s] -- Up-to-date: /home/ws/install/quadruped_msgs/include/quadruped_msgs/quadruped_msgs/msg/detail/gait_pattern__traits.hpp
[1.248s] -- Up-to-date: /home/ws/install/quadruped_msgs/include/quadruped_msgs/quadruped_msgs/msg/detail/gait_pattern__struct.hpp
[1.248s] -- Up-to-date: /home/ws/install/quadruped_msgs/include/quadruped_msgs/quadruped_msgs/msg/detail/quadruped_state__traits.hpp
[1.248s] -- Up-to-date: /home/ws/install/quadruped_msgs/include/quadruped_msgs/quadruped_msgs/msg/detail/foot_states__type_support.hpp
[1.249s] -- Up-to-date: /home/ws/install/quadruped_msgs/include/quadruped_msgs/quadruped_msgs/msg/detail/foot_states__traits.hpp
[1.249s] -- Up-to-date: /home/ws/install/quadruped_msgs/include/quadruped_msgs/quadruped_msgs/msg/detail/quadruped_state__struct.hpp
[1.249s] -- Up-to-date: /home/ws/install/quadruped_msgs/include/quadruped_msgs/quadruped_msgs/msg/detail/gait_pattern__type_support.hpp
[1.249s] -- Up-to-date: /home/ws/install/quadruped_msgs/include/quadruped_msgs/quadruped_msgs/msg/detail/foot_states__builder.hpp
[1.249s] -- Up-to-date: /home/ws/install/quadruped_msgs/include/quadruped_msgs/quadruped_msgs/msg/detail/foot_forces__traits.hpp
[1.249s] -- Up-to-date: /home/ws/install/quadruped_msgs/include/quadruped_msgs/quadruped_msgs/msg/detail/foot_forces__type_support.hpp
[1.249s] -- Up-to-date: /home/ws/install/quadruped_msgs/include/quadruped_msgs/quadruped_msgs/msg/detail/quadruped_state__type_support.hpp
[1.250s] -- Up-to-date: /home/ws/install/quadruped_msgs/include/quadruped_msgs/quadruped_msgs/msg/quadruped_state.hpp
[1.250s] -- Up-to-date: /home/ws/install/quadruped_msgs/include/quadruped_msgs/quadruped_msgs/msg/foot_forces.hpp
[1.250s] -- Up-to-date: /home/ws/install/quadruped_msgs/include/quadruped_msgs/quadruped_msgs
[1.250s] -- Up-to-date: /home/ws/install/quadruped_msgs/include/quadruped_msgs/quadruped_msgs/msg
[1.250s] -- Up-to-date: /home/ws/install/quadruped_msgs/include/quadruped_msgs/quadruped_msgs/msg/detail
[1.250s] -- Up-to-date: /home/ws/install/quadruped_msgs/include/quadruped_msgs/quadruped_msgs/msg/detail/dds_fastrtps
[1.250s] -- Up-to-date: /home/ws/install/quadruped_msgs/include/quadruped_msgs/quadruped_msgs/msg/detail/foot_forces__rosidl_typesupport_fastrtps_cpp.hpp
[1.251s] -- Up-to-date: /home/ws/install/quadruped_msgs/include/quadruped_msgs/quadruped_msgs/msg/detail/quadruped_state__rosidl_typesupport_fastrtps_cpp.hpp
[1.251s] -- Up-to-date: /home/ws/install/quadruped_msgs/include/quadruped_msgs/quadruped_msgs/msg/detail/foot_states__rosidl_typesupport_fastrtps_cpp.hpp
[1.251s] -- Up-to-date: /home/ws/install/quadruped_msgs/include/quadruped_msgs/quadruped_msgs/msg/detail/gait_pattern__rosidl_typesupport_fastrtps_cpp.hpp
[1.251s] -- Up-to-date: /home/ws/install/quadruped_msgs/include/quadruped_msgs/quadruped_msgs/msg/rosidl_typesupport_fastrtps_cpp__visibility_control.h
[1.251s] -- Up-to-date: /home/ws/install/quadruped_msgs/lib/libquadruped_msgs__rosidl_typesupport_fastrtps_cpp.so
[1.251s] -- Up-to-date: /home/ws/install/quadruped_msgs/include/quadruped_msgs/quadruped_msgs
[1.251s] -- Up-to-date: /home/ws/install/quadruped_msgs/include/quadruped_msgs/quadruped_msgs/msg
[1.252s] -- Up-to-date: /home/ws/install/quadruped_msgs/include/quadruped_msgs/quadruped_msgs/msg/detail
[1.252s] -- Installing: /home/ws/install/quadruped_msgs/include/quadruped_msgs/quadruped_msgs/msg/detail/foot_states__type_support.c
[1.252s] -- Up-to-date: /home/ws/install/quadruped_msgs/include/quadruped_msgs/quadruped_msgs/msg/detail/quadruped_state__rosidl_typesupport_introspection_c.h
[1.252s] -- Up-to-date: /home/ws/install/quadruped_msgs/include/quadruped_msgs/quadruped_msgs/msg/detail/foot_states__rosidl_typesupport_introspection_c.h
[1.252s] -- Up-to-date: /home/ws/install/quadruped_msgs/include/quadruped_msgs/quadruped_msgs/msg/detail/foot_forces__rosidl_typesupport_introspection_c.h
[1.252s] -- Installing: /home/ws/install/quadruped_msgs/include/quadruped_msgs/quadruped_msgs/msg/detail/quadruped_state__type_support.c
[1.252s] -- Installing: /home/ws/install/quadruped_msgs/include/quadruped_msgs/quadruped_msgs/msg/detail/gait_pattern__type_support.c
[1.252s] -- Up-to-date: /home/ws/install/quadruped_msgs/include/quadruped_msgs/quadruped_msgs/msg/detail/gait_pattern__rosidl_typesupport_introspection_c.h
[1.253s] -- Installing: /home/ws/install/quadruped_msgs/include/quadruped_msgs/quadruped_msgs/msg/detail/foot_forces__type_support.c
[1.253s] -- Up-to-date: /home/ws/install/quadruped_msgs/include/quadruped_msgs/quadruped_msgs/msg/rosidl_typesupport_introspection_c__visibility_control.h
[1.253s] -- Up-to-date: /home/ws/install/quadruped_msgs/lib/libquadruped_msgs__rosidl_typesupport_introspection_c.so
[1.253s] -- Up-to-date: /home/ws/install/quadruped_msgs/lib/libquadruped_msgs__rosidl_typesupport_c.so
[1.253s] -- Up-to-date: /home/ws/install/quadruped_msgs/include/quadruped_msgs/quadruped_msgs
[1.253s] -- Up-to-date: /home/ws/install/quadruped_msgs/include/quadruped_msgs/quadruped_msgs/msg
[1.253s] -- Up-to-date: /home/ws/install/quadruped_msgs/include/quadruped_msgs/quadruped_msgs/msg/detail
[1.254s] -- Up-to-date: /home/ws/install/quadruped_msgs/include/quadruped_msgs/quadruped_msgs/msg/detail/foot_states__type_support.cpp
[1.254s] -- Up-to-date: /home/ws/install/quadruped_msgs/include/quadruped_msgs/quadruped_msgs/msg/detail/foot_forces__type_support.cpp
[1.254s] -- Up-to-date: /home/ws/install/quadruped_msgs/include/quadruped_msgs/quadruped_msgs/msg/detail/foot_states__rosidl_typesupport_introspection_cpp.hpp
[1.254s] -- Up-to-date: /home/ws/install/quadruped_msgs/include/quadruped_msgs/quadruped_msgs/msg/detail/quadruped_state__rosidl_typesupport_introspection_cpp.hpp
[1.254s] -- Up-to-date: /home/ws/install/quadruped_msgs/include/quadruped_msgs/quadruped_msgs/msg/detail/foot_forces__rosidl_typesupport_introspection_cpp.hpp
[1.254s] -- Up-to-date: /home/ws/install/quadruped_msgs/include/quadruped_msgs/quadruped_msgs/msg/detail/gait_pattern__rosidl_typesupport_introspection_cpp.hpp
[1.254s] -- Up-to-date: /home/ws/install/quadruped_msgs/include/quadruped_msgs/quadruped_msgs/msg/detail/quadruped_state__type_support.cpp
[1.255s] -- Up-to-date: /home/ws/install/quadruped_msgs/include/quadruped_msgs/quadruped_msgs/msg/detail/gait_pattern__type_support.cpp
[1.255s] -- Up-to-date: /home/ws/install/quadruped_msgs/lib/libquadruped_msgs__rosidl_typesupport_introspection_cpp.so
[1.255s] -- Up-to-date: /home/ws/install/quadruped_msgs/lib/libquadruped_msgs__rosidl_typesupport_cpp.so
[1.255s] -- Up-to-date: /home/ws/install/quadruped_msgs/share/quadruped_msgs/environment/pythonpath.sh
[1.255s] -- Up-to-date: /home/ws/install/quadruped_msgs/share/quadruped_msgs/environment/pythonpath.dsv
[1.255s] -- Up-to-date: /home/ws/install/quadruped_msgs/lib/python3.12/site-packages/quadruped_msgs-0.0.0-py3.12.egg-info
[1.256s] -- Installing: /home/ws/install/quadruped_msgs/lib/python3.12/site-packages/quadruped_msgs-0.0.0-py3.12.egg-info/dependency_links.txt
[1.256s] -- Installing: /home/ws/install/quadruped_msgs/lib/python3.12/site-packages/quadruped_msgs-0.0.0-py3.12.egg-info/top_level.txt
[1.256s] -- Installing: /home/ws/install/quadruped_msgs/lib/python3.12/site-packages/quadruped_msgs-0.0.0-py3.12.egg-info/PKG-INFO
[1.256s] -- Installing: /home/ws/install/quadruped_msgs/lib/python3.12/site-packages/quadruped_msgs-0.0.0-py3.12.egg-info/SOURCES.txt
[1.256s] -- Up-to-date: /home/ws/install/quadruped_msgs/lib/python3.12/site-packages/quadruped_msgs
[1.256s] -- Up-to-date: /home/ws/install/quadruped_msgs/lib/python3.12/site-packages/quadruped_msgs/quadruped_msgs_s__rosidl_typesupport_c.so
[1.256s] -- Up-to-date: /home/ws/install/quadruped_msgs/lib/python3.12/site-packages/quadruped_msgs/_quadruped_msgs_s.ep.rosidl_typesupport_c.c
[1.257s] -- Up-to-date: /home/ws/install/quadruped_msgs/lib/python3.12/site-packages/quadruped_msgs/__init__.py
[1.257s] -- Up-to-date: /home/ws/install/quadruped_msgs/lib/python3.12/site-packages/quadruped_msgs/_quadruped_msgs_s.ep.rosidl_typesupport_introspection_c.c
[1.257s] -- Up-to-date: /home/ws/install/quadruped_msgs/lib/python3.12/site-packages/quadruped_msgs/quadruped_msgs_s__rosidl_typesupport_introspection_c.so
[1.257s] -- Up-to-date: /home/ws/install/quadruped_msgs/lib/python3.12/site-packages/quadruped_msgs/quadruped_msgs_s__rosidl_typesupport_fastrtps_c.so
[1.257s] -- Up-to-date: /home/ws/install/quadruped_msgs/lib/python3.12/site-packages/quadruped_msgs/_quadruped_msgs_s.ep.rosidl_typesupport_fastrtps_c.c
[1.257s] -- Up-to-date: /home/ws/install/quadruped_msgs/lib/python3.12/site-packages/quadruped_msgs/msg
[1.257s] -- Up-to-date: /home/ws/install/quadruped_msgs/lib/python3.12/site-packages/quadruped_msgs/msg/__init__.py
[1.258s] -- Up-to-date: /home/ws/install/quadruped_msgs/lib/python3.12/site-packages/quadruped_msgs/msg/_foot_forces.py
[1.258s] -- Up-to-date: /home/ws/install/quadruped_msgs/lib/python3.12/site-packages/quadruped_msgs/msg/_foot_states_s.c
[1.258s] -- Up-to-date: /home/ws/install/quadruped_msgs/lib/python3.12/site-packages/quadruped_msgs/msg/_quadruped_state.py
[1.258s] -- Up-to-date: /home/ws/install/quadruped_msgs/lib/python3.12/site-packages/quadruped_msgs/msg/_foot_states.py
[1.258s] -- Up-to-date: /home/ws/install/quadruped_msgs/lib/python3.12/site-packages/quadruped_msgs/msg/_foot_forces_s.c
[1.258s] -- Up-to-date: /home/ws/install/quadruped_msgs/lib/python3.12/site-packages/quadruped_msgs/msg/_gait_pattern.py
[1.258s] -- Up-to-date: /home/ws/install/quadruped_msgs/lib/python3.12/site-packages/quadruped_msgs/msg/_quadruped_state_s.c
[1.259s] -- Up-to-date: /home/ws/install/quadruped_msgs/lib/python3.12/site-packages/quadruped_msgs/msg/_gait_pattern_s.c
[1.363s] Listing '/home/ws/install/quadruped_msgs/lib/python3.12/site-packages/quadruped_msgs'...
[1.363s] Listing '/home/ws/install/quadruped_msgs/lib/python3.12/site-packages/quadruped_msgs/msg'...
[1.388s] -- Up-to-date: /home/ws/install/quadruped_msgs/lib/python3.12/site-packages/quadruped_msgs/quadruped_msgs_s__rosidl_typesupport_fastrtps_c.so
[1.388s] -- Up-to-date: /home/ws/install/quadruped_msgs/lib/python3.12/site-packages/quadruped_msgs/quadruped_msgs_s__rosidl_typesupport_introspection_c.so
[1.392s] -- Up-to-date: /home/ws/install/quadruped_msgs/lib/python3.12/site-packages/quadruped_msgs/quadruped_msgs_s__rosidl_typesupport_c.so
[1.392s] -- Up-to-date: /home/ws/install/quadruped_msgs/lib/libquadruped_msgs__rosidl_generator_py.so
[1.392s] -- Up-to-date: /home/ws/install/quadruped_msgs/share/quadruped_msgs/msg/QuadrupedState.idl
[1.392s] -- Up-to-date: /home/ws/install/quadruped_msgs/share/quadruped_msgs/msg/GaitPattern.idl
[1.393s] -- Up-to-date: /home/ws/install/quadruped_msgs/share/quadruped_msgs/msg/FootStates.idl
[1.393s] -- Up-to-date: /home/ws/install/quadruped_msgs/share/quadruped_msgs/msg/FootForces.idl
[1.393s] -- Up-to-date: /home/ws/install/quadruped_msgs/share/quadruped_msgs/msg/QuadrupedState.msg
[1.393s] -- Up-to-date: /home/ws/install/quadruped_msgs/share/quadruped_msgs/msg/GaitPattern.msg
[1.393s] -- Up-to-date: /home/ws/install/quadruped_msgs/share/quadruped_msgs/msg/FootStates.msg
[1.393s] -- Up-to-date: /home/ws/install/quadruped_msgs/share/quadruped_msgs/msg/FootForces.msg
[1.394s] -- Up-to-date: /home/ws/install/quadruped_msgs/share/ament_index/resource_index/package_run_dependencies/quadruped_msgs
[1.394s] -- Up-to-date: /home/ws/install/quadruped_msgs/share/ament_index/resource_index/parent_prefix_path/quadruped_msgs
[1.394s] -- Up-to-date: /home/ws/install/quadruped_msgs/share/quadruped_msgs/environment/ament_prefix_path.sh
[1.398s] -- Up-to-date: /home/ws/install/quadruped_msgs/share/quadruped_msgs/environment/ament_prefix_path.dsv
[1.399s] -- Up-to-date: /home/ws/install/quadruped_msgs/share/quadruped_msgs/environment/path.sh
[1.399s] -- Up-to-date: /home/ws/install/quadruped_msgs/share/quadruped_msgs/environment/path.dsv
[1.399s] -- Up-to-date: /home/ws/install/quadruped_msgs/share/quadruped_msgs/local_setup.bash
[1.399s] -- Up-to-date: /home/ws/install/quadruped_msgs/share/quadruped_msgs/local_setup.sh
[1.400s] -- Up-to-date: /home/ws/install/quadruped_msgs/share/quadruped_msgs/local_setup.zsh
[1.400s] -- Up-to-date: /home/ws/install/quadruped_msgs/share/quadruped_msgs/local_setup.dsv
[1.401s] -- Installing: /home/ws/install/quadruped_msgs/share/quadruped_msgs/package.dsv
[1.401s] -- Up-to-date: /home/ws/install/quadruped_msgs/share/ament_index/resource_index/packages/quadruped_msgs
[1.401s] -- Up-to-date: /home/ws/install/quadruped_msgs/share/quadruped_msgs/cmake/export_quadruped_msgs__rosidl_generator_cExport.cmake
[1.403s] -- Up-to-date: /home/ws/install/quadruped_msgs/share/quadruped_msgs/cmake/export_quadruped_msgs__rosidl_generator_cExport-release.cmake
[1.403s] -- Up-to-date: /home/ws/install/quadruped_msgs/share/quadruped_msgs/cmake/export_quadruped_msgs__rosidl_typesupport_fastrtps_cExport.cmake
[1.403s] -- Up-to-date: /home/ws/install/quadruped_msgs/share/quadruped_msgs/cmake/export_quadruped_msgs__rosidl_typesupport_fastrtps_cExport-release.cmake
[1.403s] -- Up-to-date: /home/ws/install/quadruped_msgs/share/quadruped_msgs/cmake/export_quadruped_msgs__rosidl_generator_cppExport.cmake
[1.403s] -- Up-to-date: /home/ws/install/quadruped_msgs/share/quadruped_msgs/cmake/export_quadruped_msgs__rosidl_typesupport_fastrtps_cppExport.cmake
[1.404s] -- Up-to-date: /home/ws/install/quadruped_msgs/share/quadruped_msgs/cmake/export_quadruped_msgs__rosidl_typesupport_fastrtps_cppExport-release.cmake
[1.404s] -- Up-to-date: /home/ws/install/quadruped_msgs/share/quadruped_msgs/cmake/quadruped_msgs__rosidl_typesupport_introspection_cExport.cmake
[1.404s] -- Up-to-date: /home/ws/install/quadruped_msgs/share/quadruped_msgs/cmake/quadruped_msgs__rosidl_typesupport_introspection_cExport-release.cmake
[1.404s] -- Up-to-date: /home/ws/install/quadruped_msgs/share/quadruped_msgs/cmake/quadruped_msgs__rosidl_typesupport_cExport.cmake
[1.404s] -- Up-to-date: /home/ws/install/quadruped_msgs/share/quadruped_msgs/cmake/quadruped_msgs__rosidl_typesupport_cExport-release.cmake
[1.404s] -- Up-to-date: /home/ws/install/quadruped_msgs/share/quadruped_msgs/cmake/quadruped_msgs__rosidl_typesupport_introspection_cppExport.cmake
[1.405s] -- Up-to-date: /home/ws/install/quadruped_msgs/share/quadruped_msgs/cmake/quadruped_msgs__rosidl_typesupport_introspection_cppExport-release.cmake
[1.413s] -- Up-to-date: /home/ws/install/quadruped_msgs/share/quadruped_msgs/cmake/quadruped_msgs__rosidl_typesupport_cppExport.cmake
[1.413s] -- Up-to-date: /home/ws/install/quadruped_msgs/share/quadruped_msgs/cmake/quadruped_msgs__rosidl_typesupport_cppExport-release.cmake
[1.414s] -- Up-to-date: /home/ws/install/quadruped_msgs/share/quadruped_msgs/cmake/export_quadruped_msgs__rosidl_generator_pyExport.cmake
[1.414s] -- Up-to-date: /home/ws/install/quadruped_msgs/share/quadruped_msgs/cmake/export_quadruped_msgs__rosidl_generator_pyExport-release.cmake
[1.414s] -- Up-to-date: /home/ws/install/quadruped_msgs/share/quadruped_msgs/cmake/rosidl_cmake-extras.cmake
[1.414s] -- Up-to-date: /home/ws/install/quadruped_msgs/share/quadruped_msgs/cmake/ament_cmake_export_dependencies-extras.cmake
[1.414s] -- Up-to-date: /home/ws/install/quadruped_msgs/share/quadruped_msgs/cmake/ament_cmake_export_include_directories-extras.cmake
[1.415s] -- Up-to-date: /home/ws/install/quadruped_msgs/share/quadruped_msgs/cmake/ament_cmake_export_libraries-extras.cmake
[1.415s] -- Up-to-date: /home/ws/install/quadruped_msgs/share/quadruped_msgs/cmake/ament_cmake_export_targets-extras.cmake
[1.415s] -- Up-to-date: /home/ws/install/quadruped_msgs/share/quadruped_msgs/cmake/rosidl_cmake_export_typesupport_targets-extras.cmake
[1.415s] -- Up-to-date: /home/ws/install/quadruped_msgs/share/quadruped_msgs/cmake/rosidl_cmake_export_typesupport_libraries-extras.cmake
[1.415s] -- Up-to-date: /home/ws/install/quadruped_msgs/share/quadruped_msgs/cmake/quadruped_msgsConfig.cmake
[1.416s] -- Up-to-date: /home/ws/install/quadruped_msgs/share/quadruped_msgs/cmake/quadruped_msgsConfig-version.cmake
[1.416s] -- Up-to-date: /home/ws/install/quadruped_msgs/share/quadruped_msgs/package.xml
[1.477s] Invoked command in '/home/ws/build/quadruped_msgs' returned '0': CMAKE_PREFIX_PATH=${CMAKE_PREFIX_PATH}:/home/ws/install/py_pubsub:/opt/ros/jazzy DEBUGINFOD_URLS=https://debuginfod.ubuntu.com /usr/bin/cmake --install /home/ws/build/quadruped_msgs
