[0.157s] Invoking command in '/home/ws/build/quadruped_utils': CMAKE_PREFIX_PATH=${CMAKE_PREFIX_PATH}:/home/ws/install/py_pubsub:/opt/ros/jazzy DEBUGINFOD_URLS=https://debuginfod.ubuntu.com /usr/bin/cmake /home/ws/src/quadruped_utils -DCMAKE_BUILD_TYPE=Release -DCMAKE_INSTALL_PREFIX=/home/ws/install/quadruped_utils
[0.218s] -- Found ament_cmake: 2.5.3 (/opt/ros/jazzy/share/ament_cmake/cmake)
[0.870s] -- Found rclcpp: 28.1.6 (/opt/ros/jazzy/share/rclcpp/cmake)
[0.938s] -- Found rosidl_generator_c: 4.6.5 (/opt/ros/jazzy/share/rosidl_generator_c/cmake)
[0.948s] -- Found rosidl_generator_cpp: 4.6.5 (/opt/ros/jazzy/share/rosidl_generator_cpp/cmake)
[0.974s] -- Using all available rosidl_typesupport_c: rosidl_typesupport_fastrtps_c;rosidl_typesupport_introspection_c
[1.001s] -- Using all available rosidl_typesupport_cpp: rosidl_typesupport_fastrtps_cpp;rosidl_typesupport_introspection_cpp
[1.124s] -- Found rmw_implementation_cmake: 7.3.1 (/opt/ros/jazzy/share/rmw_implementation_cmake/cmake)
[1.128s] -- Found rmw_zenoh_cpp: 0.2.2 (/home/ws/install/rmw_zenoh_cpp/share/rmw_zenoh_cpp/cmake)
[1.130s] -- Using RMW implementation 'rmw_zenoh_cpp' as default
[1.238s] -- Found rclcpp_lifecycle: 28.1.6 (/opt/ros/jazzy/share/rclcpp_lifecycle/cmake)
[1.285s] -- Found hardware_interface: 4.28.1 (/opt/ros/jazzy/share/hardware_interface/cmake)
[1.534s] -- Found TinyXML2 via Config file: /usr/local/lib/cmake/tinyxml2
[1.624s] -- Found controller_interface: 4.28.1 (/opt/ros/jazzy/share/controller_interface/cmake)
[1.632s] -- Found controller_manager_msgs: 4.28.1 (/opt/ros/jazzy/share/controller_manager_msgs/cmake)
[1.903s] -- Configuring done (1.7s)
[1.955s] -- Generating done (0.0s)
[1.972s] -- Build files have been written to: /home/ws/build/quadruped_utils
[1.996s] Invoked command in '/home/ws/build/quadruped_utils' returned '0': CMAKE_PREFIX_PATH=${CMAKE_PREFIX_PATH}:/home/ws/install/py_pubsub:/opt/ros/jazzy DEBUGINFOD_URLS=https://debuginfod.ubuntu.com /usr/bin/cmake /home/ws/src/quadruped_utils -DCMAKE_BUILD_TYPE=Release -DCMAKE_INSTALL_PREFIX=/home/ws/install/quadruped_utils
[1.996s] Invoking command in '/home/ws/build/quadruped_utils': CMAKE_PREFIX_PATH=${CMAKE_PREFIX_PATH}:/home/ws/install/py_pubsub:/opt/ros/jazzy DEBUGINFOD_URLS=https://debuginfod.ubuntu.com /usr/bin/cmake --build /home/ws/build/quadruped_utils -- -j8 -l8
[2.164s] [100%] Built target quadruped_utils_controllers
[2.193s] Invoked command in '/home/ws/build/quadruped_utils' returned '0': CMAKE_PREFIX_PATH=${CMAKE_PREFIX_PATH}:/home/ws/install/py_pubsub:/opt/ros/jazzy DEBUGINFOD_URLS=https://debuginfod.ubuntu.com /usr/bin/cmake --build /home/ws/build/quadruped_utils -- -j8 -l8
[2.193s] Invoking command in '/home/ws/build/quadruped_utils': CMAKE_PREFIX_PATH=${CMAKE_PREFIX_PATH}:/home/ws/install/py_pubsub:/opt/ros/jazzy DEBUGINFOD_URLS=https://debuginfod.ubuntu.com /usr/bin/cmake --install /home/ws/build/quadruped_utils
[2.217s] -- Install configuration: "Debug"
[2.222s] -- Up-to-date: /home/ws/install/quadruped_utils/lib/libquadruped_utils_controllers.so
[2.222s] -- Up-to-date: /home/ws/install/quadruped_utils/share/quadruped_utils/launch
[2.222s] -- Up-to-date: /home/ws/install/quadruped_utils/share/quadruped_utils/launch/ZeroJoint.launch.py
[2.223s] -- Up-to-date: /home/ws/install/quadruped_utils/share/quadruped_utils/launch/StaticJoint.launch.py
[2.223s] -- Up-to-date: /home/ws/install/quadruped_utils/share/quadruped_utils/launch/testcontroller.launch.py
[2.223s] -- Up-to-date: /home/ws/install/quadruped_utils/share/quadruped_utils/config
[2.223s] -- Up-to-date: /home/ws/install/quadruped_utils/share/quadruped_utils/config/controller.yaml
[2.223s] -- Up-to-date: /home/ws/install/quadruped_utils/include
[2.223s] -- Up-to-date: /home/ws/install/quadruped_utils/include/quadruped_utils
[2.223s] -- Up-to-date: /home/ws/install/quadruped_utils/include/quadruped_utils/EstopController.hpp
[2.224s] -- Up-to-date: /home/ws/install/quadruped_utils/include/quadruped_utils/ZeroJointsController.hpp
[2.224s] -- Up-to-date: /home/ws/install/quadruped_utils/include/quadruped_utils/StaticJointsController.hpp
[2.224s] -- Up-to-date: /home/ws/install/quadruped_utils/share/quadruped_utils/ZeroJointsController.xml
[2.224s] -- Up-to-date: /home/ws/install/quadruped_utils/share/quadruped_utils/StaticJointsController.xml
[2.224s] -- Up-to-date: /home/ws/install/quadruped_utils/share/quadruped_utils/environment/library_path.sh
[2.224s] -- Up-to-date: /home/ws/install/quadruped_utils/share/quadruped_utils/environment/library_path.dsv
[2.224s] -- Up-to-date: /home/ws/install/quadruped_utils/share/ament_index/resource_index/package_run_dependencies/quadruped_utils
[2.225s] -- Up-to-date: /home/ws/install/quadruped_utils/share/ament_index/resource_index/parent_prefix_path/quadruped_utils
[2.225s] -- Up-to-date: /home/ws/install/quadruped_utils/share/quadruped_utils/environment/ament_prefix_path.sh
[2.225s] -- Up-to-date: /home/ws/install/quadruped_utils/share/quadruped_utils/environment/ament_prefix_path.dsv
[2.225s] -- Up-to-date: /home/ws/install/quadruped_utils/share/quadruped_utils/environment/path.sh
[2.225s] -- Up-to-date: /home/ws/install/quadruped_utils/share/quadruped_utils/environment/path.dsv
[2.225s] -- Up-to-date: /home/ws/install/quadruped_utils/share/quadruped_utils/local_setup.bash
[2.225s] -- Up-to-date: /home/ws/install/quadruped_utils/share/quadruped_utils/local_setup.sh
[2.226s] -- Up-to-date: /home/ws/install/quadruped_utils/share/quadruped_utils/local_setup.zsh
[2.226s] -- Up-to-date: /home/ws/install/quadruped_utils/share/quadruped_utils/local_setup.dsv
[2.226s] -- Installing: /home/ws/install/quadruped_utils/share/quadruped_utils/package.dsv
[2.226s] -- Up-to-date: /home/ws/install/quadruped_utils/share/ament_index/resource_index/packages/quadruped_utils
[2.226s] -- Up-to-date: /home/ws/install/quadruped_utils/share/ament_index/resource_index/controller_interface__pluginlib__plugin/quadruped_utils
[2.226s] -- Up-to-date: /home/ws/install/quadruped_utils/share/quadruped_utils/cmake/ament_cmake_export_dependencies-extras.cmake
[2.226s] -- Up-to-date: /home/ws/install/quadruped_utils/share/quadruped_utils/cmake/ament_cmake_export_include_directories-extras.cmake
[2.227s] -- Up-to-date: /home/ws/install/quadruped_utils/share/quadruped_utils/cmake/ament_cmake_export_libraries-extras.cmake
[2.227s] -- Up-to-date: /home/ws/install/quadruped_utils/share/quadruped_utils/cmake/quadruped_utilsConfig.cmake
[2.227s] -- Up-to-date: /home/ws/install/quadruped_utils/share/quadruped_utils/cmake/quadruped_utilsConfig-version.cmake
[2.227s] -- Up-to-date: /home/ws/install/quadruped_utils/share/quadruped_utils/package.xml
[2.238s] Invoked command in '/home/ws/build/quadruped_utils' returned '0': CMAKE_PREFIX_PATH=${CMAKE_PREFIX_PATH}:/home/ws/install/py_pubsub:/opt/ros/jazzy DEBUGINFOD_URLS=https://debuginfod.ubuntu.com /usr/bin/cmake --install /home/ws/build/quadruped_utils
