[0.109s] Invoking command in '/home/ws/build/quadruped_msgs': CMAKE_PREFIX_PATH=${CMAKE_PREFIX_PATH}:/home/ws/install/py_pubsub:/opt/ros/jazzy DEBUGINFOD_URLS=https://debuginfod.ubuntu.com /usr/bin/cmake --build /home/ws/build/quadruped_msgs -- -j8 -l8
[0.733s] [  1%] Built target quadruped_msgs__rosidl_generator_type_description
[0.734s] [  3%] Built target quadruped_msgs__cpp
[0.734s] [  3%] Built target ament_cmake_python_copy_quadruped_msgs
[0.734s] [ 25%] Built target quadruped_msgs__rosidl_generator_c
[0.734s] [ 34%] Built target quadruped_msgs__rosidl_typesupport_cpp
[0.734s] [ 43%] Built target quadruped_msgs__rosidl_typesupport_c
[0.734s] [ 53%] Built target quadruped_msgs__rosidl_typesupport_introspection_cpp
[0.735s] [ 62%] Built target quadruped_msgs__rosidl_typesupport_introspection_c
[0.735s] [ 71%] Built target quadruped_msgs__rosidl_typesupport_fastrtps_c
[0.735s] [ 81%] Built target quadruped_msgs__rosidl_typesupport_fastrtps_cpp
[0.735s] [ 81%] Built target quadruped_msgs
[0.735s] [ 82%] Built target quadruped_msgs__py
[0.735s] [ 90%] Built target quadruped_msgs__rosidl_generator_py
[0.757s] [ 93%] Built target quadruped_msgs_s__rosidl_typesupport_c
[0.768s] [100%] Built target quadruped_msgs_s__rosidl_typesupport_introspection_c
[0.768s] [100%] Built target quadruped_msgs_s__rosidl_typesupport_fastrtps_c
[0.909s] running egg_info
[0.910s] writing quadruped_msgs.egg-info/PKG-INFO
[0.910s] writing dependency_links to quadruped_msgs.egg-info/dependency_links.txt
[0.910s] writing top-level names to quadruped_msgs.egg-info/top_level.txt
[1.034s] reading manifest file 'quadruped_msgs.egg-info/SOURCES.txt'
[1.035s] writing manifest file 'quadruped_msgs.egg-info/SOURCES.txt'
[1.132s] [100%] Built target ament_cmake_python_build_quadruped_msgs_egg
[1.259s] Invoked command in '/home/ws/build/quadruped_msgs' returned '0': CMAKE_PREFIX_PATH=${CMAKE_PREFIX_PATH}:/home/ws/install/py_pubsub:/opt/ros/jazzy DEBUGINFOD_URLS=https://debuginfod.ubuntu.com /usr/bin/cmake --build /home/ws/build/quadruped_msgs -- -j8 -l8
[1.260s] Invoking command in '/home/ws/build/quadruped_msgs': CMAKE_PREFIX_PATH=${CMAKE_PREFIX_PATH}:/home/ws/install/py_pubsub:/opt/ros/jazzy DEBUGINFOD_URLS=https://debuginfod.ubuntu.com /usr/bin/cmake --install /home/ws/build/quadruped_msgs
[1.305s] -- Install configuration: "Release"
[1.305s] -- Up-to-date: /home/ws/install/quadruped_msgs/share/ament_index/resource_index/rosidl_interfaces/quadruped_msgs
[1.306s] -- Up-to-date: /home/ws/install/quadruped_msgs/share/quadruped_msgs/msg/QuadrupedState.json
[1.306s] -- Up-to-date: /home/ws/install/quadruped_msgs/share/quadruped_msgs/msg/GaitPattern.json
[1.306s] -- Up-to-date: /home/ws/install/quadruped_msgs/share/quadruped_msgs/msg/FootStates.json
[1.306s] -- Up-to-date: /home/ws/install/quadruped_msgs/share/quadruped_msgs/msg/FootForces.json
[1.306s] -- Up-to-date: /home/ws/install/quadruped_msgs/include/quadruped_msgs/quadruped_msgs
[1.307s] -- Up-to-date: /home/ws/install/quadruped_msgs/include/quadruped_msgs/quadruped_msgs/msg
[1.307s] -- Up-to-date: /home/ws/install/quadruped_msgs/include/quadruped_msgs/quadruped_msgs/msg/foot_forces.h
[1.307s] -- Up-to-date: /home/ws/install/quadruped_msgs/include/quadruped_msgs/quadruped_msgs/msg/detail
[1.308s] -- Installing: /home/ws/install/quadruped_msgs/include/quadruped_msgs/quadruped_msgs/msg/detail/foot_states__type_support.c
[1.308s] -- Up-to-date: /home/ws/install/quadruped_msgs/include/quadruped_msgs/quadruped_msgs/msg/detail/foot_forces__description.c
[1.308s] -- Up-to-date: /home/ws/install/quadruped_msgs/include/quadruped_msgs/quadruped_msgs/msg/detail/quadruped_state__functions.c
[1.308s] -- Up-to-date: /home/ws/install/quadruped_msgs/include/quadruped_msgs/quadruped_msgs/msg/detail/gait_pattern__struct.h
[1.308s] -- Up-to-date: /home/ws/install/quadruped_msgs/include/quadruped_msgs/quadruped_msgs/msg/detail/quadruped_state__type_support.h
[1.308s] -- Up-to-date: /home/ws/install/quadruped_msgs/include/quadruped_msgs/quadruped_msgs/msg/detail/gait_pattern__functions.c
[1.309s] -- Up-to-date: /home/ws/install/quadruped_msgs/include/quadruped_msgs/quadruped_msgs/msg/detail/foot_states__struct.h
[1.309s] -- Up-to-date: /home/ws/install/quadruped_msgs/include/quadruped_msgs/quadruped_msgs/msg/detail/foot_forces__functions.c
[1.309s] -- Up-to-date: /home/ws/install/quadruped_msgs/include/quadruped_msgs/quadruped_msgs/msg/detail/foot_forces__functions.h
[1.309s] -- Up-to-date: /home/ws/install/quadruped_msgs/include/quadruped_msgs/quadruped_msgs/msg/detail/foot_states__type_support.h
[1.309s] -- Up-to-date: /home/ws/install/quadruped_msgs/include/quadruped_msgs/quadruped_msgs/msg/detail/foot_forces__struct.h
[1.309s] -- Up-to-date: /home/ws/install/quadruped_msgs/include/quadruped_msgs/quadruped_msgs/msg/detail/quadruped_state__description.c
[1.309s] -- Up-to-date: /home/ws/install/quadruped_msgs/include/quadruped_msgs/quadruped_msgs/msg/detail/foot_forces__type_support.h
[1.310s] -- Up-to-date: /home/ws/install/quadruped_msgs/include/quadruped_msgs/quadruped_msgs/msg/detail/foot_states__description.c
[1.310s] -- Installing: /home/ws/install/quadruped_msgs/include/quadruped_msgs/quadruped_msgs/msg/detail/quadruped_state__type_support.c
[1.312s] -- Up-to-date: /home/ws/install/quadruped_msgs/include/quadruped_msgs/quadruped_msgs/msg/detail/gait_pattern__type_support.h
[1.312s] -- Up-to-date: /home/ws/install/quadruped_msgs/include/quadruped_msgs/quadruped_msgs/msg/detail/foot_states__functions.c
[1.312s] -- Up-to-date: /home/ws/install/quadruped_msgs/include/quadruped_msgs/quadruped_msgs/msg/detail/gait_pattern__functions.h
[1.312s] -- Installing: /home/ws/install/quadruped_msgs/include/quadruped_msgs/quadruped_msgs/msg/detail/gait_pattern__type_support.c
[1.313s] -- Up-to-date: /home/ws/install/quadruped_msgs/include/quadruped_msgs/quadruped_msgs/msg/detail/foot_states__functions.h
[1.313s] -- Installing: /home/ws/install/quadruped_msgs/include/quadruped_msgs/quadruped_msgs/msg/detail/foot_forces__type_support.c
[1.313s] -- Up-to-date: /home/ws/install/quadruped_msgs/include/quadruped_msgs/quadruped_msgs/msg/detail/quadruped_state__functions.h
[1.313s] -- Up-to-date: /home/ws/install/quadruped_msgs/include/quadruped_msgs/quadruped_msgs/msg/detail/gait_pattern__description.c
[1.327s] -- Up-to-date: /home/ws/install/quadruped_msgs/include/quadruped_msgs/quadruped_msgs/msg/detail/quadruped_state__struct.h
[1.327s] -- Up-to-date: /home/ws/install/quadruped_msgs/include/quadruped_msgs/quadruped_msgs/msg/foot_states.h
[1.327s] -- Up-to-date: /home/ws/install/quadruped_msgs/include/quadruped_msgs/quadruped_msgs/msg/quadruped_state.h
[1.327s] -- Up-to-date: /home/ws/install/quadruped_msgs/include/quadruped_msgs/quadruped_msgs/msg/rosidl_generator_c__visibility_control.h
[1.338s] -- Up-to-date: /home/ws/install/quadruped_msgs/include/quadruped_msgs/quadruped_msgs/msg/gait_pattern.h
[1.342s] -- Up-to-date: /home/ws/install/quadruped_msgs/share/quadruped_msgs/environment/library_path.sh
[1.348s] -- Up-to-date: /home/ws/install/quadruped_msgs/share/quadruped_msgs/environment/library_path.dsv
[1.348s] -- Up-to-date: /home/ws/install/quadruped_msgs/lib/libquadruped_msgs__rosidl_generator_c.so
[1.348s] -- Up-to-date: /home/ws/install/quadruped_msgs/include/quadruped_msgs/quadruped_msgs
[1.348s] -- Up-to-date: /home/ws/install/quadruped_msgs/include/quadruped_msgs/quadruped_msgs/msg
[1.348s] -- Up-to-date: /home/ws/install/quadruped_msgs/include/quadruped_msgs/quadruped_msgs/msg/detail
[1.349s] -- Up-to-date: /home/ws/install/quadruped_msgs/include/quadruped_msgs/quadruped_msgs/msg/detail/foot_forces__rosidl_typesupport_fastrtps_c.h
[1.349s] -- Up-to-date: /home/ws/install/quadruped_msgs/include/quadruped_msgs/quadruped_msgs/msg/detail/quadruped_state__rosidl_typesupport_fastrtps_c.h
[1.349s] -- Up-to-date: /home/ws/install/quadruped_msgs/include/quadruped_msgs/quadruped_msgs/msg/detail/foot_states__rosidl_typesupport_fastrtps_c.h
[1.349s] -- Up-to-date: /home/ws/install/quadruped_msgs/include/quadruped_msgs/quadruped_msgs/msg/detail/gait_pattern__rosidl_typesupport_fastrtps_c.h
[1.349s] -- Up-to-date: /home/ws/install/quadruped_msgs/include/quadruped_msgs/quadruped_msgs/msg/rosidl_typesupport_fastrtps_c__visibility_control.h
[1.349s] -- Up-to-date: /home/ws/install/quadruped_msgs/lib/libquadruped_msgs__rosidl_typesupport_fastrtps_c.so
[1.349s] -- Up-to-date: /home/ws/install/quadruped_msgs/include/quadruped_msgs/quadruped_msgs
[1.350s] -- Up-to-date: /home/ws/install/quadruped_msgs/include/quadruped_msgs/quadruped_msgs/msg
[1.350s] -- Up-to-date: /home/ws/install/quadruped_msgs/include/quadruped_msgs/quadruped_msgs/msg/foot_states.hpp
[1.350s] -- Up-to-date: /home/ws/install/quadruped_msgs/include/quadruped_msgs/quadruped_msgs/msg/gait_pattern.hpp
[1.350s] -- Up-to-date: /home/ws/install/quadruped_msgs/include/quadruped_msgs/quadruped_msgs/msg/rosidl_generator_cpp__visibility_control.hpp
[1.350s] -- Up-to-date: /home/ws/install/quadruped_msgs/include/quadruped_msgs/quadruped_msgs/msg/detail
[1.350s] -- Up-to-date: /home/ws/install/quadruped_msgs/include/quadruped_msgs/quadruped_msgs/msg/detail/quadruped_state__builder.hpp
[1.351s] -- Up-to-date: /home/ws/install/quadruped_msgs/include/quadruped_msgs/quadruped_msgs/msg/detail/foot_states__struct.hpp
[1.351s] -- Up-to-date: /home/ws/install/quadruped_msgs/include/quadruped_msgs/quadruped_msgs/msg/detail/foot_forces__builder.hpp
[1.351s] -- Up-to-date: /home/ws/install/quadruped_msgs/include/quadruped_msgs/quadruped_msgs/msg/detail/foot_forces__struct.hpp
[1.351s] -- Up-to-date: /home/ws/install/quadruped_msgs/include/quadruped_msgs/quadruped_msgs/msg/detail/gait_pattern__builder.hpp
[1.351s] -- Up-to-date: /home/ws/install/quadruped_msgs/include/quadruped_msgs/quadruped_msgs/msg/detail/gait_pattern__traits.hpp
[1.351s] -- Up-to-date: /home/ws/install/quadruped_msgs/include/quadruped_msgs/quadruped_msgs/msg/detail/gait_pattern__struct.hpp
[1.351s] -- Up-to-date: /home/ws/install/quadruped_msgs/include/quadruped_msgs/quadruped_msgs/msg/detail/quadruped_state__traits.hpp
[1.352s] -- Up-to-date: /home/ws/install/quadruped_msgs/include/quadruped_msgs/quadruped_msgs/msg/detail/foot_states__type_support.hpp
[1.352s] -- Up-to-date: /home/ws/install/quadruped_msgs/include/quadruped_msgs/quadruped_msgs/msg/detail/foot_states__traits.hpp
[1.352s] -- Up-to-date: /home/ws/install/quadruped_msgs/include/quadruped_msgs/quadruped_msgs/msg/detail/quadruped_state__struct.hpp
[1.352s] -- Up-to-date: /home/ws/install/quadruped_msgs/include/quadruped_msgs/quadruped_msgs/msg/detail/gait_pattern__type_support.hpp
[1.352s] -- Up-to-date: /home/ws/install/quadruped_msgs/include/quadruped_msgs/quadruped_msgs/msg/detail/foot_states__builder.hpp
[1.352s] -- Up-to-date: /home/ws/install/quadruped_msgs/include/quadruped_msgs/quadruped_msgs/msg/detail/foot_forces__traits.hpp
[1.352s] -- Up-to-date: /home/ws/install/quadruped_msgs/include/quadruped_msgs/quadruped_msgs/msg/detail/foot_forces__type_support.hpp
[1.353s] -- Up-to-date: /home/ws/install/quadruped_msgs/include/quadruped_msgs/quadruped_msgs/msg/detail/quadruped_state__type_support.hpp
[1.353s] -- Up-to-date: /home/ws/install/quadruped_msgs/include/quadruped_msgs/quadruped_msgs/msg/quadruped_state.hpp
[1.353s] -- Up-to-date: /home/ws/install/quadruped_msgs/include/quadruped_msgs/quadruped_msgs/msg/foot_forces.hpp
[1.353s] -- Up-to-date: /home/ws/install/quadruped_msgs/include/quadruped_msgs/quadruped_msgs
[1.353s] -- Up-to-date: /home/ws/install/quadruped_msgs/include/quadruped_msgs/quadruped_msgs/msg
[1.353s] -- Up-to-date: /home/ws/install/quadruped_msgs/include/quadruped_msgs/quadruped_msgs/msg/detail
[1.353s] -- Up-to-date: /home/ws/install/quadruped_msgs/include/quadruped_msgs/quadruped_msgs/msg/detail/dds_fastrtps
[1.354s] -- Up-to-date: /home/ws/install/quadruped_msgs/include/quadruped_msgs/quadruped_msgs/msg/detail/foot_forces__rosidl_typesupport_fastrtps_cpp.hpp
[1.354s] -- Up-to-date: /home/ws/install/quadruped_msgs/include/quadruped_msgs/quadruped_msgs/msg/detail/quadruped_state__rosidl_typesupport_fastrtps_cpp.hpp
[1.354s] -- Up-to-date: /home/ws/install/quadruped_msgs/include/quadruped_msgs/quadruped_msgs/msg/detail/foot_states__rosidl_typesupport_fastrtps_cpp.hpp
[1.354s] -- Up-to-date: /home/ws/install/quadruped_msgs/include/quadruped_msgs/quadruped_msgs/msg/detail/gait_pattern__rosidl_typesupport_fastrtps_cpp.hpp
[1.354s] -- Up-to-date: /home/ws/install/quadruped_msgs/include/quadruped_msgs/quadruped_msgs/msg/rosidl_typesupport_fastrtps_cpp__visibility_control.h
[1.354s] -- Up-to-date: /home/ws/install/quadruped_msgs/lib/libquadruped_msgs__rosidl_typesupport_fastrtps_cpp.so
[1.355s] -- Up-to-date: /home/ws/install/quadruped_msgs/include/quadruped_msgs/quadruped_msgs
[1.355s] -- Up-to-date: /home/ws/install/quadruped_msgs/include/quadruped_msgs/quadruped_msgs/msg
[1.355s] -- Up-to-date: /home/ws/install/quadruped_msgs/include/quadruped_msgs/quadruped_msgs/msg/detail
[1.355s] -- Installing: /home/ws/install/quadruped_msgs/include/quadruped_msgs/quadruped_msgs/msg/detail/foot_states__type_support.c
[1.355s] -- Up-to-date: /home/ws/install/quadruped_msgs/include/quadruped_msgs/quadruped_msgs/msg/detail/quadruped_state__rosidl_typesupport_introspection_c.h
[1.355s] -- Up-to-date: /home/ws/install/quadruped_msgs/include/quadruped_msgs/quadruped_msgs/msg/detail/foot_states__rosidl_typesupport_introspection_c.h
[1.355s] -- Up-to-date: /home/ws/install/quadruped_msgs/include/quadruped_msgs/quadruped_msgs/msg/detail/foot_forces__rosidl_typesupport_introspection_c.h
[1.356s] -- Installing: /home/ws/install/quadruped_msgs/include/quadruped_msgs/quadruped_msgs/msg/detail/quadruped_state__type_support.c
[1.356s] -- Installing: /home/ws/install/quadruped_msgs/include/quadruped_msgs/quadruped_msgs/msg/detail/gait_pattern__type_support.c
[1.356s] -- Up-to-date: /home/ws/install/quadruped_msgs/include/quadruped_msgs/quadruped_msgs/msg/detail/gait_pattern__rosidl_typesupport_introspection_c.h
[1.356s] -- Installing: /home/ws/install/quadruped_msgs/include/quadruped_msgs/quadruped_msgs/msg/detail/foot_forces__type_support.c
[1.370s] -- Up-to-date: /home/ws/install/quadruped_msgs/include/quadruped_msgs/quadruped_msgs/msg/rosidl_typesupport_introspection_c__visibility_control.h
[1.371s] -- Up-to-date: /home/ws/install/quadruped_msgs/lib/libquadruped_msgs__rosidl_typesupport_introspection_c.so
[1.371s] -- Up-to-date: /home/ws/install/quadruped_msgs/lib/libquadruped_msgs__rosidl_typesupport_c.so
[1.380s] -- Up-to-date: /home/ws/install/quadruped_msgs/include/quadruped_msgs/quadruped_msgs
[1.381s] -- Up-to-date: /home/ws/install/quadruped_msgs/include/quadruped_msgs/quadruped_msgs/msg
[1.381s] -- Up-to-date: /home/ws/install/quadruped_msgs/include/quadruped_msgs/quadruped_msgs/msg/detail
[1.381s] -- Up-to-date: /home/ws/install/quadruped_msgs/include/quadruped_msgs/quadruped_msgs/msg/detail/foot_states__type_support.cpp
[1.381s] -- Up-to-date: /home/ws/install/quadruped_msgs/include/quadruped_msgs/quadruped_msgs/msg/detail/foot_forces__type_support.cpp
[1.381s] -- Up-to-date: /home/ws/install/quadruped_msgs/include/quadruped_msgs/quadruped_msgs/msg/detail/foot_states__rosidl_typesupport_introspection_cpp.hpp
[1.381s] -- Up-to-date: /home/ws/install/quadruped_msgs/include/quadruped_msgs/quadruped_msgs/msg/detail/quadruped_state__rosidl_typesupport_introspection_cpp.hpp
[1.381s] -- Up-to-date: /home/ws/install/quadruped_msgs/include/quadruped_msgs/quadruped_msgs/msg/detail/foot_forces__rosidl_typesupport_introspection_cpp.hpp
[1.382s] -- Up-to-date: /home/ws/install/quadruped_msgs/include/quadruped_msgs/quadruped_msgs/msg/detail/gait_pattern__rosidl_typesupport_introspection_cpp.hpp
[1.394s] -- Up-to-date: /home/ws/install/quadruped_msgs/include/quadruped_msgs/quadruped_msgs/msg/detail/quadruped_state__type_support.cpp
[1.395s] -- Up-to-date: /home/ws/install/quadruped_msgs/include/quadruped_msgs/quadruped_msgs/msg/detail/gait_pattern__type_support.cpp
[1.395s] -- Up-to-date: /home/ws/install/quadruped_msgs/lib/libquadruped_msgs__rosidl_typesupport_introspection_cpp.so
[1.395s] -- Up-to-date: /home/ws/install/quadruped_msgs/lib/libquadruped_msgs__rosidl_typesupport_cpp.so
[1.395s] -- Up-to-date: /home/ws/install/quadruped_msgs/share/quadruped_msgs/environment/pythonpath.sh
[1.395s] -- Up-to-date: /home/ws/install/quadruped_msgs/share/quadruped_msgs/environment/pythonpath.dsv
[1.395s] -- Up-to-date: /home/ws/install/quadruped_msgs/lib/python3.12/site-packages/quadruped_msgs-0.0.0-py3.12.egg-info
[1.396s] -- Installing: /home/ws/install/quadruped_msgs/lib/python3.12/site-packages/quadruped_msgs-0.0.0-py3.12.egg-info/dependency_links.txt
[1.396s] -- Installing: /home/ws/install/quadruped_msgs/lib/python3.12/site-packages/quadruped_msgs-0.0.0-py3.12.egg-info/top_level.txt
[1.396s] -- Installing: /home/ws/install/quadruped_msgs/lib/python3.12/site-packages/quadruped_msgs-0.0.0-py3.12.egg-info/PKG-INFO
[1.396s] -- Installing: /home/ws/install/quadruped_msgs/lib/python3.12/site-packages/quadruped_msgs-0.0.0-py3.12.egg-info/SOURCES.txt
[1.396s] -- Up-to-date: /home/ws/install/quadruped_msgs/lib/python3.12/site-packages/quadruped_msgs
[1.396s] -- Up-to-date: /home/ws/install/quadruped_msgs/lib/python3.12/site-packages/quadruped_msgs/quadruped_msgs_s__rosidl_typesupport_c.so
[1.397s] -- Up-to-date: /home/ws/install/quadruped_msgs/lib/python3.12/site-packages/quadruped_msgs/_quadruped_msgs_s.ep.rosidl_typesupport_c.c
[1.397s] -- Up-to-date: /home/ws/install/quadruped_msgs/lib/python3.12/site-packages/quadruped_msgs/__init__.py
[1.397s] -- Up-to-date: /home/ws/install/quadruped_msgs/lib/python3.12/site-packages/quadruped_msgs/_quadruped_msgs_s.ep.rosidl_typesupport_introspection_c.c
[1.397s] -- Up-to-date: /home/ws/install/quadruped_msgs/lib/python3.12/site-packages/quadruped_msgs/quadruped_msgs_s__rosidl_typesupport_introspection_c.so
[1.397s] -- Up-to-date: /home/ws/install/quadruped_msgs/lib/python3.12/site-packages/quadruped_msgs/quadruped_msgs_s__rosidl_typesupport_fastrtps_c.so
[1.397s] -- Up-to-date: /home/ws/install/quadruped_msgs/lib/python3.12/site-packages/quadruped_msgs/_quadruped_msgs_s.ep.rosidl_typesupport_fastrtps_c.c
[1.397s] -- Up-to-date: /home/ws/install/quadruped_msgs/lib/python3.12/site-packages/quadruped_msgs/msg
[1.398s] -- Up-to-date: /home/ws/install/quadruped_msgs/lib/python3.12/site-packages/quadruped_msgs/msg/__init__.py
[1.398s] -- Up-to-date: /home/ws/install/quadruped_msgs/lib/python3.12/site-packages/quadruped_msgs/msg/_foot_forces.py
[1.398s] -- Up-to-date: /home/ws/install/quadruped_msgs/lib/python3.12/site-packages/quadruped_msgs/msg/_foot_states_s.c
[1.398s] -- Up-to-date: /home/ws/install/quadruped_msgs/lib/python3.12/site-packages/quadruped_msgs/msg/_quadruped_state.py
[1.398s] -- Up-to-date: /home/ws/install/quadruped_msgs/lib/python3.12/site-packages/quadruped_msgs/msg/_foot_states.py
[1.398s] -- Up-to-date: /home/ws/install/quadruped_msgs/lib/python3.12/site-packages/quadruped_msgs/msg/_foot_forces_s.c
[1.398s] -- Up-to-date: /home/ws/install/quadruped_msgs/lib/python3.12/site-packages/quadruped_msgs/msg/_gait_pattern.py
[1.399s] -- Up-to-date: /home/ws/install/quadruped_msgs/lib/python3.12/site-packages/quadruped_msgs/msg/_quadruped_state_s.c
[1.399s] -- Up-to-date: /home/ws/install/quadruped_msgs/lib/python3.12/site-packages/quadruped_msgs/msg/_gait_pattern_s.c
[1.436s] Listing '/home/ws/install/quadruped_msgs/lib/python3.12/site-packages/quadruped_msgs'...
[1.436s] Listing '/home/ws/install/quadruped_msgs/lib/python3.12/site-packages/quadruped_msgs/msg'...
[1.462s] -- Up-to-date: /home/ws/install/quadruped_msgs/lib/python3.12/site-packages/quadruped_msgs/quadruped_msgs_s__rosidl_typesupport_fastrtps_c.so
[1.463s] -- Up-to-date: /home/ws/install/quadruped_msgs/lib/python3.12/site-packages/quadruped_msgs/quadruped_msgs_s__rosidl_typesupport_introspection_c.so
[1.464s] -- Up-to-date: /home/ws/install/quadruped_msgs/lib/python3.12/site-packages/quadruped_msgs/quadruped_msgs_s__rosidl_typesupport_c.so
[1.466s] -- Up-to-date: /home/ws/install/quadruped_msgs/lib/libquadruped_msgs__rosidl_generator_py.so
[1.467s] -- Up-to-date: /home/ws/install/quadruped_msgs/share/quadruped_msgs/msg/QuadrupedState.idl
[1.467s] -- Up-to-date: /home/ws/install/quadruped_msgs/share/quadruped_msgs/msg/GaitPattern.idl
[1.467s] -- Up-to-date: /home/ws/install/quadruped_msgs/share/quadruped_msgs/msg/FootStates.idl
[1.468s] -- Up-to-date: /home/ws/install/quadruped_msgs/share/quadruped_msgs/msg/FootForces.idl
[1.469s] -- Up-to-date: /home/ws/install/quadruped_msgs/share/quadruped_msgs/msg/QuadrupedState.msg
[1.469s] -- Up-to-date: /home/ws/install/quadruped_msgs/share/quadruped_msgs/msg/GaitPattern.msg
[1.470s] -- Up-to-date: /home/ws/install/quadruped_msgs/share/quadruped_msgs/msg/FootStates.msg
[1.470s] -- Up-to-date: /home/ws/install/quadruped_msgs/share/quadruped_msgs/msg/FootForces.msg
[1.471s] -- Up-to-date: /home/ws/install/quadruped_msgs/share/ament_index/resource_index/package_run_dependencies/quadruped_msgs
[1.472s] -- Up-to-date: /home/ws/install/quadruped_msgs/share/ament_index/resource_index/parent_prefix_path/quadruped_msgs
[1.472s] -- Up-to-date: /home/ws/install/quadruped_msgs/share/quadruped_msgs/environment/ament_prefix_path.sh
[1.472s] -- Up-to-date: /home/ws/install/quadruped_msgs/share/quadruped_msgs/environment/ament_prefix_path.dsv
[1.472s] -- Up-to-date: /home/ws/install/quadruped_msgs/share/quadruped_msgs/environment/path.sh
[1.473s] -- Up-to-date: /home/ws/install/quadruped_msgs/share/quadruped_msgs/environment/path.dsv
[1.473s] -- Up-to-date: /home/ws/install/quadruped_msgs/share/quadruped_msgs/local_setup.bash
[1.473s] -- Up-to-date: /home/ws/install/quadruped_msgs/share/quadruped_msgs/local_setup.sh
[1.473s] -- Up-to-date: /home/ws/install/quadruped_msgs/share/quadruped_msgs/local_setup.zsh
[1.473s] -- Up-to-date: /home/ws/install/quadruped_msgs/share/quadruped_msgs/local_setup.dsv
[1.473s] -- Installing: /home/ws/install/quadruped_msgs/share/quadruped_msgs/package.dsv
[1.473s] -- Up-to-date: /home/ws/install/quadruped_msgs/share/ament_index/resource_index/packages/quadruped_msgs
[1.474s] -- Up-to-date: /home/ws/install/quadruped_msgs/share/quadruped_msgs/cmake/export_quadruped_msgs__rosidl_generator_cExport.cmake
[1.474s] -- Up-to-date: /home/ws/install/quadruped_msgs/share/quadruped_msgs/cmake/export_quadruped_msgs__rosidl_generator_cExport-release.cmake
[1.474s] -- Up-to-date: /home/ws/install/quadruped_msgs/share/quadruped_msgs/cmake/export_quadruped_msgs__rosidl_typesupport_fastrtps_cExport.cmake
[1.474s] -- Up-to-date: /home/ws/install/quadruped_msgs/share/quadruped_msgs/cmake/export_quadruped_msgs__rosidl_typesupport_fastrtps_cExport-release.cmake
[1.474s] -- Up-to-date: /home/ws/install/quadruped_msgs/share/quadruped_msgs/cmake/export_quadruped_msgs__rosidl_generator_cppExport.cmake
[1.474s] -- Up-to-date: /home/ws/install/quadruped_msgs/share/quadruped_msgs/cmake/export_quadruped_msgs__rosidl_typesupport_fastrtps_cppExport.cmake
[1.475s] -- Up-to-date: /home/ws/install/quadruped_msgs/share/quadruped_msgs/cmake/export_quadruped_msgs__rosidl_typesupport_fastrtps_cppExport-release.cmake
[1.475s] -- Up-to-date: /home/ws/install/quadruped_msgs/share/quadruped_msgs/cmake/quadruped_msgs__rosidl_typesupport_introspection_cExport.cmake
[1.475s] -- Up-to-date: /home/ws/install/quadruped_msgs/share/quadruped_msgs/cmake/quadruped_msgs__rosidl_typesupport_introspection_cExport-release.cmake
[1.475s] -- Up-to-date: /home/ws/install/quadruped_msgs/share/quadruped_msgs/cmake/quadruped_msgs__rosidl_typesupport_cExport.cmake
[1.475s] -- Up-to-date: /home/ws/install/quadruped_msgs/share/quadruped_msgs/cmake/quadruped_msgs__rosidl_typesupport_cExport-release.cmake
[1.475s] -- Up-to-date: /home/ws/install/quadruped_msgs/share/quadruped_msgs/cmake/quadruped_msgs__rosidl_typesupport_introspection_cppExport.cmake
[1.475s] -- Up-to-date: /home/ws/install/quadruped_msgs/share/quadruped_msgs/cmake/quadruped_msgs__rosidl_typesupport_introspection_cppExport-release.cmake
[1.476s] -- Up-to-date: /home/ws/install/quadruped_msgs/share/quadruped_msgs/cmake/quadruped_msgs__rosidl_typesupport_cppExport.cmake
[1.476s] -- Up-to-date: /home/ws/install/quadruped_msgs/share/quadruped_msgs/cmake/quadruped_msgs__rosidl_typesupport_cppExport-release.cmake
[1.476s] -- Up-to-date: /home/ws/install/quadruped_msgs/share/quadruped_msgs/cmake/export_quadruped_msgs__rosidl_generator_pyExport.cmake
[1.476s] -- Up-to-date: /home/ws/install/quadruped_msgs/share/quadruped_msgs/cmake/export_quadruped_msgs__rosidl_generator_pyExport-release.cmake
[1.476s] -- Up-to-date: /home/ws/install/quadruped_msgs/share/quadruped_msgs/cmake/rosidl_cmake-extras.cmake
[1.476s] -- Up-to-date: /home/ws/install/quadruped_msgs/share/quadruped_msgs/cmake/ament_cmake_export_dependencies-extras.cmake
[1.476s] -- Up-to-date: /home/ws/install/quadruped_msgs/share/quadruped_msgs/cmake/ament_cmake_export_include_directories-extras.cmake
[1.477s] -- Up-to-date: /home/ws/install/quadruped_msgs/share/quadruped_msgs/cmake/ament_cmake_export_libraries-extras.cmake
[1.477s] -- Up-to-date: /home/ws/install/quadruped_msgs/share/quadruped_msgs/cmake/ament_cmake_export_targets-extras.cmake
[1.477s] -- Up-to-date: /home/ws/install/quadruped_msgs/share/quadruped_msgs/cmake/rosidl_cmake_export_typesupport_targets-extras.cmake
[1.477s] -- Up-to-date: /home/ws/install/quadruped_msgs/share/quadruped_msgs/cmake/rosidl_cmake_export_typesupport_libraries-extras.cmake
[1.477s] -- Up-to-date: /home/ws/install/quadruped_msgs/share/quadruped_msgs/cmake/quadruped_msgsConfig.cmake
[1.477s] -- Up-to-date: /home/ws/install/quadruped_msgs/share/quadruped_msgs/cmake/quadruped_msgsConfig-version.cmake
[1.477s] -- Up-to-date: /home/ws/install/quadruped_msgs/share/quadruped_msgs/package.xml
[1.499s] Invoked command in '/home/ws/build/quadruped_msgs' returned '0': CMAKE_PREFIX_PATH=${CMAKE_PREFIX_PATH}:/home/ws/install/py_pubsub:/opt/ros/jazzy DEBUGINFOD_URLS=https://debuginfod.ubuntu.com /usr/bin/cmake --install /home/ws/build/quadruped_msgs
