[3.236s] Invoking command in '/home/ws/src/py_pubsub': DEBUGINFOD_URLS=https://debuginfod.ubuntu.com PYTHONPATH=/home/ws/build/py_pubsub/prefix_override:/usr/lib/python3/dist-packages/colcon_core/task/python/colcon_distutils_commands:/home/ws/install/py_pubsub/lib/python3.12/site-packages:${PYTHONPATH} /usr/bin/python3 -W ignore:setup.py install is deprecated -W ignore:easy_install command is deprecated setup.py egg_info --egg-base ../../build/py_pubsub build --build-base /home/ws/build/py_pubsub/build install --record /home/ws/build/py_pubsub/install.log --single-version-externally-managed install_data
[3.793s] running egg_info
[3.854s] writing ../../build/py_pubsub/py_pubsub.egg-info/PKG-INFO
[3.856s] writing dependency_links to ../../build/py_pubsub/py_pubsub.egg-info/dependency_links.txt
[3.856s] writing entry points to ../../build/py_pubsub/py_pubsub.egg-info/entry_points.txt
[3.857s] writing requirements to ../../build/py_pubsub/py_pubsub.egg-info/requires.txt
[3.857s] writing top-level names to ../../build/py_pubsub/py_pubsub.egg-info/top_level.txt
[3.934s] reading manifest file '../../build/py_pubsub/py_pubsub.egg-info/SOURCES.txt'
[3.935s] adding license file 'LICENSE'
[3.936s] writing manifest file '../../build/py_pubsub/py_pubsub.egg-info/SOURCES.txt'
[3.936s] running build
[3.938s] running build_py
[3.938s] running install
[3.950s] running install_lib
[3.991s] running install_data
[3.992s] running install_egg_info
[4.032s] removing '/home/ws/install/py_pubsub/lib/python3.12/site-packages/py_pubsub-0.0.0-py3.12.egg-info' (and everything under it)
[4.036s] Copying ../../build/py_pubsub/py_pubsub.egg-info to /home/ws/install/py_pubsub/lib/python3.12/site-packages/py_pubsub-0.0.0-py3.12.egg-info
[4.036s] running install_scripts
[4.329s] Installing talker script to /home/ws/install/py_pubsub/lib/py_pubsub
[4.339s] writing list of installed files to '/home/ws/build/py_pubsub/install.log'
[4.473s] Invoked command in '/home/ws/src/py_pubsub' returned '0': DEBUGINFOD_URLS=https://debuginfod.ubuntu.com PYTHONPATH=/home/ws/build/py_pubsub/prefix_override:/usr/lib/python3/dist-packages/colcon_core/task/python/colcon_distutils_commands:/home/ws/install/py_pubsub/lib/python3.12/site-packages:${PYTHONPATH} /usr/bin/python3 -W ignore:setup.py install is deprecated -W ignore:easy_install command is deprecated setup.py egg_info --egg-base ../../build/py_pubsub build --build-base /home/ws/build/py_pubsub/build install --record /home/ws/build/py_pubsub/install.log --single-version-externally-managed install_data
