[0.068s] Invoking command in '/home/ws/build/jetson_interface': CMAKE_PREFIX_PATH=${CMAKE_PREFIX_PATH}:/opt/ros/jazzy DEBUGINFOD_URLS=https://debuginfod.ubuntu.com /usr/bin/cmake --build /home/ws/build/jetson_interface -- -j8 -l8
[0.566s] [100%] Built target jetson_interface
[0.600s] Invoked command in '/home/ws/build/jetson_interface' returned '0': CMAKE_PREFIX_PATH=${CMAKE_PREFIX_PATH}:/opt/ros/jazzy DEBUGINFOD_URLS=https://debuginfod.ubuntu.com /usr/bin/cmake --build /home/ws/build/jetson_interface -- -j8 -l8
[0.601s] Invoking command in '/home/ws/build/jetson_interface': CMAKE_PREFIX_PATH=${CMAKE_PREFIX_PATH}:/opt/ros/jazzy DEBUGINFOD_URLS=https://debuginfod.ubuntu.com /usr/bin/cmake --install /home/ws/build/jetson_interface
[0.705s] -- Install configuration: "Release"
[0.705s] -- Up-to-date: /home/ws/install/jetson_interface/share/jetson_interface/jetson_gpio_interface.xml
[0.705s] -- Up-to-date: /home/ws/install/jetson_interface/share/jetson_interface/launch
[0.706s] -- Up-to-date: /home/ws/install/jetson_interface/share/jetson_interface/launch/jetson.launch.py
[0.706s] -- Up-to-date: /home/ws/install/jetson_interface/share/jetson_interface/config
[0.706s] -- Up-to-date: /home/ws/install/jetson_interface/share/jetson_interface/config/jetson_interface.yaml
[0.706s] -- Up-to-date: /home/ws/install/jetson_interface/lib/libjetson_interface.so
[0.706s] -- Up-to-date: /home/ws/install/jetson_interface/include
[0.706s] -- Up-to-date: /home/ws/install/jetson_interface/include/quadruped_hardware
[0.706s] -- Up-to-date: /home/ws/install/jetson_interface/include/quadruped_hardware/watchdog.hpp
[0.707s] -- Up-to-date: /home/ws/install/jetson_interface/include/quadruped_hardware/jetson_gpio_interface.hpp
[0.707s] -- Up-to-date: /home/ws/install/jetson_interface/share/jetson_interface/environment/library_path.sh
[0.707s] -- Up-to-date: /home/ws/install/jetson_interface/share/jetson_interface/environment/library_path.dsv
[0.707s] -- Up-to-date: /home/ws/install/jetson_interface/share/ament_index/resource_index/package_run_dependencies/jetson_interface
[0.707s] -- Up-to-date: /home/ws/install/jetson_interface/share/ament_index/resource_index/parent_prefix_path/jetson_interface
[0.707s] -- Up-to-date: /home/ws/install/jetson_interface/share/jetson_interface/environment/ament_prefix_path.sh
[0.708s] -- Up-to-date: /home/ws/install/jetson_interface/share/jetson_interface/environment/ament_prefix_path.dsv
[0.708s] -- Up-to-date: /home/ws/install/jetson_interface/share/jetson_interface/environment/path.sh
[0.708s] -- Up-to-date: /home/ws/install/jetson_interface/share/jetson_interface/environment/path.dsv
[0.708s] -- Up-to-date: /home/ws/install/jetson_interface/share/jetson_interface/local_setup.bash
[0.708s] -- Up-to-date: /home/ws/install/jetson_interface/share/jetson_interface/local_setup.sh
[0.708s] -- Up-to-date: /home/ws/install/jetson_interface/share/jetson_interface/local_setup.zsh
[0.708s] -- Up-to-date: /home/ws/install/jetson_interface/share/jetson_interface/local_setup.dsv
[0.708s] -- Installing: /home/ws/install/jetson_interface/share/jetson_interface/package.dsv
[0.709s] -- Up-to-date: /home/ws/install/jetson_interface/share/ament_index/resource_index/packages/jetson_interface
[0.709s] -- Up-to-date: /home/ws/install/jetson_interface/share/ament_index/resource_index/hardware_interface__pluginlib__plugin/jetson_interface
[0.709s] -- Up-to-date: /home/ws/install/jetson_interface/share/jetson_interface/cmake/ament_cmake_export_dependencies-extras.cmake
[0.709s] -- Up-to-date: /home/ws/install/jetson_interface/share/jetson_interface/cmake/ament_cmake_export_include_directories-extras.cmake
[0.709s] -- Up-to-date: /home/ws/install/jetson_interface/share/jetson_interface/cmake/ament_cmake_export_libraries-extras.cmake
[0.709s] -- Up-to-date: /home/ws/install/jetson_interface/share/jetson_interface/cmake/jetson_interfaceConfig.cmake
[0.709s] -- Up-to-date: /home/ws/install/jetson_interface/share/jetson_interface/cmake/jetson_interfaceConfig-version.cmake
[0.710s] -- Up-to-date: /home/ws/install/jetson_interface/share/jetson_interface/package.xml
[0.780s] Invoked command in '/home/ws/build/jetson_interface' returned '0': CMAKE_PREFIX_PATH=${CMAKE_PREFIX_PATH}:/opt/ros/jazzy DEBUGINFOD_URLS=https://debuginfod.ubuntu.com /usr/bin/cmake --install /home/ws/build/jetson_interface
