[0.085s] Invoking command in '/home/ws/build/jetson_interface': CMAKE_PREFIX_PATH=${CMAKE_PREFIX_PATH}:/home/ws/install/py_pubsub:/opt/ros/jazzy DEBUGINFOD_URLS=https://debuginfod.ubuntu.com /usr/bin/cmake /home/ws/src/jetson_interface -DCMAKE_INSTALL_PREFIX=/home/ws/install/jetson_interface
[0.702s] -- Found ament_cmake: 2.5.3 (/opt/ros/jazzy/share/ament_cmake/cmake)
[0.805s] -- Found rclcpp: 28.1.6 (/opt/ros/jazzy/share/rclcpp/cmake)
[0.875s] -- Found rosidl_generator_c: 4.6.5 (/opt/ros/jazzy/share/rosidl_generator_c/cmake)
[0.897s] -- Found rosidl_generator_cpp: 4.6.5 (/opt/ros/jazzy/share/rosidl_generator_cpp/cmake)
[0.930s] -- Using all available rosidl_typesupport_c: rosidl_typesupport_fastrtps_c;rosidl_typesupport_introspection_c
[0.968s] -- Using all available rosidl_typesupport_cpp: rosidl_typesupport_fastrtps_cpp;rosidl_typesupport_introspection_cpp
[1.116s] -- Found rmw_implementation_cmake: 7.3.1 (/opt/ros/jazzy/share/rmw_implementation_cmake/cmake)
[1.116s] -- Found rmw_zenoh_cpp: 0.2.2 (/home/ws/install/rmw_zenoh_cpp/share/rmw_zenoh_cpp/cmake)
[1.116s] -- Using RMW implementation 'rmw_zenoh_cpp' as default
[1.225s] -- Found rclcpp_lifecycle: 28.1.6 (/opt/ros/jazzy/share/rclcpp_lifecycle/cmake)
[1.282s] -- Found hardware_interface: 4.28.1 (/opt/ros/jazzy/share/hardware_interface/cmake)
[1.560s] -- Found TinyXML2 via Config file: /usr/local/lib/cmake/tinyxml2
[1.673s] -- Found controller_interface: 4.28.1 (/opt/ros/jazzy/share/controller_interface/cmake)
[1.958s] -- Configuring done (1.8s)
[2.022s] -- Generating done (0.0s)
[2.038s] -- Build files have been written to: /home/ws/build/jetson_interface
[2.090s] Invoked command in '/home/ws/build/jetson_interface' returned '0': CMAKE_PREFIX_PATH=${CMAKE_PREFIX_PATH}:/home/ws/install/py_pubsub:/opt/ros/jazzy DEBUGINFOD_URLS=https://debuginfod.ubuntu.com /usr/bin/cmake /home/ws/src/jetson_interface -DCMAKE_INSTALL_PREFIX=/home/ws/install/jetson_interface
[2.090s] Invoking command in '/home/ws/build/jetson_interface': CMAKE_PREFIX_PATH=${CMAKE_PREFIX_PATH}:/home/ws/install/py_pubsub:/opt/ros/jazzy DEBUGINFOD_URLS=https://debuginfod.ubuntu.com /usr/bin/cmake --build /home/ws/build/jetson_interface -- -j8 -l8
[2.418s] [100%] Built target jetson_interface
[2.456s] Invoked command in '/home/ws/build/jetson_interface' returned '0': CMAKE_PREFIX_PATH=${CMAKE_PREFIX_PATH}:/home/ws/install/py_pubsub:/opt/ros/jazzy DEBUGINFOD_URLS=https://debuginfod.ubuntu.com /usr/bin/cmake --build /home/ws/build/jetson_interface -- -j8 -l8
[2.457s] Invoking command in '/home/ws/build/jetson_interface': CMAKE_PREFIX_PATH=${CMAKE_PREFIX_PATH}:/home/ws/install/py_pubsub:/opt/ros/jazzy DEBUGINFOD_URLS=https://debuginfod.ubuntu.com /usr/bin/cmake --install /home/ws/build/jetson_interface
[2.547s] -- Install configuration: "Release"
[2.547s] -- Up-to-date: /home/ws/install/jetson_interface/share/jetson_interface/jetson_gpio_interface.xml
[2.548s] -- Up-to-date: /home/ws/install/jetson_interface/share/jetson_interface/launch
[2.549s] -- Up-to-date: /home/ws/install/jetson_interface/share/jetson_interface/launch/jetson.launch.py
[2.550s] -- Up-to-date: /home/ws/install/jetson_interface/share/jetson_interface/config
[2.550s] -- Up-to-date: /home/ws/install/jetson_interface/share/jetson_interface/config/jetson_interface.yaml
[2.550s] -- Up-to-date: /home/ws/install/jetson_interface/lib/libjetson_interface.so
[2.550s] -- Up-to-date: /home/ws/install/jetson_interface/include
[2.550s] -- Up-to-date: /home/ws/install/jetson_interface/include/quadruped_hardware
[2.550s] -- Up-to-date: /home/ws/install/jetson_interface/include/quadruped_hardware/watchdog.hpp
[2.551s] -- Up-to-date: /home/ws/install/jetson_interface/include/quadruped_hardware/jetson_gpio_interface.hpp
[2.551s] -- Up-to-date: /home/ws/install/jetson_interface/share/jetson_interface/environment/library_path.sh
[2.551s] -- Up-to-date: /home/ws/install/jetson_interface/share/jetson_interface/environment/library_path.dsv
[2.551s] -- Up-to-date: /home/ws/install/jetson_interface/share/ament_index/resource_index/package_run_dependencies/jetson_interface
[2.551s] -- Up-to-date: /home/ws/install/jetson_interface/share/ament_index/resource_index/parent_prefix_path/jetson_interface
[2.551s] -- Up-to-date: /home/ws/install/jetson_interface/share/jetson_interface/environment/ament_prefix_path.sh
[2.552s] -- Up-to-date: /home/ws/install/jetson_interface/share/jetson_interface/environment/ament_prefix_path.dsv
[2.554s] -- Up-to-date: /home/ws/install/jetson_interface/share/jetson_interface/environment/path.sh
[2.554s] -- Up-to-date: /home/ws/install/jetson_interface/share/jetson_interface/environment/path.dsv
[2.554s] -- Up-to-date: /home/ws/install/jetson_interface/share/jetson_interface/local_setup.bash
[2.554s] -- Up-to-date: /home/ws/install/jetson_interface/share/jetson_interface/local_setup.sh
[2.554s] -- Up-to-date: /home/ws/install/jetson_interface/share/jetson_interface/local_setup.zsh
[2.555s] -- Up-to-date: /home/ws/install/jetson_interface/share/jetson_interface/local_setup.dsv
[2.555s] -- Installing: /home/ws/install/jetson_interface/share/jetson_interface/package.dsv
[2.555s] -- Up-to-date: /home/ws/install/jetson_interface/share/ament_index/resource_index/packages/jetson_interface
[2.555s] -- Up-to-date: /home/ws/install/jetson_interface/share/ament_index/resource_index/hardware_interface__pluginlib__plugin/jetson_interface
[2.555s] -- Up-to-date: /home/ws/install/jetson_interface/share/jetson_interface/cmake/ament_cmake_export_dependencies-extras.cmake
[2.555s] -- Up-to-date: /home/ws/install/jetson_interface/share/jetson_interface/cmake/ament_cmake_export_include_directories-extras.cmake
[2.555s] -- Up-to-date: /home/ws/install/jetson_interface/share/jetson_interface/cmake/ament_cmake_export_libraries-extras.cmake
[2.556s] -- Up-to-date: /home/ws/install/jetson_interface/share/jetson_interface/cmake/jetson_interfaceConfig.cmake
[2.556s] -- Up-to-date: /home/ws/install/jetson_interface/share/jetson_interface/cmake/jetson_interfaceConfig-version.cmake
[2.556s] -- Up-to-date: /home/ws/install/jetson_interface/share/jetson_interface/package.xml
[2.573s] Invoked command in '/home/ws/build/jetson_interface' returned '0': CMAKE_PREFIX_PATH=${CMAKE_PREFIX_PATH}:/home/ws/install/py_pubsub:/opt/ros/jazzy DEBUGINFOD_URLS=https://debuginfod.ubuntu.com /usr/bin/cmake --install /home/ws/build/jetson_interface
