[0.551s] Invoking command in '/home/ws/build/quadruped_msgs': CMAKE_PREFIX_PATH=${CMAKE_PREFIX_PATH}:/home/ws/install/py_pubsub:/opt/ros/jazzy DEBUGINFOD_URLS=https://debuginfod.ubuntu.com /usr/bin/cmake --build /home/ws/build/quadruped_msgs -- -j8 -l8
[0.694s] [  1%] Built target quadruped_msgs__rosidl_generator_type_description
[0.713s] [  1%] Built target ament_cmake_python_copy_quadruped_msgs
[0.766s] [ 23%] Built target quadruped_msgs__rosidl_generator_c
[0.780s] [ 25%] Built target quadruped_msgs__cpp
[0.858s] [ 34%] Built target quadruped_msgs__rosidl_typesupport_fastrtps_c
[0.863s] [ 53%] Built target quadruped_msgs__rosidl_typesupport_introspection_c
[0.863s] [ 53%] Built target quadruped_msgs__rosidl_typesupport_c
[0.912s] [ 62%] Built target quadruped_msgs__rosidl_typesupport_introspection_cpp
[0.916s] [ 71%] Built target quadruped_msgs__rosidl_typesupport_fastrtps_cpp
[0.919s] [ 81%] Built target quadruped_msgs__rosidl_typesupport_cpp
[0.988s] [ 81%] Built target quadruped_msgs
[1.094s] [ 82%] Built target quadruped_msgs__py
[1.244s] [ 90%] Built target quadruped_msgs__rosidl_generator_py
[1.274s] running egg_info
[1.331s] writing quadruped_msgs.egg-info/PKG-INFO
[1.332s] writing dependency_links to quadruped_msgs.egg-info/dependency_links.txt
[1.332s] writing top-level names to quadruped_msgs.egg-info/top_level.txt
[1.345s] [ 93%] Built target quadruped_msgs_s__rosidl_typesupport_fastrtps_c
[1.354s] [ 96%] Built target quadruped_msgs_s__rosidl_typesupport_c
[1.357s] [100%] Built target quadruped_msgs_s__rosidl_typesupport_introspection_c
[1.454s] reading manifest file 'quadruped_msgs.egg-info/SOURCES.txt'
[1.456s] writing manifest file 'quadruped_msgs.egg-info/SOURCES.txt'
[1.549s] [100%] Built target ament_cmake_python_build_quadruped_msgs_egg
