[0.644s] Invoking command in '/home/ws/build/quadruped_sim': CMAKE_PREFIX_PATH=${CMAKE_PREFIX_PATH}:/home/ws/install/py_pubsub:/opt/ros/jazzy DEBUGINFOD_URLS=https://debuginfod.ubuntu.com /usr/bin/cmake /home/ws/src/quadruped_sim -DCMAKE_BUILD_TYPE=Release -DCMAKE_INSTALL_PREFIX=/home/ws/install/quadruped_sim
[1.253s] -- The C compiler identification is GNU 13.3.0
[1.253s] -- The CXX compiler identification is GNU 13.3.0
[1.253s] -- Detecting C compiler ABI info
[1.689s] -- Detecting C compiler ABI info - done
[1.763s] -- Check for working C compiler: /usr/bin/cc - skipped
[1.765s] -- Detecting C compile features
[1.767s] -- Detecting C compile features - done
[1.792s] -- Detecting CXX compiler ABI info
[2.348s] -- Detecting CXX compiler ABI info - done
[2.396s] -- Check for working CXX compiler: /usr/bin/c++ - skipped
[2.397s] -- Detecting CXX compile features
[2.399s] -- Detecting CXX compile features - done
[2.412s] -- Found ament_cmake: 2.5.3 (/opt/ros/jazzy/share/ament_cmake/cmake)
[3.096s] -- Found Python3: /usr/bin/python3 (found version "3.12.3") found components: Interpreter 
[3.567s] -- Found ament_lint_auto: 0.17.1 (/opt/ros/jazzy/share/ament_lint_auto/cmake)
[3.927s] -- Added test 'flake8' to check Python code syntax and style conventions
[3.928s] -- Configured 'flake8' exclude dirs and/or files: 
[3.930s] -- Added test 'lint_cmake' to check CMake code style
[3.932s] -- Added test 'pep257' to check Python code against some of the docstring style conventions in PEP 257
[3.933s] -- Added test 'xmllint' to check XML markup files
[3.941s] -- Configuring done (3.3s)
[3.969s] -- Generating done (0.0s)
[3.986s] -- Build files have been written to: /home/ws/build/quadruped_sim
