[0.026s] Invoking command in '/home/ws/build/rmw_zenoh_cpp': CMAKE_PREFIX_PATH=/home/ws/install/zenoh_cpp_vendor:/home/ws/install/rmw_zenoh_cpp:/home/ws/install/quadruped_utils:/home/ws/install/quadruped_urdf:/home/ws/install/quadruped_sim:/home/ws/install/quadruped_mpc:/home/ws/install/quadruped_msgs:/home/ws/install/quadruped_hardware:/home/ws/install/quadruped_bringup:/home/ws/install/jetson_interface:/home/ws/install/imu_hardware_interface:/home/ws/install/bno08x_driver:/opt/ros/jazzy/opt/gz_sim_vendor:/opt/ros/jazzy/opt/gz_sensors_vendor:/opt/ros/jazzy/opt/gz_physics_vendor:/opt/ros/jazzy/opt/sdformat_vendor:/opt/ros/jazzy/opt/gz_gui_vendor:/opt/ros/jazzy/opt/gz_transport_vendor:/opt/ros/jazzy/opt/gz_rendering_vendor:/opt/ros/jazzy/opt/gz_plugin_vendor:/opt/ros/jazzy/opt/gz_fuel_tools_vendor:/opt/ros/jazzy/opt/gz_msgs_vendor:/opt/ros/jazzy/opt/gz_common_vendor:/opt/ros/jazzy/opt/gz_math_vendor:/opt/ros/jazzy/opt/gz_utils_vendor:/opt/ros/jazzy/opt/gz_tools_vendor:/opt/ros/jazzy/opt/gz_ogre_next_vendor:/opt/ros/jazzy/opt/gz_dartsim_vendor:/opt/ros/jazzy/opt/gz_cmake_vendor:/home/ws/install/py_pubsub:/opt/ros/jazzy DEBUGINFOD_URLS=https://debuginfod.ubuntu.com /usr/bin/cmake /home/ws/src/rmw_zenoh/rmw_zenoh_cpp -DCMAKE_BUILD_TYPE=Release -DCMAKE_INSTALL_PREFIX=/home/ws/install/rmw_zenoh_cpp
[0.071s] -- Found ament_cmake: 2.5.3 (/opt/ros/jazzy/share/ament_cmake/cmake)
[0.729s] -- Found ament_index_cpp: 1.8.1 (/opt/ros/jazzy/share/ament_index_cpp/cmake)
[0.732s] -- Found rcpputils: 2.11.1 (/opt/ros/jazzy/share/rcpputils/cmake)
[0.767s] -- Found rosidl_typesupport_fastrtps_c: 3.6.1 (/opt/ros/jazzy/share/rosidl_typesupport_fastrtps_c/cmake)
[0.778s] -- Found rosidl_generator_c: 4.6.5 (/opt/ros/jazzy/share/rosidl_generator_c/cmake)
[0.802s] -- Found rosidl_typesupport_fastrtps_cpp: 3.6.1 (/opt/ros/jazzy/share/rosidl_typesupport_fastrtps_cpp/cmake)
[0.804s] -- Found rosidl_generator_cpp: 4.6.5 (/opt/ros/jazzy/share/rosidl_generator_cpp/cmake)
[0.839s] -- Found tracetools: 8.2.3 (/opt/ros/jazzy/share/tracetools/cmake)
[0.857s] -- Found zenoh_cpp_vendor: 0.2.2 (/home/ws/install/zenoh_cpp_vendor/share/zenoh_cpp_vendor/cmake)
[0.860s] -- defined lib target zenohcxx::zenohc for zenohc::lib
[0.862s] -- Found ament_cmake_copyright: 0.17.1 (/opt/ros/jazzy/share/ament_cmake_copyright/cmake)
[0.865s] -- Found ament_cmake_cpplint: 0.17.1 (/opt/ros/jazzy/share/ament_cmake_cpplint/cmake)
[0.865s] -- Found ament_cmake_lint_cmake: 0.17.1 (/opt/ros/jazzy/share/ament_cmake_lint_cmake/cmake)
[0.866s] -- Found ament_cmake_uncrustify: 0.17.1 (/opt/ros/jazzy/share/ament_cmake_uncrustify/cmake)
[0.867s] -- Found ament_cmake_xmllint: 0.17.1 (/opt/ros/jazzy/share/ament_cmake_xmllint/cmake)
[1.116s] -- Configuring done (1.1s)
[1.169s] -- Generating done (0.0s)
[1.186s] -- Build files have been written to: /home/ws/build/rmw_zenoh_cpp
[1.202s] Invoked command in '/home/ws/build/rmw_zenoh_cpp' returned '0': CMAKE_PREFIX_PATH=/home/ws/install/zenoh_cpp_vendor:/home/ws/install/rmw_zenoh_cpp:/home/ws/install/quadruped_utils:/home/ws/install/quadruped_urdf:/home/ws/install/quadruped_sim:/home/ws/install/quadruped_mpc:/home/ws/install/quadruped_msgs:/home/ws/install/quadruped_hardware:/home/ws/install/quadruped_bringup:/home/ws/install/jetson_interface:/home/ws/install/imu_hardware_interface:/home/ws/install/bno08x_driver:/opt/ros/jazzy/opt/gz_sim_vendor:/opt/ros/jazzy/opt/gz_sensors_vendor:/opt/ros/jazzy/opt/gz_physics_vendor:/opt/ros/jazzy/opt/sdformat_vendor:/opt/ros/jazzy/opt/gz_gui_vendor:/opt/ros/jazzy/opt/gz_transport_vendor:/opt/ros/jazzy/opt/gz_rendering_vendor:/opt/ros/jazzy/opt/gz_plugin_vendor:/opt/ros/jazzy/opt/gz_fuel_tools_vendor:/opt/ros/jazzy/opt/gz_msgs_vendor:/opt/ros/jazzy/opt/gz_common_vendor:/opt/ros/jazzy/opt/gz_math_vendor:/opt/ros/jazzy/opt/gz_utils_vendor:/opt/ros/jazzy/opt/gz_tools_vendor:/opt/ros/jazzy/opt/gz_ogre_next_vendor:/opt/ros/jazzy/opt/gz_dartsim_vendor:/opt/ros/jazzy/opt/gz_cmake_vendor:/home/ws/install/py_pubsub:/opt/ros/jazzy DEBUGINFOD_URLS=https://debuginfod.ubuntu.com /usr/bin/cmake /home/ws/src/rmw_zenoh/rmw_zenoh_cpp -DCMAKE_BUILD_TYPE=Release -DCMAKE_INSTALL_PREFIX=/home/ws/install/rmw_zenoh_cpp
[1.203s] Invoking command in '/home/ws/build/rmw_zenoh_cpp': CMAKE_PREFIX_PATH=/home/ws/install/zenoh_cpp_vendor:/home/ws/install/rmw_zenoh_cpp:/home/ws/install/quadruped_utils:/home/ws/install/quadruped_urdf:/home/ws/install/quadruped_sim:/home/ws/install/quadruped_mpc:/home/ws/install/quadruped_msgs:/home/ws/install/quadruped_hardware:/home/ws/install/quadruped_bringup:/home/ws/install/jetson_interface:/home/ws/install/imu_hardware_interface:/home/ws/install/bno08x_driver:/opt/ros/jazzy/opt/gz_sim_vendor:/opt/ros/jazzy/opt/gz_sensors_vendor:/opt/ros/jazzy/opt/gz_physics_vendor:/opt/ros/jazzy/opt/sdformat_vendor:/opt/ros/jazzy/opt/gz_gui_vendor:/opt/ros/jazzy/opt/gz_transport_vendor:/opt/ros/jazzy/opt/gz_rendering_vendor:/opt/ros/jazzy/opt/gz_plugin_vendor:/opt/ros/jazzy/opt/gz_fuel_tools_vendor:/opt/ros/jazzy/opt/gz_msgs_vendor:/opt/ros/jazzy/opt/gz_common_vendor:/opt/ros/jazzy/opt/gz_math_vendor:/opt/ros/jazzy/opt/gz_utils_vendor:/opt/ros/jazzy/opt/gz_tools_vendor:/opt/ros/jazzy/opt/gz_ogre_next_vendor:/opt/ros/jazzy/opt/gz_dartsim_vendor:/opt/ros/jazzy/opt/gz_cmake_vendor:/home/ws/install/py_pubsub:/opt/ros/jazzy DEBUGINFOD_URLS=https://debuginfod.ubuntu.com /usr/bin/cmake --build /home/ws/build/rmw_zenoh_cpp -- -j8 -l8
[1.452s] [ 82%] Built target rmw_zenoh_cpp
[1.516s] [100%] Built target rmw_zenohd
[1.549s] Invoked command in '/home/ws/build/rmw_zenoh_cpp' returned '0': CMAKE_PREFIX_PATH=/home/ws/install/zenoh_cpp_vendor:/home/ws/install/rmw_zenoh_cpp:/home/ws/install/quadruped_utils:/home/ws/install/quadruped_urdf:/home/ws/install/quadruped_sim:/home/ws/install/quadruped_mpc:/home/ws/install/quadruped_msgs:/home/ws/install/quadruped_hardware:/home/ws/install/quadruped_bringup:/home/ws/install/jetson_interface:/home/ws/install/imu_hardware_interface:/home/ws/install/bno08x_driver:/opt/ros/jazzy/opt/gz_sim_vendor:/opt/ros/jazzy/opt/gz_sensors_vendor:/opt/ros/jazzy/opt/gz_physics_vendor:/opt/ros/jazzy/opt/sdformat_vendor:/opt/ros/jazzy/opt/gz_gui_vendor:/opt/ros/jazzy/opt/gz_transport_vendor:/opt/ros/jazzy/opt/gz_rendering_vendor:/opt/ros/jazzy/opt/gz_plugin_vendor:/opt/ros/jazzy/opt/gz_fuel_tools_vendor:/opt/ros/jazzy/opt/gz_msgs_vendor:/opt/ros/jazzy/opt/gz_common_vendor:/opt/ros/jazzy/opt/gz_math_vendor:/opt/ros/jazzy/opt/gz_utils_vendor:/opt/ros/jazzy/opt/gz_tools_vendor:/opt/ros/jazzy/opt/gz_ogre_next_vendor:/opt/ros/jazzy/opt/gz_dartsim_vendor:/opt/ros/jazzy/opt/gz_cmake_vendor:/home/ws/install/py_pubsub:/opt/ros/jazzy DEBUGINFOD_URLS=https://debuginfod.ubuntu.com /usr/bin/cmake --build /home/ws/build/rmw_zenoh_cpp -- -j8 -l8
[1.550s] Invoking command in '/home/ws/build/rmw_zenoh_cpp': CMAKE_PREFIX_PATH=/home/ws/install/zenoh_cpp_vendor:/home/ws/install/rmw_zenoh_cpp:/home/ws/install/quadruped_utils:/home/ws/install/quadruped_urdf:/home/ws/install/quadruped_sim:/home/ws/install/quadruped_mpc:/home/ws/install/quadruped_msgs:/home/ws/install/quadruped_hardware:/home/ws/install/quadruped_bringup:/home/ws/install/jetson_interface:/home/ws/install/imu_hardware_interface:/home/ws/install/bno08x_driver:/opt/ros/jazzy/opt/gz_sim_vendor:/opt/ros/jazzy/opt/gz_sensors_vendor:/opt/ros/jazzy/opt/gz_physics_vendor:/opt/ros/jazzy/opt/sdformat_vendor:/opt/ros/jazzy/opt/gz_gui_vendor:/opt/ros/jazzy/opt/gz_transport_vendor:/opt/ros/jazzy/opt/gz_rendering_vendor:/opt/ros/jazzy/opt/gz_plugin_vendor:/opt/ros/jazzy/opt/gz_fuel_tools_vendor:/opt/ros/jazzy/opt/gz_msgs_vendor:/opt/ros/jazzy/opt/gz_common_vendor:/opt/ros/jazzy/opt/gz_math_vendor:/opt/ros/jazzy/opt/gz_utils_vendor:/opt/ros/jazzy/opt/gz_tools_vendor:/opt/ros/jazzy/opt/gz_ogre_next_vendor:/opt/ros/jazzy/opt/gz_dartsim_vendor:/opt/ros/jazzy/opt/gz_cmake_vendor:/home/ws/install/py_pubsub:/opt/ros/jazzy DEBUGINFOD_URLS=https://debuginfod.ubuntu.com /usr/bin/cmake --install /home/ws/build/rmw_zenoh_cpp
[1.574s] -- Install configuration: "Release"
[1.575s] -- Up-to-date: /home/ws/install/rmw_zenoh_cpp/share/ament_index/resource_index/rmw_typesupport_c/rmw_zenoh_cpp
[1.576s] -- Up-to-date: /home/ws/install/rmw_zenoh_cpp/share/ament_index/resource_index/rmw_typesupport_cpp/rmw_zenoh_cpp
[1.579s] -- Up-to-date: /home/ws/install/rmw_zenoh_cpp/share/ament_index/resource_index/rmw_typesupport/rmw_zenoh_cpp
[1.579s] -- Up-to-date: /home/ws/install/rmw_zenoh_cpp/lib/librmw_zenoh_cpp.so
[1.581s] -- Up-to-date: /home/ws/install/rmw_zenoh_cpp/share/rmw_zenoh_cpp/config
[1.582s] -- Up-to-date: /home/ws/install/rmw_zenoh_cpp/share/rmw_zenoh_cpp/config/DEFAULT_RMW_ZENOH_SESSION_CONFIG.json5
[1.584s] -- Up-to-date: /home/ws/install/rmw_zenoh_cpp/share/rmw_zenoh_cpp/config/DEFAULT_RMW_ZENOH_ROUTER_CONFIG.json5
[1.584s] -- Up-to-date: /home/ws/install/rmw_zenoh_cpp/share/rmw_zenoh_cpp/config/routerconfig.json5
[1.586s] -- Up-to-date: /home/ws/install/rmw_zenoh_cpp/lib/rmw_zenoh_cpp/rmw_zenohd
[1.586s] -- Up-to-date: /home/ws/install/rmw_zenoh_cpp/share/ament_index/resource_index/package_run_dependencies/rmw_zenoh_cpp
[1.588s] -- Up-to-date: /home/ws/install/rmw_zenoh_cpp/share/ament_index/resource_index/parent_prefix_path/rmw_zenoh_cpp
[1.589s] -- Up-to-date: /home/ws/install/rmw_zenoh_cpp/share/rmw_zenoh_cpp/environment/ament_prefix_path.sh
[1.590s] -- Up-to-date: /home/ws/install/rmw_zenoh_cpp/share/rmw_zenoh_cpp/environment/ament_prefix_path.dsv
[1.591s] -- Up-to-date: /home/ws/install/rmw_zenoh_cpp/share/rmw_zenoh_cpp/environment/path.sh
[1.593s] -- Up-to-date: /home/ws/install/rmw_zenoh_cpp/share/rmw_zenoh_cpp/environment/path.dsv
[1.594s] -- Up-to-date: /home/ws/install/rmw_zenoh_cpp/share/rmw_zenoh_cpp/local_setup.bash
[1.595s] -- Up-to-date: /home/ws/install/rmw_zenoh_cpp/share/rmw_zenoh_cpp/local_setup.sh
[1.596s] -- Up-to-date: /home/ws/install/rmw_zenoh_cpp/share/rmw_zenoh_cpp/local_setup.zsh
[1.597s] -- Up-to-date: /home/ws/install/rmw_zenoh_cpp/share/rmw_zenoh_cpp/local_setup.dsv
[1.598s] -- Installing: /home/ws/install/rmw_zenoh_cpp/share/rmw_zenoh_cpp/package.dsv
[1.601s] -- Up-to-date: /home/ws/install/rmw_zenoh_cpp/share/ament_index/resource_index/packages/rmw_zenoh_cpp
[1.603s] -- Up-to-date: /home/ws/install/rmw_zenoh_cpp/share/rmw_zenoh_cpp/cmake/export_rmw_zenoh_cppExport.cmake
[1.603s] -- Up-to-date: /home/ws/install/rmw_zenoh_cpp/share/rmw_zenoh_cpp/cmake/export_rmw_zenoh_cppExport-release.cmake
[1.604s] -- Up-to-date: /home/ws/install/rmw_zenoh_cpp/share/rmw_zenoh_cpp/cmake/ament_cmake_export_targets-extras.cmake
[1.605s] -- Up-to-date: /home/ws/install/rmw_zenoh_cpp/share/rmw_zenoh_cpp/cmake/rmw_zenoh_cppConfig.cmake
[1.606s] -- Up-to-date: /home/ws/install/rmw_zenoh_cpp/share/rmw_zenoh_cpp/cmake/rmw_zenoh_cppConfig-version.cmake
[1.607s] -- Up-to-date: /home/ws/install/rmw_zenoh_cpp/share/rmw_zenoh_cpp/package.xml
[1.628s] Invoked command in '/home/ws/build/rmw_zenoh_cpp' returned '0': CMAKE_PREFIX_PATH=/home/ws/install/zenoh_cpp_vendor:/home/ws/install/rmw_zenoh_cpp:/home/ws/install/quadruped_utils:/home/ws/install/quadruped_urdf:/home/ws/install/quadruped_sim:/home/ws/install/quadruped_mpc:/home/ws/install/quadruped_msgs:/home/ws/install/quadruped_hardware:/home/ws/install/quadruped_bringup:/home/ws/install/jetson_interface:/home/ws/install/imu_hardware_interface:/home/ws/install/bno08x_driver:/opt/ros/jazzy/opt/gz_sim_vendor:/opt/ros/jazzy/opt/gz_sensors_vendor:/opt/ros/jazzy/opt/gz_physics_vendor:/opt/ros/jazzy/opt/sdformat_vendor:/opt/ros/jazzy/opt/gz_gui_vendor:/opt/ros/jazzy/opt/gz_transport_vendor:/opt/ros/jazzy/opt/gz_rendering_vendor:/opt/ros/jazzy/opt/gz_plugin_vendor:/opt/ros/jazzy/opt/gz_fuel_tools_vendor:/opt/ros/jazzy/opt/gz_msgs_vendor:/opt/ros/jazzy/opt/gz_common_vendor:/opt/ros/jazzy/opt/gz_math_vendor:/opt/ros/jazzy/opt/gz_utils_vendor:/opt/ros/jazzy/opt/gz_tools_vendor:/opt/ros/jazzy/opt/gz_ogre_next_vendor:/opt/ros/jazzy/opt/gz_dartsim_vendor:/opt/ros/jazzy/opt/gz_cmake_vendor:/home/ws/install/py_pubsub:/opt/ros/jazzy DEBUGINFOD_URLS=https://debuginfod.ubuntu.com /usr/bin/cmake --install /home/ws/build/rmw_zenoh_cpp
