[0.088s] Invoking command in '/home/ws/build/quadruped_msgs': CMAKE_PREFIX_PATH=${CMAKE_PREFIX_PATH}:/home/ws/install/py_pubsub:/opt/ros/jazzy DEBUGINFOD_URLS=https://debuginfod.ubuntu.com /usr/bin/cmake --build /home/ws/build/quadruped_msgs -- -j8 -l8
[0.779s] [  1%] Built target quadruped_msgs__rosidl_generator_type_description
[0.779s] [  1%] Built target ament_cmake_python_copy_quadruped_msgs
[0.779s] [  3%] Built target quadruped_msgs__cpp
[0.779s] [ 25%] Built target quadruped_msgs__rosidl_generator_c
[0.780s] [ 34%] Built target quadruped_msgs__rosidl_typesupport_cpp
[0.780s] [ 43%] Built target quadruped_msgs__rosidl_typesupport_introspection_cpp
[0.780s] [ 53%] Built target quadruped_msgs__rosidl_typesupport_fastrtps_c
[0.780s] [ 71%] Built target quadruped_msgs__rosidl_typesupport_c
[0.780s] [ 71%] Built target quadruped_msgs__rosidl_typesupport_introspection_c
[0.780s] [ 81%] Built target quadruped_msgs__rosidl_typesupport_fastrtps_cpp
[0.781s] [ 81%] Built target quadruped_msgs
[0.781s] [ 82%] Built target quadruped_msgs__py
[0.830s] [ 90%] Built target quadruped_msgs__rosidl_generator_py
[0.927s] [ 93%] Built target quadruped_msgs_s__rosidl_typesupport_fastrtps_c
[0.929s] running egg_info
[0.974s] writing quadruped_msgs.egg-info/PKG-INFO
[0.975s] writing dependency_links to quadruped_msgs.egg-info/dependency_links.txt
[0.976s] writing top-level names to quadruped_msgs.egg-info/top_level.txt
[1.059s] [ 96%] Built target quadruped_msgs_s__rosidl_typesupport_c
[1.119s] reading manifest file 'quadruped_msgs.egg-info/SOURCES.txt'
[1.119s] writing manifest file 'quadruped_msgs.egg-info/SOURCES.txt'
[1.191s] [100%] Built target quadruped_msgs_s__rosidl_typesupport_introspection_c
[1.224s] [100%] Built target ament_cmake_python_build_quadruped_msgs_egg
