[0.096s] Invoking command in '/home/ws/build/rmw_zenoh_cpp': CMAKE_PREFIX_PATH=/home/ws/install/zenoh_cpp_vendor:/home/ws/install/rmw_zenoh_cpp:/home/ws/install/quadruped_utils:/home/ws/install/quadruped_urdf:/home/ws/install/quadruped_sim:/home/ws/install/quadruped_mpc:/home/ws/install/quadruped_msgs:/home/ws/install/quadruped_hardware:/home/ws/install/quadruped_bringup:/home/ws/install/jetson_interface:/home/ws/install/imu_hardware_interface:/home/ws/install/bno08x_driver:/opt/ros/jazzy/opt/gz_sim_vendor:/opt/ros/jazzy/opt/gz_sensors_vendor:/opt/ros/jazzy/opt/gz_physics_vendor:/opt/ros/jazzy/opt/sdformat_vendor:/opt/ros/jazzy/opt/gz_gui_vendor:/opt/ros/jazzy/opt/gz_transport_vendor:/opt/ros/jazzy/opt/gz_rendering_vendor:/opt/ros/jazzy/opt/gz_plugin_vendor:/opt/ros/jazzy/opt/gz_fuel_tools_vendor:/opt/ros/jazzy/opt/gz_msgs_vendor:/opt/ros/jazzy/opt/gz_common_vendor:/opt/ros/jazzy/opt/gz_math_vendor:/opt/ros/jazzy/opt/gz_utils_vendor:/opt/ros/jazzy/opt/gz_tools_vendor:/opt/ros/jazzy/opt/gz_ogre_next_vendor:/opt/ros/jazzy/opt/gz_dartsim_vendor:/opt/ros/jazzy/opt/gz_cmake_vendor:/home/ws/install/py_pubsub:/opt/ros/jazzy DEBUGINFOD_URLS=https://debuginfod.ubuntu.com /usr/bin/cmake /home/ws/src/rmw_zenoh/rmw_zenoh_cpp -DCMAKE_INSTALL_PREFIX=/home/ws/install/rmw_zenoh_cpp
[0.638s] -- Found ament_cmake: 2.5.3 (/opt/ros/jazzy/share/ament_cmake/cmake)
[1.033s] -- Found ament_index_cpp: 1.8.1 (/opt/ros/jazzy/share/ament_index_cpp/cmake)
[1.077s] -- Found rcpputils: 2.11.1 (/opt/ros/jazzy/share/rcpputils/cmake)
[1.129s] -- Found rosidl_typesupport_fastrtps_c: 3.6.1 (/opt/ros/jazzy/share/rosidl_typesupport_fastrtps_c/cmake)
[1.132s] -- Found rosidl_generator_c: 4.6.5 (/opt/ros/jazzy/share/rosidl_generator_c/cmake)
[1.165s] -- Found rosidl_typesupport_fastrtps_cpp: 3.6.1 (/opt/ros/jazzy/share/rosidl_typesupport_fastrtps_cpp/cmake)
[1.172s] -- Found rosidl_generator_cpp: 4.6.5 (/opt/ros/jazzy/share/rosidl_generator_cpp/cmake)
[1.201s] -- Found tracetools: 8.2.3 (/opt/ros/jazzy/share/tracetools/cmake)
[1.223s] -- Found zenoh_cpp_vendor: 0.2.2 (/home/ws/install/zenoh_cpp_vendor/share/zenoh_cpp_vendor/cmake)
[1.227s] -- defined lib target zenohcxx::zenohc for zenohc::lib
[1.227s] -- Found ament_cmake_copyright: 0.17.1 (/opt/ros/jazzy/share/ament_cmake_copyright/cmake)
[1.228s] -- Found ament_cmake_cpplint: 0.17.1 (/opt/ros/jazzy/share/ament_cmake_cpplint/cmake)
[1.233s] -- Found ament_cmake_lint_cmake: 0.17.1 (/opt/ros/jazzy/share/ament_cmake_lint_cmake/cmake)
[1.236s] -- Found ament_cmake_uncrustify: 0.17.1 (/opt/ros/jazzy/share/ament_cmake_uncrustify/cmake)
[1.236s] -- Found ament_cmake_xmllint: 0.17.1 (/opt/ros/jazzy/share/ament_cmake_xmllint/cmake)
[1.500s] -- Configuring done (1.4s)
[1.530s] -- Generating done (0.0s)
[1.540s] -- Build files have been written to: /home/ws/build/rmw_zenoh_cpp
[1.553s] Invoked command in '/home/ws/build/rmw_zenoh_cpp' returned '0': CMAKE_PREFIX_PATH=/home/ws/install/zenoh_cpp_vendor:/home/ws/install/rmw_zenoh_cpp:/home/ws/install/quadruped_utils:/home/ws/install/quadruped_urdf:/home/ws/install/quadruped_sim:/home/ws/install/quadruped_mpc:/home/ws/install/quadruped_msgs:/home/ws/install/quadruped_hardware:/home/ws/install/quadruped_bringup:/home/ws/install/jetson_interface:/home/ws/install/imu_hardware_interface:/home/ws/install/bno08x_driver:/opt/ros/jazzy/opt/gz_sim_vendor:/opt/ros/jazzy/opt/gz_sensors_vendor:/opt/ros/jazzy/opt/gz_physics_vendor:/opt/ros/jazzy/opt/sdformat_vendor:/opt/ros/jazzy/opt/gz_gui_vendor:/opt/ros/jazzy/opt/gz_transport_vendor:/opt/ros/jazzy/opt/gz_rendering_vendor:/opt/ros/jazzy/opt/gz_plugin_vendor:/opt/ros/jazzy/opt/gz_fuel_tools_vendor:/opt/ros/jazzy/opt/gz_msgs_vendor:/opt/ros/jazzy/opt/gz_common_vendor:/opt/ros/jazzy/opt/gz_math_vendor:/opt/ros/jazzy/opt/gz_utils_vendor:/opt/ros/jazzy/opt/gz_tools_vendor:/opt/ros/jazzy/opt/gz_ogre_next_vendor:/opt/ros/jazzy/opt/gz_dartsim_vendor:/opt/ros/jazzy/opt/gz_cmake_vendor:/home/ws/install/py_pubsub:/opt/ros/jazzy DEBUGINFOD_URLS=https://debuginfod.ubuntu.com /usr/bin/cmake /home/ws/src/rmw_zenoh/rmw_zenoh_cpp -DCMAKE_INSTALL_PREFIX=/home/ws/install/rmw_zenoh_cpp
[1.554s] Invoking command in '/home/ws/build/rmw_zenoh_cpp': CMAKE_PREFIX_PATH=/home/ws/install/zenoh_cpp_vendor:/home/ws/install/rmw_zenoh_cpp:/home/ws/install/quadruped_utils:/home/ws/install/quadruped_urdf:/home/ws/install/quadruped_sim:/home/ws/install/quadruped_mpc:/home/ws/install/quadruped_msgs:/home/ws/install/quadruped_hardware:/home/ws/install/quadruped_bringup:/home/ws/install/jetson_interface:/home/ws/install/imu_hardware_interface:/home/ws/install/bno08x_driver:/opt/ros/jazzy/opt/gz_sim_vendor:/opt/ros/jazzy/opt/gz_sensors_vendor:/opt/ros/jazzy/opt/gz_physics_vendor:/opt/ros/jazzy/opt/sdformat_vendor:/opt/ros/jazzy/opt/gz_gui_vendor:/opt/ros/jazzy/opt/gz_transport_vendor:/opt/ros/jazzy/opt/gz_rendering_vendor:/opt/ros/jazzy/opt/gz_plugin_vendor:/opt/ros/jazzy/opt/gz_fuel_tools_vendor:/opt/ros/jazzy/opt/gz_msgs_vendor:/opt/ros/jazzy/opt/gz_common_vendor:/opt/ros/jazzy/opt/gz_math_vendor:/opt/ros/jazzy/opt/gz_utils_vendor:/opt/ros/jazzy/opt/gz_tools_vendor:/opt/ros/jazzy/opt/gz_ogre_next_vendor:/opt/ros/jazzy/opt/gz_dartsim_vendor:/opt/ros/jazzy/opt/gz_cmake_vendor:/home/ws/install/py_pubsub:/opt/ros/jazzy DEBUGINFOD_URLS=https://debuginfod.ubuntu.com /usr/bin/cmake --build /home/ws/build/rmw_zenoh_cpp -- -j8 -l8
[1.896s] [ 82%] Built target rmw_zenoh_cpp
[2.065s] [100%] Built target rmw_zenohd
[2.113s] Invoked command in '/home/ws/build/rmw_zenoh_cpp' returned '0': CMAKE_PREFIX_PATH=/home/ws/install/zenoh_cpp_vendor:/home/ws/install/rmw_zenoh_cpp:/home/ws/install/quadruped_utils:/home/ws/install/quadruped_urdf:/home/ws/install/quadruped_sim:/home/ws/install/quadruped_mpc:/home/ws/install/quadruped_msgs:/home/ws/install/quadruped_hardware:/home/ws/install/quadruped_bringup:/home/ws/install/jetson_interface:/home/ws/install/imu_hardware_interface:/home/ws/install/bno08x_driver:/opt/ros/jazzy/opt/gz_sim_vendor:/opt/ros/jazzy/opt/gz_sensors_vendor:/opt/ros/jazzy/opt/gz_physics_vendor:/opt/ros/jazzy/opt/sdformat_vendor:/opt/ros/jazzy/opt/gz_gui_vendor:/opt/ros/jazzy/opt/gz_transport_vendor:/opt/ros/jazzy/opt/gz_rendering_vendor:/opt/ros/jazzy/opt/gz_plugin_vendor:/opt/ros/jazzy/opt/gz_fuel_tools_vendor:/opt/ros/jazzy/opt/gz_msgs_vendor:/opt/ros/jazzy/opt/gz_common_vendor:/opt/ros/jazzy/opt/gz_math_vendor:/opt/ros/jazzy/opt/gz_utils_vendor:/opt/ros/jazzy/opt/gz_tools_vendor:/opt/ros/jazzy/opt/gz_ogre_next_vendor:/opt/ros/jazzy/opt/gz_dartsim_vendor:/opt/ros/jazzy/opt/gz_cmake_vendor:/home/ws/install/py_pubsub:/opt/ros/jazzy DEBUGINFOD_URLS=https://debuginfod.ubuntu.com /usr/bin/cmake --build /home/ws/build/rmw_zenoh_cpp -- -j8 -l8
[2.114s] Invoking command in '/home/ws/build/rmw_zenoh_cpp': CMAKE_PREFIX_PATH=/home/ws/install/zenoh_cpp_vendor:/home/ws/install/rmw_zenoh_cpp:/home/ws/install/quadruped_utils:/home/ws/install/quadruped_urdf:/home/ws/install/quadruped_sim:/home/ws/install/quadruped_mpc:/home/ws/install/quadruped_msgs:/home/ws/install/quadruped_hardware:/home/ws/install/quadruped_bringup:/home/ws/install/jetson_interface:/home/ws/install/imu_hardware_interface:/home/ws/install/bno08x_driver:/opt/ros/jazzy/opt/gz_sim_vendor:/opt/ros/jazzy/opt/gz_sensors_vendor:/opt/ros/jazzy/opt/gz_physics_vendor:/opt/ros/jazzy/opt/sdformat_vendor:/opt/ros/jazzy/opt/gz_gui_vendor:/opt/ros/jazzy/opt/gz_transport_vendor:/opt/ros/jazzy/opt/gz_rendering_vendor:/opt/ros/jazzy/opt/gz_plugin_vendor:/opt/ros/jazzy/opt/gz_fuel_tools_vendor:/opt/ros/jazzy/opt/gz_msgs_vendor:/opt/ros/jazzy/opt/gz_common_vendor:/opt/ros/jazzy/opt/gz_math_vendor:/opt/ros/jazzy/opt/gz_utils_vendor:/opt/ros/jazzy/opt/gz_tools_vendor:/opt/ros/jazzy/opt/gz_ogre_next_vendor:/opt/ros/jazzy/opt/gz_dartsim_vendor:/opt/ros/jazzy/opt/gz_cmake_vendor:/home/ws/install/py_pubsub:/opt/ros/jazzy DEBUGINFOD_URLS=https://debuginfod.ubuntu.com /usr/bin/cmake --install /home/ws/build/rmw_zenoh_cpp
[2.142s] -- Install configuration: "Release"
[2.143s] -- Up-to-date: /home/ws/install/rmw_zenoh_cpp/share/ament_index/resource_index/rmw_typesupport_c/rmw_zenoh_cpp
[2.143s] -- Up-to-date: /home/ws/install/rmw_zenoh_cpp/share/ament_index/resource_index/rmw_typesupport_cpp/rmw_zenoh_cpp
[2.143s] -- Up-to-date: /home/ws/install/rmw_zenoh_cpp/share/ament_index/resource_index/rmw_typesupport/rmw_zenoh_cpp
[2.144s] -- Up-to-date: /home/ws/install/rmw_zenoh_cpp/lib/librmw_zenoh_cpp.so
[2.144s] -- Up-to-date: /home/ws/install/rmw_zenoh_cpp/share/rmw_zenoh_cpp/config
[2.144s] -- Up-to-date: /home/ws/install/rmw_zenoh_cpp/share/rmw_zenoh_cpp/config/DEFAULT_RMW_ZENOH_SESSION_CONFIG.json5
[2.144s] -- Up-to-date: /home/ws/install/rmw_zenoh_cpp/share/rmw_zenoh_cpp/config/DEFAULT_RMW_ZENOH_ROUTER_CONFIG.json5
[2.144s] -- Up-to-date: /home/ws/install/rmw_zenoh_cpp/share/rmw_zenoh_cpp/config/routerconfig.json5
[2.145s] -- Up-to-date: /home/ws/install/rmw_zenoh_cpp/lib/rmw_zenoh_cpp/rmw_zenohd
[2.145s] -- Up-to-date: /home/ws/install/rmw_zenoh_cpp/share/ament_index/resource_index/package_run_dependencies/rmw_zenoh_cpp
[2.145s] -- Up-to-date: /home/ws/install/rmw_zenoh_cpp/share/ament_index/resource_index/parent_prefix_path/rmw_zenoh_cpp
[2.145s] -- Up-to-date: /home/ws/install/rmw_zenoh_cpp/share/rmw_zenoh_cpp/environment/ament_prefix_path.sh
[2.145s] -- Up-to-date: /home/ws/install/rmw_zenoh_cpp/share/rmw_zenoh_cpp/environment/ament_prefix_path.dsv
[2.146s] -- Up-to-date: /home/ws/install/rmw_zenoh_cpp/share/rmw_zenoh_cpp/environment/path.sh
[2.146s] -- Up-to-date: /home/ws/install/rmw_zenoh_cpp/share/rmw_zenoh_cpp/environment/path.dsv
[2.146s] -- Up-to-date: /home/ws/install/rmw_zenoh_cpp/share/rmw_zenoh_cpp/local_setup.bash
[2.146s] -- Up-to-date: /home/ws/install/rmw_zenoh_cpp/share/rmw_zenoh_cpp/local_setup.sh
[2.146s] -- Up-to-date: /home/ws/install/rmw_zenoh_cpp/share/rmw_zenoh_cpp/local_setup.zsh
[2.146s] -- Up-to-date: /home/ws/install/rmw_zenoh_cpp/share/rmw_zenoh_cpp/local_setup.dsv
[2.147s] -- Installing: /home/ws/install/rmw_zenoh_cpp/share/rmw_zenoh_cpp/package.dsv
[2.147s] -- Up-to-date: /home/ws/install/rmw_zenoh_cpp/share/ament_index/resource_index/packages/rmw_zenoh_cpp
[2.147s] -- Up-to-date: /home/ws/install/rmw_zenoh_cpp/share/rmw_zenoh_cpp/cmake/export_rmw_zenoh_cppExport.cmake
[2.147s] -- Up-to-date: /home/ws/install/rmw_zenoh_cpp/share/rmw_zenoh_cpp/cmake/export_rmw_zenoh_cppExport-release.cmake
[2.147s] -- Up-to-date: /home/ws/install/rmw_zenoh_cpp/share/rmw_zenoh_cpp/cmake/ament_cmake_export_targets-extras.cmake
[2.147s] -- Up-to-date: /home/ws/install/rmw_zenoh_cpp/share/rmw_zenoh_cpp/cmake/rmw_zenoh_cppConfig.cmake
[2.147s] -- Up-to-date: /home/ws/install/rmw_zenoh_cpp/share/rmw_zenoh_cpp/cmake/rmw_zenoh_cppConfig-version.cmake
[2.148s] -- Up-to-date: /home/ws/install/rmw_zenoh_cpp/share/rmw_zenoh_cpp/package.xml
[2.160s] Invoked command in '/home/ws/build/rmw_zenoh_cpp' returned '0': CMAKE_PREFIX_PATH=/home/ws/install/zenoh_cpp_vendor:/home/ws/install/rmw_zenoh_cpp:/home/ws/install/quadruped_utils:/home/ws/install/quadruped_urdf:/home/ws/install/quadruped_sim:/home/ws/install/quadruped_mpc:/home/ws/install/quadruped_msgs:/home/ws/install/quadruped_hardware:/home/ws/install/quadruped_bringup:/home/ws/install/jetson_interface:/home/ws/install/imu_hardware_interface:/home/ws/install/bno08x_driver:/opt/ros/jazzy/opt/gz_sim_vendor:/opt/ros/jazzy/opt/gz_sensors_vendor:/opt/ros/jazzy/opt/gz_physics_vendor:/opt/ros/jazzy/opt/sdformat_vendor:/opt/ros/jazzy/opt/gz_gui_vendor:/opt/ros/jazzy/opt/gz_transport_vendor:/opt/ros/jazzy/opt/gz_rendering_vendor:/opt/ros/jazzy/opt/gz_plugin_vendor:/opt/ros/jazzy/opt/gz_fuel_tools_vendor:/opt/ros/jazzy/opt/gz_msgs_vendor:/opt/ros/jazzy/opt/gz_common_vendor:/opt/ros/jazzy/opt/gz_math_vendor:/opt/ros/jazzy/opt/gz_utils_vendor:/opt/ros/jazzy/opt/gz_tools_vendor:/opt/ros/jazzy/opt/gz_ogre_next_vendor:/opt/ros/jazzy/opt/gz_dartsim_vendor:/opt/ros/jazzy/opt/gz_cmake_vendor:/home/ws/install/py_pubsub:/opt/ros/jazzy DEBUGINFOD_URLS=https://debuginfod.ubuntu.com /usr/bin/cmake --install /home/ws/build/rmw_zenoh_cpp
