[0.161s] Invoking command in '/home/ws/build/rl12dof_urdf_description': CMAKE_PREFIX_PATH=${CMAKE_PREFIX_PATH}:/opt/ros/jazzy DEBUGINFOD_URLS=https://debuginfod.ubuntu.com /usr/bin/cmake --build /home/ws/build/rl12dof_urdf_description -- -j8 -l8
[0.378s] -- Found ament_cmake: 2.5.3 (/opt/ros/jazzy/share/ament_cmake/cmake)
[1.331s] -- Configuring done (1.0s)
[1.342s] -- Generating done (0.0s)
[1.345s] -- Build files have been written to: /home/ws/build/rl12dof_urdf_description
[1.424s] Invoked command in '/home/ws/build/rl12dof_urdf_description' returned '0': CMAKE_PREFIX_PATH=${CMAKE_PREFIX_PATH}:/opt/ros/jazzy DEBUGINFOD_URLS=https://debuginfod.ubuntu.com /usr/bin/cmake --build /home/ws/build/rl12dof_urdf_description -- -j8 -l8
[1.425s] Invoking command in '/home/ws/build/rl12dof_urdf_description': CMAKE_PREFIX_PATH=${CMAKE_PREFIX_PATH}:/opt/ros/jazzy DEBUGINFOD_URLS=https://debuginfod.ubuntu.com /usr/bin/cmake --install /home/ws/build/rl12dof_urdf_description
[1.448s] -- Install configuration: "Release"
[1.448s] -- Up-to-date: /home/ws/install/rl12dof_urdf_description/lib/rl12dof_urdf_description/FKTestNode.py
[1.450s] -- Up-to-date: /home/ws/install/rl12dof_urdf_description/lib/rl12dof_urdf_description/IKTestNode.py
[1.451s] -- Installing: /home/ws/install/rl12dof_urdf_description/lib/rl12dof_urdf_description/safety.py
[1.451s] -- Installing: /home/ws/install/rl12dof_urdf_description/lib/rl12dof_urdf_description/jacobian_numeric.py
[1.452s] -- Installing: /home/ws/install/rl12dof_urdf_description/share/rl12dof_urdf_description/launch
[1.453s] -- Installing: /home/ws/install/rl12dof_urdf_description/share/rl12dof_urdf_description/launch/FKTest.launch.py
[1.453s] -- Installing: /home/ws/install/rl12dof_urdf_description/share/rl12dof_urdf_description/launch/gazebo_sim.launch.py
[1.453s] -- Installing: /home/ws/install/rl12dof_urdf_description/share/rl12dof_urdf_description/launch/display.launch.py
[1.454s] -- Installing: /home/ws/install/rl12dof_urdf_description/share/rl12dof_urdf_description/launch/IKTest.launch.py
[1.457s] -- Installing: /home/ws/install/rl12dof_urdf_description/share/rl12dof_urdf_description/launch/real_urdf.launch.py
[1.457s] -- Installing: /home/ws/install/rl12dof_urdf_description/share/rl12dof_urdf_description/config
[1.458s] -- Installing: /home/ws/install/rl12dof_urdf_description/share/rl12dof_urdf_description/config/FK_cmds.yaml
[1.458s] -- Installing: /home/ws/install/rl12dof_urdf_description/share/rl12dof_urdf_description/config/display.rviz
[1.458s] -- Installing: /home/ws/install/rl12dof_urdf_description/share/rl12dof_urdf_description/config/IK_cmds.yaml
[1.458s] -- Installing: /home/ws/install/rl12dof_urdf_description/share/rl12dof_urdf_description/config/ros_gz_bridge_gazebo.yaml
[1.458s] -- Installing: /home/ws/install/rl12dof_urdf_description/share/rl12dof_urdf_description/config/controllers.yaml
[1.458s] -- Installing: /home/ws/install/rl12dof_urdf_description/share/rl12dof_urdf_description/urdf
[1.459s] -- Installing: /home/ws/install/rl12dof_urdf_description/share/rl12dof_urdf_description/urdf/rl12dof_ros2_control.xacro
[1.459s] -- Installing: /home/ws/install/rl12dof_urdf_description/share/rl12dof_urdf_description/urdf/materials.xacro
[1.459s] -- Installing: /home/ws/install/rl12dof_urdf_description/share/rl12dof_urdf_description/urdf/rl12dof_urdf.xacro
[1.459s] -- Installing: /home/ws/install/rl12dof_urdf_description/share/rl12dof_urdf_description/urdf/rl12dof_urdf.ros2control.xacro
[1.459s] -- Installing: /home/ws/install/rl12dof_urdf_description/share/rl12dof_urdf_description/urdf/rl12dof_links_joints.xacro
[1.459s] -- Installing: /home/ws/install/rl12dof_urdf_description/share/rl12dof_urdf_description/urdf/rl12dof_URDF_real.urdf.xacro
[1.461s] -- Installing: /home/ws/install/rl12dof_urdf_description/share/rl12dof_urdf_description/urdf/rl12dof_links_joints_hardware.xacro
[1.462s] -- Installing: /home/ws/install/rl12dof_urdf_description/share/rl12dof_urdf_description/urdf/rl12dof_urdf.gazebo.xacro
[1.462s] -- Installing: /home/ws/install/rl12dof_urdf_description/share/rl12dof_urdf_description/meshes
[1.463s] -- Installing: /home/ws/install/rl12dof_urdf_description/share/rl12dof_urdf_description/meshes/Hip_Pitch_v1_1.stl
[1.463s] -- Installing: /home/ws/install/rl12dof_urdf_description/share/rl12dof_urdf_description/meshes/Outer_Motor_Coupling_v25_1.stl
[1.463s] -- Installing: /home/ws/install/rl12dof_urdf_description/share/rl12dof_urdf_description/meshes/Inner_Motor_Coupling_v26_1.stl
[1.463s] -- Installing: /home/ws/install/rl12dof_urdf_description/share/rl12dof_urdf_description/meshes/Hip_Link_v28_1.stl
[1.463s] -- Installing: /home/ws/install/rl12dof_urdf_description/share/rl12dof_urdf_description/meshes/Right_Femur_Housing_v1_1.stl
[1.463s] -- Installing: /home/ws/install/rl12dof_urdf_description/share/rl12dof_urdf_description/meshes/Right_Femur_Thigh_Cap_v1_1.stl
[1.463s] -- Installing: /home/ws/install/rl12dof_urdf_description/share/rl12dof_urdf_description/meshes/Tibia_Link_v97_1.stl
[1.464s] -- Installing: /home/ws/install/rl12dof_urdf_description/share/rl12dof_urdf_description/meshes/Foot_V3_Foot_v1_1.stl
[1.464s] -- Installing: /home/ws/install/rl12dof_urdf_description/share/rl12dof_urdf_description/meshes/Knee_Driven_Gear_v1_1.stl
[1.465s] -- Installing: /home/ws/install/rl12dof_urdf_description/share/rl12dof_urdf_description/meshes/Knee_Pitch_v1_1.stl
[1.478s] -- Installing: /home/ws/install/rl12dof_urdf_description/share/rl12dof_urdf_description/meshes/base_link.stl
[1.478s] -- Installing: /home/ws/install/rl12dof_urdf_description/share/rl12dof_urdf_description/meshes/Knee_Drive_Gear_v22_1.stl
[1.478s] -- Installing: /home/ws/install/rl12dof_urdf_description/share/rl12dof_urdf_description/worlds
[1.479s] -- Installing: /home/ws/install/rl12dof_urdf_description/share/rl12dof_urdf_description/worlds/foot_test.sdf
[1.479s] -- Installing: /home/ws/install/rl12dof_urdf_description/share/ament_index/resource_index/package_run_dependencies/rl12dof_urdf_description
[1.479s] -- Installing: /home/ws/install/rl12dof_urdf_description/share/ament_index/resource_index/parent_prefix_path/rl12dof_urdf_description
[1.479s] -- Installing: /home/ws/install/rl12dof_urdf_description/share/rl12dof_urdf_description/environment/ament_prefix_path.sh
[1.479s] -- Installing: /home/ws/install/rl12dof_urdf_description/share/rl12dof_urdf_description/environment/ament_prefix_path.dsv
[1.479s] -- Installing: /home/ws/install/rl12dof_urdf_description/share/rl12dof_urdf_description/environment/path.sh
[1.480s] -- Installing: /home/ws/install/rl12dof_urdf_description/share/rl12dof_urdf_description/environment/path.dsv
[1.480s] -- Installing: /home/ws/install/rl12dof_urdf_description/share/rl12dof_urdf_description/local_setup.bash
[1.480s] -- Installing: /home/ws/install/rl12dof_urdf_description/share/rl12dof_urdf_description/local_setup.sh
[1.480s] -- Installing: /home/ws/install/rl12dof_urdf_description/share/rl12dof_urdf_description/local_setup.zsh
[1.481s] -- Installing: /home/ws/install/rl12dof_urdf_description/share/rl12dof_urdf_description/local_setup.dsv
[1.481s] -- Installing: /home/ws/install/rl12dof_urdf_description/share/rl12dof_urdf_description/package.dsv
[1.481s] -- Installing: /home/ws/install/rl12dof_urdf_description/share/ament_index/resource_index/packages/rl12dof_urdf_description
[1.481s] -- Installing: /home/ws/install/rl12dof_urdf_description/share/rl12dof_urdf_description/cmake/rl12dof_urdf_descriptionConfig.cmake
[1.481s] -- Installing: /home/ws/install/rl12dof_urdf_description/share/rl12dof_urdf_description/cmake/rl12dof_urdf_descriptionConfig-version.cmake
[1.481s] -- Installing: /home/ws/install/rl12dof_urdf_description/share/rl12dof_urdf_description/package.xml
[1.529s] Invoked command in '/home/ws/build/rl12dof_urdf_description' returned '0': CMAKE_PREFIX_PATH=${CMAKE_PREFIX_PATH}:/opt/ros/jazzy DEBUGINFOD_URLS=https://debuginfod.ubuntu.com /usr/bin/cmake --install /home/ws/build/rl12dof_urdf_description
