[100%] Built target jetson_interface
-- Install configuration: "Release"
-- Installing: /home/ws/install/jetson_interface/share/jetson_interface/jetson_gpio_interface.xml
-- Up-to-date: /home/ws/install/jetson_interface/share/jetson_interface/launch
-- Up-to-date: /home/ws/install/jetson_interface/share/jetson_interface/launch/controller_manager.launch.py
-- Up-to-date: /home/ws/install/jetson_interface/share/jetson_interface/config
-- Up-to-date: /home/ws/install/jetson_interface/share/jetson_interface/config/jetson_interface.yaml
-- Up-to-date: /home/ws/install/jetson_interface/lib/libjetson_interface.so
-- Up-to-date: /home/ws/install/jetson_interface/include
-- Up-to-date: /home/ws/install/jetson_interface/include/quadruped_hardware
-- Up-to-date: /home/ws/install/jetson_interface/include/quadruped_hardware/watchdog.hpp
-- Up-to-date: /home/ws/install/jetson_interface/include/quadruped_hardware/jetson_gpio_interface.hpp
-- Up-to-date: /home/ws/install/jetson_interface/share/jetson_interface/environment/library_path.sh
-- Up-to-date: /home/ws/install/jetson_interface/share/jetson_interface/environment/library_path.dsv
-- Up-to-date: /home/ws/install/jetson_interface/share/ament_index/resource_index/package_run_dependencies/jetson_interface
-- Up-to-date: /home/ws/install/jetson_interface/share/ament_index/resource_index/parent_prefix_path/jetson_interface
-- Up-to-date: /home/ws/install/jetson_interface/share/jetson_interface/environment/ament_prefix_path.sh
-- Up-to-date: /home/ws/install/jetson_interface/share/jetson_interface/environment/ament_prefix_path.dsv
-- Up-to-date: /home/ws/install/jetson_interface/share/jetson_interface/environment/path.sh
-- Up-to-date: /home/ws/install/jetson_interface/share/jetson_interface/environment/path.dsv
-- Up-to-date: /home/ws/install/jetson_interface/share/jetson_interface/local_setup.bash
-- Up-to-date: /home/ws/install/jetson_interface/share/jetson_interface/local_setup.sh
-- Up-to-date: /home/ws/install/jetson_interface/share/jetson_interface/local_setup.zsh
-- Up-to-date: /home/ws/install/jetson_interface/share/jetson_interface/local_setup.dsv
-- Installing: /home/ws/install/jetson_interface/share/jetson_interface/package.dsv
-- Up-to-date: /home/ws/install/jetson_interface/share/ament_index/resource_index/packages/jetson_interface
-- Up-to-date: /home/ws/install/jetson_interface/share/ament_index/resource_index/hardware_interface__pluginlib__plugin/jetson_interface
-- Up-to-date: /home/ws/install/jetson_interface/share/jetson_interface/cmake/ament_cmake_export_dependencies-extras.cmake
-- Up-to-date: /home/ws/install/jetson_interface/share/jetson_interface/cmake/ament_cmake_export_include_directories-extras.cmake
-- Up-to-date: /home/ws/install/jetson_interface/share/jetson_interface/cmake/ament_cmake_export_libraries-extras.cmake
-- Up-to-date: /home/ws/install/jetson_interface/share/jetson_interface/cmake/jetson_interfaceConfig.cmake
-- Up-to-date: /home/ws/install/jetson_interface/share/jetson_interface/cmake/jetson_interfaceConfig-version.cmake
-- Up-to-date: /home/ws/install/jetson_interface/share/jetson_interface/package.xml
