[0.091s] Invoking command in '/home/ws/build/rmw_zenoh_cpp': CMAKE_PREFIX_PATH=/home/ws/install/zenoh_cpp_vendor:/home/ws/install/rmw_zenoh_cpp:/home/ws/install/rl12dof_urdf_description:/home/ws/install/quadruped_utils:/home/ws/install/quadruped_urdf:/home/ws/install/quadruped_sim:/home/ws/install/quadruped_mpc:/home/ws/install/quadruped_msgs:/home/ws/install/quadruped_hardware:/home/ws/install/quadruped_bringup:/home/ws/install/jetson_interface:/home/ws/install/imu_hardware_interface:/home/ws/install/bno08x_driver:/opt/ros/jazzy/opt/gz_sim_vendor:/opt/ros/jazzy/opt/gz_sensors_vendor:/opt/ros/jazzy/opt/gz_physics_vendor:/opt/ros/jazzy/opt/sdformat_vendor:/opt/ros/jazzy/opt/gz_gui_vendor:/opt/ros/jazzy/opt/gz_transport_vendor:/opt/ros/jazzy/opt/gz_rendering_vendor:/opt/ros/jazzy/opt/gz_plugin_vendor:/opt/ros/jazzy/opt/gz_fuel_tools_vendor:/opt/ros/jazzy/opt/gz_msgs_vendor:/opt/ros/jazzy/opt/gz_common_vendor:/opt/ros/jazzy/opt/gz_math_vendor:/opt/ros/jazzy/opt/gz_utils_vendor:/opt/ros/jazzy/opt/gz_tools_vendor:/opt/ros/jazzy/opt/gz_ogre_next_vendor:/opt/ros/jazzy/opt/gz_dartsim_vendor:/opt/ros/jazzy/opt/gz_cmake_vendor:/home/ws/install/py_pubsub:/opt/ros/jazzy DEBUGINFOD_URLS=https://debuginfod.ubuntu.com /usr/bin/cmake --build /home/ws/build/rmw_zenoh_cpp -- -j8 -l8
[0.368s] [ 17%] Built target rmw_zenohd
[0.463s] [100%] Built target rmw_zenoh_cpp
[0.527s] Invoked command in '/home/ws/build/rmw_zenoh_cpp' returned '0': CMAKE_PREFIX_PATH=/home/ws/install/zenoh_cpp_vendor:/home/ws/install/rmw_zenoh_cpp:/home/ws/install/rl12dof_urdf_description:/home/ws/install/quadruped_utils:/home/ws/install/quadruped_urdf:/home/ws/install/quadruped_sim:/home/ws/install/quadruped_mpc:/home/ws/install/quadruped_msgs:/home/ws/install/quadruped_hardware:/home/ws/install/quadruped_bringup:/home/ws/install/jetson_interface:/home/ws/install/imu_hardware_interface:/home/ws/install/bno08x_driver:/opt/ros/jazzy/opt/gz_sim_vendor:/opt/ros/jazzy/opt/gz_sensors_vendor:/opt/ros/jazzy/opt/gz_physics_vendor:/opt/ros/jazzy/opt/sdformat_vendor:/opt/ros/jazzy/opt/gz_gui_vendor:/opt/ros/jazzy/opt/gz_transport_vendor:/opt/ros/jazzy/opt/gz_rendering_vendor:/opt/ros/jazzy/opt/gz_plugin_vendor:/opt/ros/jazzy/opt/gz_fuel_tools_vendor:/opt/ros/jazzy/opt/gz_msgs_vendor:/opt/ros/jazzy/opt/gz_common_vendor:/opt/ros/jazzy/opt/gz_math_vendor:/opt/ros/jazzy/opt/gz_utils_vendor:/opt/ros/jazzy/opt/gz_tools_vendor:/opt/ros/jazzy/opt/gz_ogre_next_vendor:/opt/ros/jazzy/opt/gz_dartsim_vendor:/opt/ros/jazzy/opt/gz_cmake_vendor:/home/ws/install/py_pubsub:/opt/ros/jazzy DEBUGINFOD_URLS=https://debuginfod.ubuntu.com /usr/bin/cmake --build /home/ws/build/rmw_zenoh_cpp -- -j8 -l8
[0.530s] Invoking command in '/home/ws/build/rmw_zenoh_cpp': CMAKE_PREFIX_PATH=/home/ws/install/zenoh_cpp_vendor:/home/ws/install/rmw_zenoh_cpp:/home/ws/install/rl12dof_urdf_description:/home/ws/install/quadruped_utils:/home/ws/install/quadruped_urdf:/home/ws/install/quadruped_sim:/home/ws/install/quadruped_mpc:/home/ws/install/quadruped_msgs:/home/ws/install/quadruped_hardware:/home/ws/install/quadruped_bringup:/home/ws/install/jetson_interface:/home/ws/install/imu_hardware_interface:/home/ws/install/bno08x_driver:/opt/ros/jazzy/opt/gz_sim_vendor:/opt/ros/jazzy/opt/gz_sensors_vendor:/opt/ros/jazzy/opt/gz_physics_vendor:/opt/ros/jazzy/opt/sdformat_vendor:/opt/ros/jazzy/opt/gz_gui_vendor:/opt/ros/jazzy/opt/gz_transport_vendor:/opt/ros/jazzy/opt/gz_rendering_vendor:/opt/ros/jazzy/opt/gz_plugin_vendor:/opt/ros/jazzy/opt/gz_fuel_tools_vendor:/opt/ros/jazzy/opt/gz_msgs_vendor:/opt/ros/jazzy/opt/gz_common_vendor:/opt/ros/jazzy/opt/gz_math_vendor:/opt/ros/jazzy/opt/gz_utils_vendor:/opt/ros/jazzy/opt/gz_tools_vendor:/opt/ros/jazzy/opt/gz_ogre_next_vendor:/opt/ros/jazzy/opt/gz_dartsim_vendor:/opt/ros/jazzy/opt/gz_cmake_vendor:/home/ws/install/py_pubsub:/opt/ros/jazzy DEBUGINFOD_URLS=https://debuginfod.ubuntu.com /usr/bin/cmake --install /home/ws/build/rmw_zenoh_cpp
[0.564s] -- Install configuration: "Release"
[0.565s] -- Up-to-date: /home/ws/install/rmw_zenoh_cpp/share/ament_index/resource_index/rmw_typesupport_c/rmw_zenoh_cpp
[0.567s] -- Up-to-date: /home/ws/install/rmw_zenoh_cpp/share/ament_index/resource_index/rmw_typesupport_cpp/rmw_zenoh_cpp
[0.568s] -- Up-to-date: /home/ws/install/rmw_zenoh_cpp/share/ament_index/resource_index/rmw_typesupport/rmw_zenoh_cpp
[0.570s] -- Up-to-date: /home/ws/install/rmw_zenoh_cpp/lib/librmw_zenoh_cpp.so
[0.577s] -- Up-to-date: /home/ws/install/rmw_zenoh_cpp/share/rmw_zenoh_cpp/config
[0.578s] -- Up-to-date: /home/ws/install/rmw_zenoh_cpp/share/rmw_zenoh_cpp/config/DEFAULT_RMW_ZENOH_SESSION_CONFIG.json5
[0.578s] -- Up-to-date: /home/ws/install/rmw_zenoh_cpp/share/rmw_zenoh_cpp/config/DEFAULT_RMW_ZENOH_ROUTER_CONFIG.json5
[0.578s] -- Up-to-date: /home/ws/install/rmw_zenoh_cpp/share/rmw_zenoh_cpp/config/routerconfig.json5
[0.580s] -- Up-to-date: /home/ws/install/rmw_zenoh_cpp/lib/rmw_zenoh_cpp/rmw_zenohd
[0.582s] -- Up-to-date: /home/ws/install/rmw_zenoh_cpp/share/ament_index/resource_index/package_run_dependencies/rmw_zenoh_cpp
[0.583s] -- Up-to-date: /home/ws/install/rmw_zenoh_cpp/share/ament_index/resource_index/parent_prefix_path/rmw_zenoh_cpp
[0.584s] -- Up-to-date: /home/ws/install/rmw_zenoh_cpp/share/rmw_zenoh_cpp/environment/ament_prefix_path.sh
[0.584s] -- Up-to-date: /home/ws/install/rmw_zenoh_cpp/share/rmw_zenoh_cpp/environment/ament_prefix_path.dsv
[0.587s] -- Up-to-date: /home/ws/install/rmw_zenoh_cpp/share/rmw_zenoh_cpp/environment/path.sh
[0.587s] -- Up-to-date: /home/ws/install/rmw_zenoh_cpp/share/rmw_zenoh_cpp/environment/path.dsv
[0.588s] -- Up-to-date: /home/ws/install/rmw_zenoh_cpp/share/rmw_zenoh_cpp/local_setup.bash
[0.588s] -- Up-to-date: /home/ws/install/rmw_zenoh_cpp/share/rmw_zenoh_cpp/local_setup.sh
[0.588s] -- Up-to-date: /home/ws/install/rmw_zenoh_cpp/share/rmw_zenoh_cpp/local_setup.zsh
[0.588s] -- Up-to-date: /home/ws/install/rmw_zenoh_cpp/share/rmw_zenoh_cpp/local_setup.dsv
[0.588s] -- Installing: /home/ws/install/rmw_zenoh_cpp/share/rmw_zenoh_cpp/package.dsv
[0.589s] -- Up-to-date: /home/ws/install/rmw_zenoh_cpp/share/ament_index/resource_index/packages/rmw_zenoh_cpp
[0.589s] -- Up-to-date: /home/ws/install/rmw_zenoh_cpp/share/rmw_zenoh_cpp/cmake/export_rmw_zenoh_cppExport.cmake
[0.589s] -- Up-to-date: /home/ws/install/rmw_zenoh_cpp/share/rmw_zenoh_cpp/cmake/export_rmw_zenoh_cppExport-release.cmake
[0.589s] -- Up-to-date: /home/ws/install/rmw_zenoh_cpp/share/rmw_zenoh_cpp/cmake/ament_cmake_export_targets-extras.cmake
[0.589s] -- Up-to-date: /home/ws/install/rmw_zenoh_cpp/share/rmw_zenoh_cpp/cmake/rmw_zenoh_cppConfig.cmake
[0.590s] -- Up-to-date: /home/ws/install/rmw_zenoh_cpp/share/rmw_zenoh_cpp/cmake/rmw_zenoh_cppConfig-version.cmake
[0.590s] -- Up-to-date: /home/ws/install/rmw_zenoh_cpp/share/rmw_zenoh_cpp/package.xml
[0.597s] Invoked command in '/home/ws/build/rmw_zenoh_cpp' returned '0': CMAKE_PREFIX_PATH=/home/ws/install/zenoh_cpp_vendor:/home/ws/install/rmw_zenoh_cpp:/home/ws/install/rl12dof_urdf_description:/home/ws/install/quadruped_utils:/home/ws/install/quadruped_urdf:/home/ws/install/quadruped_sim:/home/ws/install/quadruped_mpc:/home/ws/install/quadruped_msgs:/home/ws/install/quadruped_hardware:/home/ws/install/quadruped_bringup:/home/ws/install/jetson_interface:/home/ws/install/imu_hardware_interface:/home/ws/install/bno08x_driver:/opt/ros/jazzy/opt/gz_sim_vendor:/opt/ros/jazzy/opt/gz_sensors_vendor:/opt/ros/jazzy/opt/gz_physics_vendor:/opt/ros/jazzy/opt/sdformat_vendor:/opt/ros/jazzy/opt/gz_gui_vendor:/opt/ros/jazzy/opt/gz_transport_vendor:/opt/ros/jazzy/opt/gz_rendering_vendor:/opt/ros/jazzy/opt/gz_plugin_vendor:/opt/ros/jazzy/opt/gz_fuel_tools_vendor:/opt/ros/jazzy/opt/gz_msgs_vendor:/opt/ros/jazzy/opt/gz_common_vendor:/opt/ros/jazzy/opt/gz_math_vendor:/opt/ros/jazzy/opt/gz_utils_vendor:/opt/ros/jazzy/opt/gz_tools_vendor:/opt/ros/jazzy/opt/gz_ogre_next_vendor:/opt/ros/jazzy/opt/gz_dartsim_vendor:/opt/ros/jazzy/opt/gz_cmake_vendor:/home/ws/install/py_pubsub:/opt/ros/jazzy DEBUGINFOD_URLS=https://debuginfod.ubuntu.com /usr/bin/cmake --install /home/ws/build/rmw_zenoh_cpp
