[0.041s] Invoking command in '/home/ws/build/quadruped_bringup': CMAKE_PREFIX_PATH=${CMAKE_PREFIX_PATH}:/home/ws/install/py_pubsub:/opt/ros/jazzy DEBUGINFOD_URLS=https://debuginfod.ubuntu.com /usr/bin/cmake /home/ws/src/quadruped_bringup -DCMAKE_INSTALL_PREFIX=/home/ws/install/quadruped_bringup
[0.077s] -- Found ament_cmake: 2.5.3 (/opt/ros/jazzy/share/ament_cmake/cmake)
[0.652s] -- Found ament_lint_auto: 0.17.1 (/opt/ros/jazzy/share/ament_lint_auto/cmake)
[0.880s] -- Added test 'flake8' to check Python code syntax and style conventions
[0.880s] -- Configured 'flake8' exclude dirs and/or files: 
[0.880s] -- Added test 'lint_cmake' to check CMake code style
[0.881s] -- Added test 'pep257' to check Python code against some of the docstring style conventions in PEP 257
[0.884s] -- Added test 'xmllint' to check XML markup files
[0.886s] -- Configuring done (0.8s)
[0.894s] -- Generating done (0.0s)
[0.898s] -- Build files have been written to: /home/ws/build/quadruped_bringup
[0.908s] Invoked command in '/home/ws/build/quadruped_bringup' returned '0': CMAKE_PREFIX_PATH=${CMAKE_PREFIX_PATH}:/home/ws/install/py_pubsub:/opt/ros/jazzy DEBUGINFOD_URLS=https://debuginfod.ubuntu.com /usr/bin/cmake /home/ws/src/quadruped_bringup -DCMAKE_INSTALL_PREFIX=/home/ws/install/quadruped_bringup
[0.908s] Invoking command in '/home/ws/build/quadruped_bringup': CMAKE_PREFIX_PATH=${CMAKE_PREFIX_PATH}:/home/ws/install/py_pubsub:/opt/ros/jazzy DEBUGINFOD_URLS=https://debuginfod.ubuntu.com /usr/bin/cmake --build /home/ws/build/quadruped_bringup -- -j8 -l8
[1.026s] Invoked command in '/home/ws/build/quadruped_bringup' returned '0': CMAKE_PREFIX_PATH=${CMAKE_PREFIX_PATH}:/home/ws/install/py_pubsub:/opt/ros/jazzy DEBUGINFOD_URLS=https://debuginfod.ubuntu.com /usr/bin/cmake --build /home/ws/build/quadruped_bringup -- -j8 -l8
[1.050s] Invoking command in '/home/ws/build/quadruped_bringup': CMAKE_PREFIX_PATH=${CMAKE_PREFIX_PATH}:/home/ws/install/py_pubsub:/opt/ros/jazzy DEBUGINFOD_URLS=https://debuginfod.ubuntu.com /usr/bin/cmake --install /home/ws/build/quadruped_bringup
[1.069s] -- Install configuration: "Release"
[1.069s] -- Up-to-date: /home/ws/install/quadruped_bringup/share/quadruped_bringup/launch
[1.070s] -- Up-to-date: /home/ws/install/quadruped_bringup/share/quadruped_bringup/launch/remote.launch.py
[1.070s] -- Up-to-date: /home/ws/install/quadruped_bringup/share/quadruped_bringup/launch/gz.launch.py
[1.070s] -- Up-to-date: /home/ws/install/quadruped_bringup/share/quadruped_bringup/launch/real.launch.py
[1.070s] -- Up-to-date: /home/ws/install/quadruped_bringup/share/ament_index/resource_index/package_run_dependencies/quadruped_bringup
[1.070s] -- Installing: /home/ws/install/quadruped_bringup/share/ament_index/resource_index/parent_prefix_path/quadruped_bringup
[1.070s] -- Up-to-date: /home/ws/install/quadruped_bringup/share/quadruped_bringup/environment/ament_prefix_path.sh
[1.071s] -- Up-to-date: /home/ws/install/quadruped_bringup/share/quadruped_bringup/environment/ament_prefix_path.dsv
[1.071s] -- Up-to-date: /home/ws/install/quadruped_bringup/share/quadruped_bringup/environment/path.sh
[1.071s] -- Up-to-date: /home/ws/install/quadruped_bringup/share/quadruped_bringup/environment/path.dsv
[1.071s] -- Up-to-date: /home/ws/install/quadruped_bringup/share/quadruped_bringup/local_setup.bash
[1.071s] -- Up-to-date: /home/ws/install/quadruped_bringup/share/quadruped_bringup/local_setup.sh
[1.071s] -- Up-to-date: /home/ws/install/quadruped_bringup/share/quadruped_bringup/local_setup.zsh
[1.071s] -- Up-to-date: /home/ws/install/quadruped_bringup/share/quadruped_bringup/local_setup.dsv
[1.072s] -- Installing: /home/ws/install/quadruped_bringup/share/quadruped_bringup/package.dsv
[1.072s] -- Up-to-date: /home/ws/install/quadruped_bringup/share/ament_index/resource_index/packages/quadruped_bringup
[1.072s] -- Up-to-date: /home/ws/install/quadruped_bringup/share/quadruped_bringup/cmake/quadruped_bringupConfig.cmake
[1.072s] -- Up-to-date: /home/ws/install/quadruped_bringup/share/quadruped_bringup/cmake/quadruped_bringupConfig-version.cmake
[1.072s] -- Up-to-date: /home/ws/install/quadruped_bringup/share/quadruped_bringup/package.xml
[1.081s] Invoked command in '/home/ws/build/quadruped_bringup' returned '0': CMAKE_PREFIX_PATH=${CMAKE_PREFIX_PATH}:/home/ws/install/py_pubsub:/opt/ros/jazzy DEBUGINFOD_URLS=https://debuginfod.ubuntu.com /usr/bin/cmake --install /home/ws/build/quadruped_bringup
