[2.836s] Invoking command in '/home/ws/src/py_pubsub': DEBUGINFOD_URLS=https://debuginfod.ubuntu.com PYTHONPATH=/home/ws/build/py_pubsub/prefix_override:/usr/lib/python3/dist-packages/colcon_core/task/python/colcon_distutils_commands:/home/ws/install/py_pubsub/lib/python3.12/site-packages:${PYTHONPATH} /usr/bin/python3 -W ignore:setup.py install is deprecated -W ignore:easy_install command is deprecated setup.py egg_info --egg-base ../../build/py_pubsub build --build-base /home/ws/build/py_pubsub/build install --record /home/ws/build/py_pubsub/install.log --single-version-externally-managed install_data
[3.662s] running egg_info
[3.663s] creating ../../build/py_pubsub/py_pubsub.egg-info
[3.712s] writing ../../build/py_pubsub/py_pubsub.egg-info/PKG-INFO
[3.714s] writing dependency_links to ../../build/py_pubsub/py_pubsub.egg-info/dependency_links.txt
[3.715s] writing entry points to ../../build/py_pubsub/py_pubsub.egg-info/entry_points.txt
[3.716s] writing requirements to ../../build/py_pubsub/py_pubsub.egg-info/requires.txt
[3.717s] writing top-level names to ../../build/py_pubsub/py_pubsub.egg-info/top_level.txt
[3.717s] writing manifest file '../../build/py_pubsub/py_pubsub.egg-info/SOURCES.txt'
[3.810s] reading manifest file '../../build/py_pubsub/py_pubsub.egg-info/SOURCES.txt'
[3.812s] adding license file 'LICENSE'
[3.814s] writing manifest file '../../build/py_pubsub/py_pubsub.egg-info/SOURCES.txt'
[3.814s] running build
[3.814s] running build_py
[3.814s] creating /home/ws/build/py_pubsub/build
[3.816s] creating /home/ws/build/py_pubsub/build/lib
[3.816s] creating /home/ws/build/py_pubsub/build/lib/py_pubsub
[3.816s] copying py_pubsub/__init__.py -> /home/ws/build/py_pubsub/build/lib/py_pubsub
[3.817s] copying py_pubsub/publisher_member_function.py -> /home/ws/build/py_pubsub/build/lib/py_pubsub
[3.817s] running install
[3.826s] running install_lib
[3.867s] creating /home/ws/install/py_pubsub/lib/python3.12/site-packages/py_pubsub
[3.868s] copying /home/ws/build/py_pubsub/build/lib/py_pubsub/__init__.py -> /home/ws/install/py_pubsub/lib/python3.12/site-packages/py_pubsub
[3.868s] copying /home/ws/build/py_pubsub/build/lib/py_pubsub/publisher_member_function.py -> /home/ws/install/py_pubsub/lib/python3.12/site-packages/py_pubsub
[3.877s] byte-compiling /home/ws/install/py_pubsub/lib/python3.12/site-packages/py_pubsub/__init__.py to __init__.cpython-312.pyc
[3.877s] byte-compiling /home/ws/install/py_pubsub/lib/python3.12/site-packages/py_pubsub/publisher_member_function.py to publisher_member_function.cpython-312.pyc
[3.878s] running install_data
[3.878s] creating /home/ws/install/py_pubsub/share/ament_index
[3.878s] creating /home/ws/install/py_pubsub/share/ament_index/resource_index
[3.878s] creating /home/ws/install/py_pubsub/share/ament_index/resource_index/packages
[3.878s] copying resource/py_pubsub -> /home/ws/install/py_pubsub/share/ament_index/resource_index/packages
[3.878s] copying package.xml -> /home/ws/install/py_pubsub/share/py_pubsub
[3.878s] running install_egg_info
[3.925s] Copying ../../build/py_pubsub/py_pubsub.egg-info to /home/ws/install/py_pubsub/lib/python3.12/site-packages/py_pubsub-0.0.0-py3.12.egg-info
[3.926s] running install_scripts
[4.225s] Installing talker script to /home/ws/install/py_pubsub/lib/py_pubsub
[4.228s] writing list of installed files to '/home/ws/build/py_pubsub/install.log'
