[2.061s] Invoking command in '/home/ws/src/py_pubsub': DEBUGINFOD_URLS=https://debuginfod.ubuntu.com PYTHONPATH=/home/ws/build/py_pubsub/prefix_override:/usr/lib/python3/dist-packages/colcon_core/task/python/colcon_distutils_commands:/home/ws/install/py_pubsub/lib/python3.12/site-packages:${PYTHONPATH} /usr/bin/python3 -W ignore:setup.py install is deprecated -W ignore:easy_install command is deprecated setup.py egg_info --egg-base ../../build/py_pubsub build --build-base /home/ws/build/py_pubsub/build install --record /home/ws/build/py_pubsub/install.log --single-version-externally-managed install_data
[2.594s] running egg_info
[2.630s] writing ../../build/py_pubsub/py_pubsub.egg-info/PKG-INFO
[2.632s] writing dependency_links to ../../build/py_pubsub/py_pubsub.egg-info/dependency_links.txt
[2.632s] writing entry points to ../../build/py_pubsub/py_pubsub.egg-info/entry_points.txt
[2.633s] writing requirements to ../../build/py_pubsub/py_pubsub.egg-info/requires.txt
[2.633s] writing top-level names to ../../build/py_pubsub/py_pubsub.egg-info/top_level.txt
[2.711s] reading manifest file '../../build/py_pubsub/py_pubsub.egg-info/SOURCES.txt'
[2.712s] adding license file 'LICENSE'
[2.712s] writing manifest file '../../build/py_pubsub/py_pubsub.egg-info/SOURCES.txt'
[2.712s] running build
[2.712s] running build_py
[2.713s] running install
[2.727s] running install_lib
[2.765s] running install_data
[2.766s] running install_egg_info
[2.805s] removing '/home/ws/install/py_pubsub/lib/python3.12/site-packages/py_pubsub-0.0.0-py3.12.egg-info' (and everything under it)
[2.806s] Copying ../../build/py_pubsub/py_pubsub.egg-info to /home/ws/install/py_pubsub/lib/python3.12/site-packages/py_pubsub-0.0.0-py3.12.egg-info
[2.808s] running install_scripts
[3.071s] Installing talker script to /home/ws/install/py_pubsub/lib/py_pubsub
[3.072s] writing list of installed files to '/home/ws/build/py_pubsub/install.log'
[3.159s] Invoked command in '/home/ws/src/py_pubsub' returned '0': DEBUGINFOD_URLS=https://debuginfod.ubuntu.com PYTHONPATH=/home/ws/build/py_pubsub/prefix_override:/usr/lib/python3/dist-packages/colcon_core/task/python/colcon_distutils_commands:/home/ws/install/py_pubsub/lib/python3.12/site-packages:${PYTHONPATH} /usr/bin/python3 -W ignore:setup.py install is deprecated -W ignore:easy_install command is deprecated setup.py egg_info --egg-base ../../build/py_pubsub build --build-base /home/ws/build/py_pubsub/build install --record /home/ws/build/py_pubsub/install.log --single-version-externally-managed install_data
